* c:\fossee\esim\library\subcircuitlibrary\tl431_sub\tl431_sub.cir

.include PNP.lib
.include NPN.lib
.include D.lib
q2 net-_q2-pad1_ net-_q2-pad1_ /anode Q2N2222
q4 net-_c1-pad2_ net-_q2-pad1_ net-_q4-pad3_ Q2N2222
q9 net-_c2-pad2_ net-_q9-pad2_ /anode Q2N2222
q6 net-_c1-pad1_ net-_c1-pad2_ /anode Q2N2222
r1  net-_r1-pad1_ net-_q2-pad1_ 2.4k
r3  net-_r1-pad1_ net-_c1-pad2_ 7.2k
r4  net-_q4-pad3_ /anode 800
r7  net-_q9-pad2_ net-_q2-pad1_ 1k
r6  net-_q5-pad3_ net-_c1-pad1_ 4k
c1  net-_c1-pad1_ net-_c1-pad2_ 20p
q5 net-_q5-pad1_ net-_q1-pad3_ net-_q5-pad3_ Q2N2222
r2  net-_q1-pad3_ net-_r1-pad1_ 3.28k
q1 /cathode /ref net-_q1-pad3_ Q2N2222
q3 net-_c2-pad2_ net-_c2-pad2_ /ref Q2N2222
q7 net-_q5-pad1_ net-_q5-pad1_ net-_q7-pad3_ Q2N2907A
q8 net-_c2-pad2_ net-_q5-pad1_ net-_q8-pad3_ Q2N2907A
r5  /cathode net-_q7-pad3_ 800
r8  /cathode net-_q8-pad3_ 800
d1 /anode net-_c2-pad2_ 1N4148
c2  /cathode net-_c2-pad2_ 20p
q10 /cathode net-_c2-pad2_ net-_q10-pad3_ Q2N2222
r9  net-_q10-pad3_ net-_q11-pad2_ 150
q11 /cathode net-_q11-pad2_ /anode Q2N2222
r10  /anode net-_q11-pad2_ 10k
d2 /anode /cathode 1N4148
* u1  /cathode /ref /anode port
.tran 0e-00 0e-00 0e-00

* Control Statements 
.control
run
print allv > plot_data_v.txt
print alli > plot_data_i.txt
.endc
.end
