* c:\users\malli\esim\src\subcircuitlibrary\ad620\ad620.cir

.include lm_741.sub
x2 net-_r8-pad1_ net-_r1-pad2_ net-_u1-pad2_ net-_r10-pad2_ net-_r10-pad1_ net-_r1-pad1_ net-_u1-pad7_ ? lm_741
x1 net-_r7-pad2_ net-_r2-pad1_ net-_u1-pad3_ net-_r10-pad2_ net-_r9-pad2_ net-_r2-pad2_ net-_u1-pad7_ ? lm_741
x3 net-_r11-pad2_ net-_r4-pad1_ net-_r3-pad1_ net-_r10-pad2_ net-_r12-pad2_ net-_r6-pad1_ net-_u1-pad7_ ? lm_741
r1  net-_r1-pad1_ net-_r1-pad2_ 24.7k
r2  net-_r2-pad1_ net-_r2-pad2_ 24.7k
r4  net-_r4-pad1_ net-_r1-pad1_ 10k
r3  net-_r3-pad1_ net-_r2-pad2_ 10k
r6  net-_r6-pad1_ net-_r4-pad1_ 10k
r5  net-_r5-pad1_ net-_r3-pad1_ 10k
* u1  net-_r1-pad2_ net-_u1-pad2_ net-_u1-pad3_ net-_r10-pad2_ net-_r5-pad1_ net-_r6-pad1_ net-_u1-pad7_ net-_r2-pad1_ port
r8  net-_r8-pad1_ net-_r10-pad2_ 0.297k
r10  net-_r10-pad1_ net-_r10-pad2_ 1k
r7  net-_r10-pad2_ net-_r7-pad2_ 0.297k
r9  net-_r10-pad2_ net-_r9-pad2_ 1k
r12  net-_r10-pad2_ net-_r12-pad2_ 1k
r11  net-_r10-pad2_ net-_r11-pad2_ 0.75732k
.tran 0e-03 0e-00 0e-00

* Control Statements 
.control
run
print allv > plot_data_v.txt
print alli > plot_data_i.txt
.endc
.end
