* c:\users\hp\onedrive\documents\fossee\esim\library\subcircuitlibrary\sn5454\sn5454.cir

.include PMOS-180nm.lib
.include NMOS-180nm.lib
m4 net-_m1-pad3_ /a net-_m4-pad3_ /gnd CMOSN W=100u L=100u M=1
m5 net-_m4-pad3_ /b /gnd /gnd CMOSN W=100u L=100u M=1
m1 /vdd /a net-_m1-pad3_ /vdd CMOSP W=100u L=100u M=1
m10 /vdd /b net-_m1-pad3_ /vdd CMOSP W=100u L=100u M=1
m13 /g1 net-_m1-pad3_ /gnd /gnd CMOSN W=100u L=100u M=1
m14 /vdd net-_m1-pad3_ /g1 /vdd CMOSP W=100u L=100u M=1
m6 net-_m11-pad3_ /c net-_m6-pad3_ /gnd CMOSN W=100u L=100u M=1
m7 net-_m6-pad3_ /d /gnd /gnd CMOSN W=100u L=100u M=1
m2 /vdd /c net-_m11-pad3_ /vdd CMOSP W=100u L=100u M=1
m11 /vdd /d net-_m11-pad3_ /vdd CMOSP W=100u L=100u M=1
m15 /g2 net-_m11-pad3_ /gnd /gnd CMOSN W=100u L=100u M=1
m16 /vdd net-_m11-pad3_ /g2 /vdd CMOSP W=100u L=100u M=1
m8 net-_m12-pad3_ /e net-_m8-pad3_ /gnd CMOSN W=100u L=100u M=1
m9 net-_m8-pad3_ /f /gnd /gnd CMOSN W=100u L=100u M=1
m3 /vdd /e net-_m12-pad3_ /vdd CMOSP W=100u L=100u M=1
m12 /vdd /f net-_m12-pad3_ /vdd CMOSP W=100u L=100u M=1
m17 /g3 net-_m12-pad3_ /gnd /gnd CMOSN W=100u L=100u M=1
m18 /vdd net-_m12-pad3_ /g3 /vdd CMOSP W=100u L=100u M=1
m20 net-_m19-pad3_ /g net-_m20-pad3_ /gnd CMOSN W=100u L=100u M=1
m21 net-_m20-pad3_ /h /gnd /gnd CMOSN W=100u L=100u M=1
m19 /vdd /g net-_m19-pad3_ /vdd CMOSP W=100u L=100u M=1
m22 /vdd /h net-_m19-pad3_ /vdd CMOSP W=100u L=100u M=1
m24 /g4 net-_m19-pad3_ /gnd /gnd CMOSN W=100u L=100u M=1
m26 /vdd net-_m19-pad3_ /g4 /vdd CMOSP W=100u L=100u M=1
m27 /vdd /g1 net-_m27-pad3_ /vdd CMOSP W=100u L=100u M=1
m28 net-_m27-pad3_ /g2 net-_m28-pad3_ /vdd CMOSP W=100u L=100u M=1
m29 net-_m28-pad3_ /g3 net-_m29-pad3_ /vdd CMOSP W=100u L=100u M=1
m30 net-_m29-pad3_ /g4 /out /vdd CMOSP W=100u L=100u M=1
m23 /out /g1 /gnd /gnd CMOSN W=100u L=100u M=1
m25 /out /g2 /gnd /gnd CMOSN W=100u L=100u M=1
m31 /out /g3 /gnd /gnd CMOSN W=100u L=100u M=1
m32 /out /g4 /gnd /gnd CMOSN W=100u L=100u M=1
* u1  /a /c /d /b /e /f /gnd /g /h /vdd /out ? ? ? port
.tran 0e-00 0e-00 0e-00

* Control Statements 
.control
run
print allv > plot_data_v.txt
print alli > plot_data_i.txt
.endc
.end
