* c:\users\vlsi\esim-workspace\asynchronous_fifo\asynchronous_fifo.cir

* u11  net-_u11-pad1_ net-_u11-pad2_ net-_u11-pad3_ net-_u11-pad4_ net-_u11-pad5_ net-_u11-pad6_ net-_u11-pad7_ net-_u11-pad8_ net-_u11-pad9_ net-_u11-pad10_ net-_u11-pad11_ net-_u11-pad12_ net-_u11-pad13_ net-_u11-pad14_ net-_u11-pad15_ net-_u11-pad16_ net-_u11-pad17_ net-_u11-pad18_ net-_u11-pad19_ net-_u11-pad20_ net-_u11-pad21_ net-_u11-pad22_ net-_u11-pad23_ asynchronous_fifo
* u17  d7 d6 d5 d4 d3 d2 d1 d0 net-_u11-pad6_ net-_u11-pad7_ net-_u11-pad8_ net-_u11-pad9_ net-_u11-pad10_ net-_u11-pad11_ net-_u11-pad12_ net-_u11-pad13_ adc_bridge_8
* u16  wclk0 rclk0 rst0 wr_en0 rd_en0 net-_u11-pad1_ net-_u11-pad2_ net-_u11-pad3_ net-_u11-pad4_ net-_u11-pad5_ adc_bridge_5
* u18  net-_u11-pad14_ net-_u11-pad15_ net-_u11-pad16_ net-_u11-pad17_ net-_u11-pad18_ net-_u11-pad19_ net-_u11-pad20_ net-_u11-pad21_ q7 q6 q5 q4 q3 q2 q1 q0 dac_bridge_8
* u19  net-_u11-pad22_ net-_u11-pad23_ full0 empty0 dac_bridge_2
v11  wclk0 gnd pulse(0 1 0n 1n 1n 10n 20n)
v12  rclk0 gnd pulse(0 1 0n 1n 1n 15n 30n)
v13  rst0 gnd pulse(0 1 40n 1n 1n 1000n 2000n)
v5  wr_en0 gnd pulse(0 1 60n 1n 1n 120n 240n)
v6  rd_en0 gnd pulse(0 1 200n 1n 1n 120n 240n)
v4  d0 gnd pulse(0 1 60n 1n 1n 20n 40n)
v3  d1 gnd pulse(0 1 80n 1n 1n 40n 80n)
v10 d2 gnd pulse(0 1 120n 1n 1n 80n 160n)
v9  d3 gnd pulse(0 0 0 0 0 0 0)
v2  d4 gnd pulse(0 0 0 0 0 0 0)
v1  d5 gnd pulse(0 0 0 0 0 0 0)
v8  d6 gnd pulse(0 0 0 0 0 0 0)
v7  d7 gnd pulse(0 0 0 0 0 0 0)
* u2  wclk0 plot_v1
* u1  rclk0 plot_v1
* u3  rst0 plot_v1
* u4  wr_en0 plot_v1
* u6  rd_en0 plot_v1
* u10  d7 plot_v1
* u7  d6 plot_v1
* u13  d5 plot_v1
* u9  d4 plot_v1
* u5  d3 plot_v1
* u15  d3 plot_v1
* u12  d2 plot_v1
* u14  d1 plot_v1
* u8  d0 plot_v1
* u20  q7 plot_v1
* u21  q6 plot_v1
* u22  q5 plot_v1
* u23  q4 plot_v1
* u24  q3 plot_v1
* u25  q2 plot_v1
* u26  q1 plot_v1
* u27  q0 plot_v1
* u28  full0 plot_v1
* u29  empty0 plot_v1
a1 [net-_u11-pad1_ ] [net-_u11-pad2_ ] [net-_u11-pad3_ ] [net-_u11-pad4_ ] [net-_u11-pad5_ ] [net-_u11-pad6_ net-_u11-pad7_ net-_u11-pad8_ net-_u11-pad9_ net-_u11-pad10_ net-_u11-pad11_ net-_u11-pad12_ net-_u11-pad13_ ] [net-_u11-pad14_ net-_u11-pad15_ net-_u11-pad16_ net-_u11-pad17_ net-_u11-pad18_ net-_u11-pad19_ net-_u11-pad20_ net-_u11-pad21_ ] [net-_u11-pad22_ ] [net-_u11-pad23_ ] u11
a2 [d7 d6 d5 d4 d3 d2 d1 d0 ] [net-_u11-pad6_ net-_u11-pad7_ net-_u11-pad8_ net-_u11-pad9_ net-_u11-pad10_ net-_u11-pad11_ net-_u11-pad12_ net-_u11-pad13_ ] u17
a3 [wclk0 rclk0 rst0 wr_en0 rd_en0 ] [net-_u11-pad1_ net-_u11-pad2_ net-_u11-pad3_ net-_u11-pad4_ net-_u11-pad5_ ] u16
a4 [net-_u11-pad14_ net-_u11-pad15_ net-_u11-pad16_ net-_u11-pad17_ net-_u11-pad18_ net-_u11-pad19_ net-_u11-pad20_ net-_u11-pad21_ ] [q7 q6 q5 q4 q3 q2 q1 q0 ] u18
a5 [net-_u11-pad22_ net-_u11-pad23_ ] [full0 empty0 ] u19
* Schematic Name:                             asynchronous_fifo, NgSpice Name: asynchronous_fifo
.model u11 asynchronous_fifo(rise_delay=1.0e-9 fall_delay=1.0e-9 input_load=1.0e-12 instance_id=1 ) 
* Schematic Name:                             adc_bridge_8, NgSpice Name: adc_bridge
.model u17 adc_bridge(in_low=1.0 in_high=2.0 rise_delay=1.0e-9 fall_delay=1.0e-9 ) 
* Schematic Name:                             adc_bridge_5, NgSpice Name: adc_bridge
.model u16 adc_bridge(in_low=1.0 in_high=2.0 rise_delay=1.0e-9 fall_delay=1.0e-9 ) 
* Schematic Name:                             dac_bridge_8, NgSpice Name: dac_bridge
.model u18 dac_bridge(out_low=0.0 out_high=5.0 out_undef=0.5 input_load=1.0e-12 t_rise=1.0e-9 t_fall=1.0e-9 ) 
* Schematic Name:                             dac_bridge_2, NgSpice Name: dac_bridge
.model u19 dac_bridge(out_low=0.0 out_high=5.0 out_undef=0.5 input_load=1.0e-12 t_rise=1.0e-9 t_fall=1.0e-9 ) 
.tran 1e-09 450e-09 0e-09

* Control Statements 
.control
run
print allv > plot_data_v.txt
print alli > plot_data_i.txt
plot v(q0)+6  v(q1)+12  v(q2)+18  v(q3)+24  v(q4)+30  v(q5)+36  v(q6)+42  v(q7)+48 v(full0)+54  v(empty0)+60 v(d0)+66  v(d1)+72  v(d2)+78  v(d3)+84  v(d4)+90  v(d5)+96  v(d6)+102  v(d7)+108 v(wr_en0)+114  v(rd_en0)+120  v(rst0)+126  v(wclk0)+132  v(rclk0)+138
.endc
.end
