* c:\users\vlsi\esim-workspace\divider\divider.cir

* u19  net-_u19-pad1_ net-_u19-pad2_ net-_u19-pad3_ net-_u19-pad4_ net-_u19-pad5_ net-_u19-pad6_ net-_u19-pad7_ net-_u19-pad8_ net-_u19-pad9_ net-_u19-pad10_ net-_u19-pad11_ net-_u19-pad12_ net-_u19-pad13_ net-_u19-pad14_ net-_u19-pad15_ net-_u19-pad16_ net-_u19-pad17_ net-_u19-pad18_ net-_u19-pad19_ net-_u19-pad20_ net-_u19-pad21_ net-_u19-pad22_ net-_u19-pad23_ net-_u19-pad24_ net-_u19-pad25_ net-_u19-pad26_ net-_u19-pad27_ net-_u19-pad28_ net-_u19-pad29_ net-_u19-pad30_ net-_u19-pad31_ net-_u19-pad32_ net-_u19-pad33_ net-_u19-pad34_ net-_u19-pad35_ net-_u19-pad36_ divider
v1  clk0 gnd pulse(0 1 0.01ns 0.001ns 0.001ns 10ns 20ns)
v2  rst0 gnd pulse(0 1 0.001ns 0.001ns 0.001ns 15ns 300ns)
v11 divend7 gnd  dc 0
v12 divend6 gnd  dc 0
v13 divend5 gnd  dc 0
v14 divend4 gnd  dc 0
v15 divend3 gnd  dc 5
v16 divend2 gnd  dc 5
v17 divend1 gnd  dc 5
v18 divend0 gnd  dc 5
v3 div7 gnd  dc 0
v4 div6 gnd  dc 0
v5 div5 gnd  dc 0
v6 div4 gnd  dc 0
v7 div3 gnd  dc 0
v8 div2 gnd  dc 5
v9 div1 gnd  dc 0
v19 gnd div0  dc 0
v10 in_valid0 gnd  dc 5
* u21  div7 div6 div5 div4 div3 div2 div1 div0 net-_u19-pad12_ net-_u19-pad13_ net-_u19-pad14_ net-_u19-pad15_ net-_u19-pad16_ net-_u19-pad17_ net-_u19-pad18_ net-_u19-pad19_ adc_bridge_8
* u23  divend7 divend6 divend5 divend4 divend3 divend2 divend1 divend0 net-_u19-pad4_ net-_u19-pad5_ net-_u19-pad6_ net-_u19-pad7_ net-_u19-pad8_ net-_u19-pad9_ net-_u19-pad10_ net-_u19-pad11_ adc_bridge_8
* u22  clk0 rst0 in_valid0 net-_u19-pad1_ net-_u19-pad2_ net-_u19-pad3_ adc_bridge_3
* u26  net-_u19-pad29_ net-_u19-pad30_ net-_u19-pad31_ net-_u19-pad32_ net-_u19-pad33_ net-_u19-pad34_ net-_u19-pad35_ net-_u19-pad36_ r7 r6 r5 r4 r3 r2 r1 r0 dac_bridge_8
* u25  net-_u19-pad21_ net-_u19-pad22_ net-_u19-pad23_ net-_u19-pad24_ net-_u19-pad25_ net-_u19-pad26_ net-_u19-pad27_ net-_u19-pad28_ q7 q6 q5 q4 q3 q2 q1 q0 dac_bridge_8
* u24  net-_u19-pad20_ ou_valid0 dac_bridge_1
* u13  clk0 plot_v1
* u6  rst0 plot_v1
* u3  in_valid0 plot_v1
* u12  divend7 plot_v1
* u7  divend6 plot_v1
* u9  divend5 plot_v1
* u4  divend4 plot_v1
* u10  divend3 plot_v1
* u5  divend2 plot_v1
* u15  divend1 plot_v1
* u1  divend0 plot_v1
* u2  div7 plot_v1
* u8  div6 plot_v1
* u11  div5 plot_v1
* u14  div4 plot_v1
* u16  div3 plot_v1
* u17  div2 plot_v1
* u18  div1 plot_v1
* u20  div0 plot_v1
* u28  q7 plot_v1
* u29  q6 plot_v1
* u30  q5 plot_v1
* u31  q4 plot_v1
* u32  q3 plot_v1
* u33  q2 plot_v1
* u34  q1 plot_v1
* u35  q0 plot_v1
* u36  r7 plot_v1
* u37  r6 plot_v1
* u38  r5 plot_v1
* u39  r4 plot_v1
* u40  r3 plot_v1
* u41  r2 plot_v1
* u42  r1 plot_v1
* u43  r0 plot_v1
* u27  ou_valid0 plot_v1
a1 [net-_u19-pad1_ ] [net-_u19-pad2_ ] [net-_u19-pad3_ ] [net-_u19-pad4_ net-_u19-pad5_ net-_u19-pad6_ net-_u19-pad7_ net-_u19-pad8_ net-_u19-pad9_ net-_u19-pad10_ net-_u19-pad11_ ] [net-_u19-pad12_ net-_u19-pad13_ net-_u19-pad14_ net-_u19-pad15_ net-_u19-pad16_ net-_u19-pad17_ net-_u19-pad18_ net-_u19-pad19_ ] [net-_u19-pad20_ ] [net-_u19-pad21_ net-_u19-pad22_ net-_u19-pad23_ net-_u19-pad24_ net-_u19-pad25_ net-_u19-pad26_ net-_u19-pad27_ net-_u19-pad28_ ] [net-_u19-pad29_ net-_u19-pad30_ net-_u19-pad31_ net-_u19-pad32_ net-_u19-pad33_ net-_u19-pad34_ net-_u19-pad35_ net-_u19-pad36_ ] u19
a2 [div7 div6 div5 div4 div3 div2 div1 div0 ] [net-_u19-pad12_ net-_u19-pad13_ net-_u19-pad14_ net-_u19-pad15_ net-_u19-pad16_ net-_u19-pad17_ net-_u19-pad18_ net-_u19-pad19_ ] u21
a3 [divend7 divend6 divend5 divend4 divend3 divend2 divend1 divend0 ] [net-_u19-pad4_ net-_u19-pad5_ net-_u19-pad6_ net-_u19-pad7_ net-_u19-pad8_ net-_u19-pad9_ net-_u19-pad10_ net-_u19-pad11_ ] u23
a4 [clk0 rst0 in_valid0 ] [net-_u19-pad1_ net-_u19-pad2_ net-_u19-pad3_ ] u22
a5 [net-_u19-pad29_ net-_u19-pad30_ net-_u19-pad31_ net-_u19-pad32_ net-_u19-pad33_ net-_u19-pad34_ net-_u19-pad35_ net-_u19-pad36_ ] [r7 r6 r5 r4 r3 r2 r1 r0 ] u26
a6 [net-_u19-pad21_ net-_u19-pad22_ net-_u19-pad23_ net-_u19-pad24_ net-_u19-pad25_ net-_u19-pad26_ net-_u19-pad27_ net-_u19-pad28_ ] [q7 q6 q5 q4 q3 q2 q1 q0 ] u25
a7 [net-_u19-pad20_ ] [ou_valid0 ] u24
* Schematic Name:                             divider, NgSpice Name: divider
.model u19 divider(rise_delay=1.0e-9 fall_delay=1.0e-9 input_load=1.0e-12 instance_id=1 ) 
* Schematic Name:                             adc_bridge_8, NgSpice Name: adc_bridge
.model u21 adc_bridge(in_low=1.0 in_high=2.0 rise_delay=1.0e-9 fall_delay=1.0e-9 ) 
* Schematic Name:                             adc_bridge_8, NgSpice Name: adc_bridge
.model u23 adc_bridge(in_low=1.0 in_high=2.0 rise_delay=1.0e-9 fall_delay=1.0e-9 ) 
* Schematic Name:                             adc_bridge_3, NgSpice Name: adc_bridge
.model u22 adc_bridge(in_low=1.0 in_high=2.0 rise_delay=1.0e-9 fall_delay=1.0e-9 ) 
* Schematic Name:                             dac_bridge_8, NgSpice Name: dac_bridge
.model u26 dac_bridge(out_low=0.0 out_high=5.0 out_undef=0.5 input_load=1.0e-12 t_rise=1.0e-9 t_fall=1.0e-9 ) 
* Schematic Name:                             dac_bridge_8, NgSpice Name: dac_bridge
.model u25 dac_bridge(out_low=0.0 out_high=5.0 out_undef=0.5 input_load=1.0e-12 t_rise=1.0e-9 t_fall=1.0e-9 ) 
* Schematic Name:                             dac_bridge_1, NgSpice Name: dac_bridge
.model u24 dac_bridge(out_low=0.0 out_high=5.0 out_undef=0.5 input_load=1.0e-12 t_rise=1.0e-9 t_fall=1.0e-9 ) 
.tran 1e-09 500e-09 0e-00

* Control Statements 
.control
run
print allv > plot_data_v.txt
print alli > plot_data_i.txt
plot v(ou_valid0) +6 v(in_valid0) +12  v(rst0) +18 v(clk0) +24
plot v(q0)+6  v(q1)+12  v(q2)+18  v(q3)+24  v(q4)+30  v(q5)+36  v(q6)+42  v(q7)+48
plot  v(r0)+6  v(r1)+12  v(r2)+18  v(r3)+24  v(r4)+30  v(r5)+36  v(r6)+42  v(r7)+48
plot  v(divend0)+6  v(divend1)+12  v(divend2)+18  v(divend3)+24  v(divend4)+30  v(divend5)+36  v(divend6)+42  v(divend7)+48
plot  v(div0)+6  v(div1)+12  v(div2)+18  v(div3)+24  v(div4)+30  v(div5)+36  v(div6)+42  v(div7)+48


.endc
.end
