* c:\fossee2\esim\library\subcircuitlibrary\lm113-port\lm113-port.cir

.include PNP.lib
.include NPN.lib
r1  net-_r1-pad1_ net-_q1-pad2_ 200
r2  net-_r2-pad1_ net-_r1-pad1_ 3.9k
r3  net-_r1-pad1_ net-_q1-pad1_ 170
q1 net-_q1-pad1_ net-_q1-pad2_ net-_q1-pad3_ Q2N2222
r4  net-_r2-pad1_ net-_c1-pad2_ 13.5k
q2 net-_c1-pad2_ net-_q1-pad1_ net-_q2-pad3_ Q2N2222
r5  net-_q2-pad3_ net-_q1-pad3_ 1.6k
r6  net-_r2-pad1_ net-_q4-pad3_ 1.5k
q4 net-_q3-pad1_ net-_q3-pad1_ net-_q4-pad3_ Q2N2907A
q3 net-_q3-pad1_ net-_q1-pad1_ net-_q3-pad3_ Q2N2222
r7  net-_q3-pad3_ net-_q1-pad3_ 2k
r8  net-_r2-pad1_ net-_q5-pad3_ 1.5k
q5 net-_c1-pad1_ net-_q3-pad1_ net-_q5-pad3_ Q2N2907A
q6 net-_c1-pad1_ net-_c1-pad2_ net-_q1-pad3_ Q2N2222
q7 net-_q7-pad1_ net-_c1-pad1_ net-_c2-pad1_ Q2N2907A
r9  net-_r2-pad1_ net-_c2-pad1_ 10
r10  net-_c2-pad2_ net-_q7-pad1_ 3k
q8 net-_q7-pad1_ net-_q1-pad1_ net-_q8-pad3_ Q2N2222
r11  net-_q8-pad3_ net-_q1-pad3_ 1.1k
q9 net-_c2-pad1_ net-_q7-pad1_ net-_q1-pad3_ Q2N2222
c1  net-_c1-pad1_ net-_c1-pad2_ 75p
c2  net-_c2-pad1_ net-_c2-pad2_ 30p
* u1  net-_r2-pad1_ net-_q1-pad3_ port
.tran 0e-00 0e-00 0e-00

* Control Statements 
.control
run
print allv > plot_data_v.txt
print alli > plot_data_i.txt
.endc
.end
