* c:\fossee\esim\library\subcircuitlibrary\ca3140_sub\ca3140_sub.cir

.include D.lib
.include PNP.lib
.include PMOS-0.5um.lib
.include NPN.lib
q1 net-_q1-pad1_ net-_d1-pad2_ net-_d1-pad1_ Q2N2907A
q3 net-_m1-pad3_ net-_q1-pad1_ net-_d1-pad2_ Q2N2907A
q2 net-_q1-pad1_ net-_m1-pad3_ net-_q2-pad3_ Q2N2222
m1 net-_d2-pad1_ net-_d2-pad2_ net-_m1-pad3_ net-_m1-pad3_ mos_p W=100u L=100u M=1
r1  net-_d2-pad2_ net-_q2-pad3_ 8k
d2 net-_d2-pad1_ net-_d2-pad2_ 1N4148
* u2  net-_u2-padin_ net-_m2-pad2_ zener
* u4  net-_u2-padin_ net-_m3-pad2_ zener
* u3  net-_u2-padin_ net-_m2-pad3_ zener
m2 net-_m2-pad1_ net-_m2-pad2_ net-_m2-pad3_ net-_m2-pad3_ mos_p W=100u L=100u M=1
m3 net-_m3-pad1_ net-_m3-pad2_ net-_m2-pad3_ net-_m2-pad3_ mos_p W=100u L=100u M=1
r2  net-_q4-pad1_ net-_m2-pad1_ 500
r4  net-_c1-pad1_ net-_m3-pad1_ 500
r3  net-_d2-pad2_ net-_q4-pad3_ 500
r5  net-_d2-pad2_ net-_q7-pad3_ 500
q4 net-_q4-pad1_ net-_m2-pad1_ net-_q4-pad3_ Q2N2222
q7 net-_c1-pad1_ net-_m2-pad1_ net-_q7-pad3_ Q2N2222
q6 net-_m2-pad3_ net-_q1-pad1_ net-_q5-pad1_ Q2N2907A
q5 net-_q5-pad1_ net-_d1-pad2_ net-_d1-pad1_ Q2N2907A
q8 net-_q13-pad1_ net-_d1-pad2_ net-_d1-pad1_ Q2N2907A
q9 net-_c1-pad2_ net-_q1-pad1_ net-_q13-pad1_ Q2N2907A
q13 net-_q13-pad1_ net-_q13-pad2_ net-_q13-pad3_ Q2N2222
q11 net-_d1-pad1_ net-_c1-pad2_ net-_q11-pad3_ Q2N2222
q12 net-_q11-pad3_ net-_d2-pad1_ net-_q12-pad3_ Q2N2222
q14 net-_m4-pad2_ net-_d2-pad1_ net-_d2-pad2_ Q2N2222
q16 net-_m4-pad2_ net-_d4-pad1_ net-_d2-pad2_ Q2N2222
r6  net-_d2-pad2_ net-_q12-pad3_ 50
r12  net-_d2-pad2_ net-_d4-pad2_ 30
r7  net-_q11-pad3_ net-_q15-pad2_ 1k
r8  net-_q13-pad2_ net-_r10-pad2_ 1k
r10  net-_q13-pad3_ net-_r10-pad2_ 20
r9  net-_d3-pad2_ net-_r10-pad2_ 50
d4 net-_d4-pad1_ net-_d4-pad2_ 1N4148
d3 net-_d1-pad1_ net-_d3-pad2_ 1N4148
q17 net-_d1-pad1_ net-_q17-pad2_ net-_q17-pad3_ Q2N2222
r13  net-_q17-pad2_ net-_d1-pad1_ 5k
r14  net-_d2-pad2_ net-_r14-pad2_ 20k
r11  net-_m4-pad3_ net-_q17-pad3_ 12k
m4 net-_d4-pad1_ net-_m4-pad2_ net-_m4-pad3_ net-_m4-pad3_ mos_p W=100u L=100u M=1
* u5  net-_r14-pad2_ net-_q17-pad2_ zener
c1  net-_c1-pad1_ net-_c1-pad2_ 12pf
q10 net-_c1-pad2_ net-_c1-pad1_ net-_d2-pad2_ Q2N2222
d1 net-_d1-pad1_ net-_d1-pad2_ 1N4148
q15 net-_q13-pad3_ net-_q15-pad2_ net-_m4-pad2_ Q2N2222
* u1  net-_q7-pad3_ net-_m2-pad2_ net-_m3-pad2_ net-_d2-pad2_ net-_q4-pad3_ net-_m4-pad2_ net-_d1-pad1_ net-_c1-pad2_ port
a1 net-_u2-padin_ net-_m2-pad2_ u2
a2 net-_u2-padin_ net-_m3-pad2_ u4
a3 net-_u2-padin_ net-_m2-pad3_ u3
a4 net-_r14-pad2_ net-_q17-pad2_ u5
* Schematic Name:                             zener, NgSpice Name: zener
.model u2 zener(v_breakdown=5.6 i_breakdown=2.0e-2 i_sat=1.0e-12 n_forward=1.0 limit_switch=FALSE ) 
* Schematic Name:                             zener, NgSpice Name: zener
.model u4 zener(v_breakdown=5.6 i_breakdown=2.0e-2 i_sat=1.0e-12 n_forward=1.0 limit_switch=FALSE ) 
* Schematic Name:                             zener, NgSpice Name: zener
.model u3 zener(v_breakdown=5.6 i_breakdown=2.0e-2 i_sat=1.0e-12 n_forward=1.0 limit_switch=FALSE ) 
* Schematic Name:                             zener, NgSpice Name: zener
.model u5 zener(v_breakdown=5.6 i_breakdown=2.0e-2 i_sat=1.0e-12 n_forward=1.0 limit_switch=FALSE ) 
.tran 0e-00 0e-00 0e-00

* Control Statements 
.control
run
print allv > plot_data_v.txt
print alli > plot_data_i.txt
.endc
.end
