* c:\fossee\esim\library\subcircuitlibrary\sn74h55\sn74h55.cir

.include 4_and.sub
.include 4_OR.sub
x1 net-_u3-pad1_ net-_u3-pad2_ net-_u3-pad3_ net-_u3-pad4_ net-_x1-pad5_ 4_and
x2 net-_u3-pad10_ net-_u3-pad11_ net-_u3-pad12_ net-_u3-pad13_ net-_x2-pad5_ 4_and
* u1  net-_u1-pad1_ net-_u1-pad2_ d_inverter
x3 net-_x1-pad5_ net-_x2-pad5_ net-_u1-pad2_ net-_u3-pad5_ net-_u2-pad1_ 4_OR
* u2  net-_u2-pad1_ net-_u2-pad2_ d_inverter
* u3  net-_u3-pad1_ net-_u3-pad2_ net-_u3-pad3_ net-_u3-pad4_ net-_u3-pad5_ ? ? net-_u2-pad2_ net-_u1-pad1_ net-_u3-pad10_ net-_u3-pad11_ net-_u3-pad12_ net-_u3-pad13_ ? port
a1 net-_u1-pad1_ net-_u1-pad2_ u1
a2 net-_u2-pad1_ net-_u2-pad2_ u2
* Schematic Name:                             d_inverter, NgSpice Name: d_inverter
.model u1 d_inverter(rise_delay=1.0e-9 fall_delay=1.0e-9 input_load=1.0e-12 ) 
* Schematic Name:                             d_inverter, NgSpice Name: d_inverter
.model u2 d_inverter(rise_delay=1.0e-9 fall_delay=1.0e-9 input_load=1.0e-12 ) 
.tran 0e-00 0e-00 0e-00

* Control Statements 
.control
run
print allv > plot_data_v.txt
print alli > plot_data_i.txt
.endc
.end
