.title kicad schematic

.include 3_and.sub
.include 4_OR.sub
* u20 net-_u20-pad1_ net-_u20-pad2_ net-_u20-pad3_ d_or
x17 net-_u1-pad23_ net-_u2-pad2_ net-_u9-pad2_ net-_u18-pad1_ 3_and
x18 net-_u3-pad2_ net-_u4-pad2_ net-_u1-pad9_ net-_u18-pad2_ 3_and
x16 net-_u8-pad2_ net-_u7-pad2_ net-_u1-pad9_ net-_u17-pad2_ 3_and
* u19 net-_u19-pad1_ net-_u19-pad2_ net-_u19-pad3_ d_or
* u18 net-_u18-pad1_ net-_u18-pad2_ net-_u18-pad3_ d_or
x19 net-_u1-pad22_ net-_u5-pad2_ net-_u3-pad2_ net-_u19-pad1_ 3_and
x21 net-_u1-pad21_ net-_u2-pad2_ net-_u6-pad2_ net-_u20-pad1_ 3_and
x20 net-_u4-pad2_ net-_u9-pad2_ net-_u1-pad9_ net-_u19-pad2_ 3_and
x33 net-_u18-pad3_ net-_u19-pad3_ net-_u20-pad3_ net-_u21-pad3_ net-_u27-pad1_ 4_OR
* u27 net-_u27-pad1_ net-_u27-pad2_ net-_u27-pad3_ d_or
* u28 net-_u26-pad3_ net-_u27-pad3_ net-_u1-pad10_ d_xnor
* u1 net-_u1-pad1_ net-_u1-pad2_ net-_u1-pad3_ net-_u1-pad4_ net-_u1-pad5_ net-_u1-pad6_ net-_u1-pad7_ net-_u1-pad8_ net-_u1-pad9_ net-_u1-pad10_ net-_u1-pad11_ unconnected-_u1-pad12_ net-_u4-pad1_ net-_u1-pad14_ net-_u2-pad1_ net-_u1-pad16_ net-_u1-pad17_ net-_u1-pad18_ net-_u1-pad19_ net-_u1-pad20_ net-_u1-pad21_ net-_u1-pad22_ net-_u1-pad23_ unconnected-_u1-pad24_ port
* u21 net-_u21-pad1_ net-_u21-pad2_ net-_u21-pad3_ d_or
x28 net-_u8-pad2_ net-_u9-pad2_ net-_u1-pad9_ net-_u23-pad2_ 3_and
x27 net-_u1-pad18_ net-_u5-pad2_ net-_u3-pad2_ net-_u23-pad1_ 3_and
x32 net-_u6-pad2_ net-_u9-pad2_ net-_u1-pad9_ net-_u25-pad2_ 3_and
x29 net-_u1-pad17_ net-_u2-pad2_ net-_u8-pad2_ net-_u24-pad1_ 3_and
x31 net-_u1-pad16_ net-_u5-pad2_ net-_u8-pad2_ net-_u25-pad1_ 3_and
x30 net-_u6-pad2_ net-_u9-pad2_ net-_u1-pad9_ net-_u24-pad2_ 3_and
* u25 net-_u25-pad1_ net-_u25-pad2_ net-_u25-pad3_ d_or
* u24 net-_u24-pad1_ net-_u24-pad2_ net-_u24-pad3_ d_or
* u22 net-_u22-pad1_ net-_u22-pad2_ net-_u22-pad3_ d_or
* u23 net-_u23-pad1_ net-_u23-pad2_ net-_u23-pad3_ d_or
x35 net-_u22-pad3_ net-_u23-pad3_ net-_u24-pad3_ net-_u25-pad3_ net-_u27-pad2_ 4_OR
x26 net-_u8-pad2_ net-_u9-pad2_ net-_u1-pad9_ net-_u22-pad2_ 3_and
x25 net-_u1-pad19_ net-_u2-pad2_ net-_u3-pad2_ net-_u22-pad1_ 3_and
x22 net-_u4-pad2_ net-_u9-pad2_ net-_u1-pad9_ net-_u20-pad2_ 3_and
x24 net-_u4-pad2_ net-_u9-pad2_ net-_u1-pad9_ net-_u21-pad2_ 3_and
x23 net-_u1-pad20_ net-_u5-pad2_ net-_u6-pad2_ net-_u21-pad1_ 3_and
x14 net-_u8-pad2_ net-_u7-pad2_ net-_u1-pad9_ net-_u16-pad2_ 3_and
x13 net-_u1-pad2_ net-_u2-pad2_ net-_u6-pad2_ net-_u16-pad1_ 3_and
x11 net-_u1-pad3_ net-_u5-pad2_ net-_u3-pad2_ net-_u15-pad1_ 3_and
x12 net-_u8-pad2_ net-_u7-pad2_ net-_u1-pad9_ net-_u15-pad2_ 3_and
x15 net-_u1-pad1_ net-_u5-pad2_ net-_u6-pad2_ net-_u17-pad1_ 3_and
x8 net-_u4-pad2_ net-_u7-pad2_ net-_u1-pad9_ net-_u13-pad2_ 3_and
x7 net-_u1-pad5_ net-_u5-pad2_ net-_u6-pad2_ net-_u13-pad1_ 3_and
x10 net-_u8-pad2_ net-_u7-pad2_ net-_u1-pad9_ net-_u14-pad2_ 3_and
x5 net-_u1-pad6_ net-_u2-pad2_ net-_u6-pad2_ net-_u12-pad1_ 3_and
x6 net-_u4-pad2_ net-_u7-pad2_ net-_u1-pad9_ net-_u12-pad2_ 3_and
x9 net-_u1-pad4_ net-_u2-pad2_ net-_u3-pad2_ net-_u14-pad1_ 3_and
* u10 net-_u10-pad1_ net-_u10-pad2_ net-_u10-pad3_ d_or
x2 net-_u4-pad2_ net-_u7-pad2_ net-_u1-pad9_ net-_u10-pad2_ 3_and
x4 net-_u4-pad2_ net-_u7-pad2_ net-_u1-pad9_ net-_u11-pad2_ 3_and
x1 net-_u1-pad8_ net-_u2-pad2_ net-_u3-pad2_ net-_u10-pad1_ 3_and
x3 net-_u1-pad7_ net-_u5-pad2_ net-_u3-pad2_ net-_u11-pad1_ 3_and
* u11 net-_u11-pad1_ net-_u11-pad2_ net-_u11-pad3_ d_or
* u16 net-_u16-pad1_ net-_u16-pad2_ net-_u16-pad3_ d_or
* u15 net-_u15-pad1_ net-_u15-pad2_ net-_u15-pad3_ d_or
* u17 net-_u17-pad1_ net-_u17-pad2_ net-_u17-pad3_ d_or
x34 net-_u14-pad3_ net-_u15-pad3_ net-_u16-pad3_ net-_u17-pad3_ net-_u26-pad2_ 4_OR
* u26 net-_u26-pad1_ net-_u26-pad2_ net-_u26-pad3_ d_or
* u14 net-_u14-pad1_ net-_u14-pad2_ net-_u14-pad3_ d_or
* u13 net-_u13-pad1_ net-_u13-pad2_ net-_u13-pad3_ d_or
* u12 net-_u12-pad1_ net-_u12-pad2_ net-_u12-pad3_ d_or
x36 net-_u10-pad3_ net-_u11-pad3_ net-_u12-pad3_ net-_u13-pad3_ net-_u26-pad1_ 4_OR
* u6 net-_u3-pad2_ net-_u6-pad2_ d_buffer
* u8 net-_u4-pad2_ net-_u8-pad2_ d_buffer
* u9 net-_u7-pad2_ net-_u9-pad2_ d_buffer
* u7 net-_u1-pad11_ net-_u7-pad2_ d_inverter
* u4 net-_u4-pad1_ net-_u4-pad2_ d_inverter
* u2 net-_u2-pad1_ net-_u2-pad2_ d_inverter
* u5 net-_u2-pad2_ net-_u5-pad2_ d_buffer
* u3 net-_u1-pad14_ net-_u3-pad2_ d_inverter
a1 [net-_u20-pad1_ net-_u20-pad2_ ] net-_u20-pad3_ u20
a2 [net-_u19-pad1_ net-_u19-pad2_ ] net-_u19-pad3_ u19
a3 [net-_u18-pad1_ net-_u18-pad2_ ] net-_u18-pad3_ u18
a4 [net-_u27-pad1_ net-_u27-pad2_ ] net-_u27-pad3_ u27
a5 [net-_u26-pad3_ net-_u27-pad3_ ] net-_u1-pad10_ u28
a6 [net-_u21-pad1_ net-_u21-pad2_ ] net-_u21-pad3_ u21
a7 [net-_u25-pad1_ net-_u25-pad2_ ] net-_u25-pad3_ u25
a8 [net-_u24-pad1_ net-_u24-pad2_ ] net-_u24-pad3_ u24
a9 [net-_u22-pad1_ net-_u22-pad2_ ] net-_u22-pad3_ u22
a10 [net-_u23-pad1_ net-_u23-pad2_ ] net-_u23-pad3_ u23
a11 [net-_u10-pad1_ net-_u10-pad2_ ] net-_u10-pad3_ u10
a12 [net-_u11-pad1_ net-_u11-pad2_ ] net-_u11-pad3_ u11
a13 [net-_u16-pad1_ net-_u16-pad2_ ] net-_u16-pad3_ u16
a14 [net-_u15-pad1_ net-_u15-pad2_ ] net-_u15-pad3_ u15
a15 [net-_u17-pad1_ net-_u17-pad2_ ] net-_u17-pad3_ u17
a16 [net-_u26-pad1_ net-_u26-pad2_ ] net-_u26-pad3_ u26
a17 [net-_u14-pad1_ net-_u14-pad2_ ] net-_u14-pad3_ u14
a18 [net-_u13-pad1_ net-_u13-pad2_ ] net-_u13-pad3_ u13
a19 [net-_u12-pad1_ net-_u12-pad2_ ] net-_u12-pad3_ u12
a20 net-_u3-pad2_ net-_u6-pad2_ u6
a21 net-_u4-pad2_ net-_u8-pad2_ u8
a22 net-_u7-pad2_ net-_u9-pad2_ u9
a23 net-_u1-pad11_ net-_u7-pad2_ u7
a24 net-_u4-pad1_ net-_u4-pad2_ u4
a25 net-_u2-pad1_ net-_u2-pad2_ u2
a26 net-_u2-pad2_ net-_u5-pad2_ u5
a27 net-_u1-pad14_ net-_u3-pad2_ u3
* Schematic Name:                             d_or, Ngspice Name: d_or
.model u20 d_or(rise_delay=1.0e-9 fall_delay=1.0e-9 input_load=1.0e-12 ) 
* Schematic Name:                             d_or, Ngspice Name: d_or
.model u19 d_or(rise_delay=1.0e-9 fall_delay=1.0e-9 input_load=1.0e-12 ) 
* Schematic Name:                             d_or, Ngspice Name: d_or
.model u18 d_or(rise_delay=1.0e-9 fall_delay=1.0e-9 input_load=1.0e-12 ) 
* Schematic Name:                             d_or, Ngspice Name: d_or
.model u27 d_or(rise_delay=1.0e-9 fall_delay=1.0e-9 input_load=1.0e-12 ) 
* Schematic Name:                             d_xnor, Ngspice Name: d_xnor
.model u28 d_xnor(rise_delay=1.0e-9 fall_delay=1.0e-9 input_load=1.0e-12 ) 
* Schematic Name:                             d_or, Ngspice Name: d_or
.model u21 d_or(rise_delay=1.0e-9 fall_delay=1.0e-9 input_load=1.0e-12 ) 
* Schematic Name:                             d_or, Ngspice Name: d_or
.model u25 d_or(rise_delay=1.0e-9 fall_delay=1.0e-9 input_load=1.0e-12 ) 
* Schematic Name:                             d_or, Ngspice Name: d_or
.model u24 d_or(rise_delay=1.0e-9 fall_delay=1.0e-9 input_load=1.0e-12 ) 
* Schematic Name:                             d_or, Ngspice Name: d_or
.model u22 d_or(rise_delay=1.0e-9 fall_delay=1.0e-9 input_load=1.0e-12 ) 
* Schematic Name:                             d_or, Ngspice Name: d_or
.model u23 d_or(rise_delay=1.0e-9 fall_delay=1.0e-9 input_load=1.0e-12 ) 
* Schematic Name:                             d_or, Ngspice Name: d_or
.model u10 d_or(rise_delay=1.0e-9 fall_delay=1.0e-9 input_load=1.0e-12 ) 
* Schematic Name:                             d_or, Ngspice Name: d_or
.model u11 d_or(rise_delay=1.0e-9 fall_delay=1.0e-9 input_load=1.0e-12 ) 
* Schematic Name:                             d_or, Ngspice Name: d_or
.model u16 d_or(rise_delay=1.0e-9 fall_delay=1.0e-9 input_load=1.0e-12 ) 
* Schematic Name:                             d_or, Ngspice Name: d_or
.model u15 d_or(rise_delay=1.0e-9 fall_delay=1.0e-9 input_load=1.0e-12 ) 
* Schematic Name:                             d_or, Ngspice Name: d_or
.model u17 d_or(rise_delay=1.0e-9 fall_delay=1.0e-9 input_load=1.0e-12 ) 
* Schematic Name:                             d_or, Ngspice Name: d_or
.model u26 d_or(rise_delay=1.0e-9 fall_delay=1.0e-9 input_load=1.0e-12 ) 
* Schematic Name:                             d_or, Ngspice Name: d_or
.model u14 d_or(rise_delay=1.0e-9 fall_delay=1.0e-9 input_load=1.0e-12 ) 
* Schematic Name:                             d_or, Ngspice Name: d_or
.model u13 d_or(rise_delay=1.0e-9 fall_delay=1.0e-9 input_load=1.0e-12 ) 
* Schematic Name:                             d_or, Ngspice Name: d_or
.model u12 d_or(rise_delay=1.0e-9 fall_delay=1.0e-9 input_load=1.0e-12 ) 
* Schematic Name:                             d_buffer, Ngspice Name: d_buffer
.model u6 d_buffer(rise_delay=1.0e-9 fall_delay=1.0e-9 input_load=1.0e-12 ) 
* Schematic Name:                             d_buffer, Ngspice Name: d_buffer
.model u8 d_buffer(rise_delay=1.0e-9 fall_delay=1.0e-9 input_load=1.0e-12 ) 
* Schematic Name:                             d_buffer, Ngspice Name: d_buffer
.model u9 d_buffer(rise_delay=1.0e-9 fall_delay=1.0e-9 input_load=1.0e-12 ) 
* Schematic Name:                             d_inverter, Ngspice Name: d_inverter
.model u7 d_inverter(rise_delay=1.0e-9 fall_delay=1.0e-9 input_load=1.0e-12 ) 
* Schematic Name:                             d_inverter, Ngspice Name: d_inverter
.model u4 d_inverter(rise_delay=1.0e-9 fall_delay=1.0e-9 input_load=1.0e-12 ) 
* Schematic Name:                             d_inverter, Ngspice Name: d_inverter
.model u2 d_inverter(rise_delay=1.0e-9 fall_delay=1.0e-9 input_load=1.0e-12 ) 
* Schematic Name:                             d_buffer, Ngspice Name: d_buffer
.model u5 d_buffer(rise_delay=1.0e-9 fall_delay=1.0e-9 input_load=1.0e-12 ) 
* Schematic Name:                             d_inverter, Ngspice Name: d_inverter
.model u3 d_inverter(rise_delay=1.0e-9 fall_delay=1.0e-9 input_load=1.0e-12 ) 
.tran 0e-00 0e-00 0e-00

* Control Statements 
.control
run
print allv > plot_data_v.txt
print alli > plot_data_i.txt
.endc
.end
