.title kicad schematic

* u17 net-_u17-pad1_ net-_u1-pad10_ unconnected-_u17-pad3_ net-_u10-pad4_ net-_u17-pad5_ unconnected-_u17-pad6_ d_dlatch
* u24 net-_u17-pad5_ net-_u20-pad2_ net-_u1-pad12_ d_and
* u1 unconnected-_u1-pad1_ net-_u1-pad2_ net-_u1-pad3_ net-_u1-pad4_ net-_u1-pad5_ net-_u1-pad6_ net-_u1-pad7_ net-_u1-pad8_ net-_u1-pad9_ net-_u1-pad10_ net-_u1-pad11_ net-_u1-pad12_ net-_u1-pad13_ net-_u1-pad14_ net-_u1-pad15_ unconnected-_u1-pad16_ port
* u18 net-_u10-pad1_ net-_u1-pad10_ unconnected-_u18-pad3_ net-_u10-pad4_ net-_u18-pad5_ unconnected-_u18-pad6_ d_dlatch
* u22 net-_u18-pad5_ net-_u20-pad2_ net-_u1-pad13_ d_and
* u21 net-_u19-pad5_ net-_u20-pad2_ net-_u1-pad14_ d_and
* u19 net-_u10-pad5_ net-_u1-pad10_ unconnected-_u19-pad3_ net-_u10-pad4_ net-_u19-pad5_ unconnected-_u19-pad6_ d_dlatch
* u11 net-_u10-pad6_ net-_u1-pad9_ d_inverter
* u15 net-_u15-pad1_ net-_u1-pad10_ unconnected-_u15-pad3_ net-_u10-pad4_ net-_u15-pad5_ unconnected-_u15-pad6_ d_dlatch
* u16 net-_u16-pad1_ net-_u1-pad10_ unconnected-_u16-pad3_ net-_u10-pad4_ net-_u16-pad5_ unconnected-_u16-pad6_ d_dlatch
* u27 net-_u15-pad5_ net-_u20-pad2_ net-_u1-pad6_ d_and
* u28 net-_u16-pad5_ net-_u20-pad2_ net-_u1-pad11_ d_and
* u7 net-_u15-pad1_ net-_u1-pad15_ unconnected-_u7-pad3_ net-_u10-pad4_ net-_u16-pad1_ unconnected-_u7-pad6_ d_dff
* u6 net-_u14-pad1_ net-_u1-pad15_ unconnected-_u6-pad3_ net-_u10-pad4_ net-_u15-pad1_ unconnected-_u6-pad6_ d_dff
* u8 net-_u16-pad1_ net-_u1-pad15_ unconnected-_u8-pad3_ net-_u10-pad4_ net-_u17-pad1_ unconnected-_u8-pad6_ d_dff
* u9 net-_u17-pad1_ net-_u1-pad15_ unconnected-_u9-pad3_ net-_u10-pad4_ net-_u10-pad1_ unconnected-_u9-pad6_ d_dff
* u10 net-_u10-pad1_ net-_u1-pad15_ unconnected-_u10-pad3_ net-_u10-pad4_ net-_u10-pad5_ net-_u10-pad6_ d_dff
* u2 net-_u1-pad7_ net-_u10-pad4_ d_inverter
* u26 net-_u14-pad5_ net-_u20-pad2_ net-_u1-pad5_ d_and
* u25 net-_u13-pad5_ net-_u20-pad2_ net-_u1-pad4_ d_and
* u23 net-_u12-pad5_ net-_u20-pad2_ net-_u1-pad3_ d_and
* u20 net-_u1-pad8_ net-_u20-pad2_ d_inverter
* u14 net-_u14-pad1_ net-_u1-pad10_ unconnected-_u14-pad3_ net-_u10-pad4_ net-_u14-pad5_ unconnected-_u14-pad6_ d_dlatch
* u13 net-_u13-pad1_ net-_u1-pad10_ unconnected-_u13-pad3_ net-_u10-pad4_ net-_u13-pad5_ unconnected-_u13-pad6_ d_dlatch
* u12 net-_u12-pad1_ net-_u1-pad10_ unconnected-_u12-pad3_ net-_u10-pad4_ net-_u12-pad5_ unconnected-_u12-pad6_ d_dlatch
* u3 net-_u1-pad2_ net-_u1-pad15_ unconnected-_u3-pad3_ net-_u10-pad4_ net-_u12-pad1_ unconnected-_u3-pad6_ d_dff
* u4 net-_u12-pad1_ net-_u1-pad15_ unconnected-_u4-pad3_ net-_u10-pad4_ net-_u13-pad1_ unconnected-_u4-pad6_ d_dff
* u5 net-_u13-pad1_ net-_u1-pad15_ unconnected-_u5-pad3_ net-_u10-pad4_ net-_u14-pad1_ unconnected-_u5-pad6_ d_dff
a1 net-_u17-pad1_ net-_u1-pad10_ unconnected-_u17-pad3_ net-_u10-pad4_ net-_u17-pad5_ unconnected-_u17-pad6_ u17
a2 [net-_u17-pad5_ net-_u20-pad2_ ] net-_u1-pad12_ u24
a3 net-_u10-pad1_ net-_u1-pad10_ unconnected-_u18-pad3_ net-_u10-pad4_ net-_u18-pad5_ unconnected-_u18-pad6_ u18
a4 [net-_u18-pad5_ net-_u20-pad2_ ] net-_u1-pad13_ u22
a5 [net-_u19-pad5_ net-_u20-pad2_ ] net-_u1-pad14_ u21
a6 net-_u10-pad5_ net-_u1-pad10_ unconnected-_u19-pad3_ net-_u10-pad4_ net-_u19-pad5_ unconnected-_u19-pad6_ u19
a7 net-_u10-pad6_ net-_u1-pad9_ u11
a8 net-_u15-pad1_ net-_u1-pad10_ unconnected-_u15-pad3_ net-_u10-pad4_ net-_u15-pad5_ unconnected-_u15-pad6_ u15
a9 net-_u16-pad1_ net-_u1-pad10_ unconnected-_u16-pad3_ net-_u10-pad4_ net-_u16-pad5_ unconnected-_u16-pad6_ u16
a10 [net-_u15-pad5_ net-_u20-pad2_ ] net-_u1-pad6_ u27
a11 [net-_u16-pad5_ net-_u20-pad2_ ] net-_u1-pad11_ u28
a12 net-_u15-pad1_ net-_u1-pad15_ unconnected-_u7-pad3_ net-_u10-pad4_ net-_u16-pad1_ unconnected-_u7-pad6_ u7
a13 net-_u14-pad1_ net-_u1-pad15_ unconnected-_u6-pad3_ net-_u10-pad4_ net-_u15-pad1_ unconnected-_u6-pad6_ u6
a14 net-_u16-pad1_ net-_u1-pad15_ unconnected-_u8-pad3_ net-_u10-pad4_ net-_u17-pad1_ unconnected-_u8-pad6_ u8
a15 net-_u17-pad1_ net-_u1-pad15_ unconnected-_u9-pad3_ net-_u10-pad4_ net-_u10-pad1_ unconnected-_u9-pad6_ u9
a16 net-_u10-pad1_ net-_u1-pad15_ unconnected-_u10-pad3_ net-_u10-pad4_ net-_u10-pad5_ net-_u10-pad6_ u10
a17 net-_u1-pad7_ net-_u10-pad4_ u2
a18 [net-_u14-pad5_ net-_u20-pad2_ ] net-_u1-pad5_ u26
a19 [net-_u13-pad5_ net-_u20-pad2_ ] net-_u1-pad4_ u25
a20 [net-_u12-pad5_ net-_u20-pad2_ ] net-_u1-pad3_ u23
a21 net-_u1-pad8_ net-_u20-pad2_ u20
a22 net-_u14-pad1_ net-_u1-pad10_ unconnected-_u14-pad3_ net-_u10-pad4_ net-_u14-pad5_ unconnected-_u14-pad6_ u14
a23 net-_u13-pad1_ net-_u1-pad10_ unconnected-_u13-pad3_ net-_u10-pad4_ net-_u13-pad5_ unconnected-_u13-pad6_ u13
a24 net-_u12-pad1_ net-_u1-pad10_ unconnected-_u12-pad3_ net-_u10-pad4_ net-_u12-pad5_ unconnected-_u12-pad6_ u12
a25 net-_u1-pad2_ net-_u1-pad15_ unconnected-_u3-pad3_ net-_u10-pad4_ net-_u12-pad1_ unconnected-_u3-pad6_ u3
a26 net-_u12-pad1_ net-_u1-pad15_ unconnected-_u4-pad3_ net-_u10-pad4_ net-_u13-pad1_ unconnected-_u4-pad6_ u4
a27 net-_u13-pad1_ net-_u1-pad15_ unconnected-_u5-pad3_ net-_u10-pad4_ net-_u14-pad1_ unconnected-_u5-pad6_ u5
* Schematic Name:                             d_dlatch, Ngspice Name: d_dlatch
.model u17 d_dlatch(data_delay=1.0e-9 enable_delay=1.0e-9 set_delay=1.0e-9 reset_delay=1.0e-9 ic=0 data_load=1.0e-12 enable_load=1.0e-12 set_load=1.0e-12 reset_load=1.0e-12 rise_delay=1.0e-9 fall_delay=1.0e-9 ) 
* Schematic Name:                             d_and, Ngspice Name: d_and
.model u24 d_and(rise_delay=1.0e-9 fall_delay=1.0e-9 input_load=1.0e-12 ) 
* Schematic Name:                             d_dlatch, Ngspice Name: d_dlatch
.model u18 d_dlatch(data_delay=1.0e-9 enable_delay=1.0e-9 set_delay=1.0e-9 reset_delay=1.0e-9 ic=0 data_load=1.0e-12 enable_load=1.0e-12 set_load=1.0e-12 reset_load=1.0e-12 rise_delay=1.0e-9 fall_delay=1.0e-9 ) 
* Schematic Name:                             d_and, Ngspice Name: d_and
.model u22 d_and(rise_delay=1.0e-9 fall_delay=1.0e-9 input_load=1.0e-12 ) 
* Schematic Name:                             d_and, Ngspice Name: d_and
.model u21 d_and(rise_delay=1.0e-9 fall_delay=1.0e-9 input_load=1.0e-12 ) 
* Schematic Name:                             d_dlatch, Ngspice Name: d_dlatch
.model u19 d_dlatch(data_delay=1.0e-9 enable_delay=1.0e-9 set_delay=1.0e-9 reset_delay=1.0e-9 ic=0 data_load=1.0e-12 enable_load=1.0e-12 set_load=1.0e-12 reset_load=1.0e-12 rise_delay=1.0e-9 fall_delay=1.0e-9 ) 
* Schematic Name:                             d_inverter, Ngspice Name: d_inverter
.model u11 d_inverter(rise_delay=1.0e-9 fall_delay=1.0e-9 input_load=1.0e-12 ) 
* Schematic Name:                             d_dlatch, Ngspice Name: d_dlatch
.model u15 d_dlatch(data_delay=1.0e-9 enable_delay=1.0e-9 set_delay=1.0e-9 reset_delay=1.0e-9 ic=0 data_load=1.0e-12 enable_load=1.0e-12 set_load=1.0e-12 reset_load=1.0e-12 rise_delay=1.0e-9 fall_delay=1.0e-9 ) 
* Schematic Name:                             d_dlatch, Ngspice Name: d_dlatch
.model u16 d_dlatch(data_delay=1.0e-9 enable_delay=1.0e-9 set_delay=1.0e-9 reset_delay=1.0e-9 ic=0 data_load=1.0e-12 enable_load=1.0e-12 set_load=1.0e-12 reset_load=1.0e-12 rise_delay=1.0e-9 fall_delay=1.0e-9 ) 
* Schematic Name:                             d_and, Ngspice Name: d_and
.model u27 d_and(rise_delay=1.0e-9 fall_delay=1.0e-9 input_load=1.0e-12 ) 
* Schematic Name:                             d_and, Ngspice Name: d_and
.model u28 d_and(rise_delay=1.0e-9 fall_delay=1.0e-9 input_load=1.0e-12 ) 
* Schematic Name:                             d_dff, Ngspice Name: d_dff
.model u7 d_dff(clk_delay=1.0e-9 set_delay=1.0e-9 reset_delay=1.0 ic=0 data_load=1.0e-12 clk_load=1.0e-12 set_load=1.0e-12 reset_load=1.0e-12 rise_delay=1.0e-9 fall_delay=1.0e-9 ) 
* Schematic Name:                             d_dff, Ngspice Name: d_dff
.model u6 d_dff(clk_delay=1.0e-9 set_delay=1.0e-9 reset_delay=1.0 ic=0 data_load=1.0e-12 clk_load=1.0e-12 set_load=1.0e-12 reset_load=1.0e-12 rise_delay=1.0e-9 fall_delay=1.0e-9 ) 
* Schematic Name:                             d_dff, Ngspice Name: d_dff
.model u8 d_dff(clk_delay=1.0e-9 set_delay=1.0e-9 reset_delay=1.0 ic=0 data_load=1.0e-12 clk_load=1.0e-12 set_load=1.0e-12 reset_load=1.0e-12 rise_delay=1.0e-9 fall_delay=1.0e-9 ) 
* Schematic Name:                             d_dff, Ngspice Name: d_dff
.model u9 d_dff(clk_delay=1.0e-9 set_delay=1.0e-9 reset_delay=1.0 ic=0 data_load=1.0e-12 clk_load=1.0e-12 set_load=1.0e-12 reset_load=1.0e-12 rise_delay=1.0e-9 fall_delay=1.0e-9 ) 
* Schematic Name:                             d_dff, Ngspice Name: d_dff
.model u10 d_dff(clk_delay=1.0e-9 set_delay=1.0e-9 reset_delay=1.0 ic=0 data_load=1.0e-12 clk_load=1.0e-12 set_load=1.0e-12 reset_load=1.0e-12 rise_delay=1.0e-9 fall_delay=1.0e-9 ) 
* Schematic Name:                             d_inverter, Ngspice Name: d_inverter
.model u2 d_inverter(rise_delay=1.0e-9 fall_delay=1.0e-9 input_load=1.0e-12 ) 
* Schematic Name:                             d_and, Ngspice Name: d_and
.model u26 d_and(rise_delay=1.0e-9 fall_delay=1.0e-9 input_load=1.0e-12 ) 
* Schematic Name:                             d_and, Ngspice Name: d_and
.model u25 d_and(rise_delay=1.0e-9 fall_delay=1.0e-9 input_load=1.0e-12 ) 
* Schematic Name:                             d_and, Ngspice Name: d_and
.model u23 d_and(rise_delay=1.0e-9 fall_delay=1.0e-9 input_load=1.0e-12 ) 
* Schematic Name:                             d_inverter, Ngspice Name: d_inverter
.model u20 d_inverter(rise_delay=1.0e-9 fall_delay=1.0e-9 input_load=1.0e-12 ) 
* Schematic Name:                             d_dlatch, Ngspice Name: d_dlatch
.model u14 d_dlatch(data_delay=1.0e-9 enable_delay=1.0e-9 set_delay=1.0e-9 reset_delay=1.0e-9 ic=0 data_load=1.0e-12 enable_load=1.0e-12 set_load=1.0e-12 reset_load=1.0e-12 rise_delay=1.0e-9 fall_delay=1.0e-9 ) 
* Schematic Name:                             d_dlatch, Ngspice Name: d_dlatch
.model u13 d_dlatch(data_delay=1.0e-9 enable_delay=1.0e-9 set_delay=1.0e-9 reset_delay=1.0e-9 ic=0 data_load=1.0e-12 enable_load=1.0e-12 set_load=1.0e-12 reset_load=1.0e-12 rise_delay=1.0e-9 fall_delay=1.0e-9 ) 
* Schematic Name:                             d_dlatch, Ngspice Name: d_dlatch
.model u12 d_dlatch(data_delay=1.0e-9 enable_delay=1.0e-9 set_delay=1.0e-9 reset_delay=1.0e-9 ic=0 data_load=1.0e-12 enable_load=1.0e-12 set_load=1.0e-12 reset_load=1.0e-12 rise_delay=1.0e-9 fall_delay=1.0e-9 ) 
* Schematic Name:                             d_dff, Ngspice Name: d_dff
.model u3 d_dff(clk_delay=1.0e-9 set_delay=1.0e-9 reset_delay=1.0 ic=0 data_load=1.0e-12 clk_load=1.0e-12 set_load=1.0e-12 reset_load=1.0e-12 rise_delay=1.0e-9 fall_delay=1.0e-9 ) 
* Schematic Name:                             d_dff, Ngspice Name: d_dff
.model u4 d_dff(clk_delay=1.0e-9 set_delay=1.0e-9 reset_delay=1.0 ic=0 data_load=1.0e-12 clk_load=1.0e-12 set_load=1.0e-12 reset_load=1.0e-12 rise_delay=1.0e-9 fall_delay=1.0e-9 ) 
* Schematic Name:                             d_dff, Ngspice Name: d_dff
.model u5 d_dff(clk_delay=1.0e-9 set_delay=1.0e-9 reset_delay=1.0 ic=0 data_load=1.0e-12 clk_load=1.0e-12 set_load=1.0e-12 reset_load=1.0e-12 rise_delay=1.0e-9 fall_delay=1.0e-9 ) 
.tran 0e-00 0e-00 0e-00

* Control Statements 
.control
run
print allv > plot_data_v.txt
print alli > plot_data_i.txt
.endc
.end
