------> Parse Tree
start
  ckt_block
    rc_filter
    statement
      port_in_decl	Vin
    statement
      port_out_decl
        Vout
        mc
    statement
      implicit_component
        res
        mc
        10k
    statement
      explicit_component
        mc
        cap
        gnd
        10F

-------> IR Objects

Circuit : rc_filter
port_in  : PortIn(name='vin')
port_out : PortOut(name='vout', node='mc')
component: Component(type='res', node1='vin', node2='mc', value='10k')
component: Component(type='cap', node1='mc', node2='gnd', value='10F')

── rc_filter ──────────────────────────
  semantic analysis passed
  routing vin(98, 301) → mc(402, 250)
  routing mc(402, 250) → gnd(250, 98)
spice written → output/rc_filter.cir
kicad schematic written → output/rc_filter.kicad_sch
graph saved → output/rc_filter_graph.png
  outputs written to output//
