.title kicad schematic

.include D.lib
.include NPN.lib
q13 net-_q13-pad1_ net-_q12-pad1_ net-_q13-pad3_ Q2N2222
r8 net-_q16-pad2_ net-_q9-pad3_ 620
q9 net-_q4-pad1_ unconnected-_q9-pad2_ net-_q9-pad3_ Q2N2222
r10 net-_q11-pad1_ net-_q9-pad3_ 620
r11 net-_q12-pad1_ net-_q9-pad3_ 1050
q8 net-_q16-pad2_ net-_d1-pad1_ net-_q10-pad1_ Q2N2222
q11 net-_q11-pad1_ net-_d2-pad1_ net-_q10-pad1_ Q2N2222
r14 net-_q13-pad1_ net-_q4-pad1_ 5000
r15 net-_q16-pad1_ net-_q4-pad1_ 820
q15 net-_q13-pad1_ net-_q13-pad3_ net-_q15-pad3_ Q2N2222
d2 net-_d2-pad1_ net-_d2-pad2_ 1N4148
* u3 net-_d2-pad2_ net-_q6-pad3_ zener
q10 net-_q10-pad1_ net-_q10-pad2_ net-_q10-pad3_ Q2N2222
r9 net-_r12-pad1_ net-_q10-pad3_ 100
q3 net-_q3-pad1_ net-_q3-pad2_ net-_q1-pad3_ Q2N2222
r4 net-_r12-pad1_ net-_q5-pad3_ 350
q7 net-_d2-pad2_ net-_q10-pad2_ net-_q7-pad3_ Q2N2222
r6 net-_r12-pad1_ net-_q7-pad3_ 350
q5 net-_d1-pad2_ net-_q10-pad2_ net-_q5-pad3_ Q2N2222
q2 net-_q1-pad3_ net-_q10-pad2_ net-_q2-pad3_ Q2N2222
r2 net-_r12-pad1_ net-_q2-pad3_ 350
r7 net-_d2-pad1_ net-_q6-pad3_ 10k
r5 net-_d1-pad1_ net-_q4-pad3_ 10k
d1 net-_d1-pad1_ net-_d1-pad2_ 1N4148
q6 net-_q4-pad1_ net-_q3-pad1_ net-_q6-pad3_ Q2N2222
r1 net-_q1-pad1_ net-_q4-pad1_ 1000
r3 net-_q3-pad1_ net-_q4-pad1_ 1000
q4 net-_q4-pad1_ net-_q1-pad1_ net-_q4-pad3_ Q2N2222
* u2 net-_d1-pad2_ net-_q4-pad3_ zener
* u1 net-_q3-pad2_ net-_q1-pad2_ net-_r12-pad1_ net-_q15-pad3_ net-_d3-pad2_ net-_d4-pad2_ net-_q4-pad1_ port
q1 net-_q1-pad1_ net-_q1-pad2_ net-_q1-pad3_ Q2N2222
r17 net-_r12-pad1_ net-_q17-pad3_ 350
q16 net-_q16-pad1_ net-_q16-pad2_ net-_q16-pad3_ Q2N2222
r16 net-_q10-pad2_ net-_q15-pad3_ 4400
q17 net-_q10-pad2_ net-_q10-pad2_ net-_q17-pad3_ Q2N2222
q14 net-_q13-pad3_ net-_q10-pad2_ net-_q14-pad3_ Q2N2222
r13 net-_r12-pad1_ net-_q14-pad3_ 4000
r12 net-_r12-pad1_ net-_q12-pad3_ 300
q18 net-_q16-pad3_ net-_q16-pad3_ net-_q15-pad3_ Q2N2222
q12 net-_q12-pad1_ net-_q10-pad2_ net-_q12-pad3_ Q2N2222
r18 net-_d3-pad2_ net-_q16-pad3_ 3900
q20 net-_d3-pad2_ net-_q16-pad3_ net-_q15-pad3_ Q2N2222
d3 net-_d3-pad1_ net-_d3-pad2_ 1N4148
q19 net-_q19-pad1_ net-_q16-pad1_ net-_d3-pad1_ Q2N2222
q23 net-_q23-pad1_ net-_q21-pad1_ net-_d4-pad1_ Q2N2222
r22 net-_q23-pad1_ net-_q4-pad1_ 100
d4 net-_d4-pad1_ net-_d4-pad2_ 1N4148
q22 net-_q21-pad3_ net-_q21-pad3_ net-_q15-pad3_ Q2N2222
r21 net-_d4-pad2_ net-_q21-pad3_ 3900
q24 net-_d4-pad2_ net-_q21-pad3_ net-_q15-pad3_ Q2N2222
q21 net-_q21-pad1_ net-_q11-pad1_ net-_q21-pad3_ Q2N2222
r20 net-_q21-pad1_ net-_q4-pad1_ 820
r19 net-_q19-pad1_ net-_q4-pad1_ 100
a1 net-_d2-pad2_ net-_q6-pad3_ u3
a2 net-_d1-pad2_ net-_q4-pad3_ u2
* Schematic Name:                             zener, Ngspice Name: zener
.model u3 zener(v_breakdown=5.6 i_breakdown=2.0e-2 i_sat=1.0e-12 n_forward=1.0 limit_switch=FALSE ) 
* Schematic Name:                             zener, Ngspice Name: zener
.model u2 zener(v_breakdown=5.6 i_breakdown=2.0e-2 i_sat=1.0e-12 n_forward=1.0 limit_switch=FALSE ) 
.tran 1e-09 1e-06 0e-00

* Control Statements 
.control
run
print allv > plot_data_v.txt
print alli > plot_data_i.txt
.endc
.end
