* /home/mallikarjuna/esim-workspace/4_to_16_decoder_using_74154ic/4_to_16_decoder_using_74154ic.cir

.include 4to16_demux.sub
* u19  a0 a1 a2 a3 net-_u19-pad5_ net-_u19-pad6_ net-_u19-pad7_ net-_u19-pad8_ adc_bridge_4
* u20  e1 e0 net-_u20-pad3_ net-_u20-pad4_ adc_bridge_2
* u18  net-_u18-pad1_ net-_u18-pad2_ net-_u18-pad3_ net-_u18-pad4_ net-_u18-pad5_ net-_u18-pad6_ net-_u18-pad7_ net-_u18-pad8_ y0 y1 y2 y3 y4 y5 y6 y7 dac_bridge_8
* u17  net-_u17-pad1_ net-_u17-pad2_ net-_u17-pad3_ net-_u17-pad4_ net-_u17-pad5_ net-_u17-pad6_ net-_u17-pad7_ net-_u17-pad8_ y8 y9 y10 y11 y12 y13 y14 y15 dac_bridge_8
v3 a0 gnd  dc 5
v4 a1 gnd  dc 0
v5 a2 gnd  dc 5
v6 a3 gnd  dc 5
v2 e1 gnd  dc 0
v1 e0 gnd  dc 0
* u25  a0 plot_v1
* u22  a1 plot_v1
* u23  a2 plot_v1
* u26  a3 plot_v1
* u24  e1 plot_v1
* u21  e0 plot_v1
* u13  y0 plot_v1
* u14  y1 plot_v1
* u15  y2 plot_v1
* u16  y3 plot_v1
* u1  y4 plot_v1
* u2  y5 plot_v1
* u3  y6 plot_v1
* u4  y7 plot_v1
* u5  y8 plot_v1
* u6  y9 plot_v1
* u7  y10 plot_v1
* u8  y11 plot_v1
* u9  y12 plot_v1
* u10  y13 plot_v1
* u11  y14 plot_v1
* u12  y15 plot_v1
x1 net-_u18-pad1_ net-_u18-pad2_ net-_u18-pad3_ net-_u18-pad4_ net-_u18-pad5_ net-_u18-pad6_ net-_u18-pad7_ net-_u18-pad8_ net-_u17-pad1_ net-_u17-pad2_ net-_u17-pad3_ ? net-_u17-pad4_ net-_u17-pad5_ net-_u17-pad6_ net-_u17-pad7_ net-_u17-pad8_ net-_u20-pad4_ net-_u20-pad3_ net-_u19-pad8_ net-_u19-pad7_ net-_u19-pad6_ net-_u19-pad5_ ? 4to16_demux
a1 [a0 a1 a2 a3 ] [net-_u19-pad5_ net-_u19-pad6_ net-_u19-pad7_ net-_u19-pad8_ ] u19
a2 [e1 e0 ] [net-_u20-pad3_ net-_u20-pad4_ ] u20
a3 [net-_u18-pad1_ net-_u18-pad2_ net-_u18-pad3_ net-_u18-pad4_ net-_u18-pad5_ net-_u18-pad6_ net-_u18-pad7_ net-_u18-pad8_ ] [y0 y1 y2 y3 y4 y5 y6 y7 ] u18
a4 [net-_u17-pad1_ net-_u17-pad2_ net-_u17-pad3_ net-_u17-pad4_ net-_u17-pad5_ net-_u17-pad6_ net-_u17-pad7_ net-_u17-pad8_ ] [y8 y9 y10 y11 y12 y13 y14 y15 ] u17
* Schematic Name: adc_bridge_4, NgSpice Name: adc_bridge
.model u19 adc_bridge(fall_delay=1.0e-9 in_high=2.0 rise_delay=1.0e-9 in_low=1.0 ) 
* Schematic Name: adc_bridge_2, NgSpice Name: adc_bridge
.model u20 adc_bridge(fall_delay=1.0e-9 in_high=2.0 rise_delay=1.0e-9 in_low=1.0 ) 
* Schematic Name: dac_bridge_8, NgSpice Name: dac_bridge
.model u18 dac_bridge(out_undef=0.5 out_low=0.0 out_high=5.0 t_rise=1.0e-9 t_fall=1.0e-9 input_load=1.0e-12 ) 
* Schematic Name: dac_bridge_8, NgSpice Name: dac_bridge
.model u17 dac_bridge(out_undef=0.5 out_low=0.0 out_high=5.0 t_rise=1.0e-9 t_fall=1.0e-9 input_load=1.0e-12 ) 
.tran 10e-03 100e-03 0e-03

* Control Statements 
.control
run
print allv > plot_data_v.txt
print alli > plot_data_i.txt
plot v(a0)
plot v(a1)
plot v(a2)
plot v(a3)
plot v(e1)
plot v(e0)
plot v(y0)
plot v(y1)
plot v(y2)
plot v(y3)
plot v(y4)
plot v(y5)
plot v(y6)
plot v(y7)
plot v(y8)
plot v(y9)
plot v(y10)
plot v(y11)
plot v(y12)
plot v(y13)
plot v(y14)
plot v(y15)
.endc
.end
