* c:\fossee\esim\library\subcircuitlibrary\cd_4070\cd_4070.cir

.include NMOS-180nm.lib
.include PMOS-180nm.lib
m21 net-_m13-pad2_ net-_m14-pad2_ net-_m11-pad3_ net-_m11-pad3_ CMOSP W=100u L=100u M=1
m25 net-_m13-pad2_ net-_m14-pad2_ net-_m1-pad3_ net-_m1-pad3_ CMOSN W=100u L=100u M=1
m9 net-_m10-pad3_ net-_m1-pad2_ net-_m11-pad3_ net-_m11-pad3_ CMOSP W=100u L=100u M=1
m13 net-_m10-pad3_ net-_m13-pad2_ net-_m11-pad3_ net-_m11-pad3_ CMOSP W=100u L=100u M=1
m10 net-_m10-pad1_ net-_m1-pad1_ net-_m10-pad3_ net-_m10-pad3_ CMOSP W=100u L=100u M=1
m14 net-_m10-pad1_ net-_m14-pad2_ net-_m10-pad3_ net-_m10-pad3_ CMOSP W=100u L=100u M=1
m3 net-_m1-pad1_ net-_m1-pad2_ net-_m11-pad3_ net-_m11-pad3_ CMOSP W=100u L=100u M=1
m1 net-_m1-pad1_ net-_m1-pad2_ net-_m1-pad3_ net-_m1-pad3_ CMOSN W=100u L=100u M=1
m5 net-_m10-pad1_ net-_m1-pad2_ net-_m5-pad3_ net-_m5-pad3_ CMOSN W=100u L=100u M=1
m6 net-_m5-pad3_ net-_m13-pad2_ net-_m1-pad3_ net-_m1-pad3_ CMOSN W=100u L=100u M=1
m17 net-_m10-pad1_ net-_m1-pad1_ net-_m17-pad3_ net-_m17-pad3_ CMOSN W=100u L=100u M=1
m18 net-_m17-pad3_ net-_m14-pad2_ net-_m1-pad3_ net-_m1-pad3_ CMOSN W=100u L=100u M=1
m50 net-_m34-pad2_ net-_m42-pad2_ net-_m11-pad3_ net-_m11-pad3_ CMOSP W=100u L=100u M=1
m54 net-_m34-pad2_ net-_m42-pad2_ net-_m1-pad3_ net-_m1-pad3_ CMOSN W=100u L=100u M=1
m37 net-_m37-pad1_ net-_m29-pad2_ net-_m11-pad3_ net-_m11-pad3_ CMOSP W=100u L=100u M=1
m41 net-_m37-pad1_ net-_m34-pad2_ net-_m11-pad3_ net-_m11-pad3_ CMOSP W=100u L=100u M=1
m38 net-_m33-pad1_ net-_m29-pad1_ net-_m37-pad1_ net-_m37-pad1_ CMOSP W=100u L=100u M=1
m42 net-_m33-pad1_ net-_m42-pad2_ net-_m37-pad1_ net-_m37-pad1_ CMOSP W=100u L=100u M=1
m31 net-_m29-pad1_ net-_m29-pad2_ net-_m11-pad3_ net-_m11-pad3_ CMOSP W=100u L=100u M=1
m29 net-_m29-pad1_ net-_m29-pad2_ net-_m1-pad3_ net-_m1-pad3_ CMOSN W=100u L=100u M=1
m33 net-_m33-pad1_ net-_m29-pad2_ net-_m33-pad3_ net-_m33-pad3_ CMOSN W=100u L=100u M=1
m34 net-_m33-pad3_ net-_m34-pad2_ net-_m1-pad3_ net-_m1-pad3_ CMOSN W=100u L=100u M=1
m45 net-_m33-pad1_ net-_m29-pad1_ net-_m45-pad3_ net-_m45-pad3_ CMOSN W=100u L=100u M=1
m46 net-_m45-pad3_ net-_m42-pad2_ net-_m1-pad3_ net-_m1-pad3_ CMOSN W=100u L=100u M=1
m23 net-_m15-pad2_ net-_m16-pad2_ net-_m11-pad3_ net-_m11-pad3_ CMOSP W=100u L=100u M=1
m27 net-_m15-pad2_ net-_m16-pad2_ net-_m1-pad3_ net-_m1-pad3_ CMOSN W=100u L=100u M=1
m11 net-_m11-pad1_ net-_m11-pad2_ net-_m11-pad3_ net-_m11-pad3_ CMOSP W=100u L=100u M=1
m15 net-_m11-pad1_ net-_m15-pad2_ net-_m11-pad3_ net-_m11-pad3_ CMOSP W=100u L=100u M=1
m12 net-_m12-pad1_ net-_m12-pad2_ net-_m11-pad1_ net-_m11-pad1_ CMOSP W=100u L=100u M=1
m16 net-_m12-pad1_ net-_m16-pad2_ net-_m11-pad1_ net-_m11-pad1_ CMOSP W=100u L=100u M=1
m4 net-_m12-pad2_ net-_m11-pad2_ net-_m11-pad3_ net-_m11-pad3_ CMOSP W=100u L=100u M=1
m2 net-_m12-pad2_ net-_m11-pad2_ net-_m1-pad3_ net-_m1-pad3_ CMOSN W=100u L=100u M=1
m7 net-_m12-pad1_ net-_m11-pad2_ net-_m7-pad3_ net-_m7-pad3_ CMOSN W=100u L=100u M=1
m8 net-_m7-pad3_ net-_m15-pad2_ net-_m1-pad3_ net-_m1-pad3_ CMOSN W=100u L=100u M=1
m19 net-_m12-pad1_ net-_m12-pad2_ net-_m19-pad3_ net-_m19-pad3_ CMOSN W=100u L=100u M=1
m20 net-_m19-pad3_ net-_m16-pad2_ net-_m1-pad3_ net-_m1-pad3_ CMOSN W=100u L=100u M=1
m52 net-_m36-pad2_ net-_m44-pad2_ net-_m11-pad3_ net-_m11-pad3_ CMOSP W=100u L=100u M=1
m56 net-_m36-pad2_ net-_m44-pad2_ net-_m1-pad3_ net-_m1-pad3_ CMOSN W=100u L=100u M=1
m39 net-_m39-pad1_ net-_m30-pad2_ net-_m11-pad3_ net-_m11-pad3_ CMOSP W=100u L=100u M=1
m43 net-_m39-pad1_ net-_m36-pad2_ net-_m11-pad3_ net-_m11-pad3_ CMOSP W=100u L=100u M=1
m40 net-_m35-pad1_ net-_m30-pad1_ net-_m39-pad1_ net-_m39-pad1_ CMOSP W=100u L=100u M=1
m44 net-_m35-pad1_ net-_m44-pad2_ net-_m39-pad1_ net-_m39-pad1_ CMOSP W=100u L=100u M=1
m32 net-_m30-pad1_ net-_m30-pad2_ net-_m11-pad3_ net-_m11-pad3_ CMOSP W=100u L=100u M=1
m30 net-_m30-pad1_ net-_m30-pad2_ net-_m1-pad3_ net-_m1-pad3_ CMOSN W=100u L=100u M=1
m35 net-_m35-pad1_ net-_m30-pad2_ net-_m35-pad3_ net-_m35-pad3_ CMOSN W=100u L=100u M=1
m36 net-_m35-pad3_ net-_m36-pad2_ net-_m1-pad3_ net-_m1-pad3_ CMOSN W=100u L=100u M=1
m47 net-_m35-pad1_ net-_m30-pad1_ net-_m47-pad3_ net-_m47-pad3_ CMOSN W=100u L=100u M=1
m48 net-_m47-pad3_ net-_m44-pad2_ net-_m1-pad3_ net-_m1-pad3_ CMOSN W=100u L=100u M=1
m26 net-_m22-pad1_ net-_m10-pad1_ net-_m11-pad3_ net-_m11-pad3_ CMOSP W=100u L=100u M=1
m22 net-_m22-pad1_ net-_m10-pad1_ net-_m1-pad3_ net-_m1-pad3_ CMOSN W=100u L=100u M=1
m28 net-_m24-pad1_ net-_m12-pad1_ net-_m11-pad3_ net-_m11-pad3_ CMOSP W=100u L=100u M=1
m24 net-_m24-pad1_ net-_m12-pad1_ net-_m1-pad3_ net-_m1-pad3_ CMOSN W=100u L=100u M=1
m53 net-_m49-pad1_ net-_m35-pad1_ net-_m11-pad3_ net-_m11-pad3_ CMOSP W=100u L=100u M=1
m49 net-_m49-pad1_ net-_m35-pad1_ net-_m1-pad3_ net-_m1-pad3_ CMOSN W=100u L=100u M=1
m55 net-_m51-pad1_ net-_m33-pad1_ net-_m11-pad3_ net-_m11-pad3_ CMOSP W=100u L=100u M=1
m51 net-_m51-pad1_ net-_m33-pad1_ net-_m1-pad3_ net-_m1-pad3_ CMOSN W=100u L=100u M=1
* u1  net-_m11-pad2_ net-_m16-pad2_ net-_m24-pad1_ net-_m49-pad1_ net-_m30-pad2_ net-_m44-pad2_ net-_m1-pad3_ net-_m29-pad2_ net-_m42-pad2_ net-_m51-pad1_ net-_m22-pad1_ net-_m1-pad2_ net-_m14-pad2_ net-_m11-pad3_ port
.tran 0e-00 0e-00 0e-00

* Control Statements 
.control
run
print allv > plot_data_v.txt
print alli > plot_data_i.txt
.endc
.end
