.title kicad schematic

.include PJF.lib
.include PNP.lib
.include NPN.lib
q20 net-_q20-pad1_ net-_q20-pad2_ net-_q13-pad1_ Q2N2222
r20 net-_q13-pad1_ net-_q21-pad3_ 20k
q21 net-_q10-pad1_ net-_q20-pad1_ net-_q21-pad3_ Q2N2222
q28 net-_q13-pad1_ net-_c1-pad2_ net-_q28-pad3_ Q2N2907A
q27 net-_q13-pad1_ net-_c1-pad2_ net-_q20-pad1_ Q2N2907A
r28 net-_q32-pad2_ net-_q31-pad3_ 30
r25 net-_q32-pad3_ net-_q31-pad3_ 500
q34 net-_q13-pad1_ net-_q28-pad3_ net-_q32-pad2_ Q2N2907A
r26 net-_q13-pad1_ net-_q20-pad2_ 20k
q26 net-_q20-pad2_ net-_q20-pad2_ net-_q13-pad1_ Q2N2907A
r23 net-_q25-pad3_ net-_q28-pad3_ 50k
q32 net-_q20-pad2_ net-_q32-pad2_ net-_q32-pad3_ Q2N2907A
* u1 net-_q1-pad3_ net-_j1-pad2_ net-_j2-pad2_ net-_q13-pad1_ net-_q12-pad3_ net-_q31-pad3_ net-_q10-pad1_ unconnected-_u1-pad8_ port
r27 net-_q31-pad3_ net-_q24-pad2_ 27
q33 net-_q10-pad1_ net-_q25-pad1_ net-_q24-pad2_ Q2N2222
q22 net-_c1-pad2_ net-_q21-pad3_ net-_q20-pad2_ Q2N2222
r22 net-_q13-pad1_ net-_q20-pad2_ 100
c1 net-_c1-pad1_ net-_c1-pad2_ 50p
r21 net-_q23-pad3_ net-_q10-pad1_ 300
r19 net-_c1-pad1_ net-_q20-pad1_ 500
q23 net-_c1-pad2_ net-_q18-pad2_ net-_q23-pad3_ Q2N2907A
q29 net-_q25-pad1_ net-_q18-pad2_ net-_q29-pad3_ Q2N2907A
q30 net-_q25-pad1_ net-_q25-pad3_ net-_q28-pad3_ Q2N2222
q31 net-_q25-pad1_ net-_q24-pad2_ net-_q31-pad3_ Q2N2222
r24 net-_q29-pad3_ net-_q10-pad1_ 1k
q25 net-_q25-pad1_ net-_q25-pad1_ net-_q25-pad3_ Q2N2222
q24 net-_q13-pad1_ net-_q24-pad2_ net-_c1-pad2_ Q2N2907A
q1 net-_j1-pad1_ net-_q1-pad2_ net-_q1-pad3_ Q2N2907A
r1 net-_q1-pad3_ net-_q10-pad1_ 1k
q3 net-_q10-pad1_ net-_j1-pad1_ net-_q3-pad3_ Q2N2222
q4 net-_q4-pad1_ net-_q3-pad3_ net-_q4-pad3_ Q2N2907A
r4 net-_q4-pad3_ net-_q7-pad1_ 2k
r6 net-_q7-pad3_ net-_q10-pad1_ 500
q7 net-_q7-pad1_ net-_q1-pad2_ net-_q7-pad3_ Q2N2907A
q8 net-_q20-pad1_ net-_q10-pad3_ net-_q8-pad3_ Q2N2907A
r10 net-_j2-pad3_ net-_q10-pad3_ 7.5k
q10 net-_q10-pad1_ net-_j2-pad1_ net-_q10-pad3_ Q2N2222
r8 net-_q8-pad3_ net-_q7-pad1_ 2k
j2 net-_j2-pad1_ net-_j2-pad2_ net-_j2-pad3_ J2N3820
q12 net-_j2-pad1_ net-_q1-pad2_ net-_q12-pad3_ Q2N2907A
r11 net-_q12-pad3_ net-_q10-pad1_ 1k
q2 net-_j1-pad3_ net-_q11-pad2_ net-_q2-pad3_ Q2N2222
r3 net-_j1-pad3_ net-_q3-pad3_ 7.5k
r5 net-_q13-pad1_ net-_q5-pad3_ 500
r2 net-_q13-pad1_ net-_q2-pad3_ 1.65k
q5 net-_q4-pad1_ net-_q5-pad2_ net-_q5-pad3_ Q2N2222
j1 net-_j1-pad1_ net-_j1-pad2_ net-_j1-pad3_ J2N3820
r9 net-_q13-pad1_ net-_q9-pad3_ 500
r7 net-_q13-pad1_ net-_q5-pad2_ 20k
q9 net-_q20-pad1_ net-_q5-pad2_ net-_q9-pad3_ Q2N2222
q16 net-_q11-pad2_ net-_q16-pad2_ net-_q13-pad1_ Q2N2222
r16 net-_q17-pad3_ net-_q16-pad2_ 1.5k
r18 net-_q13-pad1_ net-_q17-pad3_ 3.3k
r14 net-_q13-pad1_ net-_q15-pad3_ 3.3k
q15 net-_q13-pad2_ net-_q11-pad2_ net-_q15-pad3_ Q2N2222
q11 net-_j2-pad3_ net-_q11-pad2_ net-_q11-pad3_ Q2N2222
r12 net-_q13-pad1_ net-_q11-pad3_ 1.65k
q6 net-_q10-pad1_ net-_q4-pad1_ net-_q5-pad2_ Q2N2222
r17 net-_q18-pad3_ net-_q10-pad1_ 1k
q18 net-_q17-pad1_ net-_q18-pad2_ net-_q18-pad3_ Q2N2907A
r13 net-_q14-pad3_ net-_q10-pad1_ 1k
q19 net-_q13-pad1_ net-_q17-pad1_ net-_q18-pad2_ Q2N2907A
q14 net-_q13-pad2_ net-_q1-pad2_ net-_q14-pad3_ Q2N2907A
q17 net-_q17-pad1_ net-_q11-pad2_ net-_q17-pad3_ Q2N2222
q13 net-_q13-pad1_ net-_q13-pad2_ net-_q1-pad2_ Q2N2907A
r15 net-_q11-pad2_ net-_q10-pad1_ 39k
.tran 0e-00 0e-00 0e-00

* Control Statements 
.control
run
print allv > plot_data_v.txt
print alli > plot_data_i.txt
.endc
.end
