.title kicad schematic

.include D.lib
.include NPN.lib
.include PNP.lib
q4 net-_q14-pad2_ net-_d2-pad2_ net-_q4-pad3_ Q2N2222
q10 net-_d5-pad1_ net-_q10-pad2_ net-_q10-pad3_ Q2N2907A
r10 net-_q6-pad1_ net-_q10-pad2_ 3.2k
r11 net-_q10-pad3_ net-_q12-pad1_ 1.03k
r5 net-_q14-pad2_ net-_q12-pad1_ 834
q7 net-_q10-pad3_ net-_q14-pad2_ net-_q10-pad2_ Q2N2222
r1 net-_d2-pad1_ net-_q12-pad1_ 60k
* u3 net-_q22-pad3_ net-_d1-pad1_ net-_q12-pad1_ net-_d8-pad2_ net-_q17-pad3_ net-_q18-pad2_ net-_r15-pad2_ net-_q15-pad2_ net-_q12-pad3_ net-_d1-pad1_ port
r4 net-_q6-pad1_ net-_q1-pad2_ 1.6k
q1 net-_d2-pad2_ net-_q1-pad2_ net-_q1-pad3_ Q2N2222
d2 net-_d2-pad1_ net-_d2-pad2_ 1N4148
r2 net-_q1-pad3_ net-_q12-pad1_ 514
* u2 net-_d1-pad2_ net-_d2-pad2_ zener
* u1 net-_d1-pad1_ net-_d2-pad1_ zener
q3 net-_q1-pad3_ net-_q14-pad2_ net-_q1-pad2_ Q2N2222
r3 net-_d1-pad1_ net-_d1-pad2_ 5k
d1 net-_d1-pad1_ net-_d1-pad2_ 1N4148
q2 net-_d2-pad2_ net-_d1-pad2_ net-_d1-pad1_ Q2N2222
d4 net-_d3-pad2_ net-_d4-pad2_ 1N4148
d3 net-_d3-pad1_ net-_d3-pad2_ 1N4148
r8 net-_d1-pad1_ net-_d4-pad2_ 700
r7 net-_d3-pad1_ net-_q8-pad2_ 2.67k
r6 net-_q8-pad2_ net-_q4-pad3_ 4.63k
q5 net-_q12-pad3_ net-_d3-pad1_ net-_q11-pad2_ Q2N2222
r9 net-_d1-pad1_ net-_q6-pad3_ 623
q6 net-_q6-pad1_ net-_q11-pad2_ net-_q6-pad3_ Q2N2222
q9 net-_q12-pad3_ net-_q8-pad3_ net-_q11-pad1_ Q2N2222
q8 net-_q12-pad3_ net-_q8-pad2_ net-_q8-pad3_ Q2N2222
r12 net-_d1-pad1_ net-_q11-pad3_ 834
q11 net-_q11-pad1_ net-_q11-pad2_ net-_q11-pad3_ Q2N2222
q12 net-_q12-pad1_ net-_d5-pad1_ net-_q12-pad3_ Q2N2222
d5 net-_d5-pad1_ net-_d5-pad2_ 1N4148
r16 net-_q17-pad2_ net-_q18-pad2_ 1k
q13 net-_d5-pad2_ net-_q13-pad2_ net-_q11-pad1_ Q2N2222
q15 net-_d5-pad2_ net-_q15-pad2_ net-_q13-pad2_ Q2N2222
r17 net-_d1-pad1_ net-_q19-pad3_ 410
q19 net-_q18-pad3_ net-_q11-pad2_ net-_q19-pad3_ Q2N2222
r15 net-_d5-pad2_ net-_r15-pad2_ 50
q14 net-_q14-pad1_ net-_q14-pad2_ net-_q14-pad3_ Q2N2222
r13 net-_q6-pad1_ net-_q14-pad3_ 1.6k
d6 net-_d6-pad1_ net-_d6-pad2_ 1N4148
q20 net-_q12-pad1_ net-_d6-pad1_ net-_q18-pad1_ Q2N2222
q21 net-_d6-pad1_ net-_q17-pad3_ net-_q18-pad3_ Q2N2222
d7 net-_d6-pad2_ net-_d7-pad2_ 1N4148
d8 net-_d7-pad2_ net-_d8-pad2_ 1N4148
q22 net-_q12-pad1_ net-_q18-pad1_ net-_q22-pad3_ Q2N2222
q17 net-_d5-pad1_ net-_q17-pad2_ net-_q17-pad3_ Q2N2222
r14 net-_q14-pad1_ net-_q12-pad1_ 514
q16 net-_d6-pad1_ net-_q14-pad3_ net-_q14-pad1_ Q2N2907A
q18 net-_q18-pad1_ net-_q18-pad2_ net-_q18-pad3_ Q2N2222
a1 net-_d1-pad2_ net-_d2-pad2_ u2
a2 net-_d1-pad1_ net-_d2-pad1_ u1
* Schematic Name:                             zener, Ngspice Name: zener
.model u2 zener(v_breakdown=5.6 i_breakdown=0.005 i_sat=1.0e-12 n_forward=1.0 limit_switch=FALSE ) 
* Schematic Name:                             zener, Ngspice Name: zener
.model u1 zener(v_breakdown=5.6 i_breakdown=0.005 i_sat=1.0e-12 n_forward=1.0 limit_switch=FALSE ) 
.tran 1e-06 30e-03 0e-00

* Control Statements 
.control
run
print allv > plot_data_v.txt
print alli > plot_data_i.txt
.endc
.end
