.title kicad schematic

* u1 gnd net-_u1-pad2_ gnd gnd net-_u1-pad2_ net-_u1-pad2_ gnd gnd net-_u1-pad9_ net-_u1-pad10_ net-_u1-pad11_ net-_u1-pad12_ net-_u1-pad13_ net-_u1-pad14_ net-_u1-pad15_ net-_u1-pad16_ adc_bridge_8
* u5 net-_u5-pad1_ net-_u5-pad2_ adc_bridge_1
vv1 net-_u4-pad1_ gnd pulse(0 5 0 0.1u 0.1u 0.4u 1u)
vv2 net-_u5-pad1_ gnd pulse(0 5 2u 0.1u 0.1u 100m 200m)
* u6 net-_u6-pad1_ net-_u6-pad2_ adc_bridge_1
vv3 net-_u6-pad1_ gnd pulse(0 5 3u 0.1u 0.1u 100m 200m)
* u4 net-_u4-pad1_ net-_u4-pad2_ adc_bridge_1
* u8 net-_u4-pad2_ net-_u5-pad2_ net-_u6-pad2_ net-_u1-pad16_ net-_u1-pad15_ net-_u1-pad14_ net-_u1-pad13_ net-_u1-pad12_ net-_u1-pad11_ net-_u1-pad10_ net-_u1-pad9_ net-_u2-pad16_ net-_u2-pad15_ net-_u2-pad14_ net-_u2-pad13_ net-_u2-pad12_ net-_u2-pad11_ net-_u2-pad10_ net-_u2-pad9_ net-_u3-pad16_ net-_u3-pad15_ net-_u3-pad14_ net-_u3-pad13_ net-_u3-pad12_ net-_u3-pad11_ net-_u3-pad10_ net-_u3-pad9_ net-_u7-pad2_ net-_u8-pad29_ net-_u10-pad1_ net-_u11-pad1_ wwdt_core
v5 net-_u1-pad2_ gnd 5v
* u10 net-_u10-pad1_ /v_warn dac_bridge_1
* u9 net-_u8-pad29_ /v_reset dac_bridge_1
* u11 net-_u11-pad1_ /v_window dac_bridge_1
* u2 gnd gnd net-_u1-pad2_ gnd net-_u1-pad2_ gnd gnd gnd net-_u2-pad9_ net-_u2-pad10_ net-_u2-pad11_ net-_u2-pad12_ net-_u2-pad13_ net-_u2-pad14_ net-_u2-pad15_ net-_u2-pad16_ adc_bridge_8
* u3 net-_u1-pad2_ gnd net-_u1-pad2_ gnd gnd net-_u1-pad2_ gnd net-_u1-pad2_ net-_u3-pad9_ net-_u3-pad10_ net-_u3-pad11_ net-_u3-pad12_ net-_u3-pad13_ net-_u3-pad14_ net-_u3-pad15_ net-_u3-pad16_ adc_bridge_8
* u7 net-_u7-pad1_ net-_u7-pad2_ adc_bridge_1
vv4 net-_u7-pad1_ gnd pulse(0 5 40u 100n 100n 5u 200m)
a1 [gnd net-_u1-pad2_ gnd gnd net-_u1-pad2_ net-_u1-pad2_ gnd gnd ] [net-_u1-pad9_ net-_u1-pad10_ net-_u1-pad11_ net-_u1-pad12_ net-_u1-pad13_ net-_u1-pad14_ net-_u1-pad15_ net-_u1-pad16_ ] u1
a2 [net-_u5-pad1_ ] [net-_u5-pad2_ ] u5
a3 [net-_u6-pad1_ ] [net-_u6-pad2_ ] u6
a4 [net-_u4-pad1_ ] [net-_u4-pad2_ ] u4
a5 [net-_u4-pad2_ ] [net-_u5-pad2_ ] [net-_u6-pad2_ ] [net-_u1-pad16_ net-_u1-pad15_ net-_u1-pad14_ net-_u1-pad13_ net-_u1-pad12_ net-_u1-pad11_ net-_u1-pad10_ net-_u1-pad9_ ] [net-_u2-pad16_ net-_u2-pad15_ net-_u2-pad14_ net-_u2-pad13_ net-_u2-pad12_ net-_u2-pad11_ net-_u2-pad10_ net-_u2-pad9_ ] [net-_u3-pad16_ net-_u3-pad15_ net-_u3-pad14_ net-_u3-pad13_ net-_u3-pad12_ net-_u3-pad11_ net-_u3-pad10_ net-_u3-pad9_ ] [net-_u7-pad2_ ] [net-_u8-pad29_ ] [net-_u10-pad1_ ] [net-_u11-pad1_ ] u8
a6 [net-_u10-pad1_ ] [/v_warn ] u10
a7 [net-_u8-pad29_ ] [/v_reset ] u9
a8 [net-_u11-pad1_ ] [/v_window ] u11
a9 [gnd gnd net-_u1-pad2_ gnd net-_u1-pad2_ gnd gnd gnd ] [net-_u2-pad9_ net-_u2-pad10_ net-_u2-pad11_ net-_u2-pad12_ net-_u2-pad13_ net-_u2-pad14_ net-_u2-pad15_ net-_u2-pad16_ ] u2
a10 [net-_u1-pad2_ gnd net-_u1-pad2_ gnd gnd net-_u1-pad2_ gnd net-_u1-pad2_ ] [net-_u3-pad9_ net-_u3-pad10_ net-_u3-pad11_ net-_u3-pad12_ net-_u3-pad13_ net-_u3-pad14_ net-_u3-pad15_ net-_u3-pad16_ ] u3
a11 [net-_u7-pad1_ ] [net-_u7-pad2_ ] u7
* Schematic Name:                             adc_bridge_8, Ngspice Name: adc_bridge
.model u1 adc_bridge(in_low=1.0 in_high=2.0 rise_delay=1.0e-9 fall_delay=1.0e-9 ) 
* Schematic Name:                             adc_bridge_1, Ngspice Name: adc_bridge
.model u5 adc_bridge(in_low=1.0 in_high=2.0 rise_delay=1.0e-9 fall_delay=1.0e-9 ) 
* Schematic Name:                             adc_bridge_1, Ngspice Name: adc_bridge
.model u6 adc_bridge(in_low=1.0 in_high=2.0 rise_delay=1.0e-9 fall_delay=1.0e-9 ) 
* Schematic Name:                             adc_bridge_1, Ngspice Name: adc_bridge
.model u4 adc_bridge(in_low=1.0 in_high=2.0 rise_delay=1.0e-9 fall_delay=1.0e-9 ) 
* Schematic Name:                             wwdt_core, Ngspice Name: wwdt_core
.model u8 wwdt_core(rise_delay=1.0e-9 fall_delay=1.0e-9 input_load=1.0e-12 instance_id=1 ) 
* Schematic Name:                             dac_bridge_1, Ngspice Name: dac_bridge
.model u10 dac_bridge(out_low=0.0 out_high=5.0 out_undef=0.5 input_load=1.0e-12 t_rise=1.0e-9 t_fall=1.0e-9 ) 
* Schematic Name:                             dac_bridge_1, Ngspice Name: dac_bridge
.model u9 dac_bridge(out_low=0.0 out_high=5.0 out_undef=0.5 input_load=1.0e-12 t_rise=1.0e-9 t_fall=1.0e-9 ) 
* Schematic Name:                             dac_bridge_1, Ngspice Name: dac_bridge
.model u11 dac_bridge(out_low=0.0 out_high=5.0 out_undef=0.5 input_load=1.0e-12 t_rise=1.0e-9 t_fall=1.0e-9 ) 
* Schematic Name:                             adc_bridge_8, Ngspice Name: adc_bridge
.model u2 adc_bridge(in_low=1.0 in_high=2.0 rise_delay=1.0e-9 fall_delay=1.0e-9 ) 
* Schematic Name:                             adc_bridge_8, Ngspice Name: adc_bridge
.model u3 adc_bridge(in_low=1.0 in_high=2.0 rise_delay=1.0e-9 fall_delay=1.0e-9 ) 
* Schematic Name:                             adc_bridge_1, Ngspice Name: adc_bridge
.model u7 adc_bridge(in_low=1.0 in_high=2.0 rise_delay=1.0e-9 fall_delay=1.0e-9 ) 
.tran 0.1e-06 110e-06 0e-00

* Control Statements 
.control
run
print allv > plot_data_v.txt
print alli > plot_data_i.txt
.endc
.end
