* c:\fossee\esim\library\subcircuitlibrary\mc7900_sub\mc7900_sub.cir

.include NJF.lib
.include PNP.lib
.include D.lib
.include NPN.lib
d1 net-_d1-pad1_ net-_d1-pad2_ 1N4148
d2 net-_d1-pad2_ net-_d2-pad2_ 1N4148
d3 net-_d2-pad2_ net-_d3-pad2_ 1N4148
q1 net-_q1-pad1_ net-_d3-pad2_ net-_q1-pad3_ Q2N2907A
q3 net-_q1-pad1_ net-_d4-pad2_ net-_q1-pad3_ Q2N2907A
r1  net-_d1-pad1_ net-_q1-pad3_ 3.6k
j1 net-_d3-pad2_ net-_j1-pad2_ net-_j1-pad2_ J2N3819
q4 net-_d4-pad2_ net-_q1-pad1_ net-_q2-pad2_ Q2N2222
q2 net-_q1-pad1_ net-_q2-pad2_ net-_j1-pad2_ Q2N2222
q6 net-_q2-pad2_ net-_q2-pad2_ net-_j1-pad2_ Q2N2222
q7 net-_q7-pad1_ net-_q5-pad3_ net-_d4-pad2_ Q2N2222
q5 net-_d1-pad1_ net-_q5-pad2_ net-_q5-pad3_ Q2N2222
r3  net-_d1-pad1_ net-_q5-pad2_ 2.4k
r2  net-_q5-pad3_ net-_d4-pad2_ 1.2k
q9 net-_d1-pad1_ net-_q7-pad1_ net-_q10-pad2_ Q2N2222
q10 net-_q10-pad1_ net-_q10-pad2_ net-_q10-pad3_ Q2N2222
r4  net-_q5-pad2_ net-_q7-pad1_ 25
r6  net-_q10-pad2_ net-_d4-pad2_ 12k
q11 net-_d1-pad1_ net-_q10-pad1_ net-_q11-pad3_ Q2N2222
q12 net-_d4-pad2_ net-_q12-pad2_ net-_d1-pad1_ Q2N2907A
q13 net-_q12-pad2_ net-_q11-pad3_ net-_d4-pad2_ Q2N2222
r8  net-_q10-pad3_ net-_d4-pad2_ 1.0k
q14 net-_q14-pad1_ net-_q14-pad2_ net-_d1-pad1_ Q2N2907A
r12  net-_d1-pad1_ net-_q14-pad2_ 2.0k
r14  net-_q14-pad2_ net-_q17-pad2_ 1.0k
r13  net-_d1-pad1_ net-_q14-pad2_ 8.0k
r15  net-_q17-pad2_ net-_d4-pad2_ 1.6k
q17 net-_q14-pad2_ net-_q17-pad2_ net-_d4-pad2_ Q2N2222
r16  net-_q16-pad1_ net-_q16-pad2_ 20k
r7  net-_d1-pad1_ net-_q10-pad1_ 14.7k
r9  net-_q11-pad3_ net-_d4-pad1_ 4.0k
d4 net-_d4-pad1_ net-_d4-pad2_ 1N4148
r10  net-_d1-pad1_ net-_q12-pad2_ 2.0k
q19 net-_d1-pad1_ net-_d4-pad2_ net-_q18-pad3_ Q2N2222
q22 net-_d1-pad1_ net-_q22-pad2_ net-_q21-pad3_ Q2N2222
r21  net-_d1-pad1_ net-_q26-pad1_ 4.5k
r11  net-_q14-pad1_ net-_j1-pad2_ 2.0k
q18 net-_q16-pad1_ net-_q18-pad2_ net-_q18-pad3_ Q2N2907A
q20 net-_q18-pad2_ net-_q18-pad2_ net-_q18-pad3_ Q2N2907A
q21 net-_q18-pad2_ net-_q18-pad2_ net-_q21-pad3_ Q2N2907A
q23 net-_c1-pad2_ net-_q18-pad2_ net-_q21-pad3_ Q2N2907A
q8 net-_q18-pad2_ net-_q2-pad2_ net-_q8-pad3_ Q2N2222
r5  net-_q8-pad3_ net-_j1-pad2_ 1.1k
q15 net-_c1-pad2_ net-_q14-pad1_ net-_j1-pad2_ Q2N2222
q16 net-_q16-pad1_ net-_q16-pad2_ net-_j1-pad2_ Q2N2222
r17  net-_c1-pad1_ net-_q16-pad1_ 20k
c1  net-_c1-pad1_ net-_c1-pad2_ 20pf
c2  net-_c1-pad2_ net-_c2-pad2_ 10pf
q24 net-_c1-pad2_ net-_c1-pad1_ net-_j1-pad2_ Q2N2222
q25 net-_c1-pad2_ net-_c2-pad2_ net-_j1-pad2_ Q2N2222
r18  net-_q27-pad1_ net-_r18-pad2_ 10k
* u1  net-_c2-pad2_ net-_r18-pad2_ zener
q26 net-_q26-pad1_ net-_c1-pad2_ net-_q26-pad3_ Q2N2222
r22  net-_q26-pad3_ net-_q28-pad3_ 10k
r19  net-_q28-pad3_ net-_c2-pad2_ 240
r20  net-_q27-pad3_ net-_c2-pad2_ 750
q27 net-_q27-pad1_ net-_q26-pad3_ net-_q27-pad3_ Q2N2222
q28 net-_q27-pad1_ net-_q27-pad3_ net-_q28-pad3_ Q2N2222
r25  net-_q28-pad3_ net-_j1-pad2_ 0.3
r24  net-_q22-pad2_ net-_q27-pad1_ 1k
r23  net-_d1-pad1_ net-_q22-pad2_ 185
* u2  net-_j1-pad2_ net-_q27-pad1_ net-_d1-pad1_ port
a1 net-_c2-pad2_ net-_r18-pad2_ u1
* Schematic Name:                             zener, NgSpice Name: zener
.model u1 zener(v_breakdown=5.6 i_breakdown=2.0e-2 i_sat=1.0e-12 n_forward=1.0 limit_switch=FALSE ) 
.tran 0.01e-00 0.1e-00 0e-00

* Control Statements 
.control
run
print allv > plot_data_v.txt
print alli > plot_data_i.txt
.endc
.end
