.title kicad schematic

.include TRISTATE.sub
.include 3_and.sub
x1 net-_u3-pad2_ net-_u13-pad2_ net-_u11-pad2_ net-_u4-pad2_ 3_and
* u4 net-_u4-pad1_ net-_u4-pad2_ net-_u4-pad3_ d_or
x2 net-_u5-pad2_ net-_u13-pad2_ net-_u10-pad2_ net-_u4-pad1_ 3_and
x4 net-_u7-pad2_ net-_u12-pad2_ net-_u11-pad2_ net-_u8-pad2_ 3_and
x5 net-_u9-pad2_ net-_u12-pad2_ net-_u10-pad2_ net-_u8-pad1_ 3_and
x3 net-_u6-pad3_ net-_u2-pad2_ net-_u1-pad13_ TRISTATE
* u8 net-_u8-pad1_ net-_u8-pad2_ net-_u6-pad1_ d_or
* u6 net-_u6-pad1_ net-_u4-pad3_ net-_u6-pad3_ d_or
* u1 net-_u1-pad1_ net-_u1-pad2_ net-_u1-pad3_ net-_u1-pad4_ net-_u1-pad5_ net-_u1-pad6_ net-_u1-pad7_ net-_u1-pad8_ net-_u1-pad9_ net-_u1-pad10_ net-_u1-pad11_ net-_u1-pad12_ net-_u1-pad13_ net-_u1-pad14_ port
x6 net-_u11-pad2_ net-_u13-pad2_ net-_u14-pad2_ net-_u15-pad2_ 3_and
x9 net-_u11-pad2_ net-_u12-pad2_ net-_u18-pad2_ net-_u19-pad2_ 3_and
x7 net-_u10-pad2_ net-_u13-pad2_ net-_u16-pad2_ net-_u15-pad1_ 3_and
x8 net-_u17-pad3_ net-_u21-pad2_ net-_u1-pad14_ TRISTATE
* u17 net-_u17-pad1_ net-_u15-pad3_ net-_u17-pad3_ d_or
* u15 net-_u15-pad1_ net-_u15-pad2_ net-_u15-pad3_ d_or
x10 net-_u10-pad2_ net-_u12-pad2_ net-_u20-pad2_ net-_u19-pad1_ 3_and
* u19 net-_u19-pad1_ net-_u19-pad2_ net-_u17-pad1_ d_or
* u16 net-_u1-pad9_ net-_u16-pad2_ d_buffer
* u14 net-_u1-pad8_ net-_u14-pad2_ d_buffer
* u18 net-_u1-pad10_ net-_u18-pad2_ d_buffer
* u20 net-_u1-pad11_ net-_u20-pad2_ d_buffer
* u21 net-_u1-pad12_ net-_u21-pad2_ d_inverter
* u11 net-_u10-pad2_ net-_u11-pad2_ d_inverter
* u10 net-_u1-pad6_ net-_u10-pad2_ d_inverter
* u12 net-_u1-pad7_ net-_u12-pad2_ d_inverter
* u13 net-_u12-pad2_ net-_u13-pad2_ d_inverter
* u3 net-_u1-pad2_ net-_u3-pad2_ d_buffer
* u5 net-_u1-pad3_ net-_u5-pad2_ d_buffer
* u2 net-_u1-pad1_ net-_u2-pad2_ d_inverter
* u9 net-_u1-pad5_ net-_u9-pad2_ d_buffer
* u7 net-_u1-pad4_ net-_u7-pad2_ d_buffer
a1 [net-_u4-pad1_ net-_u4-pad2_ ] net-_u4-pad3_ u4
a2 [net-_u8-pad1_ net-_u8-pad2_ ] net-_u6-pad1_ u8
a3 [net-_u6-pad1_ net-_u4-pad3_ ] net-_u6-pad3_ u6
a4 [net-_u17-pad1_ net-_u15-pad3_ ] net-_u17-pad3_ u17
a5 [net-_u15-pad1_ net-_u15-pad2_ ] net-_u15-pad3_ u15
a6 [net-_u19-pad1_ net-_u19-pad2_ ] net-_u17-pad1_ u19
a7 net-_u1-pad9_ net-_u16-pad2_ u16
a8 net-_u1-pad8_ net-_u14-pad2_ u14
a9 net-_u1-pad10_ net-_u18-pad2_ u18
a10 net-_u1-pad11_ net-_u20-pad2_ u20
a11 net-_u1-pad12_ net-_u21-pad2_ u21
a12 net-_u10-pad2_ net-_u11-pad2_ u11
a13 net-_u1-pad6_ net-_u10-pad2_ u10
a14 net-_u1-pad7_ net-_u12-pad2_ u12
a15 net-_u12-pad2_ net-_u13-pad2_ u13
a16 net-_u1-pad2_ net-_u3-pad2_ u3
a17 net-_u1-pad3_ net-_u5-pad2_ u5
a18 net-_u1-pad1_ net-_u2-pad2_ u2
a19 net-_u1-pad5_ net-_u9-pad2_ u9
a20 net-_u1-pad4_ net-_u7-pad2_ u7
* Schematic Name:                             d_or, Ngspice Name: d_or
.model u4 d_or(rise_delay=1.0e-9 fall_delay=1.0e-9 input_load=1.0e-12 ) 
* Schematic Name:                             d_or, Ngspice Name: d_or
.model u8 d_or(rise_delay=1.0e-9 fall_delay=1.0e-9 input_load=1.0e-12 ) 
* Schematic Name:                             d_or, Ngspice Name: d_or
.model u6 d_or(rise_delay=1.0e-9 fall_delay=1.0e-9 input_load=1.0e-12 ) 
* Schematic Name:                             d_or, Ngspice Name: d_or
.model u17 d_or(rise_delay=1.0e-9 fall_delay=1.0e-9 input_load=1.0e-12 ) 
* Schematic Name:                             d_or, Ngspice Name: d_or
.model u15 d_or(rise_delay=1.0e-9 fall_delay=1.0e-9 input_load=1.0e-12 ) 
* Schematic Name:                             d_or, Ngspice Name: d_or
.model u19 d_or(rise_delay=1.0e-9 fall_delay=1.0e-9 input_load=1.0e-12 ) 
* Schematic Name:                             d_buffer, Ngspice Name: d_buffer
.model u16 d_buffer(rise_delay=1.0e-9 fall_delay=1.0e-9 input_load=1.0e-12 ) 
* Schematic Name:                             d_buffer, Ngspice Name: d_buffer
.model u14 d_buffer(rise_delay=1.0e-9 fall_delay=1.0e-9 input_load=1.0e-12 ) 
* Schematic Name:                             d_buffer, Ngspice Name: d_buffer
.model u18 d_buffer(rise_delay=1.0e-9 fall_delay=1.0e-9 input_load=1.0e-12 ) 
* Schematic Name:                             d_buffer, Ngspice Name: d_buffer
.model u20 d_buffer(rise_delay=1.0e-9 fall_delay=1.0e-9 input_load=1.0e-12 ) 
* Schematic Name:                             d_inverter, Ngspice Name: d_inverter
.model u21 d_inverter(rise_delay=1.0e-9 fall_delay=1.0e-9 input_load=1.0e-12 ) 
* Schematic Name:                             d_inverter, Ngspice Name: d_inverter
.model u11 d_inverter(rise_delay=1.0e-9 fall_delay=1.0e-9 input_load=1.0e-12 ) 
* Schematic Name:                             d_inverter, Ngspice Name: d_inverter
.model u10 d_inverter(rise_delay=1.0e-9 fall_delay=1.0e-9 input_load=1.0e-12 ) 
* Schematic Name:                             d_inverter, Ngspice Name: d_inverter
.model u12 d_inverter(rise_delay=1.0e-9 fall_delay=1.0e-9 input_load=1.0e-12 ) 
* Schematic Name:                             d_inverter, Ngspice Name: d_inverter
.model u13 d_inverter(rise_delay=1.0e-9 fall_delay=1.0e-9 input_load=1.0e-12 ) 
* Schematic Name:                             d_buffer, Ngspice Name: d_buffer
.model u3 d_buffer(rise_delay=1.0e-9 fall_delay=1.0e-9 input_load=1.0e-12 ) 
* Schematic Name:                             d_buffer, Ngspice Name: d_buffer
.model u5 d_buffer(rise_delay=1.0e-9 fall_delay=1.0e-9 input_load=1.0e-12 ) 
* Schematic Name:                             d_inverter, Ngspice Name: d_inverter
.model u2 d_inverter(rise_delay=1.0e-9 fall_delay=1.0e-9 input_load=1.0e-12 ) 
* Schematic Name:                             d_buffer, Ngspice Name: d_buffer
.model u9 d_buffer(rise_delay=1.0e-9 fall_delay=1.0e-9 input_load=1.0e-12 ) 
* Schematic Name:                             d_buffer, Ngspice Name: d_buffer
.model u7 d_buffer(rise_delay=1.0e-9 fall_delay=1.0e-9 input_load=1.0e-12 ) 
.tran 0.1e-06 100e-06 0e-00

* Control Statements 
.control
run
print allv > plot_data_v.txt
print alli > plot_data_i.txt
.endc
.end
