.title kicad schematic

* u25 net-_u25-pad1_ /e1 net-_u25-pad3_ d_and
* u24 net-_u13-pad1_ /e1 net-_u24-pad3_ d_and
* u22 net-_u22-pad1_ /e1 net-_u22-pad3_ d_and
* u23 net-_u23-pad1_ net-_u23-pad2_ net-_u23-pad3_ d_or
* u26 net-_u10-pad3_ /e1 net-_u26-pad3_ d_and
* u28 net-_u10-pad3_ /d1 net-_u28-pad3_ d_and
* u27 net-_u11-pad3_ /e1 net-_u27-pad3_ d_and
* u30 net-_u15-pad1_ /e2 net-_u30-pad3_ d_and
* u31 net-_u14-pad3_ /e2 net-_u31-pad3_ d_and
* u29 net-_u12-pad3_ net-_u13-pad3_ net-_u29-pad3_ d_or
* u32 net-_u16-pad3_ /d2 net-_u32-pad3_ d_and
* u8 net-_u12-pad1_ /c1 net-_u23-pad1_ d_and
* u9 /c1 /d1 net-_u25-pad1_ d_and
* u11 /b1 /d1 net-_u11-pad3_ d_and
* u10 /b1 /c1 net-_u10-pad3_ d_and
* u7 net-_u12-pad1_ /d1 net-_u23-pad2_ d_and
* u6 /a1 /d1 net-_u22-pad1_ d_and
* u12 net-_u12-pad1_ /e1 net-_u12-pad3_ d_and
* u13 net-_u13-pad1_ /d1 net-_u13-pad3_ d_and
* u14 /a2 /d2 net-_u14-pad3_ d_and
* u15 net-_u15-pad1_ /d2 net-_u15-pad3_ d_and
* u16 /b2 /c2 net-_u16-pad3_ d_and
* u4 /a2 /c2 net-_u15-pad1_ d_and
* u5 /a2 /b2 net-_u17-pad1_ d_and
* u2 /a1 /b1 net-_u12-pad1_ d_and
* u3 /a1 /c1 net-_u13-pad1_ d_and
* u37 net-_u21-pad3_ net-_u15-pad3_ net-_u37-pad3_ d_or
* u35 net-_u19-pad3_ /e2 net-_u35-pad3_ d_and
* u36 net-_u20-pad3_ /e2 net-_u36-pad3_ d_and
* u33 net-_u16-pad3_ /e2 net-_u33-pad3_ d_and
* u34 net-_u17-pad3_ net-_u18-pad3_ net-_u34-pad3_ d_or
* u43 net-_u32-pad3_ net-_u33-pad3_ net-_u43-pad3_ d_or
* u42 net-_u30-pad3_ net-_u31-pad3_ net-_u42-pad3_ d_or
* u39 net-_u28-pad3_ net-_u26-pad3_ net-_u39-pad3_ d_or
* u38 net-_u24-pad3_ net-_u22-pad3_ net-_u38-pad3_ d_or
* u41 net-_u23-pad3_ net-_u29-pad3_ net-_u41-pad3_ d_or
* u40 net-_u27-pad3_ net-_u25-pad3_ net-_u40-pad3_ d_or
* u45 net-_u34-pad3_ net-_u37-pad3_ net-_u45-pad3_ d_or
* u44 net-_u35-pad3_ net-_u36-pad3_ net-_u44-pad3_ d_or
* u49 net-_u44-pad3_ net-_u45-pad3_ net-_u49-pad3_ d_or
* u48 net-_u42-pad3_ net-_u43-pad3_ net-_u48-pad3_ d_or
* u46 net-_u38-pad3_ net-_u39-pad3_ net-_u46-pad3_ d_or
* u47 net-_u40-pad3_ net-_u41-pad3_ net-_u47-pad3_ d_or
* u51 net-_u48-pad3_ net-_u49-pad3_ net-_u1-pad12_ d_or
* u1 /a1 /a2 /b1 /b2 /c1 /c2 /d1 /d2 /e1 /e2 net-_u1-pad11_ net-_u1-pad12_ port
* u50 net-_u46-pad3_ net-_u47-pad3_ net-_u1-pad11_ d_or
* u17 net-_u17-pad1_ /c2 net-_u17-pad3_ d_and
* u18 net-_u17-pad1_ /d2 net-_u18-pad3_ d_and
* u20 /c2 /d2 net-_u20-pad3_ d_and
* u19 /b2 /d2 net-_u19-pad3_ d_and
* u21 net-_u17-pad1_ /e2 net-_u21-pad3_ d_and
a1 [net-_u25-pad1_ /e1 ] net-_u25-pad3_ u25
a2 [net-_u13-pad1_ /e1 ] net-_u24-pad3_ u24
a3 [net-_u22-pad1_ /e1 ] net-_u22-pad3_ u22
a4 [net-_u23-pad1_ net-_u23-pad2_ ] net-_u23-pad3_ u23
a5 [net-_u10-pad3_ /e1 ] net-_u26-pad3_ u26
a6 [net-_u10-pad3_ /d1 ] net-_u28-pad3_ u28
a7 [net-_u11-pad3_ /e1 ] net-_u27-pad3_ u27
a8 [net-_u15-pad1_ /e2 ] net-_u30-pad3_ u30
a9 [net-_u14-pad3_ /e2 ] net-_u31-pad3_ u31
a10 [net-_u12-pad3_ net-_u13-pad3_ ] net-_u29-pad3_ u29
a11 [net-_u16-pad3_ /d2 ] net-_u32-pad3_ u32
a12 [net-_u12-pad1_ /c1 ] net-_u23-pad1_ u8
a13 [/c1 /d1 ] net-_u25-pad1_ u9
a14 [/b1 /d1 ] net-_u11-pad3_ u11
a15 [/b1 /c1 ] net-_u10-pad3_ u10
a16 [net-_u12-pad1_ /d1 ] net-_u23-pad2_ u7
a17 [/a1 /d1 ] net-_u22-pad1_ u6
a18 [net-_u12-pad1_ /e1 ] net-_u12-pad3_ u12
a19 [net-_u13-pad1_ /d1 ] net-_u13-pad3_ u13
a20 [/a2 /d2 ] net-_u14-pad3_ u14
a21 [net-_u15-pad1_ /d2 ] net-_u15-pad3_ u15
a22 [/b2 /c2 ] net-_u16-pad3_ u16
a23 [/a2 /c2 ] net-_u15-pad1_ u4
a24 [/a2 /b2 ] net-_u17-pad1_ u5
a25 [/a1 /b1 ] net-_u12-pad1_ u2
a26 [/a1 /c1 ] net-_u13-pad1_ u3
a27 [net-_u21-pad3_ net-_u15-pad3_ ] net-_u37-pad3_ u37
a28 [net-_u19-pad3_ /e2 ] net-_u35-pad3_ u35
a29 [net-_u20-pad3_ /e2 ] net-_u36-pad3_ u36
a30 [net-_u16-pad3_ /e2 ] net-_u33-pad3_ u33
a31 [net-_u17-pad3_ net-_u18-pad3_ ] net-_u34-pad3_ u34
a32 [net-_u32-pad3_ net-_u33-pad3_ ] net-_u43-pad3_ u43
a33 [net-_u30-pad3_ net-_u31-pad3_ ] net-_u42-pad3_ u42
a34 [net-_u28-pad3_ net-_u26-pad3_ ] net-_u39-pad3_ u39
a35 [net-_u24-pad3_ net-_u22-pad3_ ] net-_u38-pad3_ u38
a36 [net-_u23-pad3_ net-_u29-pad3_ ] net-_u41-pad3_ u41
a37 [net-_u27-pad3_ net-_u25-pad3_ ] net-_u40-pad3_ u40
a38 [net-_u34-pad3_ net-_u37-pad3_ ] net-_u45-pad3_ u45
a39 [net-_u35-pad3_ net-_u36-pad3_ ] net-_u44-pad3_ u44
a40 [net-_u44-pad3_ net-_u45-pad3_ ] net-_u49-pad3_ u49
a41 [net-_u42-pad3_ net-_u43-pad3_ ] net-_u48-pad3_ u48
a42 [net-_u38-pad3_ net-_u39-pad3_ ] net-_u46-pad3_ u46
a43 [net-_u40-pad3_ net-_u41-pad3_ ] net-_u47-pad3_ u47
a44 [net-_u48-pad3_ net-_u49-pad3_ ] net-_u1-pad12_ u51
a45 [net-_u46-pad3_ net-_u47-pad3_ ] net-_u1-pad11_ u50
a46 [net-_u17-pad1_ /c2 ] net-_u17-pad3_ u17
a47 [net-_u17-pad1_ /d2 ] net-_u18-pad3_ u18
a48 [/c2 /d2 ] net-_u20-pad3_ u20
a49 [/b2 /d2 ] net-_u19-pad3_ u19
a50 [net-_u17-pad1_ /e2 ] net-_u21-pad3_ u21
* Schematic Name:                             d_and, Ngspice Name: d_and
.model u25 d_and(rise_delay=1.0e-9 fall_delay=1.0e-9 input_load=1.0e-12 ) 
* Schematic Name:                             d_and, Ngspice Name: d_and
.model u24 d_and(rise_delay=1.0e-9 fall_delay=1.0e-9 input_load=1.0e-12 ) 
* Schematic Name:                             d_and, Ngspice Name: d_and
.model u22 d_and(rise_delay=1.0e-9 fall_delay=1.0e-9 input_load=1.0e-12 ) 
* Schematic Name:                             d_or, Ngspice Name: d_or
.model u23 d_or(rise_delay=1.0e-9 fall_delay=1.0e-9 input_load=1.0e-12 ) 
* Schematic Name:                             d_and, Ngspice Name: d_and
.model u26 d_and(rise_delay=1.0e-9 fall_delay=1.0e-9 input_load=1.0e-12 ) 
* Schematic Name:                             d_and, Ngspice Name: d_and
.model u28 d_and(rise_delay=1.0e-9 fall_delay=1.0e-9 input_load=1.0e-12 ) 
* Schematic Name:                             d_and, Ngspice Name: d_and
.model u27 d_and(rise_delay=1.0e-9 fall_delay=1.0e-9 input_load=1.0e-12 ) 
* Schematic Name:                             d_and, Ngspice Name: d_and
.model u30 d_and(rise_delay=1.0e-9 fall_delay=1.0e-9 input_load=1.0e-12 ) 
* Schematic Name:                             d_and, Ngspice Name: d_and
.model u31 d_and(rise_delay=1.0e-9 fall_delay=1.0e-9 input_load=1.0e-12 ) 
* Schematic Name:                             d_or, Ngspice Name: d_or
.model u29 d_or(rise_delay=1.0e-9 fall_delay=1.0e-9 input_load=1.0e-12 ) 
* Schematic Name:                             d_and, Ngspice Name: d_and
.model u32 d_and(rise_delay=1.0e-9 fall_delay=1.0e-9 input_load=1.0e-12 ) 
* Schematic Name:                             d_and, Ngspice Name: d_and
.model u8 d_and(rise_delay=1.0e-9 fall_delay=1.0e-9 input_load=1.0e-12 ) 
* Schematic Name:                             d_and, Ngspice Name: d_and
.model u9 d_and(rise_delay=1.0e-9 fall_delay=1.0e-9 input_load=1.0e-12 ) 
* Schematic Name:                             d_and, Ngspice Name: d_and
.model u11 d_and(rise_delay=1.0e-9 fall_delay=1.0e-9 input_load=1.0e-12 ) 
* Schematic Name:                             d_and, Ngspice Name: d_and
.model u10 d_and(rise_delay=1.0e-9 fall_delay=1.0e-9 input_load=1.0e-12 ) 
* Schematic Name:                             d_and, Ngspice Name: d_and
.model u7 d_and(rise_delay=1.0e-9 fall_delay=1.0e-9 input_load=1.0e-12 ) 
* Schematic Name:                             d_and, Ngspice Name: d_and
.model u6 d_and(rise_delay=1.0e-9 fall_delay=1.0e-9 input_load=1.0e-12 ) 
* Schematic Name:                             d_and, Ngspice Name: d_and
.model u12 d_and(rise_delay=1.0e-9 fall_delay=1.0e-9 input_load=1.0e-12 ) 
* Schematic Name:                             d_and, Ngspice Name: d_and
.model u13 d_and(rise_delay=1.0e-9 fall_delay=1.0e-9 input_load=1.0e-12 ) 
* Schematic Name:                             d_and, Ngspice Name: d_and
.model u14 d_and(rise_delay=1.0e-9 fall_delay=1.0e-9 input_load=1.0e-12 ) 
* Schematic Name:                             d_and, Ngspice Name: d_and
.model u15 d_and(rise_delay=1.0e-9 fall_delay=1.0e-9 input_load=1.0e-12 ) 
* Schematic Name:                             d_and, Ngspice Name: d_and
.model u16 d_and(rise_delay=1.0e-9 fall_delay=1.0e-9 input_load=1.0e-12 ) 
* Schematic Name:                             d_and, Ngspice Name: d_and
.model u4 d_and(rise_delay=1.0e-9 fall_delay=1.0e-9 input_load=1.0e-12 ) 
* Schematic Name:                             d_and, Ngspice Name: d_and
.model u5 d_and(rise_delay=1.0e-9 fall_delay=1.0e-9 input_load=1.0e-12 ) 
* Schematic Name:                             d_and, Ngspice Name: d_and
.model u2 d_and(rise_delay=1.0e-9 fall_delay=1.0e-9 input_load=1.0e-12 ) 
* Schematic Name:                             d_and, Ngspice Name: d_and
.model u3 d_and(rise_delay=1.0e-9 fall_delay=1.0e-9 input_load=1.0e-12 ) 
* Schematic Name:                             d_or, Ngspice Name: d_or
.model u37 d_or(rise_delay=1.0e-9 fall_delay=1.0e-9 input_load=1.0e-12 ) 
* Schematic Name:                             d_and, Ngspice Name: d_and
.model u35 d_and(rise_delay=1.0e-9 fall_delay=1.0e-9 input_load=1.0e-12 ) 
* Schematic Name:                             d_and, Ngspice Name: d_and
.model u36 d_and(rise_delay=1.0e-9 fall_delay=1.0e-9 input_load=1.0e-12 ) 
* Schematic Name:                             d_and, Ngspice Name: d_and
.model u33 d_and(rise_delay=1.0e-9 fall_delay=1.0e-9 input_load=1.0e-12 ) 
* Schematic Name:                             d_or, Ngspice Name: d_or
.model u34 d_or(rise_delay=1.0e-9 fall_delay=1.0e-9 input_load=1.0e-12 ) 
* Schematic Name:                             d_or, Ngspice Name: d_or
.model u43 d_or(rise_delay=1.0e-9 fall_delay=1.0e-9 input_load=1.0e-12 ) 
* Schematic Name:                             d_or, Ngspice Name: d_or
.model u42 d_or(rise_delay=1.0e-9 fall_delay=1.0e-9 input_load=1.0e-12 ) 
* Schematic Name:                             d_or, Ngspice Name: d_or
.model u39 d_or(rise_delay=1.0e-9 fall_delay=1.0e-9 input_load=1.0e-12 ) 
* Schematic Name:                             d_or, Ngspice Name: d_or
.model u38 d_or(rise_delay=1.0e-9 fall_delay=1.0e-9 input_load=1.0e-12 ) 
* Schematic Name:                             d_or, Ngspice Name: d_or
.model u41 d_or(rise_delay=1.0e-9 fall_delay=1.0e-9 input_load=1.0e-12 ) 
* Schematic Name:                             d_or, Ngspice Name: d_or
.model u40 d_or(rise_delay=1.0e-9 fall_delay=1.0e-9 input_load=1.0e-12 ) 
* Schematic Name:                             d_or, Ngspice Name: d_or
.model u45 d_or(rise_delay=1.0e-9 fall_delay=1.0e-9 input_load=1.0e-12 ) 
* Schematic Name:                             d_or, Ngspice Name: d_or
.model u44 d_or(rise_delay=1.0e-9 fall_delay=1.0e-9 input_load=1.0e-12 ) 
* Schematic Name:                             d_or, Ngspice Name: d_or
.model u49 d_or(rise_delay=1.0e-9 fall_delay=1.0e-9 input_load=1.0e-12 ) 
* Schematic Name:                             d_or, Ngspice Name: d_or
.model u48 d_or(rise_delay=1.0e-9 fall_delay=1.0e-9 input_load=1.0e-12 ) 
* Schematic Name:                             d_or, Ngspice Name: d_or
.model u46 d_or(rise_delay=1.0e-9 fall_delay=1.0e-9 input_load=1.0e-12 ) 
* Schematic Name:                             d_or, Ngspice Name: d_or
.model u47 d_or(rise_delay=1.0e-9 fall_delay=1.0e-9 input_load=1.0e-12 ) 
* Schematic Name:                             d_or, Ngspice Name: d_or
.model u51 d_or(rise_delay=1.0e-9 fall_delay=1.0e-9 input_load=1.0e-12 ) 
* Schematic Name:                             d_or, Ngspice Name: d_or
.model u50 d_or(rise_delay=1.0e-9 fall_delay=1.0e-9 input_load=1.0e-12 ) 
* Schematic Name:                             d_and, Ngspice Name: d_and
.model u17 d_and(rise_delay=1.0e-9 fall_delay=1.0e-9 input_load=1.0e-12 ) 
* Schematic Name:                             d_and, Ngspice Name: d_and
.model u18 d_and(rise_delay=1.0e-9 fall_delay=1.0e-9 input_load=1.0e-12 ) 
* Schematic Name:                             d_and, Ngspice Name: d_and
.model u20 d_and(rise_delay=1.0e-9 fall_delay=1.0e-9 input_load=1.0e-12 ) 
* Schematic Name:                             d_and, Ngspice Name: d_and
.model u19 d_and(rise_delay=1.0e-9 fall_delay=1.0e-9 input_load=1.0e-12 ) 
* Schematic Name:                             d_and, Ngspice Name: d_and
.model u21 d_and(rise_delay=1.0e-9 fall_delay=1.0e-9 input_load=1.0e-12 ) 
.tran 0e-00 0e-00 0e-00

* Control Statements 
.control
run
print allv > plot_data_v.txt
print alli > plot_data_i.txt
.endc
.end
