.title kicad schematic

* u1 net-_u1-pad1_ net-_u1-pad2_ net-_u1-pad3_ net-_u1-pad4_ net-_u1-pad5_ net-_u1-pad6_ net-_u1-pad7_ net-_u1-pad8_ net-_u1-pad9_ net-_u1-pad11_ net-_u1-pad12_ net-_u1-pad13_ net-_u1-pad14_ net-_u1-pad15_ net-_u1-pad16_ net-_u1-pad17_ net-_u1-pad18_ net-_u1-pad19_ port
* u7 net-_u1-pad13_ net-_u1-pad17_ net-_u1-pad7_ d_tristate
* u15 net-_u1-pad7_ net-_u11-pad2_ net-_u1-pad13_ d_tristate
* u13 net-_u1-pad5_ net-_u11-pad2_ net-_u1-pad15_ d_tristate
* u5 net-_u1-pad15_ net-_u1-pad17_ net-_u1-pad5_ d_tristate
* u14 net-_u1-pad6_ net-_u11-pad2_ net-_u1-pad14_ d_tristate
* u6 net-_u1-pad14_ net-_u1-pad17_ net-_u1-pad6_ d_tristate
* u2 net-_u1-pad1_ net-_u11-pad2_ d_buffer
* u19 net-_u1-pad19_ net-_u1-pad17_ d_inverter
* u3 net-_u1-pad18_ net-_u1-pad17_ net-_u1-pad2_ d_tristate
* u11 net-_u1-pad2_ net-_u11-pad2_ net-_u1-pad18_ d_tristate
* u10 net-_u1-pad17_ net-_u1-pad17_ net-_u1-pad3_ d_tristate
* u18 net-_u1-pad3_ net-_u11-pad2_ net-_u1-pad17_ d_tristate
* u4 net-_u1-pad16_ net-_u1-pad17_ net-_u1-pad4_ d_tristate
* u12 net-_u1-pad4_ net-_u11-pad2_ net-_u1-pad16_ d_tristate
* u9 net-_u1-pad11_ net-_u1-pad17_ net-_u1-pad9_ d_tristate
* u17 net-_u1-pad9_ net-_u11-pad2_ net-_u1-pad11_ d_tristate
* u8 net-_u1-pad12_ net-_u1-pad17_ net-_u1-pad8_ d_tristate
* u16 net-_u1-pad8_ net-_u11-pad2_ net-_u1-pad12_ d_tristate
a1 net-_u1-pad13_ net-_u1-pad17_ net-_u1-pad7_ u7
a2 net-_u1-pad7_ net-_u11-pad2_ net-_u1-pad13_ u15
a3 net-_u1-pad5_ net-_u11-pad2_ net-_u1-pad15_ u13
a4 net-_u1-pad15_ net-_u1-pad17_ net-_u1-pad5_ u5
a5 net-_u1-pad6_ net-_u11-pad2_ net-_u1-pad14_ u14
a6 net-_u1-pad14_ net-_u1-pad17_ net-_u1-pad6_ u6
a7 net-_u1-pad1_ net-_u11-pad2_ u2
a8 net-_u1-pad19_ net-_u1-pad17_ u19
a9 net-_u1-pad18_ net-_u1-pad17_ net-_u1-pad2_ u3
a10 net-_u1-pad2_ net-_u11-pad2_ net-_u1-pad18_ u11
a11 net-_u1-pad17_ net-_u1-pad17_ net-_u1-pad3_ u10
a12 net-_u1-pad3_ net-_u11-pad2_ net-_u1-pad17_ u18
a13 net-_u1-pad16_ net-_u1-pad17_ net-_u1-pad4_ u4
a14 net-_u1-pad4_ net-_u11-pad2_ net-_u1-pad16_ u12
a15 net-_u1-pad11_ net-_u1-pad17_ net-_u1-pad9_ u9
a16 net-_u1-pad9_ net-_u11-pad2_ net-_u1-pad11_ u17
a17 net-_u1-pad12_ net-_u1-pad17_ net-_u1-pad8_ u8
a18 net-_u1-pad8_ net-_u11-pad2_ net-_u1-pad12_ u16
* Schematic Name:                             d_tristate, Ngspice Name: d_tristate
.model u7 d_tristate(delay=1.0e-9 input_load=1.0e-12 enable_load=1.0e-12 ) 
* Schematic Name:                             d_tristate, Ngspice Name: d_tristate
.model u15 d_tristate(delay=1.0e-9 input_load=1.0e-12 enable_load=1.0e-12 ) 
* Schematic Name:                             d_tristate, Ngspice Name: d_tristate
.model u13 d_tristate(delay=1.0e-9 input_load=1.0e-12 enable_load=1.0e-12 ) 
* Schematic Name:                             d_tristate, Ngspice Name: d_tristate
.model u5 d_tristate(delay=1.0e-9 input_load=1.0e-12 enable_load=1.0e-12 ) 
* Schematic Name:                             d_tristate, Ngspice Name: d_tristate
.model u14 d_tristate(delay=1.0e-9 input_load=1.0e-12 enable_load=1.0e-12 ) 
* Schematic Name:                             d_tristate, Ngspice Name: d_tristate
.model u6 d_tristate(delay=1.0e-9 input_load=1.0e-12 enable_load=1.0e-12 ) 
* Schematic Name:                             d_buffer, Ngspice Name: d_buffer
.model u2 d_buffer(rise_delay=1.0e-9 fall_delay=1.0e-9 input_load=1.0e-12 ) 
* Schematic Name:                             d_inverter, Ngspice Name: d_inverter
.model u19 d_inverter(rise_delay=1.0e-9 fall_delay=1.0e-9 input_load=1.0e-12 ) 
* Schematic Name:                             d_tristate, Ngspice Name: d_tristate
.model u3 d_tristate(delay=1.0e-9 input_load=1.0e-12 enable_load=1.0e-12 ) 
* Schematic Name:                             d_tristate, Ngspice Name: d_tristate
.model u11 d_tristate(delay=1.0e-9 input_load=1.0e-12 enable_load=1.0e-12 ) 
* Schematic Name:                             d_tristate, Ngspice Name: d_tristate
.model u10 d_tristate(delay=1.0e-9 input_load=1.0e-12 enable_load=1.0e-12 ) 
* Schematic Name:                             d_tristate, Ngspice Name: d_tristate
.model u18 d_tristate(delay=1.0e-9 input_load=1.0e-12 enable_load=1.0e-12 ) 
* Schematic Name:                             d_tristate, Ngspice Name: d_tristate
.model u4 d_tristate(delay=1.0e-9 input_load=1.0e-12 enable_load=1.0e-12 ) 
* Schematic Name:                             d_tristate, Ngspice Name: d_tristate
.model u12 d_tristate(delay=1.0e-9 input_load=1.0e-12 enable_load=1.0e-12 ) 
* Schematic Name:                             d_tristate, Ngspice Name: d_tristate
.model u9 d_tristate(delay=1.0e-9 input_load=1.0e-12 enable_load=1.0e-12 ) 
* Schematic Name:                             d_tristate, Ngspice Name: d_tristate
.model u17 d_tristate(delay=1.0e-9 input_load=1.0e-12 enable_load=1.0e-12 ) 
* Schematic Name:                             d_tristate, Ngspice Name: d_tristate
.model u8 d_tristate(delay=1.0e-9 input_load=1.0e-12 enable_load=1.0e-12 ) 
* Schematic Name:                             d_tristate, Ngspice Name: d_tristate
.model u16 d_tristate(delay=1.0e-9 input_load=1.0e-12 enable_load=1.0e-12 ) 
.tran 0e-00 0e-00 0e-00

* Control Statements 
.control
run
print allv > plot_data_v.txt
print alli > plot_data_i.txt
.endc
.end
