* c:\fossee2\esim\library\subcircuitlibrary\lm7912-port\lm7912-port.cir

.include NPN.lib
.include NJF.lib
.include PNP.lib
j1 net-_j1-pad1_ net-_j1-pad1_ net-_j1-pad3_ J2N3819
* u2  net-_j1-pad3_ net-_q14-pad1_ zener
* u3  net-_q1-pad3_ net-_q14-pad1_ zener
q1 net-_j1-pad1_ net-_j1-pad3_ net-_q1-pad3_ Q2N2907A
q3 net-_q3-pad1_ net-_q3-pad1_ net-_q3-pad3_ Q2N2222
r2  net-_q14-pad1_ net-_q3-pad1_ 1.4k
r3  net-_q3-pad3_ net-_q9-pad2_ 7k
r4  net-_q9-pad2_ net-_q4-pad3_ 15k
q4 net-_q2-pad2_ net-_q1-pad3_ net-_q4-pad3_ Q2N2907A
q2 net-_q1-pad3_ net-_q2-pad2_ net-_q2-pad3_ Q2N2222
q5 net-_q2-pad2_ net-_q2-pad2_ net-_q5-pad3_ Q2N2222
r1  net-_q2-pad3_ net-_j1-pad1_ 750
r5  net-_q5-pad3_ net-_j1-pad1_ 1k
q6 net-_q10-pad2_ net-_q2-pad2_ net-_q6-pad3_ Q2N2222
r6  net-_q6-pad3_ net-_j1-pad1_ 6k
r7  net-_q7-pad1_ net-_j1-pad1_ 20k
q8 net-_c1-pad1_ net-_q7-pad1_ net-_q10-pad1_ Q2N2222
q7 net-_q7-pad1_ net-_q3-pad1_ net-_q14-pad1_ Q2N2907A
q9 net-_q14-pad1_ net-_q9-pad2_ net-_q10-pad3_ Q2N2222
q10 net-_q10-pad1_ net-_q10-pad2_ net-_q10-pad3_ Q2N2907A
q11 net-_q10-pad1_ net-_q11-pad2_ net-_j1-pad1_ Q2N2222
r8  net-_q11-pad2_ net-_q10-pad1_ 20k
r9  net-_q10-pad1_ net-_c1-pad2_ 20k
c1  net-_c1-pad1_ net-_c1-pad2_ 20p
q13 net-_c1-pad1_ net-_c1-pad2_ net-_j1-pad1_ Q2N2222
q14 net-_q14-pad1_ net-_q14-pad2_ net-_q12-pad3_ Q2N2222
q12 net-_c1-pad1_ net-_q10-pad2_ net-_q12-pad3_ Q2N2907A
q16 net-_q15-pad3_ net-_c2-pad2_ net-_j1-pad1_ Q2N2222
q15 net-_c1-pad1_ net-_q15-pad2_ net-_q15-pad3_ Q2N2222
r10  net-_q15-pad2_ net-_q15-pad3_ 3k
c2  net-_c1-pad1_ net-_c2-pad2_ 10p
r11  net-_c2-pad2_ net-_q18-pad1_ 5k
r12  net-_q14-pad1_ net-_q17-pad1_ 4k
q17 net-_q17-pad1_ net-_c1-pad1_ net-_q15-pad2_ Q2N2222
r13  net-_q15-pad2_ net-_r13-pad2_ 10k
r14  net-_r13-pad2_ net-_q18-pad1_ 600
q18 net-_q18-pad1_ net-_q18-pad2_ net-_q18-pad3_ Q2N2222
r15  net-_r13-pad2_ net-_q18-pad2_ 15k
q19 net-_q19-pad1_ net-_q15-pad2_ net-_q19-pad3_ Q2N2222
q20 net-_q19-pad1_ net-_q19-pad3_ net-_q20-pad3_ Q2N2222
r16  net-_q19-pad3_ net-_q20-pad3_ 2k
r18  net-_q14-pad2_ net-_q19-pad1_ 23k
r17  net-_q14-pad1_ net-_q14-pad2_ 5k
r20  net-_r20-pad1_ net-_q18-pad3_ 20k
r19  net-_q18-pad3_ net-_q20-pad3_ 150
* u4  net-_r20-pad1_ net-_q19-pad1_ zener
r21  net-_q20-pad3_ net-_j1-pad1_ 0.2
* u1  net-_q14-pad1_ net-_j1-pad1_ net-_q19-pad1_ port
a1 net-_j1-pad3_ net-_q14-pad1_ u2
a2 net-_q1-pad3_ net-_q14-pad1_ u3
a3 net-_r20-pad1_ net-_q19-pad1_ u4
* Schematic Name:                             zener, NgSpice Name: zener
.model u2 zener(v_breakdown=5.6 i_breakdown=2.0e-2 i_sat=1.0e-12 n_forward=1.0 limit_switch=FALSE ) 
* Schematic Name:                             zener, NgSpice Name: zener
.model u3 zener(v_breakdown=5.6 i_breakdown=2.0e-2 i_sat=1.0e-12 n_forward=1.0 limit_switch=FALSE ) 
* Schematic Name:                             zener, NgSpice Name: zener
.model u4 zener(v_breakdown=6.2 i_breakdown=2.0e-2 i_sat=1.0e-12 n_forward=1.0 limit_switch=FALSE ) 
.tran 10e-03 100e-03 0e-03

* Control Statements 
.control
run
print allv > plot_data_v.txt
print alli > plot_data_i.txt
.endc
.end
