.title kicad schematic

.include userDiode.lib
.include GD_diode.lib
.include PNP.lib
.include PMOS-180nm.lib
.include NMOS-180nm.lib
m14 net_m12_1 vout gnd gnd CMOSN W=100u L=100u M=1
* u2 net_m12_1 plot_v1
m12 vout net-_m12-pad2_ gnd gnd CMOSN W=100u L=100u M=1
m11 gnd input2 net-_d4-pad2_ net_m4_2 CMOSP W=100u L=100u M=1
d1 net_m1_3 net-_d1-pad2_ D1N750
m5 net-_d1-pad2_ net_m1_3 gnd net_m4_2 CMOSP W=100u L=100u M=1
m1 net-_m1-pad1_ net-_m1-pad2_ net_m4_2 net_m4_2 CMOSP W=100u L=100u M=1
r2 net-_m1-pad2_ net-_m4-pad2_ 2k
v1 gnd net_m4_2 12v
m4 net-_m3-pad1_ net-_m4-pad2_ net_m4_2 net-_m2-pad1_ CMOSP W=100u L=100u M=1
m9 net-_m12-pad2_ net-_d4-pad2_ net-_m10-pad3_ net_m4_2 CMOSP W=100u L=100u M=1
d4 net-_d4-pad1_ net-_d4-pad2_ GD_diode
d5 input2 net-_d4-pad2_ GD_diode
m8 net-_m12-pad2_ net-_d3-pad1_ gnd gnd CMOSN W=100u L=100u M=1
d2 net-_d2-pad1_ net-_d1-pad2_ D1N750
m7 net-_m10-pad3_ net-_d1-pad2_ net-_d3-pad1_ net_m4_2 CMOSP W=100u L=100u M=1
d3 net-_d3-pad1_ gnd GD_diode
* u1 net_m4_2 plot_v1
m6 net-_m6-pad1_ net-_m10-pad2_ net-_d4-pad1_ net-_d2-pad1_ CMOSP W=100u L=100u M=1
r3 net-_m6-pad1_ net_m4_2 10k
m2 net-_m2-pad1_ net-_m2-pad1_ net-_m1-pad1_ gnd CMOSN W=100u L=100u M=1
r1 gnd net-_m2-pad1_ 4.6k
m3 net-_m3-pad1_ net-_m2-pad1_ gnd gnd CMOSN W=100u L=100u M=1
q1 net_m4_2 gnd net-_m2-pad1_ Q2N2907A
m13 net_m4_2 net-_m10-pad2_ vout net_m4_2 CMOSP W=100u L=100u M=1
m10 net_m4_2 net-_m10-pad2_ net-_m10-pad3_ net_m4_2 CMOSP W=100u L=100u M=1
* u3 vout plot_v1
.tran 0.1e-03 100e-03 0e-00

* Control Statements 
.control
run
print allv > plot_data_v.txt
print alli > plot_data_i.txt
plot v(net_m12_1)
plot v(net_m4_2)
plot v(vout)
.endc
.end
