.title kicad schematic

* u50 net-_u50-pad1_ rb net-_u34-pad1_ d_and
* u54 ra net-_u50-pad1_ d_inverter
* u77 net-_u61-pad1_ net-_u61-pad2_ net-_u73-pad2_ d_and
* u78 net-_u62-pad1_ net-_u62-pad2_ net-_u74-pad2_ d_and
* u58 d1 net-_u58-pad2_ net-_u55-pad2_ net-_u100-pad2_ net-_u45-pad2_ unconnected-_u58-pad6_ d_dlatch
* u74 d3 net-_u74-pad2_ net-_u55-pad2_ net-_u100-pad2_ net-_u41-pad2_ unconnected-_u74-pad6_ d_dlatch
* u66 d2 net-_u66-pad2_ net-_u55-pad2_ net-_u100-pad2_ net-_u44-pad2_ unconnected-_u66-pad6_ d_dlatch
* u69 net-_u61-pad1_ net-_u61-pad2_ net-_u65-pad2_ d_and
* u61 net-_u61-pad1_ net-_u61-pad2_ net-_u57-pad2_ d_and
* u57 d1 net-_u57-pad2_ net-_u55-pad2_ net-_u100-pad2_ net-_u39-pad2_ unconnected-_u57-pad6_ d_dlatch
* u60 net-_u60-pad1_ net-_u60-pad2_ net-_u56-pad2_ d_and
* u56 d1 net-_u56-pad2_ net-_u55-pad2_ net-_u100-pad2_ net-_u33-pad2_ unconnected-_u56-pad6_ d_dlatch
* u49 ra rb net-_u30-pad1_ d_and
* u68 net-_u60-pad1_ net-_u60-pad2_ net-_u64-pad2_ d_and
* u65 d2 net-_u65-pad2_ net-_u55-pad2_ net-_u100-pad2_ net-_u38-pad2_ unconnected-_u65-pad6_ d_dlatch
* u73 d3 net-_u73-pad2_ net-_u55-pad2_ net-_u100-pad2_ net-_u35-pad2_ unconnected-_u73-pad6_ d_dlatch
* u76 net-_u60-pad1_ net-_u60-pad2_ net-_u72-pad2_ d_and
* u64 d2 net-_u64-pad2_ net-_u55-pad2_ net-_u100-pad2_ net-_u32-pad2_ unconnected-_u64-pad6_ d_dlatch
* u72 d3 net-_u72-pad2_ net-_u55-pad2_ net-_u100-pad2_ net-_u31-pad2_ unconnected-_u72-pad6_ d_dlatch
* u1 d2 d3 d4 rb ra q4 q3 gnd q2 q1 gr_bar gw_bar wb wa d1 unconnected-_u1-pad16_ port
* u46 gr_bar net-_u14-pad1_ d_inverter
* u55 gnd net-_u55-pad2_ adc_bridge_1
* u52 rb net-_u47-pad2_ d_inverter
* u51 ra net-_u47-pad1_ d_inverter
* u63 net-_u63-pad1_ net-_u63-pad2_ net-_u59-pad2_ d_and
* u67 d2 net-_u67-pad2_ net-_u55-pad2_ net-_u100-pad2_ net-_u42-pad2_ unconnected-_u67-pad6_ d_dlatch
* u71 net-_u63-pad1_ net-_u63-pad2_ net-_u67-pad2_ d_and
* u70 net-_u62-pad1_ net-_u62-pad2_ net-_u66-pad2_ d_and
* u59 d1 net-_u59-pad2_ net-_u55-pad2_ net-_u100-pad2_ net-_u43-pad2_ unconnected-_u59-pad6_ d_dlatch
* u62 net-_u62-pad1_ net-_u62-pad2_ net-_u58-pad2_ d_and
* u53 rb net-_u48-pad2_ d_inverter
* u48 ra net-_u48-pad2_ net-_u40-pad1_ d_and
* u47 net-_u47-pad1_ net-_u47-pad2_ net-_u36-pad1_ d_and
* u22 net-_u14-pad1_ net-_u22-pad2_ net-_u22-pad3_ d_and
* u35 net-_u34-pad1_ net-_u35-pad2_ net-_u19-pad2_ d_and
* u34 net-_u34-pad1_ net-_u34-pad2_ net-_u18-pad2_ d_and
* u18 net-_u14-pad1_ net-_u18-pad2_ net-_u13-pad1_ d_and
* u19 net-_u14-pad1_ net-_u19-pad2_ net-_u10-pad1_ d_and
* u39 net-_u34-pad1_ net-_u39-pad2_ net-_u23-pad2_ d_and
* u38 net-_u34-pad1_ net-_u38-pad2_ net-_u22-pad2_ d_and
* u33 net-_u30-pad1_ net-_u33-pad2_ net-_u17-pad2_ d_and
* u30 net-_u30-pad1_ net-_u30-pad2_ net-_u14-pad2_ d_and
* u15 net-_u14-pad1_ net-_u15-pad2_ net-_u10-pad2_ d_and
* u14 net-_u14-pad1_ net-_u14-pad2_ net-_u13-pad2_ d_and
* u31 net-_u30-pad1_ net-_u31-pad2_ net-_u15-pad2_ d_and
* u32 net-_u30-pad1_ net-_u32-pad2_ net-_u16-pad2_ d_and
* u17 net-_u14-pad1_ net-_u17-pad2_ net-_u17-pad3_ d_and
* u16 net-_u14-pad1_ net-_u16-pad2_ net-_u16-pad3_ d_and
* u45 net-_u40-pad1_ net-_u45-pad2_ net-_u29-pad2_ d_and
* u24 net-_u14-pad1_ net-_u24-pad2_ net-_u12-pad2_ d_and
* u41 net-_u40-pad1_ net-_u41-pad2_ net-_u25-pad2_ d_and
* u44 net-_u40-pad1_ net-_u44-pad2_ net-_u28-pad2_ d_and
* u98 wa net-_u95-pad1_ d_inverter
* u99 wb net-_u95-pad2_ d_inverter
* u95 net-_u95-pad1_ net-_u95-pad2_ net-_u63-pad2_ d_and
* u88 gw_bar net-_u63-pad1_ d_inverter
* u100 gnd net-_u100-pad2_ adc_bridge_1
* u79 net-_u63-pad1_ net-_u63-pad2_ net-_u75-pad2_ d_and
* u75 d3 net-_u75-pad2_ net-_u55-pad2_ net-_u100-pad2_ net-_u37-pad2_ unconnected-_u75-pad6_ d_dlatch
* u87 net-_u63-pad1_ net-_u63-pad2_ net-_u83-pad2_ d_and
* u80 d4 net-_u80-pad2_ net-_u55-pad2_ net-_u100-pad2_ net-_u30-pad2_ unconnected-_u80-pad6_ d_dlatch
* u84 net-_u60-pad1_ net-_u60-pad2_ net-_u80-pad2_ d_and
* u81 d4 net-_u81-pad2_ net-_u55-pad2_ net-_u100-pad2_ net-_u34-pad2_ unconnected-_u81-pad6_ d_dlatch
* u82 d4 net-_u82-pad2_ net-_u55-pad2_ net-_u100-pad2_ net-_u40-pad2_ unconnected-_u82-pad6_ d_dlatch
* u86 net-_u62-pad1_ net-_u62-pad2_ net-_u82-pad2_ d_and
* u83 d4 net-_u83-pad2_ net-_u55-pad2_ net-_u100-pad2_ net-_u36-pad2_ unconnected-_u83-pad6_ d_dlatch
* u97 wb net-_u94-pad2_ d_inverter
* u93 gw_bar net-_u62-pad1_ d_inverter
* u94 wa net-_u94-pad2_ net-_u62-pad2_ d_and
* u96 wa net-_u92-pad1_ d_inverter
* u92 net-_u92-pad1_ wb net-_u61-pad2_ d_and
* u85 net-_u61-pad1_ net-_u61-pad2_ net-_u81-pad2_ d_and
* u90 wa wb net-_u60-pad2_ d_and
* u89 gw_bar net-_u60-pad1_ d_inverter
* u91 gw_bar net-_u61-pad1_ d_inverter
* u10 net-_u10-pad1_ net-_u10-pad2_ net-_u10-pad3_ d_xor
* u6 net-_u6-pad1_ net-_u10-pad3_ q3 d_xor
* u8 net-_u21-pad3_ net-_u25-pad3_ net-_u6-pad1_ d_xor
* u9 net-_u22-pad3_ net-_u16-pad3_ net-_u5-pad2_ d_xor
* u7 net-_u26-pad3_ net-_u28-pad3_ net-_u5-pad1_ d_xor
* u5 net-_u5-pad1_ net-_u5-pad2_ q2 d_xor
* u40 net-_u40-pad1_ net-_u40-pad2_ net-_u24-pad2_ d_and
* u23 net-_u14-pad1_ net-_u23-pad2_ net-_u23-pad3_ d_and
* u2 net-_u2-pad1_ net-_u2-pad2_ q1 d_xor
* u4 net-_u23-pad3_ net-_u17-pad3_ net-_u2-pad2_ d_xor
* u3 net-_u27-pad3_ net-_u29-pad3_ net-_u2-pad1_ d_xor
* u29 net-_u14-pad1_ net-_u29-pad2_ net-_u29-pad3_ d_and
* u25 net-_u14-pad1_ net-_u25-pad2_ net-_u25-pad3_ d_and
* u28 net-_u14-pad1_ net-_u28-pad2_ net-_u28-pad3_ d_and
* u12 net-_u12-pad1_ net-_u12-pad2_ net-_u11-pad1_ d_xor
* u11 net-_u11-pad1_ net-_u11-pad2_ q4 d_xor
* u13 net-_u13-pad1_ net-_u13-pad2_ net-_u11-pad2_ d_xor
* u27 net-_u14-pad1_ net-_u27-pad2_ net-_u27-pad3_ d_and
* u42 net-_u36-pad1_ net-_u42-pad2_ net-_u26-pad2_ d_and
* u36 net-_u36-pad1_ net-_u36-pad2_ net-_u20-pad2_ d_and
* u37 net-_u36-pad1_ net-_u37-pad2_ net-_u21-pad2_ d_and
* u43 net-_u36-pad1_ net-_u43-pad2_ net-_u27-pad2_ d_and
* u26 net-_u14-pad1_ net-_u26-pad2_ net-_u26-pad3_ d_and
* u21 net-_u14-pad1_ net-_u21-pad2_ net-_u21-pad3_ d_and
* u20 net-_u14-pad1_ net-_u20-pad2_ net-_u12-pad1_ d_and
a1 [net-_u50-pad1_ rb ] net-_u34-pad1_ u50
a2 ra net-_u50-pad1_ u54
a3 [net-_u61-pad1_ net-_u61-pad2_ ] net-_u73-pad2_ u77
a4 [net-_u62-pad1_ net-_u62-pad2_ ] net-_u74-pad2_ u78
a5 d1 net-_u58-pad2_ net-_u55-pad2_ net-_u100-pad2_ net-_u45-pad2_ unconnected-_u58-pad6_ u58
a6 d3 net-_u74-pad2_ net-_u55-pad2_ net-_u100-pad2_ net-_u41-pad2_ unconnected-_u74-pad6_ u74
a7 d2 net-_u66-pad2_ net-_u55-pad2_ net-_u100-pad2_ net-_u44-pad2_ unconnected-_u66-pad6_ u66
a8 [net-_u61-pad1_ net-_u61-pad2_ ] net-_u65-pad2_ u69
a9 [net-_u61-pad1_ net-_u61-pad2_ ] net-_u57-pad2_ u61
a10 d1 net-_u57-pad2_ net-_u55-pad2_ net-_u100-pad2_ net-_u39-pad2_ unconnected-_u57-pad6_ u57
a11 [net-_u60-pad1_ net-_u60-pad2_ ] net-_u56-pad2_ u60
a12 d1 net-_u56-pad2_ net-_u55-pad2_ net-_u100-pad2_ net-_u33-pad2_ unconnected-_u56-pad6_ u56
a13 [ra rb ] net-_u30-pad1_ u49
a14 [net-_u60-pad1_ net-_u60-pad2_ ] net-_u64-pad2_ u68
a15 d2 net-_u65-pad2_ net-_u55-pad2_ net-_u100-pad2_ net-_u38-pad2_ unconnected-_u65-pad6_ u65
a16 d3 net-_u73-pad2_ net-_u55-pad2_ net-_u100-pad2_ net-_u35-pad2_ unconnected-_u73-pad6_ u73
a17 [net-_u60-pad1_ net-_u60-pad2_ ] net-_u72-pad2_ u76
a18 d2 net-_u64-pad2_ net-_u55-pad2_ net-_u100-pad2_ net-_u32-pad2_ unconnected-_u64-pad6_ u64
a19 d3 net-_u72-pad2_ net-_u55-pad2_ net-_u100-pad2_ net-_u31-pad2_ unconnected-_u72-pad6_ u72
a20 gr_bar net-_u14-pad1_ u46
a21 [gnd ] [net-_u55-pad2_ ] u55
a22 rb net-_u47-pad2_ u52
a23 ra net-_u47-pad1_ u51
a24 [net-_u63-pad1_ net-_u63-pad2_ ] net-_u59-pad2_ u63
a25 d2 net-_u67-pad2_ net-_u55-pad2_ net-_u100-pad2_ net-_u42-pad2_ unconnected-_u67-pad6_ u67
a26 [net-_u63-pad1_ net-_u63-pad2_ ] net-_u67-pad2_ u71
a27 [net-_u62-pad1_ net-_u62-pad2_ ] net-_u66-pad2_ u70
a28 d1 net-_u59-pad2_ net-_u55-pad2_ net-_u100-pad2_ net-_u43-pad2_ unconnected-_u59-pad6_ u59
a29 [net-_u62-pad1_ net-_u62-pad2_ ] net-_u58-pad2_ u62
a30 rb net-_u48-pad2_ u53
a31 [ra net-_u48-pad2_ ] net-_u40-pad1_ u48
a32 [net-_u47-pad1_ net-_u47-pad2_ ] net-_u36-pad1_ u47
a33 [net-_u14-pad1_ net-_u22-pad2_ ] net-_u22-pad3_ u22
a34 [net-_u34-pad1_ net-_u35-pad2_ ] net-_u19-pad2_ u35
a35 [net-_u34-pad1_ net-_u34-pad2_ ] net-_u18-pad2_ u34
a36 [net-_u14-pad1_ net-_u18-pad2_ ] net-_u13-pad1_ u18
a37 [net-_u14-pad1_ net-_u19-pad2_ ] net-_u10-pad1_ u19
a38 [net-_u34-pad1_ net-_u39-pad2_ ] net-_u23-pad2_ u39
a39 [net-_u34-pad1_ net-_u38-pad2_ ] net-_u22-pad2_ u38
a40 [net-_u30-pad1_ net-_u33-pad2_ ] net-_u17-pad2_ u33
a41 [net-_u30-pad1_ net-_u30-pad2_ ] net-_u14-pad2_ u30
a42 [net-_u14-pad1_ net-_u15-pad2_ ] net-_u10-pad2_ u15
a43 [net-_u14-pad1_ net-_u14-pad2_ ] net-_u13-pad2_ u14
a44 [net-_u30-pad1_ net-_u31-pad2_ ] net-_u15-pad2_ u31
a45 [net-_u30-pad1_ net-_u32-pad2_ ] net-_u16-pad2_ u32
a46 [net-_u14-pad1_ net-_u17-pad2_ ] net-_u17-pad3_ u17
a47 [net-_u14-pad1_ net-_u16-pad2_ ] net-_u16-pad3_ u16
a48 [net-_u40-pad1_ net-_u45-pad2_ ] net-_u29-pad2_ u45
a49 [net-_u14-pad1_ net-_u24-pad2_ ] net-_u12-pad2_ u24
a50 [net-_u40-pad1_ net-_u41-pad2_ ] net-_u25-pad2_ u41
a51 [net-_u40-pad1_ net-_u44-pad2_ ] net-_u28-pad2_ u44
a52 wa net-_u95-pad1_ u98
a53 wb net-_u95-pad2_ u99
a54 [net-_u95-pad1_ net-_u95-pad2_ ] net-_u63-pad2_ u95
a55 gw_bar net-_u63-pad1_ u88
a56 [gnd ] [net-_u100-pad2_ ] u100
a57 [net-_u63-pad1_ net-_u63-pad2_ ] net-_u75-pad2_ u79
a58 d3 net-_u75-pad2_ net-_u55-pad2_ net-_u100-pad2_ net-_u37-pad2_ unconnected-_u75-pad6_ u75
a59 [net-_u63-pad1_ net-_u63-pad2_ ] net-_u83-pad2_ u87
a60 d4 net-_u80-pad2_ net-_u55-pad2_ net-_u100-pad2_ net-_u30-pad2_ unconnected-_u80-pad6_ u80
a61 [net-_u60-pad1_ net-_u60-pad2_ ] net-_u80-pad2_ u84
a62 d4 net-_u81-pad2_ net-_u55-pad2_ net-_u100-pad2_ net-_u34-pad2_ unconnected-_u81-pad6_ u81
a63 d4 net-_u82-pad2_ net-_u55-pad2_ net-_u100-pad2_ net-_u40-pad2_ unconnected-_u82-pad6_ u82
a64 [net-_u62-pad1_ net-_u62-pad2_ ] net-_u82-pad2_ u86
a65 d4 net-_u83-pad2_ net-_u55-pad2_ net-_u100-pad2_ net-_u36-pad2_ unconnected-_u83-pad6_ u83
a66 wb net-_u94-pad2_ u97
a67 gw_bar net-_u62-pad1_ u93
a68 [wa net-_u94-pad2_ ] net-_u62-pad2_ u94
a69 wa net-_u92-pad1_ u96
a70 [net-_u92-pad1_ wb ] net-_u61-pad2_ u92
a71 [net-_u61-pad1_ net-_u61-pad2_ ] net-_u81-pad2_ u85
a72 [wa wb ] net-_u60-pad2_ u90
a73 gw_bar net-_u60-pad1_ u89
a74 gw_bar net-_u61-pad1_ u91
a75 [net-_u10-pad1_ net-_u10-pad2_ ] net-_u10-pad3_ u10
a76 [net-_u6-pad1_ net-_u10-pad3_ ] q3 u6
a77 [net-_u21-pad3_ net-_u25-pad3_ ] net-_u6-pad1_ u8
a78 [net-_u22-pad3_ net-_u16-pad3_ ] net-_u5-pad2_ u9
a79 [net-_u26-pad3_ net-_u28-pad3_ ] net-_u5-pad1_ u7
a80 [net-_u5-pad1_ net-_u5-pad2_ ] q2 u5
a81 [net-_u40-pad1_ net-_u40-pad2_ ] net-_u24-pad2_ u40
a82 [net-_u14-pad1_ net-_u23-pad2_ ] net-_u23-pad3_ u23
a83 [net-_u2-pad1_ net-_u2-pad2_ ] q1 u2
a84 [net-_u23-pad3_ net-_u17-pad3_ ] net-_u2-pad2_ u4
a85 [net-_u27-pad3_ net-_u29-pad3_ ] net-_u2-pad1_ u3
a86 [net-_u14-pad1_ net-_u29-pad2_ ] net-_u29-pad3_ u29
a87 [net-_u14-pad1_ net-_u25-pad2_ ] net-_u25-pad3_ u25
a88 [net-_u14-pad1_ net-_u28-pad2_ ] net-_u28-pad3_ u28
a89 [net-_u12-pad1_ net-_u12-pad2_ ] net-_u11-pad1_ u12
a90 [net-_u11-pad1_ net-_u11-pad2_ ] q4 u11
a91 [net-_u13-pad1_ net-_u13-pad2_ ] net-_u11-pad2_ u13
a92 [net-_u14-pad1_ net-_u27-pad2_ ] net-_u27-pad3_ u27
a93 [net-_u36-pad1_ net-_u42-pad2_ ] net-_u26-pad2_ u42
a94 [net-_u36-pad1_ net-_u36-pad2_ ] net-_u20-pad2_ u36
a95 [net-_u36-pad1_ net-_u37-pad2_ ] net-_u21-pad2_ u37
a96 [net-_u36-pad1_ net-_u43-pad2_ ] net-_u27-pad2_ u43
a97 [net-_u14-pad1_ net-_u26-pad2_ ] net-_u26-pad3_ u26
a98 [net-_u14-pad1_ net-_u21-pad2_ ] net-_u21-pad3_ u21
a99 [net-_u14-pad1_ net-_u20-pad2_ ] net-_u12-pad1_ u20
* Schematic Name:                             d_and, Ngspice Name: d_and
.model u50 d_and(rise_delay=1.0e-9 fall_delay=1.0e-9 input_load=1.0e-12 ) 
* Schematic Name:                             d_inverter, Ngspice Name: d_inverter
.model u54 d_inverter(rise_delay=1.0e-9 fall_delay=1.0e-9 input_load=1.0e-12 ) 
* Schematic Name:                             d_and, Ngspice Name: d_and
.model u77 d_and(rise_delay=1.0e-9 fall_delay=1.0e-9 input_load=1.0e-12 ) 
* Schematic Name:                             d_and, Ngspice Name: d_and
.model u78 d_and(rise_delay=1.0e-9 fall_delay=1.0e-9 input_load=1.0e-12 ) 
* Schematic Name:                             d_dlatch, Ngspice Name: d_dlatch
.model u58 d_dlatch(data_delay=1.0e-9 enable_delay=1.0e-9 set_delay=1.0e-9 reset_delay=1.0e-9 ic=0 data_load=1.0e-12 enable_load=1.0e-12 set_load=1.0e-12 reset_load=1.0e-12 rise_delay=1.0e-9 fall_delay=1.0e-9 ) 
* Schematic Name:                             d_dlatch, Ngspice Name: d_dlatch
.model u74 d_dlatch(data_delay=1.0e-9 enable_delay=1.0e-9 set_delay=1.0e-9 reset_delay=1.0e-9 ic=0 data_load=1.0e-12 enable_load=1.0e-12 set_load=1.0e-12 reset_load=1.0e-12 rise_delay=1.0e-9 fall_delay=1.0e-9 ) 
* Schematic Name:                             d_dlatch, Ngspice Name: d_dlatch
.model u66 d_dlatch(data_delay=1.0e-9 enable_delay=1.0e-9 set_delay=1.0e-9 reset_delay=1.0e-9 ic=0 data_load=1.0e-12 enable_load=1.0e-12 set_load=1.0e-12 reset_load=1.0e-12 rise_delay=1.0e-9 fall_delay=1.0e-9 ) 
* Schematic Name:                             d_and, Ngspice Name: d_and
.model u69 d_and(rise_delay=1.0e-9 fall_delay=1.0e-9 input_load=1.0e-12 ) 
* Schematic Name:                             d_and, Ngspice Name: d_and
.model u61 d_and(rise_delay=1.0e-9 fall_delay=1.0e-9 input_load=1.0e-12 ) 
* Schematic Name:                             d_dlatch, Ngspice Name: d_dlatch
.model u57 d_dlatch(data_delay=1.0e-9 enable_delay=1.0e-9 set_delay=1.0e-9 reset_delay=1.0e-9 ic=0 data_load=1.0e-12 enable_load=1.0e-12 set_load=1.0e-12 reset_load=1.0e-12 rise_delay=1.0e-9 fall_delay=1.0e-9 ) 
* Schematic Name:                             d_and, Ngspice Name: d_and
.model u60 d_and(rise_delay=1.0e-9 fall_delay=1.0e-9 input_load=1.0e-12 ) 
* Schematic Name:                             d_dlatch, Ngspice Name: d_dlatch
.model u56 d_dlatch(data_delay=1.0e-9 enable_delay=1.0e-9 set_delay=1.0e-9 reset_delay=1.0e-9 ic=0 data_load=1.0e-12 enable_load=1.0e-12 set_load=1.0e-12 reset_load=1.0e-12 rise_delay=1.0e-9 fall_delay=1.0e-9 ) 
* Schematic Name:                             d_and, Ngspice Name: d_and
.model u49 d_and(rise_delay=1.0e-9 fall_delay=1.0e-9 input_load=1.0e-12 ) 
* Schematic Name:                             d_and, Ngspice Name: d_and
.model u68 d_and(rise_delay=1.0e-9 fall_delay=1.0e-9 input_load=1.0e-12 ) 
* Schematic Name:                             d_dlatch, Ngspice Name: d_dlatch
.model u65 d_dlatch(data_delay=1.0e-9 enable_delay=1.0e-9 set_delay=1.0e-9 reset_delay=1.0e-9 ic=0 data_load=1.0e-12 enable_load=1.0e-12 set_load=1.0e-12 reset_load=1.0e-12 rise_delay=1.0e-9 fall_delay=1.0e-9 ) 
* Schematic Name:                             d_dlatch, Ngspice Name: d_dlatch
.model u73 d_dlatch(data_delay=1.0e-9 enable_delay=1.0e-9 set_delay=1.0e-9 reset_delay=1.0e-9 ic=0 data_load=1.0e-12 enable_load=1.0e-12 set_load=1.0e-12 reset_load=1.0e-12 rise_delay=1.0e-9 fall_delay=1.0e-9 ) 
* Schematic Name:                             d_and, Ngspice Name: d_and
.model u76 d_and(rise_delay=1.0e-9 fall_delay=1.0e-9 input_load=1.0e-12 ) 
* Schematic Name:                             d_dlatch, Ngspice Name: d_dlatch
.model u64 d_dlatch(data_delay=1.0e-9 enable_delay=1.0e-9 set_delay=1.0e-9 reset_delay=1.0e-9 ic=0 data_load=1.0e-12 enable_load=1.0e-12 set_load=1.0e-12 reset_load=1.0e-12 rise_delay=1.0e-9 fall_delay=1.0e-9 ) 
* Schematic Name:                             d_dlatch, Ngspice Name: d_dlatch
.model u72 d_dlatch(data_delay=1.0e-9 enable_delay=1.0e-9 set_delay=1.0e-9 reset_delay=1.0e-9 ic=0 data_load=1.0e-12 enable_load=1.0e-12 set_load=1.0e-12 reset_load=1.0e-12 rise_delay=1.0e-9 fall_delay=1.0e-9 ) 
* Schematic Name:                             d_inverter, Ngspice Name: d_inverter
.model u46 d_inverter(rise_delay=1.0e-9 fall_delay=1.0e-9 input_load=1.0e-12 ) 
* Schematic Name:                             adc_bridge_1, Ngspice Name: adc_bridge
.model u55 adc_bridge(in_low=1.0 in_high=2.0 rise_delay=1.0e-9 fall_delay=1.0e-9 ) 
* Schematic Name:                             d_inverter, Ngspice Name: d_inverter
.model u52 d_inverter(rise_delay=1.0e-9 fall_delay=1.0e-9 input_load=1.0e-12 ) 
* Schematic Name:                             d_inverter, Ngspice Name: d_inverter
.model u51 d_inverter(rise_delay=1.0e-9 fall_delay=1.0e-9 input_load=1.0e-12 ) 
* Schematic Name:                             d_and, Ngspice Name: d_and
.model u63 d_and(rise_delay=1.0e-9 fall_delay=1.0e-9 input_load=1.0e-12 ) 
* Schematic Name:                             d_dlatch, Ngspice Name: d_dlatch
.model u67 d_dlatch(data_delay=1.0e-9 enable_delay=1.0e-9 set_delay=1.0e-9 reset_delay=1.0e-9 ic=0 data_load=1.0e-12 enable_load=1.0e-12 set_load=1.0e-12 reset_load=1.0e-12 rise_delay=1.0e-9 fall_delay=1.0e-9 ) 
* Schematic Name:                             d_and, Ngspice Name: d_and
.model u71 d_and(rise_delay=1.0e-9 fall_delay=1.0e-9 input_load=1.0e-12 ) 
* Schematic Name:                             d_and, Ngspice Name: d_and
.model u70 d_and(rise_delay=1.0e-9 fall_delay=1.0e-9 input_load=1.0e-12 ) 
* Schematic Name:                             d_dlatch, Ngspice Name: d_dlatch
.model u59 d_dlatch(data_delay=1.0e-9 enable_delay=1.0e-9 set_delay=1.0e-9 reset_delay=1.0e-9 ic=0 data_load=1.0e-12 enable_load=1.0e-12 set_load=1.0e-12 reset_load=1.0e-12 rise_delay=1.0e-9 fall_delay=1.0e-9 ) 
* Schematic Name:                             d_and, Ngspice Name: d_and
.model u62 d_and(rise_delay=1.0e-9 fall_delay=1.0e-9 input_load=1.0e-12 ) 
* Schematic Name:                             d_inverter, Ngspice Name: d_inverter
.model u53 d_inverter(rise_delay=1.0e-9 fall_delay=1.0e-9 input_load=1.0e-12 ) 
* Schematic Name:                             d_and, Ngspice Name: d_and
.model u48 d_and(rise_delay=1.0e-9 fall_delay=1.0e-9 input_load=1.0e-12 ) 
* Schematic Name:                             d_and, Ngspice Name: d_and
.model u47 d_and(rise_delay=1.0e-9 fall_delay=1.0e-9 input_load=1.0e-12 ) 
* Schematic Name:                             d_and, Ngspice Name: d_and
.model u22 d_and(rise_delay=1.0e-9 fall_delay=1.0e-9 input_load=1.0e-12 ) 
* Schematic Name:                             d_and, Ngspice Name: d_and
.model u35 d_and(rise_delay=1.0e-9 fall_delay=1.0e-9 input_load=1.0e-12 ) 
* Schematic Name:                             d_and, Ngspice Name: d_and
.model u34 d_and(rise_delay=1.0e-9 fall_delay=1.0e-9 input_load=1.0e-12 ) 
* Schematic Name:                             d_and, Ngspice Name: d_and
.model u18 d_and(rise_delay=1.0e-9 fall_delay=1.0e-9 input_load=1.0e-12 ) 
* Schematic Name:                             d_and, Ngspice Name: d_and
.model u19 d_and(rise_delay=1.0e-9 fall_delay=1.0e-9 input_load=1.0e-12 ) 
* Schematic Name:                             d_and, Ngspice Name: d_and
.model u39 d_and(rise_delay=1.0e-9 fall_delay=1.0e-9 input_load=1.0e-12 ) 
* Schematic Name:                             d_and, Ngspice Name: d_and
.model u38 d_and(rise_delay=1.0e-9 fall_delay=1.0e-9 input_load=1.0e-12 ) 
* Schematic Name:                             d_and, Ngspice Name: d_and
.model u33 d_and(rise_delay=1.0e-9 fall_delay=1.0e-9 input_load=1.0e-12 ) 
* Schematic Name:                             d_and, Ngspice Name: d_and
.model u30 d_and(rise_delay=1.0e-9 fall_delay=1.0e-9 input_load=1.0e-12 ) 
* Schematic Name:                             d_and, Ngspice Name: d_and
.model u15 d_and(rise_delay=1.0e-9 fall_delay=1.0e-9 input_load=1.0e-12 ) 
* Schematic Name:                             d_and, Ngspice Name: d_and
.model u14 d_and(rise_delay=1.0e-9 fall_delay=1.0e-9 input_load=1.0e-12 ) 
* Schematic Name:                             d_and, Ngspice Name: d_and
.model u31 d_and(rise_delay=1.0e-9 fall_delay=1.0e-9 input_load=1.0e-12 ) 
* Schematic Name:                             d_and, Ngspice Name: d_and
.model u32 d_and(rise_delay=1.0e-9 fall_delay=1.0e-9 input_load=1.0e-12 ) 
* Schematic Name:                             d_and, Ngspice Name: d_and
.model u17 d_and(rise_delay=1.0e-9 fall_delay=1.0e-9 input_load=1.0e-12 ) 
* Schematic Name:                             d_and, Ngspice Name: d_and
.model u16 d_and(rise_delay=1.0e-9 fall_delay=1.0e-9 input_load=1.0e-12 ) 
* Schematic Name:                             d_and, Ngspice Name: d_and
.model u45 d_and(rise_delay=1.0e-9 fall_delay=1.0e-9 input_load=1.0e-12 ) 
* Schematic Name:                             d_and, Ngspice Name: d_and
.model u24 d_and(rise_delay=1.0e-9 fall_delay=1.0e-9 input_load=1.0e-12 ) 
* Schematic Name:                             d_and, Ngspice Name: d_and
.model u41 d_and(rise_delay=1.0e-9 fall_delay=1.0e-9 input_load=1.0e-12 ) 
* Schematic Name:                             d_and, Ngspice Name: d_and
.model u44 d_and(rise_delay=1.0e-9 fall_delay=1.0e-9 input_load=1.0e-12 ) 
* Schematic Name:                             d_inverter, Ngspice Name: d_inverter
.model u98 d_inverter(rise_delay=1.0e-9 fall_delay=1.0e-9 input_load=1.0e-12 ) 
* Schematic Name:                             d_inverter, Ngspice Name: d_inverter
.model u99 d_inverter(rise_delay=1.0e-9 fall_delay=1.0e-9 input_load=1.0e-12 ) 
* Schematic Name:                             d_and, Ngspice Name: d_and
.model u95 d_and(rise_delay=1.0e-9 fall_delay=1.0e-9 input_load=1.0e-12 ) 
* Schematic Name:                             d_inverter, Ngspice Name: d_inverter
.model u88 d_inverter(rise_delay=1.0e-9 fall_delay=1.0e-9 input_load=1.0e-12 ) 
* Schematic Name:                             adc_bridge_1, Ngspice Name: adc_bridge
.model u100 adc_bridge(in_low=1.0 in_high=2.0 rise_delay=1.0e-9 fall_delay=1.0e-9 ) 
* Schematic Name:                             d_and, Ngspice Name: d_and
.model u79 d_and(rise_delay=1.0e-9 fall_delay=1.0e-9 input_load=1.0e-12 ) 
* Schematic Name:                             d_dlatch, Ngspice Name: d_dlatch
.model u75 d_dlatch(data_delay=1.0e-9 enable_delay=1.0e-9 set_delay=1.0e-9 reset_delay=1.0e-9 ic=0 data_load=1.0e-12 enable_load=1.0e-12 set_load=1.0e-12 reset_load=1.0e-12 rise_delay=1.0e-9 fall_delay=1.0e-9 ) 
* Schematic Name:                             d_and, Ngspice Name: d_and
.model u87 d_and(rise_delay=1.0e-9 fall_delay=1.0e-9 input_load=1.0e-12 ) 
* Schematic Name:                             d_dlatch, Ngspice Name: d_dlatch
.model u80 d_dlatch(data_delay=1.0e-9 enable_delay=1.0e-9 set_delay=1.0e-9 reset_delay=1.0e-9 ic=0 data_load=1.0e-12 enable_load=1.0e-12 set_load=1.0e-12 reset_load=1.0e-12 rise_delay=1.0e-9 fall_delay=1.0e-9 ) 
* Schematic Name:                             d_and, Ngspice Name: d_and
.model u84 d_and(rise_delay=1.0e-9 fall_delay=1.0e-9 input_load=1.0e-12 ) 
* Schematic Name:                             d_dlatch, Ngspice Name: d_dlatch
.model u81 d_dlatch(data_delay=1.0e-9 enable_delay=1.0e-9 set_delay=1.0e-9 reset_delay=1.0e-9 ic=0 data_load=1.0e-12 enable_load=1.0e-12 set_load=1.0e-12 reset_load=1.0e-12 rise_delay=1.0e-9 fall_delay=1.0e-9 ) 
* Schematic Name:                             d_dlatch, Ngspice Name: d_dlatch
.model u82 d_dlatch(data_delay=1.0e-9 enable_delay=1.0e-9 set_delay=1.0e-9 reset_delay=1.0e-9 ic=0 data_load=1.0e-12 enable_load=1.0e-12 set_load=1.0e-12 reset_load=1.0e-12 rise_delay=1.0e-9 fall_delay=1.0e-9 ) 
* Schematic Name:                             d_and, Ngspice Name: d_and
.model u86 d_and(rise_delay=1.0e-9 fall_delay=1.0e-9 input_load=1.0e-12 ) 
* Schematic Name:                             d_dlatch, Ngspice Name: d_dlatch
.model u83 d_dlatch(data_delay=1.0e-9 enable_delay=1.0e-9 set_delay=1.0e-9 reset_delay=1.0e-9 ic=0 data_load=1.0e-12 enable_load=1.0e-12 set_load=1.0e-12 reset_load=1.0e-12 rise_delay=1.0e-9 fall_delay=1.0e-9 ) 
* Schematic Name:                             d_inverter, Ngspice Name: d_inverter
.model u97 d_inverter(rise_delay=1.0e-9 fall_delay=1.0e-9 input_load=1.0e-12 ) 
* Schematic Name:                             d_inverter, Ngspice Name: d_inverter
.model u93 d_inverter(rise_delay=1.0e-9 fall_delay=1.0e-9 input_load=1.0e-12 ) 
* Schematic Name:                             d_and, Ngspice Name: d_and
.model u94 d_and(rise_delay=1.0e-9 fall_delay=1.0e-9 input_load=1.0e-12 ) 
* Schematic Name:                             d_inverter, Ngspice Name: d_inverter
.model u96 d_inverter(rise_delay=1.0e-9 fall_delay=1.0e-9 input_load=1.0e-12 ) 
* Schematic Name:                             d_and, Ngspice Name: d_and
.model u92 d_and(rise_delay=1.0e-9 fall_delay=1.0e-9 input_load=1.0e-12 ) 
* Schematic Name:                             d_and, Ngspice Name: d_and
.model u85 d_and(rise_delay=1.0e-9 fall_delay=1.0e-9 input_load=1.0e-12 ) 
* Schematic Name:                             d_and, Ngspice Name: d_and
.model u90 d_and(rise_delay=1.0e-9 fall_delay=1.0e-9 input_load=1.0e-12 ) 
* Schematic Name:                             d_inverter, Ngspice Name: d_inverter
.model u89 d_inverter(rise_delay=1.0e-9 fall_delay=1.0e-9 input_load=1.0e-12 ) 
* Schematic Name:                             d_inverter, Ngspice Name: d_inverter
.model u91 d_inverter(rise_delay=1.0e-9 fall_delay=1.0e-9 input_load=1.0e-12 ) 
* Schematic Name:                             d_xor, Ngspice Name: d_xor
.model u10 d_xor(rise_delay=1.0e-9 fall_delay=1.0e-9 input_load=1.0e-12 ) 
* Schematic Name:                             d_xor, Ngspice Name: d_xor
.model u6 d_xor(rise_delay=1.0e-9 fall_delay=1.0e-9 input_load=1.0e-12 ) 
* Schematic Name:                             d_xor, Ngspice Name: d_xor
.model u8 d_xor(rise_delay=1.0e-9 fall_delay=1.0e-9 input_load=1.0e-12 ) 
* Schematic Name:                             d_xor, Ngspice Name: d_xor
.model u9 d_xor(rise_delay=1.0e-9 fall_delay=1.0e-9 input_load=1.0e-12 ) 
* Schematic Name:                             d_xor, Ngspice Name: d_xor
.model u7 d_xor(rise_delay=1.0e-9 fall_delay=1.0e-9 input_load=1.0e-12 ) 
* Schematic Name:                             d_xor, Ngspice Name: d_xor
.model u5 d_xor(rise_delay=1.0e-9 fall_delay=1.0e-9 input_load=1.0e-12 ) 
* Schematic Name:                             d_and, Ngspice Name: d_and
.model u40 d_and(rise_delay=1.0e-9 fall_delay=1.0e-9 input_load=1.0e-12 ) 
* Schematic Name:                             d_and, Ngspice Name: d_and
.model u23 d_and(rise_delay=1.0e-9 fall_delay=1.0e-9 input_load=1.0e-12 ) 
* Schematic Name:                             d_xor, Ngspice Name: d_xor
.model u2 d_xor(rise_delay=1.0e-9 fall_delay=1.0e-9 input_load=1.0e-12 ) 
* Schematic Name:                             d_xor, Ngspice Name: d_xor
.model u4 d_xor(rise_delay=1.0e-9 fall_delay=1.0e-9 input_load=1.0e-12 ) 
* Schematic Name:                             d_xor, Ngspice Name: d_xor
.model u3 d_xor(rise_delay=1.0e-9 fall_delay=1.0e-9 input_load=1.0e-12 ) 
* Schematic Name:                             d_and, Ngspice Name: d_and
.model u29 d_and(rise_delay=1.0e-9 fall_delay=1.0e-9 input_load=1.0e-12 ) 
* Schematic Name:                             d_and, Ngspice Name: d_and
.model u25 d_and(rise_delay=1.0e-9 fall_delay=1.0e-9 input_load=1.0e-12 ) 
* Schematic Name:                             d_and, Ngspice Name: d_and
.model u28 d_and(rise_delay=1.0e-9 fall_delay=1.0e-9 input_load=1.0e-12 ) 
* Schematic Name:                             d_xor, Ngspice Name: d_xor
.model u12 d_xor(rise_delay=1.0e-9 fall_delay=1.0e-9 input_load=1.0e-12 ) 
* Schematic Name:                             d_xor, Ngspice Name: d_xor
.model u11 d_xor(rise_delay=1.0e-9 fall_delay=1.0e-9 input_load=1.0e-12 ) 
* Schematic Name:                             d_xor, Ngspice Name: d_xor
.model u13 d_xor(rise_delay=1.0e-9 fall_delay=1.0e-9 input_load=1.0e-12 ) 
* Schematic Name:                             d_and, Ngspice Name: d_and
.model u27 d_and(rise_delay=1.0e-9 fall_delay=1.0e-9 input_load=1.0e-12 ) 
* Schematic Name:                             d_and, Ngspice Name: d_and
.model u42 d_and(rise_delay=1.0e-9 fall_delay=1.0e-9 input_load=1.0e-12 ) 
* Schematic Name:                             d_and, Ngspice Name: d_and
.model u36 d_and(rise_delay=1.0e-9 fall_delay=1.0e-9 input_load=1.0e-12 ) 
* Schematic Name:                             d_and, Ngspice Name: d_and
.model u37 d_and(rise_delay=1.0e-9 fall_delay=1.0e-9 input_load=1.0e-12 ) 
* Schematic Name:                             d_and, Ngspice Name: d_and
.model u43 d_and(rise_delay=1.0e-9 fall_delay=1.0e-9 input_load=1.0e-12 ) 
* Schematic Name:                             d_and, Ngspice Name: d_and
.model u26 d_and(rise_delay=1.0e-9 fall_delay=1.0e-9 input_load=1.0e-12 ) 
* Schematic Name:                             d_and, Ngspice Name: d_and
.model u21 d_and(rise_delay=1.0e-9 fall_delay=1.0e-9 input_load=1.0e-12 ) 
* Schematic Name:                             d_and, Ngspice Name: d_and
.model u20 d_and(rise_delay=1.0e-9 fall_delay=1.0e-9 input_load=1.0e-12 ) 
.tran 0e-00 0e-00 0e-00

* Control Statements 
.control
run
print allv > plot_data_v.txt
print alli > plot_data_i.txt
.endc
.end
