* c:\fossee\esim\library\subcircuitlibrary\ic_lm386\ic_lm386.cir

.include PNP.lib
.include NPN.lib
.include D.lib
r1  net-_q9-pad1_ net-_r1-pad2_ 15k
r2  net-_r1-pad2_ net-_q2-pad3_ 15k
r3  net-_q2-pad3_ net-_r3-pad2_ 150
r4  net-_r3-pad2_ net-_q5-pad3_ 1.35k
r5  net-_q5-pad3_ net-_d1-pad2_ 15k
q2 net-_q2-pad1_ net-_q1-pad3_ net-_q2-pad3_ Q2N2907A
q1 net-_q1-pad1_ net-_q1-pad2_ net-_q1-pad3_ Q2N2907A
q5 net-_q4-pad1_ net-_q5-pad2_ net-_q5-pad3_ Q2N2907A
q6 net-_q1-pad1_ net-_q6-pad2_ net-_q5-pad2_ Q2N2907A
q3 net-_q2-pad1_ net-_q2-pad1_ net-_q1-pad1_ Q2N2222
q4 net-_q4-pad1_ net-_q2-pad1_ net-_q1-pad1_ Q2N2222
d1 net-_d1-pad1_ net-_d1-pad2_ 1N4148
d2 net-_d1-pad2_ net-_d2-pad2_ 1N4148
q7 net-_d2-pad2_ net-_q4-pad1_ net-_q1-pad1_ Q2N2222
q8 net-_q10-pad2_ net-_d2-pad2_ net-_d1-pad2_ Q2N2907A
q9 net-_q9-pad1_ net-_d1-pad1_ net-_d1-pad2_ Q2N2222
q10 net-_d1-pad2_ net-_q10-pad2_ net-_q1-pad1_ Q2N2222
r6  net-_q6-pad2_ net-_q1-pad1_ 50k
r7  net-_q9-pad1_ net-_d1-pad1_ 5k
* u1  net-_q1-pad2_ net-_r1-pad2_ net-_r3-pad2_ net-_q5-pad3_ net-_q6-pad2_ net-_q9-pad1_ net-_d1-pad2_ net-_q1-pad1_ port
.tran 0e-00 0e-00 0e-00

* Control Statements 
.control
run
print allv > plot_data_v.txt
print alli > plot_data_i.txt
.endc
.end
