* c:\fossee\esim\library\subcircuitlibrary\mmc4011\mmc4011.cir

.include PMOS-5um.lib
.include NMOS-5um.lib
m2 net-_m1-pad1_ /a /vdd /vdd mos_p W=40u L=5u M=1
m1 net-_m1-pad1_ /a /vss /vss mos_n W=100u L=100u M=1
m6 net-_m11-pad2_ /b /vdd /vdd mos_p W=100u L=100u M=1
m5 net-_m11-pad2_ /b /vss /vss mos_n W=100u L=100u M=1
m9 net-_m11-pad1_ net-_m1-pad1_ /vss /vss mos_n W=100u L=100u M=1
m12 net-_m12-pad1_ net-_m1-pad1_ /vdd /vdd mos_p W=100u L=100u M=1
m13 net-_m11-pad1_ net-_m11-pad2_ net-_m12-pad1_ /vdd mos_p W=100u L=100u M=1
m11 net-_m11-pad1_ net-_m11-pad2_ /vss /vss mos_n W=100u L=100u M=1
m18 /j net-_m11-pad1_ /vdd /vdd mos_p W=100u L=100u M=1
* u1  /a /b /j /k /c /d /vss /e /f /l /m /g /h /vdd port
m17 /j net-_m11-pad1_ /vss /vss mos_n W=100u L=100u M=1
m22 net-_m21-pad1_ /c /vdd /vdd mos_p W=100u L=100u M=1
m21 net-_m21-pad1_ /c /vss /vss mos_n W=100u L=100u M=1
m26 net-_m25-pad1_ /d /vdd /vdd mos_p W=100u L=100u M=1
m25 net-_m25-pad1_ /d /vss /vss mos_n W=100u L=100u M=1
m29 net-_m29-pad1_ net-_m21-pad1_ /vss /vss mos_n W=100u L=100u M=1
m32 net-_m32-pad1_ net-_m21-pad1_ /vdd /vdd mos_p W=100u L=100u M=1
m33 net-_m29-pad1_ net-_m25-pad1_ net-_m32-pad1_ /vdd mos_p W=100u L=100u M=1
m31 net-_m29-pad1_ net-_m25-pad1_ /vss /vss mos_n W=100u L=100u M=1
m38 /k net-_m29-pad1_ /vdd /vdd mos_p W=100u L=100u M=1
m37 /k net-_m29-pad1_ /vss /vss mos_n W=100u L=100u M=1
m4 net-_m10-pad2_ /e /vdd /vdd mos_p W=100u L=100u M=1
m3 net-_m10-pad2_ /e /vss /vss mos_n W=100u L=100u M=1
m8 net-_m14-pad2_ /f /vdd /vdd mos_p W=100u L=100u M=1
m7 net-_m14-pad2_ /f /vss /vss mos_n W=100u L=100u M=1
m10 net-_m10-pad1_ net-_m10-pad2_ /vss /vss mos_n W=100u L=100u M=1
m15 net-_m15-pad1_ net-_m10-pad2_ /vdd /vdd mos_p W=100u L=100u M=1
m16 net-_m10-pad1_ net-_m14-pad2_ net-_m15-pad1_ /vdd mos_p W=100u L=100u M=1
m14 net-_m10-pad1_ net-_m14-pad2_ /vss /vss mos_n W=100u L=100u M=1
m20 /l net-_m10-pad1_ /vdd /vdd mos_p W=100u L=100u M=1
m19 /l net-_m10-pad1_ /vss /vss mos_n W=100u L=100u M=1
m24 net-_m23-pad1_ /g /vdd /vdd mos_p W=100u L=100u M=1
m23 net-_m23-pad1_ /g /vss /vss mos_n W=100u L=100u M=1
m28 net-_m27-pad1_ /h /vdd /vdd mos_p W=100u L=100u M=1
m27 net-_m27-pad1_ /h /vss /vss mos_n W=100u L=100u M=1
m30 net-_m30-pad1_ net-_m23-pad1_ /vss /vss mos_n W=100u L=100u M=1
m35 net-_m35-pad1_ net-_m23-pad1_ /vdd /vdd mos_p W=100u L=100u M=1
m36 net-_m30-pad1_ net-_m27-pad1_ net-_m35-pad1_ /vdd mos_p W=100u L=100u M=1
m34 net-_m30-pad1_ net-_m27-pad1_ /vss /vss mos_n W=100u L=100u M=1
m40 /m net-_m30-pad1_ /vdd /vdd mos_p W=100u L=100u M=1
m39 /m net-_m30-pad1_ /vss /vss mos_n W=100u L=100u M=1
.tran 0e-00 0e-00 0e-00

* Control Statements 
.control
run
print allv > plot_data_v.txt
print alli > plot_data_i.txt
.endc
.end
