* d:\fossee\esim\library\subcircuitlibrary\lm140l_ic\lm140l_ic.cir

.include NJF.lib
.include NPN.lib
.include PNP.lib
r1  net-_j1-pad1_ net-_q2-pad3_ 418
j1 net-_j1-pad1_ net-_j1-pad2_ net-_j1-pad3_ J2N3819
* u1  net-_j1-pad2_ net-_j1-pad3_ zener
q1 net-_q1-pad1_ net-_j1-pad3_ net-_q1-pad3_ Q2N2222
q2 net-_q1-pad3_ net-_q1-pad1_ net-_q2-pad3_ Q2N2907A
* u2  net-_j1-pad2_ net-_q1-pad3_ zener
q3 net-_q1-pad1_ net-_q1-pad1_ net-_j1-pad1_ Q2N2907A
q7 net-_q11-pad3_ net-_q1-pad1_ net-_j1-pad1_ Q2N2907A
q4 net-_q1-pad1_ net-_q1-pad3_ net-_q4-pad3_ Q2N2222
r2  net-_q4-pad3_ net-_q8-pad2_ 576
r3  net-_q8-pad2_ net-_r3-pad2_ 3.41k
r4  net-_r3-pad2_ net-_q10-pad2_ 3.89k
q5 net-_q10-pad2_ net-_q10-pad2_ net-_q5-pad3_ Q2N2222
q6 net-_q5-pad3_ net-_q5-pad3_ net-_j1-pad2_ Q2N2222
* u3  net-_r10-pad1_ net-_j1-pad1_ zener
r10  net-_r10-pad1_ net-_r10-pad2_ 5k
* u4  net-_q13-pad2_ net-_r10-pad2_ zener
q15 net-_j1-pad1_ net-_q11-pad3_ net-_q12-pad1_ Q2N2222
q9 net-_q11-pad3_ net-_q8-pad1_ net-_j1-pad2_ Q2N2222
q8 net-_q8-pad1_ net-_q8-pad2_ net-_q4-pad3_ Q2N2907A
r5  net-_q8-pad1_ net-_j1-pad2_ 7.8k
q16 net-_j1-pad1_ net-_q12-pad1_ net-_q16-pad3_ Q2N2222
q12 net-_q12-pad1_ net-_q12-pad2_ net-_q10-pad1_ Q2N2222
r6  net-_q12-pad2_ net-_r3-pad2_ 13k
q11 net-_j1-pad2_ net-_c1-pad1_ net-_q11-pad3_ Q2N2907A
r8  net-_q11-pad3_ net-_c1-pad1_ 5.76k
q14 net-_c1-pad1_ net-_c1-pad2_ net-_q10-pad1_ Q2N2222
q10 net-_q10-pad1_ net-_q10-pad2_ net-_q10-pad3_ Q2N2222
r7  net-_q10-pad3_ net-_j1-pad2_ 2.84k
r9  net-_q13-pad3_ net-_r13-pad2_ 100
r14  net-_q16-pad3_ net-_r13-pad2_ 1.9
r13  net-_q12-pad1_ net-_r13-pad2_ 2.5k
r11  net-_q16-pad3_ net-_q13-pad2_ 100
r15  net-_r13-pad2_ net-_r12-pad1_ 1.5k
r12  net-_r12-pad1_ net-_c1-pad2_ 15k
c1  net-_c1-pad1_ net-_c1-pad2_ 5u
r16  net-_r12-pad1_ net-_j1-pad2_ 2.23k
q13 net-_q11-pad3_ net-_q13-pad2_ net-_q13-pad3_ Q2N2222
* u5  net-_j1-pad1_ net-_r13-pad2_ net-_j1-pad2_ port
a1 net-_j1-pad2_ net-_j1-pad3_ u1
a2 net-_j1-pad2_ net-_q1-pad3_ u2
a3 net-_r10-pad1_ net-_j1-pad1_ u3
a4 net-_q13-pad2_ net-_r10-pad2_ u4
* Schematic Name:                             zener, NgSpice Name: zener
.model u1 zener(v_breakdown=5.6 i_breakdown=2.0e-2 i_sat=1.0e-12 n_forward=1.0 limit_switch=FALSE ) 
* Schematic Name:                             zener, NgSpice Name: zener
.model u2 zener(v_breakdown=5.6 i_breakdown=2.0e-2 i_sat=1.0e-12 n_forward=1.0 limit_switch=FALSE ) 
* Schematic Name:                             zener, NgSpice Name: zener
.model u3 zener(v_breakdown=5.6 i_breakdown=2.0e-2 i_sat=1.0e-12 n_forward=1.0 limit_switch=FALSE ) 
* Schematic Name:                             zener, NgSpice Name: zener
.model u4 zener(v_breakdown=5.6 i_breakdown=2.0e-2 i_sat=1.0e-12 n_forward=1.0 limit_switch=FALSE ) 
.tran 0e-00 0e-00 0e-00

* Control Statements 
.control
run
print allv > plot_data_v.txt
print alli > plot_data_i.txt
.endc
.end
