* c:\fossee\esim\library\subcircuitlibrary\sda12\sda12.cir

.include D.lib
d1 net-_d1-pad1_ net-_d1-pad2_ 1N4148
d3 net-_d3-pad1_ net-_d1-pad2_ 1N4148
d5 net-_d5-pad1_ net-_d1-pad2_ 1N4148
d7 net-_d7-pad1_ net-_d1-pad2_ 1N4148
d9 net-_d10-pad2_ net-_d1-pad2_ 1N4148
d11 net-_d11-pad1_ net-_d1-pad2_ 1N4148
d2 net-_d10-pad1_ net-_d1-pad1_ 1N4148
d4 net-_d10-pad1_ net-_d3-pad1_ 1N4148
d6 net-_d10-pad1_ net-_d5-pad1_ 1N4148
d8 net-_d10-pad1_ net-_d7-pad1_ 1N4148
d10 net-_d10-pad1_ net-_d10-pad2_ 1N4148
d12 net-_d10-pad1_ net-_d11-pad1_ 1N4148
* u1  net-_d1-pad2_ net-_d1-pad1_ net-_d3-pad1_ net-_d5-pad1_ net-_d10-pad1_ net-_d7-pad1_ net-_d10-pad2_ net-_d11-pad1_ port
.tran 0e-00 0e-00 0e-00

* Control Statements 
.control
run
print allv > plot_data_v.txt
print alli > plot_data_i.txt
.endc
.end
