* c:\fossee\esim\library\subcircuitlibrary\ca3160a\ca3160a.cir

.include NPN.lib
.include PMOS-5um.lib
.include NMOS-5um.lib
.include schottky.lib
d2 net-_d1-pad2_ net-_d2-pad2_ 1N5819
d3 net-_d2-pad2_ net-_d3-pad2_ 1N5819
d4 net-_d3-pad2_ net-_d4-pad2_ 1N5819
r2  net-_r2-pad1_ net-_d4-pad2_ 40k
* u2  net-_r2-pad1_ net-_r1-pad2_ zener
r3  net-_r2-pad1_ net-_m8-pad3_ 5k
m1 net-_d1-pad1_ net-_d1-pad1_ net-_m1-pad3_ net-_m1-pad3_ mos_p W=100u L=100u M=1
m3 net-_m3-pad1_ net-_d1-pad1_ net-_m1-pad3_ net-_m1-pad3_ mos_p W=100u L=100u M=1
m4 net-_m2-pad3_ net-_d4-pad2_ net-_m3-pad1_ net-_m3-pad1_ mos_p W=100u L=100u M=1
m6 net-_m6-pad1_ net-_d1-pad1_ net-_m1-pad3_ net-_m1-pad3_ mos_p W=100u L=100u M=1
m7 net-_m7-pad1_ net-_d4-pad2_ net-_m6-pad1_ net-_m6-pad1_ mos_p W=100u L=100u M=1
m2 net-_m2-pad1_ net-_m2-pad2_ net-_m2-pad3_ net-_m2-pad3_ mos_p W=100u L=100u M=1
m5 net-_m5-pad1_ net-_m5-pad2_ net-_m2-pad3_ net-_m2-pad3_ mos_p W=100u L=100u M=1
r5  net-_m2-pad1_ net-_q1-pad1_ 1k
r7  net-_m5-pad1_ net-_c1-pad2_ 1k
q1 net-_q1-pad1_ net-_m2-pad1_ net-_q1-pad3_ Q2N2222
q2 net-_c1-pad2_ net-_m2-pad1_ net-_q2-pad3_ Q2N2222
r6  net-_q1-pad3_ net-_m8-pad3_ 1k
r8  net-_q2-pad3_ net-_m8-pad3_ 1k
q3 net-_m7-pad1_ net-_c1-pad2_ net-_m8-pad3_ Q2N2222
m8 net-_m8-pad1_ net-_m7-pad1_ net-_m8-pad3_ net-_m8-pad3_ mos_n W=100u L=100u M=1
m9 net-_m8-pad1_ net-_m7-pad1_ net-_m1-pad3_ net-_m1-pad3_ mos_p W=100u L=100u M=1
* u3  net-_r4-pad2_ net-_m2-pad2_ zener
* u4  net-_r4-pad1_ net-_m2-pad3_ zener
r4  net-_r4-pad1_ net-_r4-pad2_ 10
r1  net-_m1-pad3_ net-_r1-pad2_ 10
d1 net-_d1-pad1_ net-_d1-pad2_ 1N5819
* u5  net-_r4-pad1_ net-_m5-pad2_ zener
r9  net-_m7-pad1_ net-_c1-pad1_ 2k
c1  net-_c1-pad1_ net-_c1-pad2_ 30p
* u1  net-_m2-pad2_ net-_m5-pad2_ net-_q1-pad3_ net-_q2-pad3_ net-_m7-pad1_ net-_m8-pad3_ net-_m8-pad1_ net-_m1-pad3_ port
a1 net-_r2-pad1_ net-_r1-pad2_ u2
a2 net-_r4-pad2_ net-_m2-pad2_ u3
a3 net-_r4-pad1_ net-_m2-pad3_ u4
a4 net-_r4-pad1_ net-_m5-pad2_ u5
* Schematic Name:                             zener, NgSpice Name: zener
.model u2 zener(v_breakdown=8.3 i_breakdown=20.0e-3 i_sat=1.0e-12 n_forward=1.0 limit_switch=FALSE ) 
* Schematic Name:                             zener, NgSpice Name: zener
.model u3 zener(v_breakdown=5.6 i_breakdown=20.0e-3 i_sat=1.0e-12 n_forward=1.0 limit_switch=FALSE ) 
* Schematic Name:                             zener, NgSpice Name: zener
.model u4 zener(v_breakdown=5.6 i_breakdown=20.0e-3 i_sat=1.0e-12 n_forward=1.0 limit_switch=FALSE ) 
* Schematic Name:                             zener, NgSpice Name: zener
.model u5 zener(v_breakdown=5.6 i_breakdown=20.0e-3 i_sat=1.0e-12 n_forward=1.0 limit_switch=FALSE ) 
.tran 0e-00 0e-00 0e-00

* Control Statements 
.control
run
print allv > plot_data_v.txt
print alli > plot_data_i.txt
.endc
.end
