.title kicad schematic

.include sn74ls181_ic.sub
* u9 b2 plot_v1
* u3 b0 plot_v1
* u6 b1 plot_v1
* u13 a0 a1 a2 a3 net-_u13-pad5_ net-_u13-pad6_ net-_u13-pad7_ net-_u13-pad8_ adc_bridge_4
* u8 a2 plot_v1
* u11 a3 plot_v1
v7 a2 gnd 5
v4 a1 gnd 0
v10 a3 gnd 5
v1 a0 gnd 0
* u5 a1 plot_v1
* u2 a0 plot_v1
* u15 s0 s1 s2 s3 net-_u15-pad5_ net-_u15-pad6_ net-_u15-pad7_ net-_u15-pad8_ adc_bridge_4
v11 b3 gnd 0
* u14 b0 b1 b2 b3 net-_u14-pad5_ net-_u14-pad6_ net-_u14-pad7_ net-_u14-pad8_ adc_bridge_4
* u10 s3 plot_v1
* u12 b3 plot_v1
v6 s1 gnd 0
v3 s0 gnd 5
v9 s2 gnd 0
v12 s3 gnd 5
* u7 s2 plot_v1
* u4 s1 plot_v1
* u1 s0 plot_v1
v5 b1 gnd 5
v8 b2 gnd 0
v2 b0 gnd 5
* u18 net-_u18-pad1_ net-_u18-pad2_ net-_u18-pad3_ net-_u18-pad4_ f0 f1 f2 f3 dac_bridge_4
r2 unconnected-_r2-pad1_ ca 1k
* u19 net-_u19-pad1_ ca dac_bridge_1
* u22 ca plot_v1
r4 gnd f1 1k
r5 gnd f0 1k
r1 gnd f3 1k
r3 gnd f2 1k
x1 net-_u14-pad5_ net-_u13-pad5_ net-_u15-pad8_ net-_u15-pad7_ net-_u15-pad6_ net-_u15-pad5_ net-_u17-pad2_ net-_u16-pad2_ net-_u18-pad1_ net-_u18-pad2_ net-_u18-pad3_ unconnected-_x1-pad12_ net-_u18-pad4_ unconnected-_x1-pad14_ unconnected-_x1-pad15_ net-_u19-pad1_ unconnected-_x1-pad17_ net-_u14-pad8_ net-_u13-pad8_ net-_u14-pad7_ net-_u13-pad7_ net-_u14-pad6_ net-_u13-pad6_ unconnected-_x1-pad24_ sn74ls181_ic
* u16 m net-_u16-pad2_ adc_bridge_1
* u17 net-_u17-pad1_ net-_u17-pad2_ adc_bridge_1
v14 m gnd 0
v13 net-_u17-pad1_ gnd 5
* u21 f2 plot_v1
* u24 f0 plot_v1
* u23 f1 plot_v1
* u20 f3 plot_v1
a1 [a0 a1 a2 a3 ] [net-_u13-pad5_ net-_u13-pad6_ net-_u13-pad7_ net-_u13-pad8_ ] u13
a2 [s0 s1 s2 s3 ] [net-_u15-pad5_ net-_u15-pad6_ net-_u15-pad7_ net-_u15-pad8_ ] u15
a3 [b0 b1 b2 b3 ] [net-_u14-pad5_ net-_u14-pad6_ net-_u14-pad7_ net-_u14-pad8_ ] u14
a4 [net-_u18-pad1_ net-_u18-pad2_ net-_u18-pad3_ net-_u18-pad4_ ] [f0 f1 f2 f3 ] u18
a5 [net-_u19-pad1_ ] [ca ] u19
a6 [m ] [net-_u16-pad2_ ] u16
a7 [net-_u17-pad1_ ] [net-_u17-pad2_ ] u17
* Schematic Name:                             adc_bridge_4, Ngspice Name: adc_bridge
.model u13 adc_bridge(in_low=1.0 in_high=2.0 rise_delay=1.0e-9 fall_delay=1.0e-9 ) 
* Schematic Name:                             adc_bridge_4, Ngspice Name: adc_bridge
.model u15 adc_bridge(in_low=1.0 in_high=2.0 rise_delay=1.0e-9 fall_delay=1.0e-9 ) 
* Schematic Name:                             adc_bridge_4, Ngspice Name: adc_bridge
.model u14 adc_bridge(in_low=1.0 in_high=2.0 rise_delay=1.0e-9 fall_delay=1.0e-9 ) 
* Schematic Name:                             dac_bridge_4, Ngspice Name: dac_bridge
.model u18 dac_bridge(out_low=0.0 out_high=5.0 out_undef=0.5 input_load=1.0e-12 t_rise=1.0e-9 t_fall=1.0e-9 ) 
* Schematic Name:                             dac_bridge_1, Ngspice Name: dac_bridge
.model u19 dac_bridge(out_low=0.0 out_high=5.0 out_undef=0.5 input_load=1.0e-12 t_rise=1.0e-9 t_fall=1.0e-9 ) 
* Schematic Name:                             adc_bridge_1, Ngspice Name: adc_bridge
.model u16 adc_bridge(in_low=1.0 in_high=2.0 rise_delay=1.0e-9 fall_delay=1.0e-9 ) 
* Schematic Name:                             adc_bridge_1, Ngspice Name: adc_bridge
.model u17 adc_bridge(in_low=1.0 in_high=2.0 rise_delay=1.0e-9 fall_delay=1.0e-9 ) 
.tran 500e-06 50e-03 0e-00

* Control Statements 
.control
run
print allv > plot_data_v.txt
print alli > plot_data_i.txt
plot v(b2)
plot v(b0)
plot v(b1)
plot v(a2)
plot v(a3)
plot v(a1)
plot v(a0)
plot v(s3)
plot v(b3)
plot v(s2)
plot v(s1)
plot v(s0)
plot v(ca)
plot v(f2)
plot v(f0)
plot v(f1)
plot v(f3)
.endc
.end
