.title kicad schematic

* u102 net-_u102-pad1_ net-_u102-pad2_ net-_u102-pad3_ d_or
* u105 net-_u102-pad3_ net-_u105-pad2_ d_inverter
* u98 net-_u93-pad3_ net-_u108-pad1_ d_inverter
* u100 net-_u100-pad1_ net-_u100-pad2_ net-_u100-pad3_ d_or
* u104 net-_u100-pad3_ net-_u104-pad2_ net-_u104-pad3_ d_or
* u99 net-_u94-pad3_ net-_u74-pad3_ net-_u102-pad1_ d_or
* u107 net-_u105-pad2_ net-_u107-pad2_ d_inverter
* u108 net-_u108-pad1_ net-_u108-pad2_ d_inverter
* u106 net-_u104-pad3_ net-_u106-pad2_ net-_u106-pad3_ d_or
* u109 net-_u106-pad3_ net-_u109-pad2_ d_inverter
* u123 net-_u111-pad3_ net-_u1-pad13_ d_inverter
* u1 net-_u1-pad1_ net-_u1-pad2_ net-_u1-pad3_ net-_u1-pad4_ net-_u1-pad5_ net-_u1-pad6_ net-_u1-pad7_ net-_u1-pad8_ net-_u1-pad9_ net-_u1-pad10_ net-_u1-pad11_ unconnected-_u1-pad12_ net-_u1-pad13_ net-_u1-pad14_ net-_u1-pad15_ net-_u1-pad16_ net-_u1-pad17_ net-_u1-pad18_ net-_u1-pad19_ net-_u1-pad20_ net-_u1-pad21_ net-_u1-pad22_ net-_u1-pad23_ unconnected-_u1-pad24_ port
* u117 net-_u112-pad3_ net-_u1-pad11_ d_inverter
* u118 net-_u105-pad2_ net-_u1-pad17_ d_inverter
* u122 net-_u122-pad1_ net-_u1-pad15_ d_inverter
* u121 net-_u110-pad3_ net-_u1-pad16_ d_inverter
* u110 net-_u107-pad2_ net-_u108-pad2_ net-_u110-pad3_ d_or
* u111 net-_u111-pad1_ net-_u109-pad2_ net-_u111-pad3_ d_xor
* u112 net-_u112-pad1_ net-_u103-pad2_ net-_u112-pad3_ d_xor
* u101 net-_u101-pad1_ net-_u101-pad2_ net-_u101-pad3_ d_or
* u103 net-_u101-pad3_ net-_u103-pad2_ d_inverter
* u116 net-_u111-pad3_ net-_u112-pad3_ net-_u116-pad3_ d_and
* u119 net-_u116-pad3_ net-_u113-pad3_ net-_u119-pad3_ d_and
* u120 net-_u113-pad3_ net-_u1-pad10_ d_inverter
* u124 net-_u119-pad3_ net-_u114-pad3_ net-_u1-pad14_ d_and
* u114 net-_u114-pad1_ net-_u114-pad2_ net-_u114-pad3_ d_xor
* u113 net-_u113-pad1_ net-_u113-pad2_ net-_u113-pad3_ d_xor
* u115 net-_u114-pad3_ net-_u1-pad9_ d_inverter
* u14 net-_u1-pad6_ net-_u1-pad20_ net-_u14-pad3_ d_and
* u15 net-_u1-pad21_ net-_u1-pad21_ net-_u15-pad3_ d_and
* u12 net-_u1-pad21_ net-_u1-pad4_ net-_u12-pad3_ d_and
* u13 net-_u13-pad1_ net-_u1-pad5_ net-_u13-pad3_ d_and
* u16 net-_u1-pad22_ net-_u1-pad3_ net-_u16-pad3_ d_and
* u29 net-_u12-pad3_ net-_u13-pad1_ net-_u29-pad3_ d_and
* u11 net-_u1-pad20_ net-_u1-pad3_ net-_u11-pad3_ d_and
* u28 net-_u11-pad3_ net-_u1-pad21_ net-_u28-pad3_ d_and
* u10 net-_u1-pad19_ net-_u1-pad19_ net-_u10-pad3_ d_and
* u3 net-_u1-pad20_ net-_u13-pad1_ d_inverter
* u31 net-_u17-pad3_ net-_u18-pad1_ net-_u31-pad3_ d_and
* u30 net-_u16-pad3_ net-_u1-pad23_ net-_u30-pad3_ d_and
* u17 net-_u1-pad23_ net-_u1-pad4_ net-_u17-pad3_ d_and
* u18 net-_u18-pad1_ net-_u1-pad5_ net-_u18-pad3_ d_and
* u19 net-_u1-pad6_ net-_u1-pad22_ net-_u19-pad3_ d_and
* u4 net-_u1-pad22_ net-_u18-pad1_ d_inverter
* u8 net-_u2-pad2_ net-_u1-pad5_ net-_u35-pad1_ d_and
* u9 net-_u1-pad6_ net-_u1-pad18_ net-_u35-pad2_ d_and
* u2 net-_u1-pad18_ net-_u2-pad2_ d_inverter
* u6 net-_u1-pad18_ net-_u1-pad3_ net-_u26-pad1_ d_and
* u7 net-_u1-pad19_ net-_u1-pad4_ net-_u27-pad1_ d_and
* u26 net-_u26-pad1_ net-_u1-pad19_ net-_u26-pad3_ d_and
* u27 net-_u27-pad1_ net-_u2-pad2_ net-_u27-pad3_ d_and
* u49 net-_u41-pad3_ net-_u25-pad3_ net-_u49-pad3_ d_or
* u53 net-_u49-pad3_ net-_u53-pad2_ d_inverter
* u45 net-_u40-pad3_ net-_u45-pad2_ d_inverter
* u25 net-_u1-pad2_ net-_u1-pad2_ net-_u25-pad3_ d_and
* u22 net-_u1-pad2_ net-_u1-pad4_ net-_u22-pad3_ d_and
* u5 net-_u1-pad1_ net-_u23-pad1_ d_inverter
* u23 net-_u23-pad1_ net-_u1-pad5_ net-_u23-pad3_ d_and
* u24 net-_u1-pad6_ net-_u1-pad1_ net-_u24-pad3_ d_and
* u97 net-_u92-pad3_ net-_u113-pad2_ d_inverter
* u71 net-_u1-pad7_ net-_u45-pad2_ net-_u71-pad3_ d_and
* u84 net-_u71-pad3_ net-_u1-pad8_ net-_u84-pad3_ d_and
* u70 net-_u52-pad2_ net-_u1-pad8_ net-_u101-pad2_ d_and
* u56 net-_u44-pad2_ net-_u52-pad2_ net-_u113-pad1_ d_xor
* u96 net-_u90-pad3_ net-_u83-pad3_ net-_u101-pad1_ d_or
* u90 net-_u81-pad3_ net-_u1-pad8_ net-_u90-pad3_ d_and
* u83 net-_u69-pad3_ net-_u1-pad8_ net-_u83-pad3_ d_and
* u69 net-_u44-pad2_ net-_u53-pad2_ net-_u69-pad3_ d_and
* u81 net-_u68-pad3_ net-_u44-pad2_ net-_u81-pad3_ d_and
* u20 net-_u1-pad23_ net-_u1-pad23_ net-_u20-pad3_ d_and
* u21 net-_u1-pad1_ net-_u1-pad3_ net-_u21-pad3_ d_and
* u40 net-_u32-pad3_ net-_u33-pad3_ net-_u40-pad3_ d_or
* u41 net-_u23-pad3_ net-_u24-pad3_ net-_u41-pad3_ d_or
* u32 net-_u21-pad3_ net-_u1-pad2_ net-_u32-pad3_ d_and
* u33 net-_u22-pad3_ net-_u23-pad1_ net-_u33-pad3_ d_and
* u39 net-_u18-pad3_ net-_u19-pad3_ net-_u39-pad3_ d_or
* u38 net-_u30-pad3_ net-_u31-pad3_ net-_u38-pad3_ d_or
* u44 net-_u38-pad3_ net-_u44-pad2_ d_inverter
* u52 net-_u48-pad3_ net-_u52-pad2_ d_inverter
* u48 net-_u39-pad3_ net-_u20-pad3_ net-_u48-pad3_ d_or
* u73 net-_u1-pad7_ net-_u1-pad8_ net-_u73-pad3_ d_and
* u82 net-_u73-pad3_ net-_u114-pad2_ d_inverter
* u72 net-_u53-pad2_ net-_u1-pad8_ net-_u72-pad3_ d_and
* u92 net-_u84-pad3_ net-_u72-pad3_ net-_u92-pad3_ d_or
* u57 net-_u45-pad2_ net-_u53-pad2_ net-_u114-pad1_ d_xor
* u47 net-_u37-pad3_ net-_u15-pad3_ net-_u47-pad3_ d_or
* u51 net-_u47-pad3_ net-_u51-pad2_ d_inverter
* u43 net-_u36-pad3_ net-_u43-pad2_ d_inverter
* u37 net-_u13-pad3_ net-_u14-pad3_ net-_u37-pad3_ d_or
* u36 net-_u28-pad3_ net-_u29-pad3_ net-_u36-pad3_ d_or
* u80 net-_u66-pad3_ net-_u1-pad8_ net-_u104-pad2_ d_and
* u64 net-_u1-pad7_ net-_u45-pad2_ net-_u64-pad3_ d_and
* u88 net-_u78-pad3_ net-_u43-pad2_ net-_u88-pad3_ d_and
* u78 net-_u64-pad3_ net-_u44-pad2_ net-_u78-pad3_ d_and
* u89 net-_u79-pad3_ net-_u1-pad8_ net-_u100-pad2_ d_and
* u95 net-_u88-pad3_ net-_u1-pad8_ net-_u100-pad1_ d_and
* u65 net-_u44-pad2_ net-_u43-pad2_ net-_u65-pad3_ d_and
* u79 net-_u65-pad3_ net-_u53-pad2_ net-_u79-pad3_ d_and
* u66 net-_u43-pad2_ net-_u52-pad2_ net-_u66-pad3_ d_and
* u68 net-_u1-pad7_ net-_u45-pad2_ net-_u68-pad3_ d_and
* u67 net-_u51-pad2_ net-_u1-pad8_ net-_u106-pad2_ d_and
* u55 net-_u43-pad2_ net-_u51-pad2_ net-_u112-pad1_ d_xor
* u85 net-_u75-pad3_ net-_u53-pad2_ net-_u102-pad2_ d_and
* u94 net-_u58-pad3_ net-_u59-pad3_ net-_u94-pad3_ d_or
* u91 net-_u87-pad3_ net-_u122-pad1_ d_inverter
* u87 net-_u77-pad3_ net-_u45-pad2_ net-_u87-pad3_ d_and
* u93 net-_u86-pad3_ net-_u1-pad7_ net-_u93-pad3_ d_and
* u86 net-_u76-pad3_ net-_u45-pad2_ net-_u86-pad3_ d_and
* u58 net-_u50-pad2_ net-_u50-pad2_ net-_u58-pad3_ d_and
* u62 net-_u42-pad2_ net-_u43-pad2_ net-_u62-pad3_ d_and
* u74 net-_u60-pad3_ net-_u52-pad2_ net-_u74-pad3_ d_and
* u75 net-_u61-pad3_ net-_u44-pad2_ net-_u75-pad3_ d_and
* u61 net-_u42-pad2_ net-_u43-pad2_ net-_u61-pad3_ d_and
* u59 net-_u42-pad2_ net-_u51-pad2_ net-_u59-pad3_ d_and
* u60 net-_u42-pad2_ net-_u43-pad2_ net-_u60-pad3_ d_and
* u63 net-_u42-pad2_ net-_u43-pad2_ net-_u63-pad3_ d_and
* u77 net-_u63-pad3_ net-_u44-pad2_ net-_u77-pad3_ d_and
* u76 net-_u62-pad3_ net-_u44-pad2_ net-_u76-pad3_ d_and
* u50 net-_u46-pad3_ net-_u50-pad2_ d_inverter
* u46 net-_u35-pad3_ net-_u10-pad3_ net-_u46-pad3_ d_or
* u42 net-_u34-pad3_ net-_u42-pad2_ d_inverter
* u34 net-_u26-pad3_ net-_u27-pad3_ net-_u34-pad3_ d_or
* u35 net-_u35-pad1_ net-_u35-pad2_ net-_u35-pad3_ d_or
* u54 net-_u42-pad2_ net-_u50-pad2_ net-_u111-pad1_ d_xor
a1 [net-_u102-pad1_ net-_u102-pad2_ ] net-_u102-pad3_ u102
a2 net-_u102-pad3_ net-_u105-pad2_ u105
a3 net-_u93-pad3_ net-_u108-pad1_ u98
a4 [net-_u100-pad1_ net-_u100-pad2_ ] net-_u100-pad3_ u100
a5 [net-_u100-pad3_ net-_u104-pad2_ ] net-_u104-pad3_ u104
a6 [net-_u94-pad3_ net-_u74-pad3_ ] net-_u102-pad1_ u99
a7 net-_u105-pad2_ net-_u107-pad2_ u107
a8 net-_u108-pad1_ net-_u108-pad2_ u108
a9 [net-_u104-pad3_ net-_u106-pad2_ ] net-_u106-pad3_ u106
a10 net-_u106-pad3_ net-_u109-pad2_ u109
a11 net-_u111-pad3_ net-_u1-pad13_ u123
a12 net-_u112-pad3_ net-_u1-pad11_ u117
a13 net-_u105-pad2_ net-_u1-pad17_ u118
a14 net-_u122-pad1_ net-_u1-pad15_ u122
a15 net-_u110-pad3_ net-_u1-pad16_ u121
a16 [net-_u107-pad2_ net-_u108-pad2_ ] net-_u110-pad3_ u110
a17 [net-_u111-pad1_ net-_u109-pad2_ ] net-_u111-pad3_ u111
a18 [net-_u112-pad1_ net-_u103-pad2_ ] net-_u112-pad3_ u112
a19 [net-_u101-pad1_ net-_u101-pad2_ ] net-_u101-pad3_ u101
a20 net-_u101-pad3_ net-_u103-pad2_ u103
a21 [net-_u111-pad3_ net-_u112-pad3_ ] net-_u116-pad3_ u116
a22 [net-_u116-pad3_ net-_u113-pad3_ ] net-_u119-pad3_ u119
a23 net-_u113-pad3_ net-_u1-pad10_ u120
a24 [net-_u119-pad3_ net-_u114-pad3_ ] net-_u1-pad14_ u124
a25 [net-_u114-pad1_ net-_u114-pad2_ ] net-_u114-pad3_ u114
a26 [net-_u113-pad1_ net-_u113-pad2_ ] net-_u113-pad3_ u113
a27 net-_u114-pad3_ net-_u1-pad9_ u115
a28 [net-_u1-pad6_ net-_u1-pad20_ ] net-_u14-pad3_ u14
a29 [net-_u1-pad21_ net-_u1-pad21_ ] net-_u15-pad3_ u15
a30 [net-_u1-pad21_ net-_u1-pad4_ ] net-_u12-pad3_ u12
a31 [net-_u13-pad1_ net-_u1-pad5_ ] net-_u13-pad3_ u13
a32 [net-_u1-pad22_ net-_u1-pad3_ ] net-_u16-pad3_ u16
a33 [net-_u12-pad3_ net-_u13-pad1_ ] net-_u29-pad3_ u29
a34 [net-_u1-pad20_ net-_u1-pad3_ ] net-_u11-pad3_ u11
a35 [net-_u11-pad3_ net-_u1-pad21_ ] net-_u28-pad3_ u28
a36 [net-_u1-pad19_ net-_u1-pad19_ ] net-_u10-pad3_ u10
a37 net-_u1-pad20_ net-_u13-pad1_ u3
a38 [net-_u17-pad3_ net-_u18-pad1_ ] net-_u31-pad3_ u31
a39 [net-_u16-pad3_ net-_u1-pad23_ ] net-_u30-pad3_ u30
a40 [net-_u1-pad23_ net-_u1-pad4_ ] net-_u17-pad3_ u17
a41 [net-_u18-pad1_ net-_u1-pad5_ ] net-_u18-pad3_ u18
a42 [net-_u1-pad6_ net-_u1-pad22_ ] net-_u19-pad3_ u19
a43 net-_u1-pad22_ net-_u18-pad1_ u4
a44 [net-_u2-pad2_ net-_u1-pad5_ ] net-_u35-pad1_ u8
a45 [net-_u1-pad6_ net-_u1-pad18_ ] net-_u35-pad2_ u9
a46 net-_u1-pad18_ net-_u2-pad2_ u2
a47 [net-_u1-pad18_ net-_u1-pad3_ ] net-_u26-pad1_ u6
a48 [net-_u1-pad19_ net-_u1-pad4_ ] net-_u27-pad1_ u7
a49 [net-_u26-pad1_ net-_u1-pad19_ ] net-_u26-pad3_ u26
a50 [net-_u27-pad1_ net-_u2-pad2_ ] net-_u27-pad3_ u27
a51 [net-_u41-pad3_ net-_u25-pad3_ ] net-_u49-pad3_ u49
a52 net-_u49-pad3_ net-_u53-pad2_ u53
a53 net-_u40-pad3_ net-_u45-pad2_ u45
a54 [net-_u1-pad2_ net-_u1-pad2_ ] net-_u25-pad3_ u25
a55 [net-_u1-pad2_ net-_u1-pad4_ ] net-_u22-pad3_ u22
a56 net-_u1-pad1_ net-_u23-pad1_ u5
a57 [net-_u23-pad1_ net-_u1-pad5_ ] net-_u23-pad3_ u23
a58 [net-_u1-pad6_ net-_u1-pad1_ ] net-_u24-pad3_ u24
a59 net-_u92-pad3_ net-_u113-pad2_ u97
a60 [net-_u1-pad7_ net-_u45-pad2_ ] net-_u71-pad3_ u71
a61 [net-_u71-pad3_ net-_u1-pad8_ ] net-_u84-pad3_ u84
a62 [net-_u52-pad2_ net-_u1-pad8_ ] net-_u101-pad2_ u70
a63 [net-_u44-pad2_ net-_u52-pad2_ ] net-_u113-pad1_ u56
a64 [net-_u90-pad3_ net-_u83-pad3_ ] net-_u101-pad1_ u96
a65 [net-_u81-pad3_ net-_u1-pad8_ ] net-_u90-pad3_ u90
a66 [net-_u69-pad3_ net-_u1-pad8_ ] net-_u83-pad3_ u83
a67 [net-_u44-pad2_ net-_u53-pad2_ ] net-_u69-pad3_ u69
a68 [net-_u68-pad3_ net-_u44-pad2_ ] net-_u81-pad3_ u81
a69 [net-_u1-pad23_ net-_u1-pad23_ ] net-_u20-pad3_ u20
a70 [net-_u1-pad1_ net-_u1-pad3_ ] net-_u21-pad3_ u21
a71 [net-_u32-pad3_ net-_u33-pad3_ ] net-_u40-pad3_ u40
a72 [net-_u23-pad3_ net-_u24-pad3_ ] net-_u41-pad3_ u41
a73 [net-_u21-pad3_ net-_u1-pad2_ ] net-_u32-pad3_ u32
a74 [net-_u22-pad3_ net-_u23-pad1_ ] net-_u33-pad3_ u33
a75 [net-_u18-pad3_ net-_u19-pad3_ ] net-_u39-pad3_ u39
a76 [net-_u30-pad3_ net-_u31-pad3_ ] net-_u38-pad3_ u38
a77 net-_u38-pad3_ net-_u44-pad2_ u44
a78 net-_u48-pad3_ net-_u52-pad2_ u52
a79 [net-_u39-pad3_ net-_u20-pad3_ ] net-_u48-pad3_ u48
a80 [net-_u1-pad7_ net-_u1-pad8_ ] net-_u73-pad3_ u73
a81 net-_u73-pad3_ net-_u114-pad2_ u82
a82 [net-_u53-pad2_ net-_u1-pad8_ ] net-_u72-pad3_ u72
a83 [net-_u84-pad3_ net-_u72-pad3_ ] net-_u92-pad3_ u92
a84 [net-_u45-pad2_ net-_u53-pad2_ ] net-_u114-pad1_ u57
a85 [net-_u37-pad3_ net-_u15-pad3_ ] net-_u47-pad3_ u47
a86 net-_u47-pad3_ net-_u51-pad2_ u51
a87 net-_u36-pad3_ net-_u43-pad2_ u43
a88 [net-_u13-pad3_ net-_u14-pad3_ ] net-_u37-pad3_ u37
a89 [net-_u28-pad3_ net-_u29-pad3_ ] net-_u36-pad3_ u36
a90 [net-_u66-pad3_ net-_u1-pad8_ ] net-_u104-pad2_ u80
a91 [net-_u1-pad7_ net-_u45-pad2_ ] net-_u64-pad3_ u64
a92 [net-_u78-pad3_ net-_u43-pad2_ ] net-_u88-pad3_ u88
a93 [net-_u64-pad3_ net-_u44-pad2_ ] net-_u78-pad3_ u78
a94 [net-_u79-pad3_ net-_u1-pad8_ ] net-_u100-pad2_ u89
a95 [net-_u88-pad3_ net-_u1-pad8_ ] net-_u100-pad1_ u95
a96 [net-_u44-pad2_ net-_u43-pad2_ ] net-_u65-pad3_ u65
a97 [net-_u65-pad3_ net-_u53-pad2_ ] net-_u79-pad3_ u79
a98 [net-_u43-pad2_ net-_u52-pad2_ ] net-_u66-pad3_ u66
a99 [net-_u1-pad7_ net-_u45-pad2_ ] net-_u68-pad3_ u68
a100 [net-_u51-pad2_ net-_u1-pad8_ ] net-_u106-pad2_ u67
a101 [net-_u43-pad2_ net-_u51-pad2_ ] net-_u112-pad1_ u55
a102 [net-_u75-pad3_ net-_u53-pad2_ ] net-_u102-pad2_ u85
a103 [net-_u58-pad3_ net-_u59-pad3_ ] net-_u94-pad3_ u94
a104 net-_u87-pad3_ net-_u122-pad1_ u91
a105 [net-_u77-pad3_ net-_u45-pad2_ ] net-_u87-pad3_ u87
a106 [net-_u86-pad3_ net-_u1-pad7_ ] net-_u93-pad3_ u93
a107 [net-_u76-pad3_ net-_u45-pad2_ ] net-_u86-pad3_ u86
a108 [net-_u50-pad2_ net-_u50-pad2_ ] net-_u58-pad3_ u58
a109 [net-_u42-pad2_ net-_u43-pad2_ ] net-_u62-pad3_ u62
a110 [net-_u60-pad3_ net-_u52-pad2_ ] net-_u74-pad3_ u74
a111 [net-_u61-pad3_ net-_u44-pad2_ ] net-_u75-pad3_ u75
a112 [net-_u42-pad2_ net-_u43-pad2_ ] net-_u61-pad3_ u61
a113 [net-_u42-pad2_ net-_u51-pad2_ ] net-_u59-pad3_ u59
a114 [net-_u42-pad2_ net-_u43-pad2_ ] net-_u60-pad3_ u60
a115 [net-_u42-pad2_ net-_u43-pad2_ ] net-_u63-pad3_ u63
a116 [net-_u63-pad3_ net-_u44-pad2_ ] net-_u77-pad3_ u77
a117 [net-_u62-pad3_ net-_u44-pad2_ ] net-_u76-pad3_ u76
a118 net-_u46-pad3_ net-_u50-pad2_ u50
a119 [net-_u35-pad3_ net-_u10-pad3_ ] net-_u46-pad3_ u46
a120 net-_u34-pad3_ net-_u42-pad2_ u42
a121 [net-_u26-pad3_ net-_u27-pad3_ ] net-_u34-pad3_ u34
a122 [net-_u35-pad1_ net-_u35-pad2_ ] net-_u35-pad3_ u35
a123 [net-_u42-pad2_ net-_u50-pad2_ ] net-_u111-pad1_ u54
* Schematic Name:                             d_or, Ngspice Name: d_or
.model u102 d_or(rise_delay=1.0e-9 fall_delay=1.0e-9 input_load=1.0e-12 ) 
* Schematic Name:                             d_inverter, Ngspice Name: d_inverter
.model u105 d_inverter(rise_delay=1.0e-9 fall_delay=1.0e-9 input_load=1.0e-12 ) 
* Schematic Name:                             d_inverter, Ngspice Name: d_inverter
.model u98 d_inverter(rise_delay=1.0e-9 fall_delay=1.0e-9 input_load=1.0e-12 ) 
* Schematic Name:                             d_or, Ngspice Name: d_or
.model u100 d_or(rise_delay=1.0e-9 fall_delay=1.0e-9 input_load=1.0e-12 ) 
* Schematic Name:                             d_or, Ngspice Name: d_or
.model u104 d_or(rise_delay=1.0e-9 fall_delay=1.0e-9 input_load=1.0e-12 ) 
* Schematic Name:                             d_or, Ngspice Name: d_or
.model u99 d_or(rise_delay=1.0e-9 fall_delay=1.0e-9 input_load=1.0e-12 ) 
* Schematic Name:                             d_inverter, Ngspice Name: d_inverter
.model u107 d_inverter(rise_delay=1.0e-9 fall_delay=1.0e-9 input_load=1.0e-12 ) 
* Schematic Name:                             d_inverter, Ngspice Name: d_inverter
.model u108 d_inverter(rise_delay=1.0e-9 fall_delay=1.0e-9 input_load=1.0e-12 ) 
* Schematic Name:                             d_or, Ngspice Name: d_or
.model u106 d_or(rise_delay=1.0e-9 fall_delay=1.0e-9 input_load=1.0e-12 ) 
* Schematic Name:                             d_inverter, Ngspice Name: d_inverter
.model u109 d_inverter(rise_delay=1.0e-9 fall_delay=1.0e-9 input_load=1.0e-12 ) 
* Schematic Name:                             d_inverter, Ngspice Name: d_inverter
.model u123 d_inverter(rise_delay=1.0e-9 fall_delay=1.0e-9 input_load=1.0e-12 ) 
* Schematic Name:                             d_inverter, Ngspice Name: d_inverter
.model u117 d_inverter(rise_delay=1.0e-9 fall_delay=1.0e-9 input_load=1.0e-12 ) 
* Schematic Name:                             d_inverter, Ngspice Name: d_inverter
.model u118 d_inverter(rise_delay=1.0e-9 fall_delay=1.0e-9 input_load=1.0e-12 ) 
* Schematic Name:                             d_inverter, Ngspice Name: d_inverter
.model u122 d_inverter(rise_delay=1.0e-9 fall_delay=1.0e-9 input_load=1.0e-12 ) 
* Schematic Name:                             d_inverter, Ngspice Name: d_inverter
.model u121 d_inverter(rise_delay=1.0e-9 fall_delay=1.0e-9 input_load=1.0e-12 ) 
* Schematic Name:                             d_or, Ngspice Name: d_or
.model u110 d_or(rise_delay=1.0e-9 fall_delay=1.0e-9 input_load=1.0e-12 ) 
* Schematic Name:                             d_xor, Ngspice Name: d_xor
.model u111 d_xor(rise_delay=1.0e-9 fall_delay=1.0e-9 input_load=1.0e-12 ) 
* Schematic Name:                             d_xor, Ngspice Name: d_xor
.model u112 d_xor(rise_delay=1.0e-9 fall_delay=1.0e-9 input_load=1.0e-12 ) 
* Schematic Name:                             d_or, Ngspice Name: d_or
.model u101 d_or(rise_delay=1.0e-9 fall_delay=1.0e-9 input_load=1.0e-12 ) 
* Schematic Name:                             d_inverter, Ngspice Name: d_inverter
.model u103 d_inverter(rise_delay=1.0e-9 fall_delay=1.0e-9 input_load=1.0e-12 ) 
* Schematic Name:                             d_and, Ngspice Name: d_and
.model u116 d_and(rise_delay=1.0e-9 fall_delay=1.0e-9 input_load=1.0e-12 ) 
* Schematic Name:                             d_and, Ngspice Name: d_and
.model u119 d_and(rise_delay=1.0e-9 fall_delay=1.0e-9 input_load=1.0e-12 ) 
* Schematic Name:                             d_inverter, Ngspice Name: d_inverter
.model u120 d_inverter(rise_delay=1.0e-9 fall_delay=1.0e-9 input_load=1.0e-12 ) 
* Schematic Name:                             d_and, Ngspice Name: d_and
.model u124 d_and(rise_delay=1.0e-9 fall_delay=1.0e-9 input_load=1.0e-12 ) 
* Schematic Name:                             d_xor, Ngspice Name: d_xor
.model u114 d_xor(rise_delay=1.0e-9 fall_delay=1.0e-9 input_load=1.0e-12 ) 
* Schematic Name:                             d_xor, Ngspice Name: d_xor
.model u113 d_xor(rise_delay=1.0e-9 fall_delay=1.0e-9 input_load=1.0e-12 ) 
* Schematic Name:                             d_inverter, Ngspice Name: d_inverter
.model u115 d_inverter(rise_delay=1.0e-9 fall_delay=1.0e-9 input_load=1.0e-12 ) 
* Schematic Name:                             d_and, Ngspice Name: d_and
.model u14 d_and(rise_delay=1.0e-9 fall_delay=1.0e-9 input_load=1.0e-12 ) 
* Schematic Name:                             d_and, Ngspice Name: d_and
.model u15 d_and(rise_delay=1.0e-9 fall_delay=1.0e-9 input_load=1.0e-12 ) 
* Schematic Name:                             d_and, Ngspice Name: d_and
.model u12 d_and(rise_delay=1.0e-9 fall_delay=1.0e-9 input_load=1.0e-12 ) 
* Schematic Name:                             d_and, Ngspice Name: d_and
.model u13 d_and(rise_delay=1.0e-9 fall_delay=1.0e-9 input_load=1.0e-12 ) 
* Schematic Name:                             d_and, Ngspice Name: d_and
.model u16 d_and(rise_delay=1.0e-9 fall_delay=1.0e-9 input_load=1.0e-12 ) 
* Schematic Name:                             d_and, Ngspice Name: d_and
.model u29 d_and(rise_delay=1.0e-9 fall_delay=1.0e-9 input_load=1.0e-12 ) 
* Schematic Name:                             d_and, Ngspice Name: d_and
.model u11 d_and(rise_delay=1.0e-9 fall_delay=1.0e-9 input_load=1.0e-12 ) 
* Schematic Name:                             d_and, Ngspice Name: d_and
.model u28 d_and(rise_delay=1.0e-9 fall_delay=1.0e-9 input_load=1.0e-12 ) 
* Schematic Name:                             d_and, Ngspice Name: d_and
.model u10 d_and(rise_delay=1.0e-9 fall_delay=1.0e-9 input_load=1.0e-12 ) 
* Schematic Name:                             d_inverter, Ngspice Name: d_inverter
.model u3 d_inverter(rise_delay=1.0e-9 fall_delay=1.0e-9 input_load=1.0e-12 ) 
* Schematic Name:                             d_and, Ngspice Name: d_and
.model u31 d_and(rise_delay=1.0e-9 fall_delay=1.0e-9 input_load=1.0e-12 ) 
* Schematic Name:                             d_and, Ngspice Name: d_and
.model u30 d_and(rise_delay=1.0e-9 fall_delay=1.0e-9 input_load=1.0e-12 ) 
* Schematic Name:                             d_and, Ngspice Name: d_and
.model u17 d_and(rise_delay=1.0e-9 fall_delay=1.0e-9 input_load=1.0e-12 ) 
* Schematic Name:                             d_and, Ngspice Name: d_and
.model u18 d_and(rise_delay=1.0e-9 fall_delay=1.0e-9 input_load=1.0e-12 ) 
* Schematic Name:                             d_and, Ngspice Name: d_and
.model u19 d_and(rise_delay=1.0e-9 fall_delay=1.0e-9 input_load=1.0e-12 ) 
* Schematic Name:                             d_inverter, Ngspice Name: d_inverter
.model u4 d_inverter(rise_delay=1.0e-9 fall_delay=1.0e-9 input_load=1.0e-12 ) 
* Schematic Name:                             d_and, Ngspice Name: d_and
.model u8 d_and(rise_delay=1.0e-9 fall_delay=1.0e-9 input_load=1.0e-12 ) 
* Schematic Name:                             d_and, Ngspice Name: d_and
.model u9 d_and(rise_delay=1.0e-9 fall_delay=1.0e-9 input_load=1.0e-12 ) 
* Schematic Name:                             d_inverter, Ngspice Name: d_inverter
.model u2 d_inverter(rise_delay=1.0e-9 fall_delay=1.0e-9 input_load=1.0e-12 ) 
* Schematic Name:                             d_and, Ngspice Name: d_and
.model u6 d_and(rise_delay=1.0e-9 fall_delay=1.0e-9 input_load=1.0e-12 ) 
* Schematic Name:                             d_and, Ngspice Name: d_and
.model u7 d_and(rise_delay=1.0e-9 fall_delay=1.0e-9 input_load=1.0e-12 ) 
* Schematic Name:                             d_and, Ngspice Name: d_and
.model u26 d_and(rise_delay=1.0e-9 fall_delay=1.0e-9 input_load=1.0e-12 ) 
* Schematic Name:                             d_and, Ngspice Name: d_and
.model u27 d_and(rise_delay=1.0e-9 fall_delay=1.0e-9 input_load=1.0e-12 ) 
* Schematic Name:                             d_or, Ngspice Name: d_or
.model u49 d_or(rise_delay=1.0e-9 fall_delay=1.0e-9 input_load=1.0e-12 ) 
* Schematic Name:                             d_inverter, Ngspice Name: d_inverter
.model u53 d_inverter(rise_delay=1.0e-9 fall_delay=1.0e-9 input_load=1.0e-12 ) 
* Schematic Name:                             d_inverter, Ngspice Name: d_inverter
.model u45 d_inverter(rise_delay=1.0e-9 fall_delay=1.0e-9 input_load=1.0e-12 ) 
* Schematic Name:                             d_and, Ngspice Name: d_and
.model u25 d_and(rise_delay=1.0e-9 fall_delay=1.0e-9 input_load=1.0e-12 ) 
* Schematic Name:                             d_and, Ngspice Name: d_and
.model u22 d_and(rise_delay=1.0e-9 fall_delay=1.0e-9 input_load=1.0e-12 ) 
* Schematic Name:                             d_inverter, Ngspice Name: d_inverter
.model u5 d_inverter(rise_delay=1.0e-9 fall_delay=1.0e-9 input_load=1.0e-12 ) 
* Schematic Name:                             d_and, Ngspice Name: d_and
.model u23 d_and(rise_delay=1.0e-9 fall_delay=1.0e-9 input_load=1.0e-12 ) 
* Schematic Name:                             d_and, Ngspice Name: d_and
.model u24 d_and(rise_delay=1.0e-9 fall_delay=1.0e-9 input_load=1.0e-12 ) 
* Schematic Name:                             d_inverter, Ngspice Name: d_inverter
.model u97 d_inverter(rise_delay=1.0e-9 fall_delay=1.0e-9 input_load=1.0e-12 ) 
* Schematic Name:                             d_and, Ngspice Name: d_and
.model u71 d_and(rise_delay=1.0e-9 fall_delay=1.0e-9 input_load=1.0e-12 ) 
* Schematic Name:                             d_and, Ngspice Name: d_and
.model u84 d_and(rise_delay=1.0e-9 fall_delay=1.0e-9 input_load=1.0e-12 ) 
* Schematic Name:                             d_and, Ngspice Name: d_and
.model u70 d_and(rise_delay=1.0e-9 fall_delay=1.0e-9 input_load=1.0e-12 ) 
* Schematic Name:                             d_xor, Ngspice Name: d_xor
.model u56 d_xor(rise_delay=1.0e-9 fall_delay=1.0e-9 input_load=1.0e-12 ) 
* Schematic Name:                             d_or, Ngspice Name: d_or
.model u96 d_or(rise_delay=1.0e-9 fall_delay=1.0e-9 input_load=1.0e-12 ) 
* Schematic Name:                             d_and, Ngspice Name: d_and
.model u90 d_and(rise_delay=1.0e-9 fall_delay=1.0e-9 input_load=1.0e-12 ) 
* Schematic Name:                             d_and, Ngspice Name: d_and
.model u83 d_and(rise_delay=1.0e-9 fall_delay=1.0e-9 input_load=1.0e-12 ) 
* Schematic Name:                             d_and, Ngspice Name: d_and
.model u69 d_and(rise_delay=1.0e-9 fall_delay=1.0e-9 input_load=1.0e-12 ) 
* Schematic Name:                             d_and, Ngspice Name: d_and
.model u81 d_and(rise_delay=1.0e-9 fall_delay=1.0e-9 input_load=1.0e-12 ) 
* Schematic Name:                             d_and, Ngspice Name: d_and
.model u20 d_and(rise_delay=1.0e-9 fall_delay=1.0e-9 input_load=1.0e-12 ) 
* Schematic Name:                             d_and, Ngspice Name: d_and
.model u21 d_and(rise_delay=1.0e-9 fall_delay=1.0e-9 input_load=1.0e-12 ) 
* Schematic Name:                             d_or, Ngspice Name: d_or
.model u40 d_or(rise_delay=1.0e-9 fall_delay=1.0e-9 input_load=1.0e-12 ) 
* Schematic Name:                             d_or, Ngspice Name: d_or
.model u41 d_or(rise_delay=1.0e-9 fall_delay=1.0e-9 input_load=1.0e-12 ) 
* Schematic Name:                             d_and, Ngspice Name: d_and
.model u32 d_and(rise_delay=1.0e-9 fall_delay=1.0e-9 input_load=1.0e-12 ) 
* Schematic Name:                             d_and, Ngspice Name: d_and
.model u33 d_and(rise_delay=1.0e-9 fall_delay=1.0e-9 input_load=1.0e-12 ) 
* Schematic Name:                             d_or, Ngspice Name: d_or
.model u39 d_or(rise_delay=1.0e-9 fall_delay=1.0e-9 input_load=1.0e-12 ) 
* Schematic Name:                             d_or, Ngspice Name: d_or
.model u38 d_or(rise_delay=1.0e-9 fall_delay=1.0e-9 input_load=1.0e-12 ) 
* Schematic Name:                             d_inverter, Ngspice Name: d_inverter
.model u44 d_inverter(rise_delay=1.0e-9 fall_delay=1.0e-9 input_load=1.0e-12 ) 
* Schematic Name:                             d_inverter, Ngspice Name: d_inverter
.model u52 d_inverter(rise_delay=1.0e-9 fall_delay=1.0e-9 input_load=1.0e-12 ) 
* Schematic Name:                             d_or, Ngspice Name: d_or
.model u48 d_or(rise_delay=1.0e-9 fall_delay=1.0e-9 input_load=1.0e-12 ) 
* Schematic Name:                             d_and, Ngspice Name: d_and
.model u73 d_and(rise_delay=1.0e-9 fall_delay=1.0e-9 input_load=1.0e-12 ) 
* Schematic Name:                             d_inverter, Ngspice Name: d_inverter
.model u82 d_inverter(rise_delay=1.0e-9 fall_delay=1.0e-9 input_load=1.0e-12 ) 
* Schematic Name:                             d_and, Ngspice Name: d_and
.model u72 d_and(rise_delay=1.0e-9 fall_delay=1.0e-9 input_load=1.0e-12 ) 
* Schematic Name:                             d_or, Ngspice Name: d_or
.model u92 d_or(rise_delay=1.0e-9 fall_delay=1.0e-9 input_load=1.0e-12 ) 
* Schematic Name:                             d_xor, Ngspice Name: d_xor
.model u57 d_xor(rise_delay=1.0e-9 fall_delay=1.0e-9 input_load=1.0e-12 ) 
* Schematic Name:                             d_or, Ngspice Name: d_or
.model u47 d_or(rise_delay=1.0e-9 fall_delay=1.0e-9 input_load=1.0e-12 ) 
* Schematic Name:                             d_inverter, Ngspice Name: d_inverter
.model u51 d_inverter(rise_delay=1.0e-9 fall_delay=1.0e-9 input_load=1.0e-12 ) 
* Schematic Name:                             d_inverter, Ngspice Name: d_inverter
.model u43 d_inverter(rise_delay=1.0e-9 fall_delay=1.0e-9 input_load=1.0e-12 ) 
* Schematic Name:                             d_or, Ngspice Name: d_or
.model u37 d_or(rise_delay=1.0e-9 fall_delay=1.0e-9 input_load=1.0e-12 ) 
* Schematic Name:                             d_or, Ngspice Name: d_or
.model u36 d_or(rise_delay=1.0e-9 fall_delay=1.0e-9 input_load=1.0e-12 ) 
* Schematic Name:                             d_and, Ngspice Name: d_and
.model u80 d_and(rise_delay=1.0e-9 fall_delay=1.0e-9 input_load=1.0e-12 ) 
* Schematic Name:                             d_and, Ngspice Name: d_and
.model u64 d_and(rise_delay=1.0e-9 fall_delay=1.0e-9 input_load=1.0e-12 ) 
* Schematic Name:                             d_and, Ngspice Name: d_and
.model u88 d_and(rise_delay=1.0e-9 fall_delay=1.0e-9 input_load=1.0e-12 ) 
* Schematic Name:                             d_and, Ngspice Name: d_and
.model u78 d_and(rise_delay=1.0e-9 fall_delay=1.0e-9 input_load=1.0e-12 ) 
* Schematic Name:                             d_and, Ngspice Name: d_and
.model u89 d_and(rise_delay=1.0e-9 fall_delay=1.0e-9 input_load=1.0e-12 ) 
* Schematic Name:                             d_and, Ngspice Name: d_and
.model u95 d_and(rise_delay=1.0e-9 fall_delay=1.0e-9 input_load=1.0e-12 ) 
* Schematic Name:                             d_and, Ngspice Name: d_and
.model u65 d_and(rise_delay=1.0e-9 fall_delay=1.0e-9 input_load=1.0e-12 ) 
* Schematic Name:                             d_and, Ngspice Name: d_and
.model u79 d_and(rise_delay=1.0e-9 fall_delay=1.0e-9 input_load=1.0e-12 ) 
* Schematic Name:                             d_and, Ngspice Name: d_and
.model u66 d_and(rise_delay=1.0e-9 fall_delay=1.0e-9 input_load=1.0e-12 ) 
* Schematic Name:                             d_and, Ngspice Name: d_and
.model u68 d_and(rise_delay=1.0e-9 fall_delay=1.0e-9 input_load=1.0e-12 ) 
* Schematic Name:                             d_and, Ngspice Name: d_and
.model u67 d_and(rise_delay=1.0e-9 fall_delay=1.0e-9 input_load=1.0e-12 ) 
* Schematic Name:                             d_xor, Ngspice Name: d_xor
.model u55 d_xor(rise_delay=1.0e-9 fall_delay=1.0e-9 input_load=1.0e-12 ) 
* Schematic Name:                             d_and, Ngspice Name: d_and
.model u85 d_and(rise_delay=1.0e-9 fall_delay=1.0e-9 input_load=1.0e-12 ) 
* Schematic Name:                             d_or, Ngspice Name: d_or
.model u94 d_or(rise_delay=1.0e-9 fall_delay=1.0e-9 input_load=1.0e-12 ) 
* Schematic Name:                             d_inverter, Ngspice Name: d_inverter
.model u91 d_inverter(rise_delay=1.0e-9 fall_delay=1.0e-9 input_load=1.0e-12 ) 
* Schematic Name:                             d_and, Ngspice Name: d_and
.model u87 d_and(rise_delay=1.0e-9 fall_delay=1.0e-9 input_load=1.0e-12 ) 
* Schematic Name:                             d_and, Ngspice Name: d_and
.model u93 d_and(rise_delay=1.0e-9 fall_delay=1.0e-9 input_load=1.0e-12 ) 
* Schematic Name:                             d_and, Ngspice Name: d_and
.model u86 d_and(rise_delay=1.0e-9 fall_delay=1.0e-9 input_load=1.0e-12 ) 
* Schematic Name:                             d_and, Ngspice Name: d_and
.model u58 d_and(rise_delay=1.0e-9 fall_delay=1.0e-9 input_load=1.0e-12 ) 
* Schematic Name:                             d_and, Ngspice Name: d_and
.model u62 d_and(rise_delay=1.0e-9 fall_delay=1.0e-9 input_load=1.0e-12 ) 
* Schematic Name:                             d_and, Ngspice Name: d_and
.model u74 d_and(rise_delay=1.0e-9 fall_delay=1.0e-9 input_load=1.0e-12 ) 
* Schematic Name:                             d_and, Ngspice Name: d_and
.model u75 d_and(rise_delay=1.0e-9 fall_delay=1.0e-9 input_load=1.0e-12 ) 
* Schematic Name:                             d_and, Ngspice Name: d_and
.model u61 d_and(rise_delay=1.0e-9 fall_delay=1.0e-9 input_load=1.0e-12 ) 
* Schematic Name:                             d_and, Ngspice Name: d_and
.model u59 d_and(rise_delay=1.0e-9 fall_delay=1.0e-9 input_load=1.0e-12 ) 
* Schematic Name:                             d_and, Ngspice Name: d_and
.model u60 d_and(rise_delay=1.0e-9 fall_delay=1.0e-9 input_load=1.0e-12 ) 
* Schematic Name:                             d_and, Ngspice Name: d_and
.model u63 d_and(rise_delay=1.0e-9 fall_delay=1.0e-9 input_load=1.0e-12 ) 
* Schematic Name:                             d_and, Ngspice Name: d_and
.model u77 d_and(rise_delay=1.0e-9 fall_delay=1.0e-9 input_load=1.0e-12 ) 
* Schematic Name:                             d_and, Ngspice Name: d_and
.model u76 d_and(rise_delay=1.0e-9 fall_delay=1.0e-9 input_load=1.0e-12 ) 
* Schematic Name:                             d_inverter, Ngspice Name: d_inverter
.model u50 d_inverter(rise_delay=1.0e-9 fall_delay=1.0e-9 input_load=1.0e-12 ) 
* Schematic Name:                             d_or, Ngspice Name: d_or
.model u46 d_or(rise_delay=1.0e-9 fall_delay=1.0e-9 input_load=1.0e-12 ) 
* Schematic Name:                             d_inverter, Ngspice Name: d_inverter
.model u42 d_inverter(rise_delay=1.0e-9 fall_delay=1.0e-9 input_load=1.0e-12 ) 
* Schematic Name:                             d_or, Ngspice Name: d_or
.model u34 d_or(rise_delay=1.0e-9 fall_delay=1.0e-9 input_load=1.0e-12 ) 
* Schematic Name:                             d_or, Ngspice Name: d_or
.model u35 d_or(rise_delay=1.0e-9 fall_delay=1.0e-9 input_load=1.0e-12 ) 
* Schematic Name:                             d_xor, Ngspice Name: d_xor
.model u54 d_xor(rise_delay=1.0e-9 fall_delay=1.0e-9 input_load=1.0e-12 ) 
.tran 0e-00 0e-00 0e-00

* Control Statements 
.control
run
print allv > plot_data_v.txt
print alli > plot_data_i.txt
.endc
.end
