* c:\fossee\esim\library\subcircuitlibrary\mc3340\mc3340.cir

.include D.lib
.include NPN.lib
r1  net-_q1-pad1_ net-_q1-pad2_ 5.1k
r2  net-_q1-pad2_ gnd 4.7k
q1 net-_q1-pad1_ net-_q1-pad2_ net-_q1-pad3_ Q2N2222
r3  net-_q1-pad3_ net-_q2-pad2_ 750
r4  net-_q2-pad2_ gnd 10k
q2 net-_q1-pad1_ net-_q2-pad2_ net-_q2-pad3_ Q2N2222
r6  net-_q1-pad3_ net-_q3-pad2_ 750
r7  net-_q3-pad2_ net-_r7-pad2_ 3.9k
q3 net-_q1-pad1_ net-_q3-pad2_ net-_q3-pad3_ Q2N2222
r8  net-_q1-pad1_ net-_r5-pad2_ 5.1k
q4 net-_q1-pad1_ net-_q3-pad3_ net-_q4-pad3_ Q2N2222
q6 net-_q10-pad2_ net-_q2-pad3_ net-_q4-pad3_ Q2N2222
q7 net-_q1-pad1_ net-_q2-pad3_ net-_q7-pad3_ Q2N2222
q9 net-_q9-pad1_ net-_q3-pad3_ net-_q7-pad3_ Q2N2222
r13  net-_q1-pad1_ net-_q9-pad1_ 6.2k
q10 net-_q1-pad1_ net-_q10-pad2_ net-_q10-pad3_ Q2N2222
r15  net-_q10-pad3_ gnd 5.1k
r16  net-_q1-pad1_ net-_d1-pad1_ 5.1k
r11  net-_q2-pad3_ gnd 5.1k
r14  net-_q3-pad3_ gnd 5.1k
r18  net-_r18-pad1_ net-_q10-pad3_ 200
d1 net-_d1-pad1_ net-_d1-pad2_ 1N4148
r17  net-_d1-pad2_ gnd 510
q8 net-_q7-pad3_ net-_d1-pad1_ net-_q8-pad3_ Q2N2222
r12  net-_q8-pad3_ gnd 1.5k
q5 net-_q4-pad3_ net-_q5-pad2_ net-_q5-pad3_ Q2N2222
r10  net-_q5-pad3_ gnd 1.3k
r5  net-_q5-pad2_ net-_r5-pad2_ 20k
r9  net-_r5-pad2_ gnd 510
* u1  net-_q5-pad2_ net-_r7-pad2_ ? ? ? net-_q10-pad2_ net-_r18-pad1_ net-_q1-pad1_ port
.tran 0e-00 0e-00 0e-00

* Control Statements 
.control
run
print allv > plot_data_v.txt
print alli > plot_data_i.txt
.endc
.end
