* c:\fossee\esim\library\subcircuitlibrary\ic_ina823\ic_ina823.cir

.include lm_741.sub
x2 ? net-_r1-pad1_ net-_u1-pad1_ v- ? net-_r1-pad2_ v+ ? lm_741
x1 ? net-_r2-pad1_ net-_u1-pad4_ v- ? net-_r2-pad2_ v+ ? lm_741
x3 ? net-_r4-pad2_ net-_r3-pad2_ v- ? net-_r6-pad2_ v+ ? lm_741
r2  net-_r2-pad1_ net-_r2-pad2_ 50k
r1  net-_r1-pad1_ net-_r1-pad2_ 50k
r4  net-_r1-pad2_ net-_r4-pad2_ 50k
r3  net-_r2-pad2_ net-_r3-pad2_ 50k
r6  net-_r4-pad2_ net-_r6-pad2_ 50k
r5  net-_r3-pad2_ net-_r5-pad2_ 50k
* u1  net-_u1-pad1_ net-_r1-pad1_ net-_r2-pad1_ net-_u1-pad4_ v+ net-_r5-pad2_ v- net-_r6-pad2_ port
.tran 0e-00 0e-00 0e-00

* Control Statements 
.control
run
print allv > plot_data_v.txt
print alli > plot_data_i.txt
.endc
.end
