* d:\fossee\esim\library\subcircuitlibrary\mc3403_ic\mc3403_ic.cir

.include NPN.lib
.include PNP.lib
.include NJF.lib
q19 net-_q19-pad1_ net-_q1-pad2_ net-_j1-pad1_ Q2N2907A
q22 net-_q22-pad1_ net-_q1-pad2_ net-_j1-pad1_ Q2N2907A
q42 net-_q1-pad2_ net-_q1-pad2_ net-_j1-pad1_ Q2N2907A
q43 net-_c1-pad1_ net-_q1-pad2_ net-_j1-pad1_ Q2N2907A
q47 net-_j1-pad1_ net-_c1-pad1_ net-_q47-pad3_ Q2N2222
q49 net-_j1-pad1_ net-_q47-pad3_ net-_q49-pad3_ Q2N2222
q10 net-_q10-pad1_ net-_q1-pad2_ net-_j1-pad1_ Q2N2907A
q4 net-_q12-pad3_ net-_q1-pad2_ net-_j1-pad1_ Q2N2907A
q1 net-_q1-pad1_ net-_q1-pad2_ net-_j1-pad1_ Q2N2907A
q2 net-_j1-pad2_ net-_q12-pad1_ net-_q1-pad1_ Q2N2907A
q7 net-_q12-pad2_ net-_q12-pad2_ net-_q12-pad3_ Q2N2907A
q12 net-_q12-pad1_ net-_q12-pad2_ net-_q12-pad3_ Q2N2907A
q18 net-_c1-pad2_ net-_q18-pad2_ net-_q12-pad3_ Q2N2907A
q21 net-_q18-pad2_ net-_q18-pad2_ net-_q12-pad3_ Q2N2907A
q3 net-_j1-pad2_ net-_q3-pad2_ net-_q12-pad2_ Q2N2907A
q8 net-_q12-pad1_ net-_q12-pad1_ net-_j1-pad2_ Q2N2222
q16 net-_c1-pad2_ net-_q12-pad1_ net-_j1-pad2_ Q2N2222
q25 net-_j1-pad2_ net-_q25-pad2_ net-_q18-pad2_ Q2N2907A
q29 net-_j1-pad2_ net-_c1-pad2_ net-_q10-pad1_ Q2N2907A
q30 net-_q19-pad1_ net-_q10-pad1_ net-_q30-pad3_ Q2N2222
q32 net-_q30-pad3_ net-_q22-pad1_ net-_q32-pad3_ Q2N2222
r3  net-_q32-pad3_ net-_j1-pad2_ 12k
q35 net-_j1-pad2_ net-_q22-pad1_ net-_q19-pad1_ Q2N2907A
q37 net-_q22-pad1_ net-_q22-pad1_ net-_j1-pad2_ Q2N2222
q39 net-_q1-pad2_ net-_q39-pad2_ net-_q39-pad3_ Q2N2222
r5  net-_q39-pad3_ net-_j1-pad2_ 0.7k
q41 net-_c1-pad1_ net-_q30-pad3_ net-_j1-pad2_ Q2N2222
c1  net-_c1-pad1_ net-_c1-pad2_ 8p
q50 net-_q49-pad3_ net-_q50-pad2_ net-_q50-pad3_ Q2N2222
q51 net-_q50-pad3_ net-_q22-pad1_ net-_j1-pad2_ Q2N2222
r9  net-_q49-pad3_ net-_q50-pad2_ 31k
r10  net-_q50-pad2_ net-_q50-pad3_ 37k
q57 net-_j1-pad1_ net-_q47-pad3_ net-_q57-pad3_ Q2N2222
r13  net-_q57-pad3_ net-_q58-pad3_ 25
q58 net-_j1-pad2_ net-_q55-pad3_ net-_q58-pad3_ Q2N2907A
q55 net-_j1-pad2_ net-_q50-pad3_ net-_q55-pad3_ Q2N2907A
q61 net-_c1-pad1_ net-_q57-pad3_ net-_q58-pad3_ Q2N2222
q63 net-_j1-pad3_ net-_j1-pad3_ net-_q39-pad2_ Q2N2222
q67 net-_j1-pad1_ net-_j1-pad3_ net-_q64-pad2_ Q2N2222
j1 net-_j1-pad1_ net-_j1-pad2_ net-_j1-pad3_ J2N3819
q64 net-_q39-pad2_ net-_q64-pad2_ net-_j1-pad2_ Q2N2222
r15  net-_q64-pad2_ net-_j1-pad2_ 8.2k
q89 net-_q103-pad3_ net-_q107-pad1_ net-_j1-pad1_ Q2N2907A
q93 net-_q101-pad2_ net-_q107-pad1_ net-_j1-pad1_ Q2N2907A
q111 net-_q107-pad1_ net-_q107-pad1_ net-_j1-pad1_ Q2N2907A
q113 net-_c3-pad1_ net-_q107-pad1_ net-_j1-pad1_ Q2N2907A
q115 net-_j1-pad1_ net-_c3-pad1_ net-_q115-pad3_ Q2N2222
q117 net-_j1-pad1_ net-_q115-pad3_ net-_q117-pad3_ Q2N2222
q81 net-_q81-pad1_ net-_q107-pad1_ net-_j1-pad1_ Q2N2907A
q75 net-_q75-pad1_ net-_q107-pad1_ net-_j1-pad1_ Q2N2907A
q69 net-_q69-pad1_ net-_q107-pad1_ net-_j1-pad1_ Q2N2907A
q71 net-_j1-pad2_ net-_q71-pad2_ net-_q69-pad1_ Q2N2907A
q77 net-_q73-pad3_ net-_q73-pad3_ net-_q75-pad1_ Q2N2907A
q83 net-_q71-pad2_ net-_q73-pad3_ net-_q75-pad1_ Q2N2907A
q87 net-_c3-pad2_ net-_q87-pad2_ net-_q75-pad1_ Q2N2907A
q91 net-_q87-pad2_ net-_q87-pad2_ net-_q75-pad1_ Q2N2907A
q73 net-_j1-pad2_ net-_q73-pad2_ net-_q73-pad3_ Q2N2907A
q79 net-_q71-pad2_ net-_q71-pad2_ net-_j1-pad2_ Q2N2222
q85 net-_c3-pad2_ net-_q71-pad2_ net-_j1-pad2_ Q2N2222
q95 net-_j1-pad2_ net-_q95-pad2_ net-_q87-pad2_ Q2N2907A
q97 net-_j1-pad2_ net-_c3-pad2_ net-_q81-pad1_ Q2N2907A
q99 net-_q103-pad3_ net-_q81-pad1_ net-_q101-pad1_ Q2N2222
q101 net-_q101-pad1_ net-_q101-pad2_ net-_q101-pad3_ Q2N2222
r19  net-_q101-pad3_ net-_j1-pad2_ 12k
q103 net-_j1-pad2_ net-_q101-pad2_ net-_q103-pad3_ Q2N2907A
q105 net-_q101-pad2_ net-_q101-pad2_ net-_j1-pad2_ Q2N2222
q107 net-_q107-pad1_ net-_q107-pad2_ net-_q107-pad3_ Q2N2222
r21  net-_q107-pad3_ net-_j1-pad2_ 0.7k
q109 net-_c3-pad1_ net-_q101-pad1_ net-_j1-pad2_ Q2N2222
c3  net-_c3-pad1_ net-_c3-pad2_ 8p
q118 net-_q117-pad3_ net-_q118-pad2_ net-_q118-pad3_ Q2N2222
q119 net-_q118-pad3_ net-_q101-pad2_ net-_j1-pad2_ Q2N2222
r25  net-_q117-pad3_ net-_q118-pad2_ 31k
r26  net-_q118-pad2_ net-_q118-pad3_ 37k
q125 net-_j1-pad1_ net-_q115-pad3_ net-_q125-pad3_ Q2N2222
r29  net-_q125-pad3_ net-_q126-pad3_ 25
q126 net-_j1-pad2_ net-_q123-pad3_ net-_q126-pad3_ Q2N2907A
q123 net-_j1-pad2_ net-_q118-pad3_ net-_q123-pad3_ Q2N2907A
q129 net-_c3-pad1_ net-_q125-pad3_ net-_q126-pad3_ Q2N2222
q131 net-_j3-pad3_ net-_j3-pad3_ net-_q107-pad2_ Q2N2222
q135 net-_j1-pad1_ net-_j3-pad3_ net-_q132-pad2_ Q2N2222
j3 net-_j1-pad1_ net-_j1-pad2_ net-_j3-pad3_ J2N3819
q132 net-_q107-pad2_ net-_q132-pad2_ net-_j1-pad2_ Q2N2222
r31  net-_q132-pad2_ net-_j1-pad2_ 8.2k
q24 net-_q24-pad1_ net-_q11-pad2_ net-_j1-pad1_ Q2N2907A
q27 net-_q27-pad1_ net-_q11-pad2_ net-_j1-pad1_ Q2N2907A
q45 net-_q11-pad2_ net-_q11-pad2_ net-_j1-pad1_ Q2N2907A
q46 net-_c2-pad1_ net-_q11-pad2_ net-_j1-pad1_ Q2N2907A
q48 net-_j1-pad1_ net-_c2-pad1_ net-_q48-pad3_ Q2N2222
q52 net-_j1-pad1_ net-_q48-pad3_ net-_q52-pad3_ Q2N2222
q15 net-_q15-pad1_ net-_q11-pad2_ net-_j1-pad1_ Q2N2907A
q11 net-_q11-pad1_ net-_q11-pad2_ net-_j1-pad1_ Q2N2907A
q5 net-_q5-pad1_ net-_q11-pad2_ net-_j1-pad1_ Q2N2907A
q6 net-_j1-pad2_ net-_q14-pad1_ net-_q5-pad1_ Q2N2907A
q13 net-_q13-pad1_ net-_q13-pad1_ net-_q11-pad1_ Q2N2907A
q17 net-_q14-pad1_ net-_q13-pad1_ net-_q11-pad1_ Q2N2907A
q23 net-_c2-pad2_ net-_q23-pad2_ net-_q11-pad1_ Q2N2907A
q26 net-_q23-pad2_ net-_q23-pad2_ net-_q11-pad1_ Q2N2907A
q9 net-_j1-pad2_ net-_q9-pad2_ net-_q13-pad1_ Q2N2907A
q14 net-_q14-pad1_ net-_q14-pad1_ net-_j1-pad2_ Q2N2222
q20 net-_c2-pad2_ net-_q14-pad1_ net-_j1-pad2_ Q2N2222
q28 net-_j1-pad2_ net-_q28-pad2_ net-_q23-pad2_ Q2N2907A
q31 net-_j1-pad2_ net-_c2-pad2_ net-_q15-pad1_ Q2N2907A
q33 net-_q24-pad1_ net-_q15-pad1_ net-_q33-pad3_ Q2N2222
q34 net-_q33-pad3_ net-_q27-pad1_ net-_q34-pad3_ Q2N2222
r4  net-_q34-pad3_ net-_j1-pad2_ 12k
q36 net-_j1-pad2_ net-_q27-pad1_ net-_q24-pad1_ Q2N2907A
q38 net-_q27-pad1_ net-_q27-pad1_ net-_j1-pad2_ Q2N2222
q40 net-_q11-pad2_ net-_q40-pad2_ net-_q40-pad3_ Q2N2222
r6  net-_q40-pad3_ net-_j1-pad2_ 0.7k
q44 net-_c2-pad1_ net-_q33-pad3_ net-_j1-pad2_ Q2N2222
c2  net-_c2-pad1_ net-_c2-pad2_ 8p
q53 net-_q52-pad3_ net-_q53-pad2_ net-_q53-pad3_ Q2N2222
q54 net-_q53-pad3_ net-_q27-pad1_ net-_j1-pad2_ Q2N2222
r11  net-_q52-pad3_ net-_q53-pad2_ 31k
r12  net-_q53-pad2_ net-_q53-pad3_ 37k
q59 net-_j1-pad1_ net-_q48-pad3_ net-_q59-pad3_ Q2N2222
r14  net-_q59-pad3_ net-_q60-pad3_ 25
q60 net-_j1-pad2_ net-_q56-pad3_ net-_q60-pad3_ Q2N2907A
q56 net-_j1-pad2_ net-_q53-pad3_ net-_q56-pad3_ Q2N2907A
q62 net-_c2-pad1_ net-_q59-pad3_ net-_q60-pad3_ Q2N2222
q65 net-_j2-pad3_ net-_j2-pad3_ net-_q40-pad2_ Q2N2222
q68 net-_j1-pad1_ net-_j2-pad3_ net-_q66-pad2_ Q2N2222
j2 net-_j1-pad1_ net-_j1-pad2_ net-_j2-pad3_ J2N3819
q66 net-_q40-pad2_ net-_q66-pad2_ net-_j1-pad2_ Q2N2222
r16  net-_q66-pad2_ net-_j1-pad2_ 8.2k
q90 net-_q100-pad1_ net-_q108-pad1_ net-_j1-pad1_ Q2N2907A
q94 net-_q102-pad2_ net-_q108-pad1_ net-_j1-pad1_ Q2N2907A
q112 net-_q108-pad1_ net-_q108-pad1_ net-_j1-pad1_ Q2N2907A
q114 net-_c4-pad1_ net-_q108-pad1_ net-_j1-pad1_ Q2N2907A
q116 net-_j1-pad1_ net-_c4-pad1_ net-_q116-pad3_ Q2N2222
q120 net-_j1-pad1_ net-_q116-pad3_ net-_q120-pad3_ Q2N2222
q82 net-_q100-pad2_ net-_q108-pad1_ net-_j1-pad1_ Q2N2907A
q76 net-_q76-pad1_ net-_q108-pad1_ net-_j1-pad1_ Q2N2907A
q70 net-_q70-pad1_ net-_q108-pad1_ net-_j1-pad1_ Q2N2907A
q72 net-_j1-pad2_ net-_q72-pad2_ net-_q70-pad1_ Q2N2907A
q78 net-_q74-pad3_ net-_q74-pad3_ net-_q76-pad1_ Q2N2907A
q84 net-_q72-pad2_ net-_q74-pad3_ net-_q76-pad1_ Q2N2907A
q88 net-_c4-pad2_ net-_q88-pad2_ net-_q76-pad1_ Q2N2907A
q92 net-_q88-pad2_ net-_q88-pad2_ net-_q76-pad1_ Q2N2907A
q74 net-_j1-pad2_ net-_q74-pad2_ net-_q74-pad3_ Q2N2907A
q80 net-_q72-pad2_ net-_q72-pad2_ net-_j1-pad2_ Q2N2222
q86 net-_c4-pad2_ net-_q72-pad2_ net-_j1-pad2_ Q2N2222
q96 net-_j1-pad2_ net-_q96-pad2_ net-_q88-pad2_ Q2N2907A
q98 net-_j1-pad2_ net-_c4-pad2_ net-_q100-pad2_ Q2N2907A
q100 net-_q100-pad1_ net-_q100-pad2_ net-_q100-pad3_ Q2N2222
q102 net-_q100-pad3_ net-_q102-pad2_ net-_q102-pad3_ Q2N2222
r20  net-_q102-pad3_ net-_j1-pad2_ 12k
q104 net-_j1-pad2_ net-_q102-pad2_ net-_q100-pad1_ Q2N2907A
q106 net-_q102-pad2_ net-_q102-pad2_ net-_j1-pad2_ Q2N2222
q108 net-_q108-pad1_ net-_q108-pad2_ net-_q108-pad3_ Q2N2222
r22  net-_q108-pad3_ net-_j1-pad2_ 0.7k
q110 net-_c4-pad1_ net-_q100-pad3_ net-_j1-pad2_ Q2N2222
c4  net-_c4-pad1_ net-_c4-pad2_ 8p
q121 net-_q120-pad3_ net-_q121-pad2_ net-_q121-pad3_ Q2N2222
q122 net-_q121-pad3_ net-_q102-pad2_ net-_j1-pad2_ Q2N2222
r27  net-_q120-pad3_ net-_q121-pad2_ 31k
r28  net-_q121-pad2_ net-_q121-pad3_ 37k
q127 net-_j1-pad1_ net-_q116-pad3_ net-_q127-pad3_ Q2N2222
r30  net-_q127-pad3_ net-_q128-pad3_ 25
q128 net-_j1-pad2_ net-_q124-pad3_ net-_q128-pad3_ Q2N2907A
q124 net-_j1-pad2_ net-_q121-pad3_ net-_q124-pad3_ Q2N2907A
q130 net-_c4-pad1_ net-_q127-pad3_ net-_q128-pad3_ Q2N2222
q133 net-_j4-pad3_ net-_j4-pad3_ net-_q108-pad2_ Q2N2222
q136 net-_j1-pad1_ net-_j4-pad3_ net-_q134-pad2_ Q2N2222
j4 net-_j1-pad1_ net-_j1-pad2_ net-_j4-pad3_ J2N3819
q134 net-_q108-pad2_ net-_q134-pad2_ net-_j1-pad2_ Q2N2222
r32  net-_q134-pad2_ net-_j1-pad2_ 8.2k
* u1  net-_q58-pad3_ net-_q3-pad2_ net-_q25-pad2_ net-_j1-pad1_ net-_q28-pad2_ net-_q9-pad2_ net-_q60-pad3_ net-_q126-pad3_ net-_q73-pad2_ net-_q95-pad2_ net-_j1-pad2_ net-_q96-pad2_ net-_q74-pad2_ net-_q128-pad3_ port
.tran 0e-00 0e-00 0e-00

* Control Statements 
.control
run
print allv > plot_data_v.txt
print alli > plot_data_i.txt
.endc
.end
