* c:\fossee\esim\library\subcircuitlibrary\ca3000\ca3000.cir

.include D.lib
.include NPN.lib
q1 net-_q1-pad1_ net-_q1-pad2_ net-_q1-pad3_ Q2N2222
r3  net-_q1-pad1_ net-_q2-pad1_ 8k
q2 net-_q2-pad1_ net-_q1-pad3_ net-_q2-pad3_ Q2N2222
r1  net-_q1-pad3_ net-_r1-pad2_ 4.8k
r5  net-_q2-pad3_ net-_q3-pad1_ 50
r9  net-_q3-pad1_ net-_q4-pad3_ 50
q4 net-_q4-pad1_ net-_q4-pad2_ net-_q4-pad3_ Q2N2222
r10  net-_q1-pad1_ net-_q4-pad1_ 8k
q5 net-_q1-pad1_ net-_q5-pad2_ net-_q4-pad2_ Q2N2222
r11  net-_q4-pad2_ net-_r1-pad2_ 4.8k
q3 net-_q3-pad1_ net-_q3-pad2_ net-_q3-pad3_ Q2N2222
r7  net-_q3-pad3_ net-_r7-pad2_ 1k
r4  net-_q3-pad2_ net-_d1-pad1_ 2.8k
r2  net-_q3-pad2_ net-_r2-pad2_ 5k
r8  net-_r7-pad2_ net-_r1-pad2_ 2k
r6  net-_d2-pad2_ net-_r1-pad2_ 2.2k
d1 net-_d1-pad1_ net-_d1-pad2_ 1N4148
d2 net-_d1-pad2_ net-_d2-pad2_ 1N4148
* u1  net-_q1-pad2_ net-_r2-pad2_ net-_r1-pad2_ net-_r7-pad2_ net-_d1-pad1_ net-_q5-pad2_ ? net-_q4-pad1_ net-_q1-pad1_ net-_q2-pad1_ port
.tran 0e-00 0e-00 0e-00

* Control Statements 
.control
run
print allv > plot_data_v.txt
print alli > plot_data_i.txt
.endc
.end
