.title kicad schematic

* u9 net-_u1-pad5_ net-_u10-pad2_ net-_u10-pad3_ unconnected-_u9-pad4_ net-_u1-pad6_ net-_u1-pad7_ d_dff
* u1 net-_u1-pad1_ net-_u1-pad2_ net-_u1-pad3_ net-_u1-pad4_ net-_u1-pad5_ net-_u1-pad6_ net-_u1-pad7_ unconnected-_u1-pad8_ net-_u1-pad9_ net-_u1-pad10_ net-_u1-pad11_ net-_u1-pad12_ net-_u1-pad13_ net-_u1-pad14_ net-_u1-pad15_ unconnected-_u1-pad16_ port
* u11 net-_u1-pad13_ net-_u10-pad2_ net-_u10-pad3_ unconnected-_u11-pad4_ net-_u1-pad14_ net-_u1-pad15_ d_dff
* u10 net-_u1-pad12_ net-_u10-pad2_ net-_u10-pad3_ unconnected-_u10-pad4_ net-_u1-pad11_ net-_u1-pad10_ d_dff
* u3 net-_u1-pad9_ net-_u10-pad2_ d_inverter
* u2 net-_u1-pad1_ net-_u2-pad2_ d_inverter
* u4 net-_u4-pad1_ net-_u10-pad3_ d_inverter
* u7 net-_u5-pad1_ net-_u2-pad2_ net-_u10-pad3_ d_and
* u6 net-_u10-pad2_ net-_u4-pad1_ net-_u5-pad2_ d_and
* u5 net-_u5-pad1_ net-_u5-pad2_ d_inverter
* u8 net-_u1-pad4_ net-_u10-pad2_ net-_u10-pad3_ unconnected-_u8-pad4_ net-_u1-pad3_ net-_u1-pad2_ d_dff
a1 net-_u1-pad5_ net-_u10-pad2_ net-_u10-pad3_ unconnected-_u9-pad4_ net-_u1-pad6_ net-_u1-pad7_ u9
a2 net-_u1-pad13_ net-_u10-pad2_ net-_u10-pad3_ unconnected-_u11-pad4_ net-_u1-pad14_ net-_u1-pad15_ u11
a3 net-_u1-pad12_ net-_u10-pad2_ net-_u10-pad3_ unconnected-_u10-pad4_ net-_u1-pad11_ net-_u1-pad10_ u10
a4 net-_u1-pad9_ net-_u10-pad2_ u3
a5 net-_u1-pad1_ net-_u2-pad2_ u2
a6 net-_u4-pad1_ net-_u10-pad3_ u4
a7 [net-_u5-pad1_ net-_u2-pad2_ ] net-_u10-pad3_ u7
a8 [net-_u10-pad2_ net-_u4-pad1_ ] net-_u5-pad2_ u6
a9 net-_u5-pad1_ net-_u5-pad2_ u5
a10 net-_u1-pad4_ net-_u10-pad2_ net-_u10-pad3_ unconnected-_u8-pad4_ net-_u1-pad3_ net-_u1-pad2_ u8
* Schematic Name:                             d_dff, Ngspice Name: d_dff
.model u9 d_dff(clk_delay=1.0e-9 set_delay=1.0e-9 reset_delay=1.0 ic=0 data_load=1.0e-12 clk_load=1.0e-12 set_load=1.0e-12 reset_load=1.0e-12 rise_delay=1.0e-9 fall_delay=1.0e-9 ) 
* Schematic Name:                             d_dff, Ngspice Name: d_dff
.model u11 d_dff(clk_delay=1.0e-9 set_delay=1.0e-9 reset_delay=1.0 ic=0 data_load=1.0e-12 clk_load=1.0e-12 set_load=1.0e-12 reset_load=1.0e-12 rise_delay=1.0e-9 fall_delay=1.0e-9 ) 
* Schematic Name:                             d_dff, Ngspice Name: d_dff
.model u10 d_dff(clk_delay=1.0e-9 set_delay=1.0e-9 reset_delay=1.0 ic=0 data_load=1.0e-12 clk_load=1.0e-12 set_load=1.0e-12 reset_load=1.0e-12 rise_delay=1.0e-9 fall_delay=1.0e-9 ) 
* Schematic Name:                             d_inverter, Ngspice Name: d_inverter
.model u3 d_inverter(rise_delay=1.0e-9 fall_delay=1.0e-9 input_load=1.0e-12 ) 
* Schematic Name:                             d_inverter, Ngspice Name: d_inverter
.model u2 d_inverter(rise_delay=1.0e-9 fall_delay=1.0e-9 input_load=1.0e-12 ) 
* Schematic Name:                             d_inverter, Ngspice Name: d_inverter
.model u4 d_inverter(rise_delay=1.0e-9 fall_delay=1.0e-9 input_load=1.0e-12 ) 
* Schematic Name:                             d_and, Ngspice Name: d_and
.model u7 d_and(rise_delay=1.0e-9 fall_delay=1.0e-9 input_load=1.0e-12 ) 
* Schematic Name:                             d_and, Ngspice Name: d_and
.model u6 d_and(rise_delay=1.0e-9 fall_delay=1.0e-9 input_load=1.0e-12 ) 
* Schematic Name:                             d_inverter, Ngspice Name: d_inverter
.model u5 d_inverter(rise_delay=1.0e-9 fall_delay=1.0e-9 input_load=1.0e-12 ) 
* Schematic Name:                             d_dff, Ngspice Name: d_dff
.model u8 d_dff(clk_delay=1.0e-9 set_delay=1.0e-9 reset_delay=1.0 ic=0 data_load=1.0e-12 clk_load=1.0e-12 set_load=1.0e-12 reset_load=1.0e-12 rise_delay=1.0e-9 fall_delay=1.0e-9 ) 
.tran 0e-00 0e-00 0e-00

* Control Statements 
.control
run
print allv > plot_data_v.txt
print alli > plot_data_i.txt
.endc
.end
