* /home/vsduser/downloads/esim-2.3/library/subcircuitlibrary/tff_sr/tff_sr.cir

.include NAND_3.sub
.lib "/usr/share/local/sky130_fd_pr/models/sky130.lib.spice" tt
.include "/usr/share/local/sky130_fd_pr/models/sky130_fd_pr__model__pnp.model.spice"
.include "/usr/share/local/sky130_fd_pr/models/sky130_fd_pr__model__diode_pw2nd_11v0.model.spice"
.include "/usr/share/local/sky130_fd_pr/models/sky130_fd_pr__model__linear.model.spice"
.include "/usr/share/local/sky130_fd_pr/models/sky130_fd_pr__model__diode_pd2nw_11v0.model.spice"
.include "/usr/share/local/sky130_fd_pr/models/sky130_fd_pr__model__r+c.model.spice"
.include "/usr/share/local/sky130_fd_pr/models/sky130_fd_pr__model__inductors.model.spice"
x1 net-_u1-pad2_ net-_u1-pad8_ net-_u1-pad4_ net-_u1-pad1_ net-_x1-pad5_ net-_u1-pad3_ NAND_3
x3 net-_u1-pad5_ net-_x1-pad5_ net-_u1-pad4_ net-_u1-pad1_ net-_u1-pad7_ net-_u1-pad8_ NAND_3
x2 net-_u1-pad3_ net-_u1-pad7_ net-_u1-pad4_ net-_u1-pad1_ net-_x2-pad5_ net-_u1-pad2_ NAND_3
x4 net-_u1-pad7_ net-_x2-pad5_ net-_u1-pad4_ net-_u1-pad1_ net-_u1-pad8_ net-_u1-pad6_ NAND_3
* s c m o d e
* u1  net-_u1-pad1_ net-_u1-pad2_ net-_u1-pad3_ net-_u1-pad4_ net-_u1-pad5_ net-_u1-pad6_ net-_u1-pad7_ net-_u1-pad8_ port
.tran 0e-00 0e-00 0e-00

* Control Statements 
.control
run
print allv > plot_data_v.txt
print alli > plot_data_i.txt
.endc
.end
