.title kicad schematic

* u27 net-_u23-pad3_ net-_u27-pad2_ net-_u27-pad3_ d_nand
* u19 net-_u1-pad4_ net-_u19-pad2_ d_inverter
* u23 net-_u14-pad3_ net-_u18-pad2_ net-_u23-pad3_ d_nand
* u15 net-_u10-pad2_ net-_u15-pad2_ net-_u15-pad3_ d_or
* u22 net-_u19-pad2_ net-_u15-pad3_ net-_u22-pad3_ d_nand
* u26 net-_u26-pad1_ net-_u22-pad3_ net-_u26-pad3_ d_nand
* u1 net-_u1-pad1_ net-_u1-pad2_ net-_u1-pad3_ net-_u1-pad4_ net-_u1-pad5_ net-_u1-pad6_ gnd net-_u1-pad8_ net-_u1-pad9_ net-_u1-pad10_ net-_u1-pad11_ net-_u1-pad12_ net-_u1-pad13_ gnd port
* u14 net-_u14-pad1_ net-_u14-pad2_ net-_u14-pad3_ d_or
* u18 net-_u1-pad1_ net-_u18-pad2_ d_inverter
* u10 net-_u10-pad1_ net-_u10-pad2_ d_inverter
* u9 net-_u27-pad2_ net-_u15-pad2_ d_inverter
* u37 net-_u29-pad3_ net-_u37-pad2_ d_inverter
* u29 net-_u25-pad3_ net-_u29-pad2_ net-_u29-pad3_ d_nand
* u20 net-_u1-pad13_ net-_u20-pad2_ d_inverter
* u25 net-_u16-pad3_ net-_u20-pad2_ net-_u25-pad3_ d_nand
* u21 net-_u1-pad10_ net-_u21-pad2_ d_inverter
* u24 net-_u21-pad2_ net-_u17-pad3_ net-_u24-pad3_ d_nand
* u28 net-_u28-pad1_ net-_u24-pad3_ net-_u28-pad3_ d_nand
* u42 net-_u1-pad13_ net-_u42-pad2_ d_inverter
* u35 net-_u1-pad13_ net-_u35-pad2_ d_inverter
* u34 net-_u28-pad3_ net-_u34-pad2_ d_inverter
* u43 net-_u34-pad2_ net-_u35-pad2_ net-_u43-pad3_ d_or
* u51 net-_u42-pad2_ net-_u51-pad2_ d_inverter
* u40 net-_u30-pad2_ net-_u31-pad2_ net-_u40-pad3_ d_or
* u31 net-_u1-pad1_ net-_u31-pad2_ d_inverter
* u39 net-_u1-pad1_ net-_u39-pad2_ d_inverter
* u41 net-_u1-pad10_ net-_u41-pad2_ d_inverter
* u36 net-_u1-pad10_ net-_u36-pad2_ d_inverter
* u32 net-_u1-pad4_ net-_u32-pad2_ d_inverter
* u49 net-_u38-pad2_ net-_u49-pad2_ d_inverter
* u38 net-_u1-pad4_ net-_u38-pad2_ d_inverter
* u30 net-_u26-pad3_ net-_u30-pad2_ d_inverter
* u33 net-_u27-pad3_ net-_u33-pad2_ d_inverter
* u16 net-_u16-pad1_ net-_u11-pad1_ net-_u16-pad3_ d_or
* u7 net-_u3-pad2_ net-_u11-pad1_ d_inverter
* u17 net-_u13-pad2_ net-_u12-pad2_ net-_u17-pad3_ d_or
* u13 net-_u11-pad2_ net-_u13-pad2_ d_inverter
* u11 net-_u11-pad1_ net-_u11-pad2_ d_inverter
* u12 net-_u29-pad2_ net-_u12-pad2_ d_inverter
* u3 net-_u1-pad12_ net-_u3-pad2_ d_inverter
* u6 net-_u28-pad1_ net-_u16-pad1_ d_inverter
* u4 net-_u26-pad1_ net-_u14-pad1_ d_inverter
* u5 net-_u2-pad2_ net-_u14-pad2_ d_inverter
* u2 net-_u1-pad2_ net-_u2-pad2_ d_inverter
* u8 net-_u14-pad2_ net-_u10-pad1_ d_inverter
* u46 net-_u1-pad3_ net-_u40-pad3_ net-_u27-pad2_ d_nand
* u44 net-_u32-pad2_ net-_u33-pad2_ net-_u44-pad3_ d_or
* u48 net-_u39-pad2_ net-_u48-pad2_ d_inverter
* u60 net-_u49-pad2_ net-_u60-pad2_ d_inverter
* u50 net-_u44-pad3_ net-_u1-pad3_ net-_u26-pad1_ d_nand
* u56 net-_u48-pad2_ net-_u56-pad2_ d_inverter
* u55 net-_u27-pad2_ net-_u55-pad2_ d_inverter
* u54 net-_u54-pad1_ net-_u54-pad2_ d_inverter
* u67 net-_u60-pad2_ net-_u61-pad2_ net-_u67-pad3_ d_or
* u62 net-_u62-pad1_ net-_u62-pad2_ d_inverter
* u66 net-_u54-pad2_ net-_u55-pad2_ net-_u66-pad3_ d_or
* u71 net-_u67-pad3_ net-_u62-pad2_ net-_u54-pad1_ d_or
* u61 net-_u26-pad1_ net-_u61-pad2_ d_inverter
* u80 net-_u76-pad2_ net-_u1-pad8_ d_inverter
* u81 net-_u77-pad2_ net-_u1-pad9_ d_inverter
* u59 net-_u51-pad2_ net-_u59-pad2_ d_inverter
* u77 net-_u57-pad1_ net-_u77-pad2_ d_inverter
* u73 net-_u69-pad3_ net-_u65-pad2_ net-_u57-pad1_ d_or
* u72 net-_u68-pad3_ net-_u59-pad2_ net-_u65-pad1_ d_or
* u76 net-_u65-pad1_ net-_u76-pad2_ d_inverter
* u69 net-_u63-pad2_ net-_u64-pad2_ net-_u69-pad3_ d_or
* u58 net-_u29-pad2_ net-_u58-pad2_ d_inverter
* u57 net-_u57-pad1_ net-_u57-pad2_ d_inverter
* u45 net-_u36-pad2_ net-_u37-pad2_ net-_u45-pad3_ d_or
* u65 net-_u65-pad1_ net-_u65-pad2_ d_inverter
* u64 net-_u28-pad1_ net-_u64-pad2_ d_inverter
* u53 net-_u45-pad3_ net-_u1-pad11_ net-_u28-pad1_ d_nand
* u63 net-_u52-pad2_ net-_u63-pad2_ d_inverter
* u52 net-_u41-pad2_ net-_u52-pad2_ d_inverter
* u68 net-_u57-pad2_ net-_u58-pad2_ net-_u68-pad3_ d_or
* u47 net-_u1-pad11_ net-_u43-pad3_ net-_u29-pad2_ d_nand
* u79 net-_u75-pad2_ net-_u1-pad5_ d_inverter
* u75 net-_u54-pad1_ net-_u75-pad2_ d_inverter
* u74 net-_u62-pad1_ net-_u74-pad2_ d_inverter
* u78 net-_u74-pad2_ net-_u1-pad6_ d_inverter
* u70 net-_u66-pad3_ net-_u56-pad2_ net-_u62-pad1_ d_or
a1 [net-_u23-pad3_ net-_u27-pad2_ ] net-_u27-pad3_ u27
a2 net-_u1-pad4_ net-_u19-pad2_ u19
a3 [net-_u14-pad3_ net-_u18-pad2_ ] net-_u23-pad3_ u23
a4 [net-_u10-pad2_ net-_u15-pad2_ ] net-_u15-pad3_ u15
a5 [net-_u19-pad2_ net-_u15-pad3_ ] net-_u22-pad3_ u22
a6 [net-_u26-pad1_ net-_u22-pad3_ ] net-_u26-pad3_ u26
a7 [net-_u14-pad1_ net-_u14-pad2_ ] net-_u14-pad3_ u14
a8 net-_u1-pad1_ net-_u18-pad2_ u18
a9 net-_u10-pad1_ net-_u10-pad2_ u10
a10 net-_u27-pad2_ net-_u15-pad2_ u9
a11 net-_u29-pad3_ net-_u37-pad2_ u37
a12 [net-_u25-pad3_ net-_u29-pad2_ ] net-_u29-pad3_ u29
a13 net-_u1-pad13_ net-_u20-pad2_ u20
a14 [net-_u16-pad3_ net-_u20-pad2_ ] net-_u25-pad3_ u25
a15 net-_u1-pad10_ net-_u21-pad2_ u21
a16 [net-_u21-pad2_ net-_u17-pad3_ ] net-_u24-pad3_ u24
a17 [net-_u28-pad1_ net-_u24-pad3_ ] net-_u28-pad3_ u28
a18 net-_u1-pad13_ net-_u42-pad2_ u42
a19 net-_u1-pad13_ net-_u35-pad2_ u35
a20 net-_u28-pad3_ net-_u34-pad2_ u34
a21 [net-_u34-pad2_ net-_u35-pad2_ ] net-_u43-pad3_ u43
a22 net-_u42-pad2_ net-_u51-pad2_ u51
a23 [net-_u30-pad2_ net-_u31-pad2_ ] net-_u40-pad3_ u40
a24 net-_u1-pad1_ net-_u31-pad2_ u31
a25 net-_u1-pad1_ net-_u39-pad2_ u39
a26 net-_u1-pad10_ net-_u41-pad2_ u41
a27 net-_u1-pad10_ net-_u36-pad2_ u36
a28 net-_u1-pad4_ net-_u32-pad2_ u32
a29 net-_u38-pad2_ net-_u49-pad2_ u49
a30 net-_u1-pad4_ net-_u38-pad2_ u38
a31 net-_u26-pad3_ net-_u30-pad2_ u30
a32 net-_u27-pad3_ net-_u33-pad2_ u33
a33 [net-_u16-pad1_ net-_u11-pad1_ ] net-_u16-pad3_ u16
a34 net-_u3-pad2_ net-_u11-pad1_ u7
a35 [net-_u13-pad2_ net-_u12-pad2_ ] net-_u17-pad3_ u17
a36 net-_u11-pad2_ net-_u13-pad2_ u13
a37 net-_u11-pad1_ net-_u11-pad2_ u11
a38 net-_u29-pad2_ net-_u12-pad2_ u12
a39 net-_u1-pad12_ net-_u3-pad2_ u3
a40 net-_u28-pad1_ net-_u16-pad1_ u6
a41 net-_u26-pad1_ net-_u14-pad1_ u4
a42 net-_u2-pad2_ net-_u14-pad2_ u5
a43 net-_u1-pad2_ net-_u2-pad2_ u2
a44 net-_u14-pad2_ net-_u10-pad1_ u8
a45 [net-_u1-pad3_ net-_u40-pad3_ ] net-_u27-pad2_ u46
a46 [net-_u32-pad2_ net-_u33-pad2_ ] net-_u44-pad3_ u44
a47 net-_u39-pad2_ net-_u48-pad2_ u48
a48 net-_u49-pad2_ net-_u60-pad2_ u60
a49 [net-_u44-pad3_ net-_u1-pad3_ ] net-_u26-pad1_ u50
a50 net-_u48-pad2_ net-_u56-pad2_ u56
a51 net-_u27-pad2_ net-_u55-pad2_ u55
a52 net-_u54-pad1_ net-_u54-pad2_ u54
a53 [net-_u60-pad2_ net-_u61-pad2_ ] net-_u67-pad3_ u67
a54 net-_u62-pad1_ net-_u62-pad2_ u62
a55 [net-_u54-pad2_ net-_u55-pad2_ ] net-_u66-pad3_ u66
a56 [net-_u67-pad3_ net-_u62-pad2_ ] net-_u54-pad1_ u71
a57 net-_u26-pad1_ net-_u61-pad2_ u61
a58 net-_u76-pad2_ net-_u1-pad8_ u80
a59 net-_u77-pad2_ net-_u1-pad9_ u81
a60 net-_u51-pad2_ net-_u59-pad2_ u59
a61 net-_u57-pad1_ net-_u77-pad2_ u77
a62 [net-_u69-pad3_ net-_u65-pad2_ ] net-_u57-pad1_ u73
a63 [net-_u68-pad3_ net-_u59-pad2_ ] net-_u65-pad1_ u72
a64 net-_u65-pad1_ net-_u76-pad2_ u76
a65 [net-_u63-pad2_ net-_u64-pad2_ ] net-_u69-pad3_ u69
a66 net-_u29-pad2_ net-_u58-pad2_ u58
a67 net-_u57-pad1_ net-_u57-pad2_ u57
a68 [net-_u36-pad2_ net-_u37-pad2_ ] net-_u45-pad3_ u45
a69 net-_u65-pad1_ net-_u65-pad2_ u65
a70 net-_u28-pad1_ net-_u64-pad2_ u64
a71 [net-_u45-pad3_ net-_u1-pad11_ ] net-_u28-pad1_ u53
a72 net-_u52-pad2_ net-_u63-pad2_ u63
a73 net-_u41-pad2_ net-_u52-pad2_ u52
a74 [net-_u57-pad2_ net-_u58-pad2_ ] net-_u68-pad3_ u68
a75 [net-_u1-pad11_ net-_u43-pad3_ ] net-_u29-pad2_ u47
a76 net-_u75-pad2_ net-_u1-pad5_ u79
a77 net-_u54-pad1_ net-_u75-pad2_ u75
a78 net-_u62-pad1_ net-_u74-pad2_ u74
a79 net-_u74-pad2_ net-_u1-pad6_ u78
a80 [net-_u66-pad3_ net-_u56-pad2_ ] net-_u62-pad1_ u70
* Schematic Name:                             d_nand, Ngspice Name: d_nand
.model u27 d_nand(rise_delay=1.0e-9 fall_delay=1.0e-9 input_load=1.0e-12 ) 
* Schematic Name:                             d_inverter, Ngspice Name: d_inverter
.model u19 d_inverter(rise_delay=1.0e-9 fall_delay=1.0e-9 input_load=1.0e-12 ) 
* Schematic Name:                             d_nand, Ngspice Name: d_nand
.model u23 d_nand(rise_delay=1.0e-9 fall_delay=1.0e-9 input_load=1.0e-12 ) 
* Schematic Name:                             d_or, Ngspice Name: d_or
.model u15 d_or(rise_delay=1.0e-9 fall_delay=1.0e-9 input_load=1.0e-12 ) 
* Schematic Name:                             d_nand, Ngspice Name: d_nand
.model u22 d_nand(rise_delay=1.0e-9 fall_delay=1.0e-9 input_load=1.0e-12 ) 
* Schematic Name:                             d_nand, Ngspice Name: d_nand
.model u26 d_nand(rise_delay=1.0e-9 fall_delay=1.0e-9 input_load=1.0e-12 ) 
* Schematic Name:                             d_or, Ngspice Name: d_or
.model u14 d_or(rise_delay=1.0e-9 fall_delay=1.0e-9 input_load=1.0e-12 ) 
* Schematic Name:                             d_inverter, Ngspice Name: d_inverter
.model u18 d_inverter(rise_delay=1.0e-9 fall_delay=1.0e-9 input_load=1.0e-12 ) 
* Schematic Name:                             d_inverter, Ngspice Name: d_inverter
.model u10 d_inverter(rise_delay=1.0e-9 fall_delay=1.0e-9 input_load=1.0e-12 ) 
* Schematic Name:                             d_inverter, Ngspice Name: d_inverter
.model u9 d_inverter(rise_delay=1.0e-9 fall_delay=1.0e-9 input_load=1.0e-12 ) 
* Schematic Name:                             d_inverter, Ngspice Name: d_inverter
.model u37 d_inverter(rise_delay=1.0e-9 fall_delay=1.0e-9 input_load=1.0e-12 ) 
* Schematic Name:                             d_nand, Ngspice Name: d_nand
.model u29 d_nand(rise_delay=1.0e-9 fall_delay=1.0e-9 input_load=1.0e-12 ) 
* Schematic Name:                             d_inverter, Ngspice Name: d_inverter
.model u20 d_inverter(rise_delay=1.0e-9 fall_delay=1.0e-9 input_load=1.0e-12 ) 
* Schematic Name:                             d_nand, Ngspice Name: d_nand
.model u25 d_nand(rise_delay=1.0e-9 fall_delay=1.0e-9 input_load=1.0e-12 ) 
* Schematic Name:                             d_inverter, Ngspice Name: d_inverter
.model u21 d_inverter(rise_delay=1.0e-9 fall_delay=1.0e-9 input_load=1.0e-12 ) 
* Schematic Name:                             d_nand, Ngspice Name: d_nand
.model u24 d_nand(rise_delay=1.0e-9 fall_delay=1.0e-9 input_load=1.0e-12 ) 
* Schematic Name:                             d_nand, Ngspice Name: d_nand
.model u28 d_nand(rise_delay=1.0e-9 fall_delay=1.0e-9 input_load=1.0e-12 ) 
* Schematic Name:                             d_inverter, Ngspice Name: d_inverter
.model u42 d_inverter(rise_delay=1.0e-9 fall_delay=1.0e-9 input_load=1.0e-12 ) 
* Schematic Name:                             d_inverter, Ngspice Name: d_inverter
.model u35 d_inverter(rise_delay=1.0e-9 fall_delay=1.0e-9 input_load=1.0e-12 ) 
* Schematic Name:                             d_inverter, Ngspice Name: d_inverter
.model u34 d_inverter(rise_delay=1.0e-9 fall_delay=1.0e-9 input_load=1.0e-12 ) 
* Schematic Name:                             d_or, Ngspice Name: d_or
.model u43 d_or(rise_delay=1.0e-9 fall_delay=1.0e-9 input_load=1.0e-12 ) 
* Schematic Name:                             d_inverter, Ngspice Name: d_inverter
.model u51 d_inverter(rise_delay=1.0e-9 fall_delay=1.0e-9 input_load=1.0e-12 ) 
* Schematic Name:                             d_or, Ngspice Name: d_or
.model u40 d_or(rise_delay=1.0e-9 fall_delay=1.0e-9 input_load=1.0e-12 ) 
* Schematic Name:                             d_inverter, Ngspice Name: d_inverter
.model u31 d_inverter(rise_delay=1.0e-9 fall_delay=1.0e-9 input_load=1.0e-12 ) 
* Schematic Name:                             d_inverter, Ngspice Name: d_inverter
.model u39 d_inverter(rise_delay=1.0e-9 fall_delay=1.0e-9 input_load=1.0e-12 ) 
* Schematic Name:                             d_inverter, Ngspice Name: d_inverter
.model u41 d_inverter(rise_delay=1.0e-9 fall_delay=1.0e-9 input_load=1.0e-12 ) 
* Schematic Name:                             d_inverter, Ngspice Name: d_inverter
.model u36 d_inverter(rise_delay=1.0e-9 fall_delay=1.0e-9 input_load=1.0e-12 ) 
* Schematic Name:                             d_inverter, Ngspice Name: d_inverter
.model u32 d_inverter(rise_delay=1.0e-9 fall_delay=1.0e-9 input_load=1.0e-12 ) 
* Schematic Name:                             d_inverter, Ngspice Name: d_inverter
.model u49 d_inverter(rise_delay=1.0e-9 fall_delay=1.0e-9 input_load=1.0e-12 ) 
* Schematic Name:                             d_inverter, Ngspice Name: d_inverter
.model u38 d_inverter(rise_delay=1.0e-9 fall_delay=1.0e-9 input_load=1.0e-12 ) 
* Schematic Name:                             d_inverter, Ngspice Name: d_inverter
.model u30 d_inverter(rise_delay=1.0e-9 fall_delay=1.0e-9 input_load=1.0e-12 ) 
* Schematic Name:                             d_inverter, Ngspice Name: d_inverter
.model u33 d_inverter(rise_delay=1.0e-9 fall_delay=1.0e-9 input_load=1.0e-12 ) 
* Schematic Name:                             d_or, Ngspice Name: d_or
.model u16 d_or(rise_delay=1.0e-9 fall_delay=1.0e-9 input_load=1.0e-12 ) 
* Schematic Name:                             d_inverter, Ngspice Name: d_inverter
.model u7 d_inverter(rise_delay=1.0e-9 fall_delay=1.0e-9 input_load=1.0e-12 ) 
* Schematic Name:                             d_or, Ngspice Name: d_or
.model u17 d_or(rise_delay=1.0e-9 fall_delay=1.0e-9 input_load=1.0e-12 ) 
* Schematic Name:                             d_inverter, Ngspice Name: d_inverter
.model u13 d_inverter(rise_delay=1.0e-9 fall_delay=1.0e-9 input_load=1.0e-12 ) 
* Schematic Name:                             d_inverter, Ngspice Name: d_inverter
.model u11 d_inverter(rise_delay=1.0e-9 fall_delay=1.0e-9 input_load=1.0e-12 ) 
* Schematic Name:                             d_inverter, Ngspice Name: d_inverter
.model u12 d_inverter(rise_delay=1.0e-9 fall_delay=1.0e-9 input_load=1.0e-12 ) 
* Schematic Name:                             d_inverter, Ngspice Name: d_inverter
.model u3 d_inverter(rise_delay=1.0e-9 fall_delay=1.0e-9 input_load=1.0e-12 ) 
* Schematic Name:                             d_inverter, Ngspice Name: d_inverter
.model u6 d_inverter(rise_delay=1.0e-9 fall_delay=1.0e-9 input_load=1.0e-12 ) 
* Schematic Name:                             d_inverter, Ngspice Name: d_inverter
.model u4 d_inverter(rise_delay=1.0e-9 fall_delay=1.0e-9 input_load=1.0e-12 ) 
* Schematic Name:                             d_inverter, Ngspice Name: d_inverter
.model u5 d_inverter(rise_delay=1.0e-9 fall_delay=1.0e-9 input_load=1.0e-12 ) 
* Schematic Name:                             d_inverter, Ngspice Name: d_inverter
.model u2 d_inverter(rise_delay=1.0e-9 fall_delay=1.0e-9 input_load=1.0e-12 ) 
* Schematic Name:                             d_inverter, Ngspice Name: d_inverter
.model u8 d_inverter(rise_delay=1.0e-9 fall_delay=1.0e-9 input_load=1.0e-12 ) 
* Schematic Name:                             d_nand, Ngspice Name: d_nand
.model u46 d_nand(rise_delay=1.0e-9 fall_delay=1.0e-9 input_load=1.0e-12 ) 
* Schematic Name:                             d_or, Ngspice Name: d_or
.model u44 d_or(rise_delay=1.0e-9 fall_delay=1.0e-9 input_load=1.0e-12 ) 
* Schematic Name:                             d_inverter, Ngspice Name: d_inverter
.model u48 d_inverter(rise_delay=1.0e-9 fall_delay=1.0e-9 input_load=1.0e-12 ) 
* Schematic Name:                             d_inverter, Ngspice Name: d_inverter
.model u60 d_inverter(rise_delay=1.0e-9 fall_delay=1.0e-9 input_load=1.0e-12 ) 
* Schematic Name:                             d_nand, Ngspice Name: d_nand
.model u50 d_nand(rise_delay=1.0e-9 fall_delay=1.0e-9 input_load=1.0e-12 ) 
* Schematic Name:                             d_inverter, Ngspice Name: d_inverter
.model u56 d_inverter(rise_delay=1.0e-9 fall_delay=1.0e-9 input_load=1.0e-12 ) 
* Schematic Name:                             d_inverter, Ngspice Name: d_inverter
.model u55 d_inverter(rise_delay=1.0e-9 fall_delay=1.0e-9 input_load=1.0e-12 ) 
* Schematic Name:                             d_inverter, Ngspice Name: d_inverter
.model u54 d_inverter(rise_delay=1.0e-9 fall_delay=1.0e-9 input_load=1.0e-12 ) 
* Schematic Name:                             d_or, Ngspice Name: d_or
.model u67 d_or(rise_delay=1.0e-9 fall_delay=1.0e-9 input_load=1.0e-12 ) 
* Schematic Name:                             d_inverter, Ngspice Name: d_inverter
.model u62 d_inverter(rise_delay=1.0e-9 fall_delay=1.0e-9 input_load=1.0e-12 ) 
* Schematic Name:                             d_or, Ngspice Name: d_or
.model u66 d_or(rise_delay=1.0e-9 fall_delay=1.0e-9 input_load=1.0e-12 ) 
* Schematic Name:                             d_or, Ngspice Name: d_or
.model u71 d_or(rise_delay=1.0e-9 fall_delay=1.0e-9 input_load=1.0e-12 ) 
* Schematic Name:                             d_inverter, Ngspice Name: d_inverter
.model u61 d_inverter(rise_delay=1.0e-9 fall_delay=1.0e-9 input_load=1.0e-12 ) 
* Schematic Name:                             d_inverter, Ngspice Name: d_inverter
.model u80 d_inverter(rise_delay=1.0e-9 fall_delay=1.0e-9 input_load=1.0e-12 ) 
* Schematic Name:                             d_inverter, Ngspice Name: d_inverter
.model u81 d_inverter(rise_delay=1.0e-9 fall_delay=1.0e-9 input_load=1.0e-12 ) 
* Schematic Name:                             d_inverter, Ngspice Name: d_inverter
.model u59 d_inverter(rise_delay=1.0e-9 fall_delay=1.0e-9 input_load=1.0e-12 ) 
* Schematic Name:                             d_inverter, Ngspice Name: d_inverter
.model u77 d_inverter(rise_delay=1.0e-9 fall_delay=1.0e-9 input_load=1.0e-12 ) 
* Schematic Name:                             d_or, Ngspice Name: d_or
.model u73 d_or(rise_delay=1.0e-9 fall_delay=1.0e-9 input_load=1.0e-12 ) 
* Schematic Name:                             d_or, Ngspice Name: d_or
.model u72 d_or(rise_delay=1.0e-9 fall_delay=1.0e-9 input_load=1.0e-12 ) 
* Schematic Name:                             d_inverter, Ngspice Name: d_inverter
.model u76 d_inverter(rise_delay=1.0e-9 fall_delay=1.0e-9 input_load=1.0e-12 ) 
* Schematic Name:                             d_or, Ngspice Name: d_or
.model u69 d_or(rise_delay=1.0e-9 fall_delay=1.0e-9 input_load=1.0e-12 ) 
* Schematic Name:                             d_inverter, Ngspice Name: d_inverter
.model u58 d_inverter(rise_delay=1.0e-9 fall_delay=1.0e-9 input_load=1.0e-12 ) 
* Schematic Name:                             d_inverter, Ngspice Name: d_inverter
.model u57 d_inverter(rise_delay=1.0e-9 fall_delay=1.0e-9 input_load=1.0e-12 ) 
* Schematic Name:                             d_or, Ngspice Name: d_or
.model u45 d_or(rise_delay=1.0e-9 fall_delay=1.0e-9 input_load=1.0e-12 ) 
* Schematic Name:                             d_inverter, Ngspice Name: d_inverter
.model u65 d_inverter(rise_delay=1.0e-9 fall_delay=1.0e-9 input_load=1.0e-12 ) 
* Schematic Name:                             d_inverter, Ngspice Name: d_inverter
.model u64 d_inverter(rise_delay=1.0e-9 fall_delay=1.0e-9 input_load=1.0e-12 ) 
* Schematic Name:                             d_nand, Ngspice Name: d_nand
.model u53 d_nand(rise_delay=1.0e-9 fall_delay=1.0e-9 input_load=1.0e-12 ) 
* Schematic Name:                             d_inverter, Ngspice Name: d_inverter
.model u63 d_inverter(rise_delay=1.0e-9 fall_delay=1.0e-9 input_load=1.0e-12 ) 
* Schematic Name:                             d_inverter, Ngspice Name: d_inverter
.model u52 d_inverter(rise_delay=1.0e-9 fall_delay=1.0e-9 input_load=1.0e-12 ) 
* Schematic Name:                             d_or, Ngspice Name: d_or
.model u68 d_or(rise_delay=1.0e-9 fall_delay=1.0e-9 input_load=1.0e-12 ) 
* Schematic Name:                             d_nand, Ngspice Name: d_nand
.model u47 d_nand(rise_delay=1.0e-9 fall_delay=1.0e-9 input_load=1.0e-12 ) 
* Schematic Name:                             d_inverter, Ngspice Name: d_inverter
.model u79 d_inverter(rise_delay=1.0e-9 fall_delay=1.0e-9 input_load=1.0e-12 ) 
* Schematic Name:                             d_inverter, Ngspice Name: d_inverter
.model u75 d_inverter(rise_delay=1.0e-9 fall_delay=1.0e-9 input_load=1.0e-12 ) 
* Schematic Name:                             d_inverter, Ngspice Name: d_inverter
.model u74 d_inverter(rise_delay=1.0e-9 fall_delay=1.0e-9 input_load=1.0e-12 ) 
* Schematic Name:                             d_inverter, Ngspice Name: d_inverter
.model u78 d_inverter(rise_delay=1.0e-9 fall_delay=1.0e-9 input_load=1.0e-12 ) 
* Schematic Name:                             d_or, Ngspice Name: d_or
.model u70 d_or(rise_delay=1.0e-9 fall_delay=1.0e-9 input_load=1.0e-12 ) 
.tran 0e-00 0e-00 0e-00

* Control Statements 
.control
run
print allv > plot_data_v.txt
print alli > plot_data_i.txt
.endc
.end
