* c:\users\chaithu\fossee\esim\library\subcircuitlibrary\ixdd414\ixdd414.cir

.include NMOS-180nm.lib
.include PMOS-180nm.lib
.include D.lib
m1 net-_d1-pad2_ net-_m1-pad2_ net-_m1-pad3_ net-_d1-pad2_ CMOSP W=100u L=100u M=1
m2 net-_m1-pad3_ net-_m17-pad1_ net-_d2-pad1_ net-_d2-pad1_ CMOSN W=100u L=100u M=1
* u1  net-_d1-pad2_ net-_d1-pad1_ net-_d3-pad1_ net-_d2-pad1_ net-_m1-pad3_ port
d1 net-_d1-pad1_ net-_d1-pad2_ 1N4148
d2 net-_d2-pad1_ net-_d1-pad1_ 1N4148
m3 net-_m10-pad2_ net-_d1-pad1_ net-_d2-pad1_ net-_d2-pad1_ CMOSN W=100u L=100u M=1
m4 net-_d1-pad2_ net-_d1-pad1_ net-_m10-pad2_ net-_d1-pad2_ CMOSP W=100u L=100u M=1
r1  net-_d1-pad2_ net-_d3-pad1_ 200k
d4 net-_d2-pad1_ net-_d3-pad1_ 1N4148
d3 net-_d3-pad1_ net-_d1-pad2_ 1N4148
m6 net-_d1-pad2_ net-_d3-pad1_ net-_m5-pad1_ net-_d1-pad2_ CMOSP W=100u L=100u M=1
m5 net-_m5-pad1_ net-_d3-pad1_ net-_d2-pad1_ net-_d2-pad1_ CMOSN W=100u L=100u M=1
m8 net-_d1-pad2_ net-_m5-pad1_ net-_m8-pad3_ net-_d1-pad2_ CMOSP W=100u L=100u M=1
m9 net-_m8-pad3_ net-_m10-pad2_ net-_m10-pad1_ net-_d1-pad2_ CMOSP W=100u L=100u M=1
m7 net-_m10-pad1_ net-_m5-pad1_ net-_d2-pad1_ net-_d2-pad1_ CMOSN W=100u L=100u M=1
m10 net-_m10-pad1_ net-_m10-pad2_ net-_d2-pad1_ net-_d2-pad1_ CMOSN W=100u L=100u M=1
m12 net-_d1-pad2_ net-_m10-pad1_ net-_m1-pad2_ net-_d1-pad2_ CMOSP W=100u L=100u M=1
m11 net-_m1-pad2_ net-_m10-pad1_ net-_d2-pad1_ net-_d2-pad1_ CMOSN W=100u L=100u M=1
m13 net-_d1-pad2_ net-_m10-pad2_ net-_m13-pad3_ net-_d1-pad2_ CMOSP W=100u L=100u M=1
m16 net-_d1-pad2_ net-_d3-pad1_ net-_m13-pad3_ net-_d1-pad2_ CMOSP W=100u L=100u M=1
m18 net-_d1-pad2_ net-_m13-pad3_ net-_m17-pad1_ net-_d1-pad2_ CMOSP W=100u L=100u M=1
m15 net-_m14-pad3_ net-_m10-pad2_ net-_d2-pad1_ net-_d2-pad1_ CMOSN W=100u L=100u M=1
m14 net-_m13-pad3_ net-_d3-pad1_ net-_m14-pad3_ net-_d2-pad1_ CMOSN W=100u L=100u M=1
m17 net-_m17-pad1_ net-_m13-pad3_ net-_d2-pad1_ net-_d2-pad1_ CMOSN W=100u L=100u M=1
.tran 0e-00 0e-00 0e-00

* Control Statements 
.control
run
print allv > plot_data_v.txt
print alli > plot_data_i.txt
.endc
.end
