.title kicad schematic

* u16 net-_u16-pad1_ net-_u16-pad2_ adc_bridge_1
* u15 net-_u15-pad1_ net-_u15-pad2_ adc_bridge_1
port3 net-_u16-pad1_ ana_enable
port1 net-_u14-pad1_ ana_clk
port4 net-_u17-pad1_ ana_fault_n
port2 net-_u15-pad1_ ana_rst_n
* u14 net-_u14-pad1_ net-_u14-pad2_ adc_bridge_1
* u17 net-_u17-pad1_ net-_u17-pad2_ adc_bridge_1
port6 net-_u13-pad1_ ana_dir
* u13 net-_u13-pad1_ net-_u13-pad2_ adc_bridge_1
port5 net-_u12-pad1_ ana_step
* u12 net-_u12-pad1_ net-_u12-pad2_ adc_bridge_1
* u9 net-_u14-pad2_ net-_u15-pad2_ net-_u16-pad2_ net-_u12-pad2_ net-_u13-pad2_ net-_u6-pad21_ net-_u6-pad22_ net-_u6-pad23_ net-_u6-pad24_ net-_u6-pad25_ net-_u6-pad26_ net-_u6-pad27_ net-_u6-pad28_ net-_u6-pad29_ net-_u6-pad30_ net-_u6-pad31_ net-_u6-pad32_ net-_u6-pad33_ net-_u6-pad34_ net-_u6-pad35_ net-_u6-pad36_ net-_u20-pad3_ net-_u5-pad21_ net-_u5-pad22_ net-_u5-pad23_ net-_u5-pad24_ net-_u5-pad25_ net-_u5-pad26_ net-_u5-pad27_ net-_u5-pad28_ net-_u5-pad29_ net-_u5-pad30_ net-_u5-pad31_ net-_u5-pad32_ net-_u5-pad33_ net-_u5-pad34_ net-_u5-pad35_ net-_u5-pad36_ net-_u20-pad6_ stepper_indexer
* u24 /d_0 d_pulldown
* u23 /d_1 d_pullup
* u2 net-_u2-pad1_ unconnected-_u2-pad2_ dac_bridge_1
* u21 net-_u20-pad11_ net-_u10-pad1_ d_inverter
* u8 net-_u20-pad9_ net-_u3-pad1_ d_inverter
* u4 net-_u20-pad10_ net-_u4-pad2_ dac_bridge_1
* u20 net-_u20-pad1_ net-_u20-pad2_ net-_u20-pad3_ net-_u20-pad4_ net-_u20-pad5_ net-_u20-pad6_ net-_u20-pad7_ net-_u2-pad1_ net-_u20-pad9_ net-_u20-pad10_ net-_u20-pad11_ net-_u11-pad1_ net-_u20-pad13_ net-_u19-pad1_ hbridge_router
* u7 net-_u20-pad7_ net-_u1-pad1_ d_inverter
port7 net-_u1-pad2_ ana_a_tl
port9 net-_u3-pad2_ ana_a_tr
* u3 net-_u3-pad1_ net-_u3-pad2_ dac_bridge_1
port10 net-_u4-pad2_ ana_a_bl
* u1 net-_u1-pad1_ net-_u1-pad2_ dac_bridge_1
port8 unconnected-_port8-pad1_ ana_a_br
* u22 net-_u20-pad13_ net-_u18-pad1_ d_inverter
* u11 net-_u11-pad1_ net-_u11-pad2_ dac_bridge_1
* u19 net-_u19-pad1_ net-_u19-pad2_ dac_bridge_1
port12 net-_u11-pad2_ ana_b_br
* u10 net-_u10-pad1_ net-_u10-pad2_ dac_bridge_1
* u18 net-_u18-pad1_ net-_u18-pad2_ dac_bridge_1
port14 net-_u19-pad2_ ana_b_bl
port13 net-_u18-pad2_ ana_b_tr
port11 net-_u10-pad2_ ana_b_tl
* u6 net-_u14-pad2_ net-_u15-pad2_ net-_u16-pad2_ net-_u17-pad2_ /d_0 /d_0 /d_0 /d_0 /d_0 /d_0 /d_0 /d_0 /d_0 /d_1 /d_1 /d_0 /d_0 /d_1 /d_0 /d_0 net-_u6-pad21_ net-_u6-pad22_ net-_u6-pad23_ net-_u6-pad24_ net-_u6-pad25_ net-_u6-pad26_ net-_u6-pad27_ net-_u6-pad28_ net-_u6-pad29_ net-_u6-pad30_ net-_u6-pad31_ net-_u6-pad32_ net-_u6-pad33_ net-_u6-pad34_ net-_u6-pad35_ net-_u6-pad36_ /d_0 /d_0 /d_0 /d_0 /d_0 /d_0 /d_0 /d_0 net-_u20-pad1_ net-_u20-pad2_ advanced_pwm
* u5 net-_u14-pad2_ net-_u15-pad2_ net-_u16-pad2_ net-_u17-pad2_ /d_0 /d_0 /d_0 /d_0 /d_0 /d_0 /d_0 /d_0 /d_0 /d_1 /d_1 /d_0 /d_0 /d_1 /d_0 /d_0 net-_u5-pad21_ net-_u5-pad22_ net-_u5-pad23_ net-_u5-pad24_ net-_u5-pad25_ net-_u5-pad26_ net-_u5-pad27_ net-_u5-pad28_ net-_u5-pad29_ net-_u5-pad30_ net-_u5-pad31_ net-_u5-pad32_ net-_u5-pad33_ net-_u5-pad34_ net-_u5-pad35_ net-_u5-pad36_ /d_0 /d_0 /d_0 /d_0 /d_0 /d_0 /d_0 /d_0 net-_u20-pad4_ net-_u20-pad5_ advanced_pwm
a1 [net-_u16-pad1_ ] [net-_u16-pad2_ ] u16
a2 [net-_u15-pad1_ ] [net-_u15-pad2_ ] u15
a3 [net-_u14-pad1_ ] [net-_u14-pad2_ ] u14
a4 [net-_u17-pad1_ ] [net-_u17-pad2_ ] u17
a5 [net-_u13-pad1_ ] [net-_u13-pad2_ ] u13
a6 [net-_u12-pad1_ ] [net-_u12-pad2_ ] u12
a7 [net-_u14-pad2_ ] [net-_u15-pad2_ ] [net-_u16-pad2_ ] [net-_u12-pad2_ ] [net-_u13-pad2_ ] [net-_u6-pad21_ net-_u6-pad22_ net-_u6-pad23_ net-_u6-pad24_ net-_u6-pad25_ net-_u6-pad26_ net-_u6-pad27_ net-_u6-pad28_ net-_u6-pad29_ net-_u6-pad30_ net-_u6-pad31_ net-_u6-pad32_ net-_u6-pad33_ net-_u6-pad34_ net-_u6-pad35_ net-_u6-pad36_ ] [net-_u20-pad3_ ] [net-_u5-pad21_ net-_u5-pad22_ net-_u5-pad23_ net-_u5-pad24_ net-_u5-pad25_ net-_u5-pad26_ net-_u5-pad27_ net-_u5-pad28_ net-_u5-pad29_ net-_u5-pad30_ net-_u5-pad31_ net-_u5-pad32_ net-_u5-pad33_ net-_u5-pad34_ net-_u5-pad35_ net-_u5-pad36_ ] [net-_u20-pad6_ ] u9
a8 /d_0 u24
a9 /d_1 u23
a10 [net-_u2-pad1_ ] [unconnected-_u2-pad2_ ] u2
a11 net-_u20-pad11_ net-_u10-pad1_ u21
a12 net-_u20-pad9_ net-_u3-pad1_ u8
a13 [net-_u20-pad10_ ] [net-_u4-pad2_ ] u4
a14 [net-_u20-pad1_ ] [net-_u20-pad2_ ] [net-_u20-pad3_ ] [net-_u20-pad4_ ] [net-_u20-pad5_ ] [net-_u20-pad6_ ] [net-_u20-pad7_ ] [net-_u2-pad1_ ] [net-_u20-pad9_ ] [net-_u20-pad10_ ] [net-_u20-pad11_ ] [net-_u11-pad1_ ] [net-_u20-pad13_ ] [net-_u19-pad1_ ] u20
a15 net-_u20-pad7_ net-_u1-pad1_ u7
a16 [net-_u3-pad1_ ] [net-_u3-pad2_ ] u3
a17 [net-_u1-pad1_ ] [net-_u1-pad2_ ] u1
a18 net-_u20-pad13_ net-_u18-pad1_ u22
a19 [net-_u11-pad1_ ] [net-_u11-pad2_ ] u11
a20 [net-_u19-pad1_ ] [net-_u19-pad2_ ] u19
a21 [net-_u10-pad1_ ] [net-_u10-pad2_ ] u10
a22 [net-_u18-pad1_ ] [net-_u18-pad2_ ] u18
a23 [net-_u14-pad2_ ] [net-_u15-pad2_ ] [net-_u16-pad2_ ] [net-_u17-pad2_ ] [/d_0 /d_0 /d_0 /d_0 /d_0 /d_0 /d_0 /d_0 /d_0 /d_1 /d_1 /d_0 /d_0 /d_1 /d_0 /d_0 ] [net-_u6-pad21_ net-_u6-pad22_ net-_u6-pad23_ net-_u6-pad24_ net-_u6-pad25_ net-_u6-pad26_ net-_u6-pad27_ net-_u6-pad28_ net-_u6-pad29_ net-_u6-pad30_ net-_u6-pad31_ net-_u6-pad32_ net-_u6-pad33_ net-_u6-pad34_ net-_u6-pad35_ net-_u6-pad36_ ] [/d_0 /d_0 /d_0 /d_0 /d_0 /d_0 /d_0 /d_0 ] [net-_u20-pad1_ ] [net-_u20-pad2_ ] u6
a24 [net-_u14-pad2_ ] [net-_u15-pad2_ ] [net-_u16-pad2_ ] [net-_u17-pad2_ ] [/d_0 /d_0 /d_0 /d_0 /d_0 /d_0 /d_0 /d_0 /d_0 /d_1 /d_1 /d_0 /d_0 /d_1 /d_0 /d_0 ] [net-_u5-pad21_ net-_u5-pad22_ net-_u5-pad23_ net-_u5-pad24_ net-_u5-pad25_ net-_u5-pad26_ net-_u5-pad27_ net-_u5-pad28_ net-_u5-pad29_ net-_u5-pad30_ net-_u5-pad31_ net-_u5-pad32_ net-_u5-pad33_ net-_u5-pad34_ net-_u5-pad35_ net-_u5-pad36_ ] [/d_0 /d_0 /d_0 /d_0 /d_0 /d_0 /d_0 /d_0 ] [net-_u20-pad4_ ] [net-_u20-pad5_ ] u5
* Schematic Name:                             adc_bridge_1, Ngspice Name: adc_bridge
.model u16 adc_bridge(in_low=1.0 in_high=2.0 rise_delay=1.0e-9 fall_delay=1.0e-9 ) 
* Schematic Name:                             adc_bridge_1, Ngspice Name: adc_bridge
.model u15 adc_bridge(in_low=1.0 in_high=2.0 rise_delay=1.0e-9 fall_delay=1.0e-9 ) 
* Schematic Name:                             adc_bridge_1, Ngspice Name: adc_bridge
.model u14 adc_bridge(in_low=1.0 in_high=2.0 rise_delay=1.0e-9 fall_delay=1.0e-9 ) 
* Schematic Name:                             adc_bridge_1, Ngspice Name: adc_bridge
.model u17 adc_bridge(in_low=1.0 in_high=2.0 rise_delay=1.0e-9 fall_delay=1.0e-9 ) 
* Schematic Name:                             adc_bridge_1, Ngspice Name: adc_bridge
.model u13 adc_bridge(in_low=1.0 in_high=2.0 rise_delay=1.0e-9 fall_delay=1.0e-9 ) 
* Schematic Name:                             adc_bridge_1, Ngspice Name: adc_bridge
.model u12 adc_bridge(in_low=1.0 in_high=2.0 rise_delay=1.0e-9 fall_delay=1.0e-9 ) 
* Schematic Name:                             stepper_indexer, Ngspice Name: stepper_indexer
.model u9 stepper_indexer(rise_delay=1.0e-9 fall_delay=1.0e-9 input_load=1.0e-12 instance_id=1 ) 
* Schematic Name:                             d_pulldown, Ngspice Name: d_pulldown
.model u24 d_pulldown(load=1.0e-12 ) 
* Schematic Name:                             d_pullup, Ngspice Name: d_pullup
.model u23 d_pullup(load=1.0e-12 ) 
* Schematic Name:                             dac_bridge_1, Ngspice Name: dac_bridge
.model u2 dac_bridge(out_low=0.0 out_high=5.0 out_undef=0.5 input_load=1.0e-12 t_rise=1.0e-9 t_fall=1.0e-9 ) 
* Schematic Name:                             d_inverter, Ngspice Name: d_inverter
.model u21 d_inverter(rise_delay=1.0e-9 fall_delay=1.0e-9 input_load=1.0e-12 ) 
* Schematic Name:                             d_inverter, Ngspice Name: d_inverter
.model u8 d_inverter(rise_delay=1.0e-9 fall_delay=1.0e-9 input_load=1.0e-12 ) 
* Schematic Name:                             dac_bridge_1, Ngspice Name: dac_bridge
.model u4 dac_bridge(out_low=0.0 out_high=5.0 out_undef=0.5 input_load=1.0e-12 t_rise=1.0e-9 t_fall=1.0e-9 ) 
* Schematic Name:                             hbridge_router, Ngspice Name: hbridge_router
.model u20 hbridge_router(rise_delay=1.0e-9 fall_delay=1.0e-9 input_load=1.0e-12 instance_id=1 ) 
* Schematic Name:                             d_inverter, Ngspice Name: d_inverter
.model u7 d_inverter(rise_delay=1.0e-9 fall_delay=1.0e-9 input_load=1.0e-12 ) 
* Schematic Name:                             dac_bridge_1, Ngspice Name: dac_bridge
.model u3 dac_bridge(out_low=0.0 out_high=5.0 out_undef=0.5 input_load=1.0e-12 t_rise=1.0e-9 t_fall=1.0e-9 ) 
* Schematic Name:                             dac_bridge_1, Ngspice Name: dac_bridge
.model u1 dac_bridge(out_low=0.0 out_high=5.0 out_undef=0.5 input_load=1.0e-12 t_rise=1.0e-9 t_fall=1.0e-9 ) 
* Schematic Name:                             d_inverter, Ngspice Name: d_inverter
.model u22 d_inverter(rise_delay=1.0e-9 fall_delay=1.0e-9 input_load=1.0e-12 ) 
* Schematic Name:                             dac_bridge_1, Ngspice Name: dac_bridge
.model u11 dac_bridge(out_low=0.0 out_high=5.0 out_undef=0.5 input_load=1.0e-12 t_rise=1.0e-9 t_fall=1.0e-9 ) 
* Schematic Name:                             dac_bridge_1, Ngspice Name: dac_bridge
.model u19 dac_bridge(out_low=0.0 out_high=5.0 out_undef=0.5 input_load=1.0e-12 t_rise=1.0e-9 t_fall=1.0e-9 ) 
* Schematic Name:                             dac_bridge_1, Ngspice Name: dac_bridge
.model u10 dac_bridge(out_low=0.0 out_high=5.0 out_undef=0.5 input_load=1.0e-12 t_rise=1.0e-9 t_fall=1.0e-9 ) 
* Schematic Name:                             dac_bridge_1, Ngspice Name: dac_bridge
.model u18 dac_bridge(out_low=0.0 out_high=5.0 out_undef=0.5 input_load=1.0e-12 t_rise=1.0e-9 t_fall=1.0e-9 ) 
* Schematic Name:                             advanced_pwm, Ngspice Name: advanced_pwm
.model u6 advanced_pwm(rise_delay=1.0e-9 fall_delay=1.0e-9 input_load=1.0e-12 instance_id=1 ) 
* Schematic Name:                             advanced_pwm, Ngspice Name: advanced_pwm
.model u5 advanced_pwm(rise_delay=1.0e-9 fall_delay=1.0e-9 input_load=1.0e-12 instance_id=1 ) 
.tran 0e-00 0e-00 0e-00

* Control Statements 
.control
run
print allv > plot_data_v.txt
print alli > plot_data_i.txt
.endc
.end
