* c:\fossee\esim\library\subcircuitlibrary\lm358_sub\lm358_sub.cir

.include NPN.lib
.include PNP.lib
q2 net-_q2-pad1_ net-_q1-pad3_ net-_i1-pad2_ Q2N2907A
q1 net-_i10-pad2_ net-_q1-pad2_ net-_q1-pad3_ Q2N2907A
q5 net-_c1-pad2_ net-_q5-pad2_ net-_i1-pad2_ Q2N2907A
q6 net-_i10-pad2_ net-_q6-pad2_ net-_q5-pad2_ Q2N2907A
i1  net-_i1-pad1_ net-_i1-pad2_ 6ua
q3 net-_q2-pad1_ net-_q2-pad1_ net-_i10-pad2_ Q2N2222
q4 net-_c1-pad2_ net-_q2-pad1_ net-_i10-pad2_ Q2N2222
q7 net-_i10-pad2_ net-_c1-pad2_ net-_i2-pad2_ Q2N2907A
q8 net-_i1-pad1_ net-_i2-pad2_ net-_i3-pad1_ Q2N2222
q9 net-_c1-pad1_ net-_i3-pad1_ net-_i10-pad2_ Q2N2222
c1  net-_c1-pad1_ net-_c1-pad2_ 20pf
i4  net-_i1-pad1_ net-_c1-pad1_ 100ua
q11 net-_i1-pad1_ net-_c1-pad1_ net-_q11-pad3_ Q2N2222
q10 net-_c1-pad1_ net-_q10-pad2_ net-_i5-pad1_ Q2N2222
q12 net-_i1-pad1_ net-_q11-pad3_ net-_q10-pad2_ Q2N2222
r3  net-_q10-pad2_ net-_i5-pad1_ 300
q13 net-_i10-pad2_ net-_c1-pad1_ net-_i5-pad1_ Q2N2907A
i5  net-_i5-pad1_ net-_i10-pad2_ 50ua
r1  net-_r1-pad1_ net-_q1-pad2_ 4k
r2  net-_q1-pad2_ net-_i5-pad1_ 10k
i2  net-_i1-pad1_ net-_i2-pad2_ 4ua
i3  net-_i3-pad1_ net-_i10-pad2_ 50ua
* u1  net-_i5-pad1_ net-_r1-pad1_ net-_q6-pad2_ net-_i10-pad2_ net-_q19-pad2_ net-_r4-pad1_ net-_i10-pad1_ net-_i1-pad1_ port
q15 net-_q15-pad1_ net-_q14-pad3_ net-_i6-pad2_ Q2N2907A
q14 net-_i10-pad2_ net-_q14-pad2_ net-_q14-pad3_ Q2N2907A
q18 net-_c2-pad2_ net-_q18-pad2_ net-_i6-pad2_ Q2N2907A
q19 net-_i10-pad2_ net-_q19-pad2_ net-_q18-pad2_ Q2N2907A
i6  net-_i1-pad1_ net-_i6-pad2_ 6ua
q16 net-_q15-pad1_ net-_q15-pad1_ net-_i10-pad2_ Q2N2222
q17 net-_c2-pad2_ net-_q15-pad1_ net-_i10-pad2_ Q2N2222
q20 net-_i10-pad2_ net-_c2-pad2_ net-_i7-pad2_ Q2N2907A
q21 net-_i1-pad1_ net-_i7-pad2_ net-_i8-pad1_ Q2N2222
q22 net-_c2-pad1_ net-_i8-pad1_ net-_i10-pad2_ Q2N2222
c2  net-_c2-pad1_ net-_c2-pad2_ 20pf
i9  net-_i1-pad1_ net-_c2-pad1_ 100ua
q24 net-_i1-pad1_ net-_c2-pad1_ net-_q24-pad3_ Q2N2222
q23 net-_c2-pad1_ net-_q23-pad2_ net-_i10-pad1_ Q2N2222
q25 net-_i1-pad1_ net-_q24-pad3_ net-_q23-pad2_ Q2N2222
r6  net-_q23-pad2_ net-_i10-pad1_ 300
q26 net-_i10-pad2_ net-_c2-pad1_ net-_i10-pad1_ Q2N2907A
i10  net-_i10-pad1_ net-_i10-pad2_ 50ua
r4  net-_r4-pad1_ net-_q14-pad2_ 4k
r5  net-_q14-pad2_ net-_i10-pad1_ 10k
i7  net-_i1-pad1_ net-_i7-pad2_ 4ua
i8  net-_i8-pad1_ net-_i10-pad2_ 50ua
.tran 0.1e-03 100e-03 0e-00

* Control Statements 
.control
run
print allv > plot_data_v.txt
print alli > plot_data_i.txt
.endc
.end
