.title kicad schematic

* u7 net-_u4-pad3_ net-_u1-pad11_ net-_u10-pad1_ d_and
* u10 net-_u10-pad1_ net-_u1-pad12_ net-_u10-pad3_ d_and
* u14 net-_u13-pad2_ net-_u1-pad13_ net-_u1-pad14_ d_and
* u1 net-_u1-pad1_ net-_u1-pad2_ net-_u1-pad3_ net-_u1-pad4_ net-_u1-pad5_ net-_u1-pad6_ net-_u1-pad7_ net-_u1-pad8_ net-_u1-pad9_ net-_u1-pad10_ net-_u1-pad11_ net-_u1-pad12_ net-_u1-pad13_ net-_u1-pad14_ port
* u13 net-_u12-pad3_ net-_u13-pad2_ d_inverter
* u6 net-_u3-pad3_ net-_u1-pad7_ net-_u6-pad3_ d_and
* u2 net-_u1-pad1_ net-_u1-pad2_ net-_u2-pad3_ d_and
* u5 net-_u2-pad3_ net-_u1-pad3_ net-_u5-pad3_ d_and
* u12 net-_u11-pad3_ net-_u10-pad3_ net-_u12-pad3_ d_and
* u11 net-_u11-pad1_ net-_u11-pad2_ net-_u11-pad3_ d_and
* u9 net-_u6-pad3_ net-_u1-pad8_ net-_u11-pad2_ d_and
* u8 net-_u5-pad3_ net-_u1-pad4_ net-_u11-pad1_ d_and
* u4 net-_u1-pad9_ net-_u1-pad10_ net-_u4-pad3_ d_and
* u3 net-_u1-pad5_ net-_u1-pad6_ net-_u3-pad3_ d_and
a1 [net-_u4-pad3_ net-_u1-pad11_ ] net-_u10-pad1_ u7
a2 [net-_u10-pad1_ net-_u1-pad12_ ] net-_u10-pad3_ u10
a3 [net-_u13-pad2_ net-_u1-pad13_ ] net-_u1-pad14_ u14
a4 net-_u12-pad3_ net-_u13-pad2_ u13
a5 [net-_u3-pad3_ net-_u1-pad7_ ] net-_u6-pad3_ u6
a6 [net-_u1-pad1_ net-_u1-pad2_ ] net-_u2-pad3_ u2
a7 [net-_u2-pad3_ net-_u1-pad3_ ] net-_u5-pad3_ u5
a8 [net-_u11-pad3_ net-_u10-pad3_ ] net-_u12-pad3_ u12
a9 [net-_u11-pad1_ net-_u11-pad2_ ] net-_u11-pad3_ u11
a10 [net-_u6-pad3_ net-_u1-pad8_ ] net-_u11-pad2_ u9
a11 [net-_u5-pad3_ net-_u1-pad4_ ] net-_u11-pad1_ u8
a12 [net-_u1-pad9_ net-_u1-pad10_ ] net-_u4-pad3_ u4
a13 [net-_u1-pad5_ net-_u1-pad6_ ] net-_u3-pad3_ u3
* Schematic Name:                             d_and, Ngspice Name: d_and
.model u7 d_and(rise_delay=1.0e-9 fall_delay=1.0e-9 input_load=1.0e-12 ) 
* Schematic Name:                             d_and, Ngspice Name: d_and
.model u10 d_and(rise_delay=1.0e-9 fall_delay=1.0e-9 input_load=1.0e-12 ) 
* Schematic Name:                             d_and, Ngspice Name: d_and
.model u14 d_and(rise_delay=1.0e-9 fall_delay=1.0e-9 input_load=1.0e-12 ) 
* Schematic Name:                             d_inverter, Ngspice Name: d_inverter
.model u13 d_inverter(rise_delay=1.0e-9 fall_delay=1.0e-9 input_load=1.0e-12 ) 
* Schematic Name:                             d_and, Ngspice Name: d_and
.model u6 d_and(rise_delay=1.0e-9 fall_delay=1.0e-9 input_load=1.0e-12 ) 
* Schematic Name:                             d_and, Ngspice Name: d_and
.model u2 d_and(rise_delay=1.0e-9 fall_delay=1.0e-9 input_load=1.0e-12 ) 
* Schematic Name:                             d_and, Ngspice Name: d_and
.model u5 d_and(rise_delay=1.0e-9 fall_delay=1.0e-9 input_load=1.0e-12 ) 
* Schematic Name:                             d_and, Ngspice Name: d_and
.model u12 d_and(rise_delay=1.0e-9 fall_delay=1.0e-9 input_load=1.0e-12 ) 
* Schematic Name:                             d_and, Ngspice Name: d_and
.model u11 d_and(rise_delay=1.0e-9 fall_delay=1.0e-9 input_load=1.0e-12 ) 
* Schematic Name:                             d_and, Ngspice Name: d_and
.model u9 d_and(rise_delay=1.0e-9 fall_delay=1.0e-9 input_load=1.0e-12 ) 
* Schematic Name:                             d_and, Ngspice Name: d_and
.model u8 d_and(rise_delay=1.0e-9 fall_delay=1.0e-9 input_load=1.0e-12 ) 
* Schematic Name:                             d_and, Ngspice Name: d_and
.model u4 d_and(rise_delay=1.0e-9 fall_delay=1.0e-9 input_load=1.0e-12 ) 
* Schematic Name:                             d_and, Ngspice Name: d_and
.model u3 d_and(rise_delay=1.0e-9 fall_delay=1.0e-9 input_load=1.0e-12 ) 
.tran 0e-00 0e-00 0e-00

* Control Statements 
.control
run
print allv > plot_data_v.txt
print alli > plot_data_i.txt
.endc
.end
