* c:\users\senba\desktop\fossee\esim\library\subcircuitlibrary\74hc279\74hc279.cir

.include 3_and.sub
* u2  net-_u1-pad1_ net-_u2-pad2_ d_inverter
* u3  net-_u1-pad2_ net-_u3-pad2_ d_inverter
* u4  net-_u1-pad3_ net-_u4-pad2_ d_inverter
* u5  net-_u1-pad4_ net-_u10-pad1_ d_inverter
* u6  net-_u1-pad5_ net-_u11-pad1_ d_inverter
* u7  net-_u2-pad2_ net-_u14-pad1_ d_inverter
* u8  net-_u3-pad2_ net-_u8-pad2_ d_inverter
* u9  net-_u4-pad2_ net-_u9-pad2_ d_inverter
* u10  net-_u10-pad1_ net-_u10-pad2_ d_inverter
* u11  net-_u11-pad1_ net-_u11-pad2_ d_inverter
* u14  net-_u14-pad1_ net-_u14-pad2_ net-_u14-pad3_ d_nand
x1 net-_u14-pad3_ net-_u8-pad2_ net-_u9-pad2_ net-_u14-pad2_ 3_and
* u15  net-_u14-pad2_ net-_u15-pad2_ d_inverter
* u17  net-_u15-pad2_ net-_u17-pad2_ d_inverter
* u19  net-_u17-pad2_ net-_u1-pad6_ d_inverter
* u12  net-_u10-pad2_ net-_u12-pad2_ net-_u12-pad3_ d_nand
* u13  net-_u12-pad3_ net-_u11-pad2_ net-_u12-pad2_ d_nand
* u16  net-_u12-pad2_ net-_u16-pad2_ d_inverter
* u18  net-_u16-pad2_ net-_u1-pad7_ d_inverter
* u1  net-_u1-pad1_ net-_u1-pad2_ net-_u1-pad3_ net-_u1-pad4_ net-_u1-pad5_ net-_u1-pad6_ net-_u1-pad7_ port
a1 net-_u1-pad1_ net-_u2-pad2_ u2
a2 net-_u1-pad2_ net-_u3-pad2_ u3
a3 net-_u1-pad3_ net-_u4-pad2_ u4
a4 net-_u1-pad4_ net-_u10-pad1_ u5
a5 net-_u1-pad5_ net-_u11-pad1_ u6
a6 net-_u2-pad2_ net-_u14-pad1_ u7
a7 net-_u3-pad2_ net-_u8-pad2_ u8
a8 net-_u4-pad2_ net-_u9-pad2_ u9
a9 net-_u10-pad1_ net-_u10-pad2_ u10
a10 net-_u11-pad1_ net-_u11-pad2_ u11
a11 [net-_u14-pad1_ net-_u14-pad2_ ] net-_u14-pad3_ u14
a12 net-_u14-pad2_ net-_u15-pad2_ u15
a13 net-_u15-pad2_ net-_u17-pad2_ u17
a14 net-_u17-pad2_ net-_u1-pad6_ u19
a15 [net-_u10-pad2_ net-_u12-pad2_ ] net-_u12-pad3_ u12
a16 [net-_u12-pad3_ net-_u11-pad2_ ] net-_u12-pad2_ u13
a17 net-_u12-pad2_ net-_u16-pad2_ u16
a18 net-_u16-pad2_ net-_u1-pad7_ u18
* Schematic Name:                             d_inverter, NgSpice Name: d_inverter
.model u2 d_inverter(rise_delay=1.0e-9 fall_delay=1.0e-9 input_load=1.0e-12 ) 
* Schematic Name:                             d_inverter, NgSpice Name: d_inverter
.model u3 d_inverter(rise_delay=1.0e-9 fall_delay=1.0e-9 input_load=1.0e-12 ) 
* Schematic Name:                             d_inverter, NgSpice Name: d_inverter
.model u4 d_inverter(rise_delay=1.0e-9 fall_delay=1.0e-9 input_load=1.0e-12 ) 
* Schematic Name:                             d_inverter, NgSpice Name: d_inverter
.model u5 d_inverter(rise_delay=1.0e-9 fall_delay=1.0e-9 input_load=1.0e-12 ) 
* Schematic Name:                             d_inverter, NgSpice Name: d_inverter
.model u6 d_inverter(rise_delay=1.0e-9 fall_delay=1.0e-9 input_load=1.0e-12 ) 
* Schematic Name:                             d_inverter, NgSpice Name: d_inverter
.model u7 d_inverter(rise_delay=1.0e-9 fall_delay=1.0e-9 input_load=1.0e-12 ) 
* Schematic Name:                             d_inverter, NgSpice Name: d_inverter
.model u8 d_inverter(rise_delay=1.0e-9 fall_delay=1.0e-9 input_load=1.0e-12 ) 
* Schematic Name:                             d_inverter, NgSpice Name: d_inverter
.model u9 d_inverter(rise_delay=1.0e-9 fall_delay=1.0e-9 input_load=1.0e-12 ) 
* Schematic Name:                             d_inverter, NgSpice Name: d_inverter
.model u10 d_inverter(rise_delay=1.0e-9 fall_delay=1.0e-9 input_load=1.0e-12 ) 
* Schematic Name:                             d_inverter, NgSpice Name: d_inverter
.model u11 d_inverter(rise_delay=1.0e-9 fall_delay=1.0e-9 input_load=1.0e-12 ) 
* Schematic Name:                             d_nand, NgSpice Name: d_nand
.model u14 d_nand(rise_delay=1.0e-9 fall_delay=1.0e-9 input_load=1.0e-12 ) 
* Schematic Name:                             d_inverter, NgSpice Name: d_inverter
.model u15 d_inverter(rise_delay=1.0e-9 fall_delay=1.0e-9 input_load=1.0e-12 ) 
* Schematic Name:                             d_inverter, NgSpice Name: d_inverter
.model u17 d_inverter(rise_delay=1.0e-9 fall_delay=1.0e-9 input_load=1.0e-12 ) 
* Schematic Name:                             d_inverter, NgSpice Name: d_inverter
.model u19 d_inverter(rise_delay=1.0e-9 fall_delay=1.0e-9 input_load=1.0e-12 ) 
* Schematic Name:                             d_nand, NgSpice Name: d_nand
.model u12 d_nand(rise_delay=1.0e-9 fall_delay=1.0e-9 input_load=1.0e-12 ) 
* Schematic Name:                             d_nand, NgSpice Name: d_nand
.model u13 d_nand(rise_delay=1.0e-9 fall_delay=1.0e-9 input_load=1.0e-12 ) 
* Schematic Name:                             d_inverter, NgSpice Name: d_inverter
.model u16 d_inverter(rise_delay=1.0e-9 fall_delay=1.0e-9 input_load=1.0e-12 ) 
* Schematic Name:                             d_inverter, NgSpice Name: d_inverter
.model u18 d_inverter(rise_delay=1.0e-9 fall_delay=1.0e-9 input_load=1.0e-12 ) 
.tran 0e-00 0e-00 0e-00

* Control Statements 
.control
run
print allv > plot_data_v.txt
print alli > plot_data_i.txt
.endc
.end
