* c:\users\pt710\esim-workspace\lm318\lm318.cir

.include NPN.lib
.include PNP.lib
.include D.lib
q1 net-_q1-pad1_ net-_q1-pad2_ net-_q1-pad3_ Q2N2222
q5 net-_c1-pad2_ net-_q5-pad2_ net-_q1-pad3_ Q2N2222
r1  +15v net-_q1-pad1_ 10k
r2  +15v net-_c1-pad2_ 10k
q8 net-_q1-pad3_ net-_q8-pad2_ +15v Q2N2907A
r7  +15v net-_q8-pad2_ 1k
q2 gnd net-_q2-pad2_ net-_q2-pad3_ Q2N2222
q4 net-_c1-pad2_ net-_q2-pad2_ net-_q2-pad3_ Q2N2222
r3  net-_q2-pad3_ gnd 1k
q7 net-_c1-pad1_ net-_c1-pad2_ net-_q7-pad3_ Q2N2222
r6  net-_q7-pad3_ gnd 1k
q3 +15v net-_c1-pad1_ net-_q3-pad3_ Q2N2222
q6 out net-_q3-pad3_ +15v Q2N2907A
r4  out gnd 10k
d1 net-_c1-pad1_ out 1N4148
d2 ? gnd 1N4148
r5  net-_c1-pad1_ +15v 10k
* u2  out plot_v1
c1  net-_c1-pad1_ net-_c1-pad2_ 50p
v1  net-_q5-pad2_ net-_q1-pad2_ sine(0 1 0 0 0)
.tran 10e-06 10e-03 1e-06

* Control Statements 
.control
run
print allv > plot_data_v.txt
print alli > plot_data_i.txt
plot v(out)
.endc
.end
