* c:\fossee\esim\library\subcircuitlibrary\lm311\lm311.cir

.include NPN.lib
.include PNP.lib
.include NJF.lib
r1  balance/strobe net-_q4-pad3_ 300
* u1  plus minus balance/strobe balance vminus vplus output net-_q19-pad3_ port
r3  balance net-_q2-pad3_ 300
r4  vplus net-_q4-pad3_ 1.3k
q2 net-_q1-pad3_ net-_q2-pad2_ net-_q2-pad3_ Q2N2907A
q4 net-_q3-pad3_ net-_q2-pad2_ net-_q4-pad3_ Q2N2907A
r2  vplus net-_q2-pad3_ 1.3k
q6 vplus vplus net-_q6-pad3_ Q2N2222
r6  net-_q6-pad3_ net-_q2-pad2_ 70
q9 net-_q12-pad1_ net-_q2-pad2_ balance/strobe Q2N2222
r5  net-_q2-pad2_ net-_q10-pad2_ 1.2k
r7  net-_q2-pad2_ net-_q12-pad2_ 1.2k
q1 vminus plus net-_q1-pad3_ Q2N2907A
* u2  net-_u2-padin_ net-_q1-pad3_ zener
* u3  net-_u2-padin_ net-_q3-pad3_ zener
q5 net-_q10-pad2_ net-_q1-pad3_ net-_q5-pad3_ Q2N2222
q3 vminus minus net-_q3-pad3_ Q2N2907A
q7 net-_q12-pad2_ net-_q3-pad3_ net-_q5-pad3_ Q2N2222
q8 net-_q5-pad3_ net-_q11-pad2_ net-_q8-pad3_ Q2N2222
r8  net-_q8-pad3_ vminus 250
r9  vplus net-_q10-pad1_ 750
q13 vplus net-_q10-pad1_ net-_q13-pad3_ Q2N2222
q10 net-_q10-pad1_ net-_q10-pad2_ net-_q10-pad3_ Q2N2222
q12 net-_q12-pad1_ net-_q12-pad2_ net-_q10-pad3_ Q2N2222
q11 net-_q10-pad3_ net-_q11-pad2_ net-_q11-pad3_ Q2N2222
r10  vminus net-_q11-pad3_ 200
r11  net-_q11-pad2_ net-_r11-pad2_ 60
q14 net-_q11-pad2_ net-_q14-pad2_ vminus Q2N2907A
r14  net-_q14-pad2_ vminus 2k
r13  net-_r11-pad2_ net-_q14-pad2_ 450
r12  net-_q16-pad3_ net-_r11-pad2_ 400
q16 net-_q13-pad3_ net-_j1-pad3_ net-_q16-pad3_ Q2N2222
q15 net-_q15-pad1_ net-_q13-pad3_ net-_q12-pad1_ Q2N2907A
r15  vplus net-_q12-pad1_ 600
j1 vplus vminus net-_j1-pad3_ J2N3819
q17 net-_j1-pad3_ net-_q16-pad3_ net-_q17-pad3_ Q2N2222
q18 vminus vminus net-_q17-pad3_ Q2N2907A
r16  net-_q15-pad1_ net-_q22-pad3_ 4k
q22 vplus net-_q15-pad1_ net-_q22-pad3_ Q2N2222
q20 net-_q15-pad1_ net-_q15-pad1_ net-_q20-pad3_ Q2N2222
q21 vminus output net-_q20-pad3_ Q2N2907A
r17  net-_q22-pad3_ net-_q23-pad2_ 130
r18  net-_q23-pad2_ net-_q19-pad2_ 600
q19 net-_q15-pad1_ net-_q19-pad2_ net-_q19-pad3_ Q2N2222
q23 output net-_q23-pad2_ net-_q19-pad2_ Q2N2222
r19  net-_q19-pad2_ net-_q19-pad3_ 4
a1 net-_u2-padin_ net-_q1-pad3_ u2
a2 net-_u2-padin_ net-_q3-pad3_ u3
* Schematic Name:                             zener, NgSpice Name: zener
.model u2 zener(v_breakdown=5 i_breakdown=2.0e-2 i_sat=1.0e-12 n_forward=1.0 limit_switch=FALSE ) 
* Schematic Name:                             zener, NgSpice Name: zener
.model u3 zener(v_breakdown=5 i_breakdown=2.0e-2 i_sat=1.0e-12 n_forward=1.0 limit_switch=FALSE ) 
.tran 0e-00 0e-00 0e-00

* Control Statements 
.control
run
print allv > plot_data_v.txt
print alli > plot_data_i.txt
.endc
.end
