.title kicad schematic

.include IC_LM397MFX.sub
.include NPN.lib
* u36 o_8 net-_u35-pad1_ adc_bridge_1
* u35 net-_u35-pad1_ net-_u35-pad2_ d_inverter
* u32 mode net-_u25-pad1_ net-_u32-pad3_ d_or
x7 v+ net-_r18-pad1_ vin o_7 IC_LM397MFX
* u42 net-_u40-pad2_ net-_u42-pad2_ net-_u42-pad3_ d_and
* u47 net-_u45-pad2_ net-_u47-pad2_ net-_u47-pad3_ d_and
* u49 net-_u47-pad3_ net-_q10-pad2_ dac_bridge_1
* u1 out_1 lowend v+ lowend vin highend unconnected-_u1-pad7_ unconnected-_u1-pad8_ mode out_10 out_9 out_8 out_7 out_6 out_5 out_4 out_3 out_2 port
q10 out_10 net-_q10-pad2_ gnd Q2N2222
r31 v+ out_10 1000
q9 out_9 net-_q9-pad2_ gnd Q2N2222
* u44 net-_u42-pad3_ net-_q9-pad2_ dac_bridge_1
r29 v+ out_9 1000
x8 v+ net-_r22-pad1_ vin o_8 IC_LM397MFX
r21 o_8 v+ 1000
x9 v+ net-_r24-pad1_ vin o_9 IC_LM397MFX
r24 net-_r24-pad1_ net-_r22-pad1_ 1000
r27 o_10 v+ 1000
r28 net-_r28-pad1_ net-_r24-pad1_ 1000
r25 o_9 v+ 1000
r22 net-_r22-pad1_ net-_r18-pad1_ 1000
* u46 o_10 net-_u45-pad1_ adc_bridge_1
* u40 net-_u40-pad1_ net-_u40-pad2_ d_inverter
* u41 o_9 net-_u40-pad1_ adc_bridge_1
* u45 net-_u45-pad1_ net-_u45-pad2_ d_inverter
* u48 mode net-_u40-pad1_ net-_u47-pad2_ d_or
x10 v+ net-_r28-pad1_ vin o_10 IC_LM397MFX
r30 lowend net-_r28-pad1_ 1000
* u37 mode net-_u30-pad1_ net-_u37-pad3_ d_or
* u43 mode net-_u35-pad1_ net-_u42-pad2_ d_or
* u39 net-_u35-pad2_ net-_u37-pad3_ net-_u38-pad1_ d_and
* u38 net-_u38-pad1_ net-_q8-pad2_ dac_bridge_1
r23 v+ out_7 1000
q7 out_7 net-_q7-pad2_ gnd Q2N2222
r26 v+ out_8 1000
q8 out_8 net-_q8-pad2_ gnd Q2N2222
* u33 net-_u30-pad2_ net-_u32-pad3_ net-_u33-pad3_ d_and
* u34 net-_u33-pad3_ net-_q7-pad2_ dac_bridge_1
r18 net-_r18-pad1_ net-_r15-pad1_ 1000
* u21 o_5 net-_u20-pad1_ adc_bridge_1
* u16 o_4 net-_u15-pad1_ adc_bridge_1
r14 o_5 v+ 1000
r11 o_4 v+ 1000
x2 v+ net-_r4-pad1_ vin o_2 IC_LM397MFX
x1 v+ net-_r2-pad1_ vin o_1 IC_LM397MFX
* u4 o_1 net-_u3-pad1_ adc_bridge_1
r1 o_1 v+ 1000
* u6 o_2 net-_u13-pad2_ adc_bridge_1
r8 o_3 v+ 1000
* u11 o_3 net-_u10-pad1_ adc_bridge_1
r5 o_2 v+ 1000
r15 net-_r15-pad1_ net-_r12-pad1_ 1000
r12 net-_r12-pad1_ net-_r10-pad1_ 1000
r7 net-_r10-pad2_ net-_r4-pad1_ 1000
x3 v+ net-_r10-pad2_ vin o_3 IC_LM397MFX
r10 net-_r10-pad1_ net-_r10-pad2_ 1000
x4 v+ net-_r10-pad1_ vin o_4 IC_LM397MFX
x5 v+ net-_r12-pad1_ vin o_5 IC_LM397MFX
x6 v+ net-_r15-pad1_ vin o_6 IC_LM397MFX
* u31 o_7 net-_u30-pad1_ adc_bridge_1
* u26 o_6 net-_u25-pad1_ adc_bridge_1
r17 o_6 v+ 1000
r19 o_7 v+ 1000
r2 net-_r2-pad1_ highend 1000
r4 net-_r4-pad1_ net-_r2-pad1_ 1000
* u20 net-_u20-pad1_ net-_u20-pad2_ d_inverter
* u23 mode net-_u15-pad1_ net-_u23-pad3_ d_or
* u24 net-_u20-pad2_ net-_u23-pad3_ net-_u22-pad1_ d_and
* u22 net-_u22-pad1_ net-_q5-pad2_ dac_bridge_1
r13 v+ out_4 1000
q4 out_4 net-_q4-pad2_ gnd Q2N2222
r20 v+ out_6 1000
* u28 net-_u28-pad1_ net-_q6-pad2_ dac_bridge_1
q6 out_6 net-_q6-pad2_ gnd Q2N2222
q5 out_5 net-_q5-pad2_ gnd Q2N2222
r16 v+ out_5 1000
* u29 net-_u25-pad2_ net-_u27-pad3_ net-_u28-pad1_ d_and
* u17 net-_u17-pad1_ net-_q4-pad2_ dac_bridge_1
* u30 net-_u30-pad1_ net-_u30-pad2_ d_inverter
* u19 net-_u15-pad2_ net-_u18-pad3_ net-_u17-pad1_ d_and
* u3 net-_u3-pad1_ net-_u2-pad1_ d_inverter
* u8 net-_u5-pad2_ net-_u8-pad2_ net-_u7-pad1_ d_and
* u14 net-_u10-pad2_ net-_u13-pad3_ net-_u12-pad1_ d_and
* u12 net-_u12-pad1_ net-_q3-pad2_ dac_bridge_1
q3 out_3 net-_q3-pad2_ gnd Q2N2222
r6 v+ out_2 1000
r9 v+ out_3 1000
q2 out_2 net-_q2-pad2_ gnd Q2N2222
* u25 net-_u25-pad1_ net-_u25-pad2_ d_inverter
* u27 mode net-_u20-pad1_ net-_u27-pad3_ d_or
* u15 net-_u15-pad1_ net-_u15-pad2_ d_inverter
* u13 mode net-_u13-pad2_ net-_u13-pad3_ d_or
* u9 mode net-_u3-pad1_ net-_u8-pad2_ d_or
* u5 net-_u13-pad2_ net-_u5-pad2_ d_inverter
* u10 net-_u10-pad1_ net-_u10-pad2_ d_inverter
* u18 mode net-_u10-pad1_ net-_u18-pad3_ d_or
q1 out_1 net-_q1-pad2_ gnd Q2N2222
* u7 net-_u7-pad1_ net-_q2-pad2_ dac_bridge_1
r3 v+ out_1 1000
* u2 net-_u2-pad1_ net-_q1-pad2_ dac_bridge_1
a1 [o_8 ] [net-_u35-pad1_ ] u36
a2 net-_u35-pad1_ net-_u35-pad2_ u35
a3 [mode net-_u25-pad1_ ] net-_u32-pad3_ u32
a4 [net-_u40-pad2_ net-_u42-pad2_ ] net-_u42-pad3_ u42
a5 [net-_u45-pad2_ net-_u47-pad2_ ] net-_u47-pad3_ u47
a6 [net-_u47-pad3_ ] [net-_q10-pad2_ ] u49
a7 [net-_u42-pad3_ ] [net-_q9-pad2_ ] u44
a8 [o_10 ] [net-_u45-pad1_ ] u46
a9 net-_u40-pad1_ net-_u40-pad2_ u40
a10 [o_9 ] [net-_u40-pad1_ ] u41
a11 net-_u45-pad1_ net-_u45-pad2_ u45
a12 [mode net-_u40-pad1_ ] net-_u47-pad2_ u48
a13 [mode net-_u30-pad1_ ] net-_u37-pad3_ u37
a14 [mode net-_u35-pad1_ ] net-_u42-pad2_ u43
a15 [net-_u35-pad2_ net-_u37-pad3_ ] net-_u38-pad1_ u39
a16 [net-_u38-pad1_ ] [net-_q8-pad2_ ] u38
a17 [net-_u30-pad2_ net-_u32-pad3_ ] net-_u33-pad3_ u33
a18 [net-_u33-pad3_ ] [net-_q7-pad2_ ] u34
a19 [o_5 ] [net-_u20-pad1_ ] u21
a20 [o_4 ] [net-_u15-pad1_ ] u16
a21 [o_1 ] [net-_u3-pad1_ ] u4
a22 [o_2 ] [net-_u13-pad2_ ] u6
a23 [o_3 ] [net-_u10-pad1_ ] u11
a24 [o_7 ] [net-_u30-pad1_ ] u31
a25 [o_6 ] [net-_u25-pad1_ ] u26
a26 net-_u20-pad1_ net-_u20-pad2_ u20
a27 [mode net-_u15-pad1_ ] net-_u23-pad3_ u23
a28 [net-_u20-pad2_ net-_u23-pad3_ ] net-_u22-pad1_ u24
a29 [net-_u22-pad1_ ] [net-_q5-pad2_ ] u22
a30 [net-_u28-pad1_ ] [net-_q6-pad2_ ] u28
a31 [net-_u25-pad2_ net-_u27-pad3_ ] net-_u28-pad1_ u29
a32 [net-_u17-pad1_ ] [net-_q4-pad2_ ] u17
a33 net-_u30-pad1_ net-_u30-pad2_ u30
a34 [net-_u15-pad2_ net-_u18-pad3_ ] net-_u17-pad1_ u19
a35 net-_u3-pad1_ net-_u2-pad1_ u3
a36 [net-_u5-pad2_ net-_u8-pad2_ ] net-_u7-pad1_ u8
a37 [net-_u10-pad2_ net-_u13-pad3_ ] net-_u12-pad1_ u14
a38 [net-_u12-pad1_ ] [net-_q3-pad2_ ] u12
a39 net-_u25-pad1_ net-_u25-pad2_ u25
a40 [mode net-_u20-pad1_ ] net-_u27-pad3_ u27
a41 net-_u15-pad1_ net-_u15-pad2_ u15
a42 [mode net-_u13-pad2_ ] net-_u13-pad3_ u13
a43 [mode net-_u3-pad1_ ] net-_u8-pad2_ u9
a44 net-_u13-pad2_ net-_u5-pad2_ u5
a45 net-_u10-pad1_ net-_u10-pad2_ u10
a46 [mode net-_u10-pad1_ ] net-_u18-pad3_ u18
a47 [net-_u7-pad1_ ] [net-_q2-pad2_ ] u7
a48 [net-_u2-pad1_ ] [net-_q1-pad2_ ] u2
* Schematic Name:                             adc_bridge_1, Ngspice Name: adc_bridge
.model u36 adc_bridge(in_low=1.0 in_high=2.0 rise_delay=1.0e-9 fall_delay=1.0e-9 ) 
* Schematic Name:                             d_inverter, Ngspice Name: d_inverter
.model u35 d_inverter(rise_delay=1.0e-9 fall_delay=1.0e-9 input_load=1.0e-12 ) 
* Schematic Name:                             d_or, Ngspice Name: d_or
.model u32 d_or(rise_delay=1.0e-9 fall_delay=1.0e-9 input_load=1.0e-12 ) 
* Schematic Name:                             d_and, Ngspice Name: d_and
.model u42 d_and(rise_delay=1.0e-9 fall_delay=1.0e-9 input_load=1.0e-12 ) 
* Schematic Name:                             d_and, Ngspice Name: d_and
.model u47 d_and(rise_delay=1.0e-9 fall_delay=1.0e-9 input_load=1.0e-12 ) 
* Schematic Name:                             dac_bridge_1, Ngspice Name: dac_bridge
.model u49 dac_bridge(out_low=0.0 out_high=5.0 out_undef=0.5 input_load=1.0e-12 t_rise=1.0e-9 t_fall=1.0e-9 ) 
* Schematic Name:                             dac_bridge_1, Ngspice Name: dac_bridge
.model u44 dac_bridge(out_low=0.0 out_high=5.0 out_undef=0.5 input_load=1.0e-12 t_rise=1.0e-9 t_fall=1.0e-9 ) 
* Schematic Name:                             adc_bridge_1, Ngspice Name: adc_bridge
.model u46 adc_bridge(in_low=1.0 in_high=2.0 rise_delay=1.0e-9 fall_delay=1.0e-9 ) 
* Schematic Name:                             d_inverter, Ngspice Name: d_inverter
.model u40 d_inverter(rise_delay=1.0e-9 fall_delay=1.0e-9 input_load=1.0e-12 ) 
* Schematic Name:                             adc_bridge_1, Ngspice Name: adc_bridge
.model u41 adc_bridge(in_low=1.0 in_high=2.0 rise_delay=1.0e-9 fall_delay=1.0e-9 ) 
* Schematic Name:                             d_inverter, Ngspice Name: d_inverter
.model u45 d_inverter(rise_delay=1.0e-9 fall_delay=1.0e-9 input_load=1.0e-12 ) 
* Schematic Name:                             d_or, Ngspice Name: d_or
.model u48 d_or(rise_delay=1.0e-9 fall_delay=1.0e-9 input_load=1.0e-12 ) 
* Schematic Name:                             d_or, Ngspice Name: d_or
.model u37 d_or(rise_delay=1.0e-9 fall_delay=1.0e-9 input_load=1.0e-12 ) 
* Schematic Name:                             d_or, Ngspice Name: d_or
.model u43 d_or(rise_delay=1.0e-9 fall_delay=1.0e-9 input_load=1.0e-12 ) 
* Schematic Name:                             d_and, Ngspice Name: d_and
.model u39 d_and(rise_delay=1.0e-9 fall_delay=1.0e-9 input_load=1.0e-12 ) 
* Schematic Name:                             dac_bridge_1, Ngspice Name: dac_bridge
.model u38 dac_bridge(out_low=0.0 out_high=5.0 out_undef=0.5 input_load=1.0e-12 t_rise=1.0e-9 t_fall=1.0e-9 ) 
* Schematic Name:                             d_and, Ngspice Name: d_and
.model u33 d_and(rise_delay=1.0e-9 fall_delay=1.0e-9 input_load=1.0e-12 ) 
* Schematic Name:                             dac_bridge_1, Ngspice Name: dac_bridge
.model u34 dac_bridge(out_low=0.0 out_high=5.0 out_undef=0.5 input_load=1.0e-12 t_rise=1.0e-9 t_fall=1.0e-9 ) 
* Schematic Name:                             adc_bridge_1, Ngspice Name: adc_bridge
.model u21 adc_bridge(in_low=1.0 in_high=2.0 rise_delay=1.0e-9 fall_delay=1.0e-9 ) 
* Schematic Name:                             adc_bridge_1, Ngspice Name: adc_bridge
.model u16 adc_bridge(in_low=1.0 in_high=2.0 rise_delay=1.0e-9 fall_delay=1.0e-9 ) 
* Schematic Name:                             adc_bridge_1, Ngspice Name: adc_bridge
.model u4 adc_bridge(in_low=1.0 in_high=2.0 rise_delay=1.0e-9 fall_delay=1.0e-9 ) 
* Schematic Name:                             adc_bridge_1, Ngspice Name: adc_bridge
.model u6 adc_bridge(in_low=1.0 in_high=2.0 rise_delay=1.0e-9 fall_delay=1.0e-9 ) 
* Schematic Name:                             adc_bridge_1, Ngspice Name: adc_bridge
.model u11 adc_bridge(in_low=1.0 in_high=2.0 rise_delay=1.0e-9 fall_delay=1.0e-9 ) 
* Schematic Name:                             adc_bridge_1, Ngspice Name: adc_bridge
.model u31 adc_bridge(in_low=1.0 in_high=2.0 rise_delay=1.0e-9 fall_delay=1.0e-9 ) 
* Schematic Name:                             adc_bridge_1, Ngspice Name: adc_bridge
.model u26 adc_bridge(in_low=1.0 in_high=2.0 rise_delay=1.0e-9 fall_delay=1.0e-9 ) 
* Schematic Name:                             d_inverter, Ngspice Name: d_inverter
.model u20 d_inverter(rise_delay=1.0e-9 fall_delay=1.0e-9 input_load=1.0e-12 ) 
* Schematic Name:                             d_or, Ngspice Name: d_or
.model u23 d_or(rise_delay=1.0e-9 fall_delay=1.0e-9 input_load=1.0e-12 ) 
* Schematic Name:                             d_and, Ngspice Name: d_and
.model u24 d_and(rise_delay=1.0e-9 fall_delay=1.0e-9 input_load=1.0e-12 ) 
* Schematic Name:                             dac_bridge_1, Ngspice Name: dac_bridge
.model u22 dac_bridge(out_low=0.0 out_high=5.0 out_undef=0.5 input_load=1.0e-12 t_rise=1.0e-9 t_fall=1.0e-9 ) 
* Schematic Name:                             dac_bridge_1, Ngspice Name: dac_bridge
.model u28 dac_bridge(out_low=0.0 out_high=5.0 out_undef=0.5 input_load=1.0e-12 t_rise=1.0e-9 t_fall=1.0e-9 ) 
* Schematic Name:                             d_and, Ngspice Name: d_and
.model u29 d_and(rise_delay=1.0e-9 fall_delay=1.0e-9 input_load=1.0e-12 ) 
* Schematic Name:                             dac_bridge_1, Ngspice Name: dac_bridge
.model u17 dac_bridge(out_low=0.0 out_high=5.0 out_undef=0.5 input_load=1.0e-12 t_rise=1.0e-9 t_fall=1.0e-9 ) 
* Schematic Name:                             d_inverter, Ngspice Name: d_inverter
.model u30 d_inverter(rise_delay=1.0e-9 fall_delay=1.0e-9 input_load=1.0e-12 ) 
* Schematic Name:                             d_and, Ngspice Name: d_and
.model u19 d_and(rise_delay=1.0e-9 fall_delay=1.0e-9 input_load=1.0e-12 ) 
* Schematic Name:                             d_inverter, Ngspice Name: d_inverter
.model u3 d_inverter(rise_delay=1.0e-9 fall_delay=1.0e-9 input_load=1.0e-12 ) 
* Schematic Name:                             d_and, Ngspice Name: d_and
.model u8 d_and(rise_delay=1.0e-9 fall_delay=1.0e-9 input_load=1.0e-12 ) 
* Schematic Name:                             d_and, Ngspice Name: d_and
.model u14 d_and(rise_delay=1.0e-9 fall_delay=1.0e-9 input_load=1.0e-12 ) 
* Schematic Name:                             dac_bridge_1, Ngspice Name: dac_bridge
.model u12 dac_bridge(out_low=0.0 out_high=5.0 out_undef=0.5 input_load=1.0e-12 t_rise=1.0e-9 t_fall=1.0e-9 ) 
* Schematic Name:                             d_inverter, Ngspice Name: d_inverter
.model u25 d_inverter(rise_delay=1.0e-9 fall_delay=1.0e-9 input_load=1.0e-12 ) 
* Schematic Name:                             d_or, Ngspice Name: d_or
.model u27 d_or(rise_delay=1.0e-9 fall_delay=1.0e-9 input_load=1.0e-12 ) 
* Schematic Name:                             d_inverter, Ngspice Name: d_inverter
.model u15 d_inverter(rise_delay=1.0e-9 fall_delay=1.0e-9 input_load=1.0e-12 ) 
* Schematic Name:                             d_or, Ngspice Name: d_or
.model u13 d_or(rise_delay=1.0e-9 fall_delay=1.0e-9 input_load=1.0e-12 ) 
* Schematic Name:                             d_or, Ngspice Name: d_or
.model u9 d_or(rise_delay=1.0e-9 fall_delay=1.0e-9 input_load=1.0e-12 ) 
* Schematic Name:                             d_inverter, Ngspice Name: d_inverter
.model u5 d_inverter(rise_delay=1.0e-9 fall_delay=1.0e-9 input_load=1.0e-12 ) 
* Schematic Name:                             d_inverter, Ngspice Name: d_inverter
.model u10 d_inverter(rise_delay=1.0e-9 fall_delay=1.0e-9 input_load=1.0e-12 ) 
* Schematic Name:                             d_or, Ngspice Name: d_or
.model u18 d_or(rise_delay=1.0e-9 fall_delay=1.0e-9 input_load=1.0e-12 ) 
* Schematic Name:                             dac_bridge_1, Ngspice Name: dac_bridge
.model u7 dac_bridge(out_low=0.0 out_high=5.0 out_undef=0.5 input_load=1.0e-12 t_rise=1.0e-9 t_fall=1.0e-9 ) 
* Schematic Name:                             dac_bridge_1, Ngspice Name: dac_bridge
.model u2 dac_bridge(out_low=0.0 out_high=5.0 out_undef=0.5 input_load=1.0e-12 t_rise=1.0e-9 t_fall=1.0e-9 ) 
.tran 0e-00 0e-00 0e-00

* Control Statements 
.control
run
print allv > plot_data_v.txt
print alli > plot_data_i.txt
.endc
.end
