.title kicad schematic

.include NPN.lib
.include PNP.lib
q17 net-_q14-pad1_ net-_c1-pad2_ net-_q17-pad3_ Q2N2222
r24 net-_q17-pad3_ net-_q21-pad1_ 3k
r23 net-_q16-pad3_ net-_q21-pad1_ 300
q16 net-_c1-pad2_ net-_q16-pad2_ net-_q16-pad3_ Q2N2222
q21 net-_q21-pad1_ net-_q19-pad3_ net-_c1-pad2_ Q2N2907A
q23 net-_q21-pad1_ net-_q19-pad3_ net-_q23-pad3_ Q2N2907A
r25 net-_q20-pad3_ net-_q21-pad1_ 75
q20 net-_q19-pad3_ net-_q17-pad3_ net-_q20-pad3_ Q2N2222
* u1 net-_q10-pad2_ net-_q12-pad2_ net-_r1-pad1_ net-_r20-pad1_ net-_q21-pad1_ net-_r27-pad2_ net-_r11-pad2_ net-_q14-pad1_ net-_q10-pad1_ net-_r2-pad1_ port
q15 net-_q14-pad1_ net-_q14-pad3_ net-_c1-pad1_ Q2N2222
q14 net-_q14-pad1_ net-_q14-pad2_ net-_q14-pad3_ Q2N2222
c1 net-_c1-pad1_ net-_c1-pad2_ 15p
r22 net-_c1-pad1_ net-_c1-pad2_ 25k
r21 net-_c1-pad1_ net-_q14-pad3_ 1k
q7 net-_q6-pad2_ net-_q16-pad2_ net-_q7-pad3_ Q2N2222
q5 net-_q16-pad2_ net-_q16-pad2_ net-_q5-pad3_ Q2N2222
r8 net-_q9-pad1_ net-_q4-pad3_ 100
r6 net-_q5-pad3_ net-_q21-pad1_ 2k
r9 net-_q7-pad3_ net-_q21-pad1_ 300
q3 net-_q3-pad1_ net-_q12-pad2_ net-_q1-pad1_ Q2N2222
r4 net-_q4-pad3_ net-_q1-pad3_ 10k
q1 net-_q1-pad1_ net-_q1-pad2_ net-_q1-pad3_ Q2N2222
r1 net-_r1-pad1_ net-_q1-pad2_ 300
r2 net-_r2-pad1_ net-_q3-pad1_ 300
q6 net-_q12-pad2_ net-_q6-pad2_ net-_q16-pad2_ Q2N2222
q4 net-_q1-pad1_ net-_q1-pad3_ net-_q4-pad3_ Q2N2222
r3 net-_q3-pad1_ net-_q2-pad3_ 6k
q2 net-_q14-pad1_ net-_q2-pad2_ net-_q2-pad3_ Q2N2222
r7 net-_q2-pad2_ net-_q14-pad1_ 10k
r10 net-_q14-pad2_ net-_q14-pad1_ 4k
r11 net-_q14-pad2_ net-_r11-pad2_ 100
r17 net-_q10-pad1_ net-_q14-pad1_ 4k
r5 net-_q2-pad2_ net-_q12-pad2_ 15k
r26 net-_q18-pad1_ net-_q14-pad1_ 10k
q18 net-_q18-pad1_ net-_q18-pad1_ net-_q18-pad3_ Q2N2222
q19 net-_q18-pad3_ net-_q18-pad3_ net-_q19-pad3_ Q2N2222
r28 net-_r27-pad2_ net-_q23-pad3_ 300
q22 net-_q14-pad1_ net-_q18-pad1_ net-_q22-pad3_ Q2N2222
r27 net-_q22-pad3_ net-_r27-pad2_ 300
r19 net-_q10-pad2_ net-_q2-pad3_ 6k
q10 net-_q10-pad1_ net-_q10-pad2_ net-_q10-pad3_ Q2N2222
r12 net-_q8-pad3_ net-_r12-pad2_ 50
r15 net-_r12-pad2_ net-_q10-pad3_ 50
q8 net-_q14-pad2_ net-_q3-pad1_ net-_q8-pad3_ Q2N2222
q12 net-_q10-pad2_ net-_q12-pad2_ net-_q11-pad1_ Q2N2222
r20 net-_r20-pad1_ net-_q13-pad2_ 400
r18 net-_q11-pad2_ net-_q11-pad3_ 10k
q13 net-_q11-pad1_ net-_q13-pad2_ net-_q11-pad2_ Q2N2222
q11 net-_q11-pad1_ net-_q11-pad2_ net-_q11-pad3_ Q2N2222
r14 net-_q6-pad2_ net-_r12-pad2_ 25k
r16 net-_q11-pad3_ net-_q9-pad1_ 100
r13 net-_q9-pad3_ net-_q21-pad1_ 500
q9 net-_q9-pad1_ net-_q16-pad2_ net-_q9-pad3_ Q2N2222
.tran 0e-00 0e-00 0e-00

* Control Statements 
.control
run
print allv > plot_data_v.txt
print alli > plot_data_i.txt
.endc
.end
