* /home/vsduser/downloads/esim-2.3/library/subcircuitlibrary/3_in_and/3_in_and.cir

*.lib "/usr/share/local/sky130_fd_pr/models/sky130.lib.spice" tt

xsc1 net-_sc1-pad1_ net-_sc1-pad2_ net-_sc1-pad3_ net-_sc1-pad3_ sky130_fd_pr__pfet_01v8 w=3 l=0.15
xsc2 net-_sc1-pad1_ net-_sc2-pad2_ net-_sc1-pad3_ net-_sc1-pad3_ sky130_fd_pr__pfet_01v8 w=3 l=0.15
xsc6 net-_sc1-pad1_ net-_sc5-pad2_ net-_sc1-pad3_ net-_sc1-pad3_ sky130_fd_pr__pfet_01v8 w=3 l=0.15
xsc3 net-_sc1-pad1_ net-_sc1-pad2_ net-_sc3-pad3_ net-_sc3-pad4_ sky130_fd_pr__nfet_01v8 w=1 l=0.15
xsc4 net-_sc3-pad3_ net-_sc2-pad2_ net-_sc4-pad3_ net-_sc3-pad4_ sky130_fd_pr__nfet_01v8 w=1 l=0.15
xsc5 net-_sc4-pad3_ net-_sc5-pad2_ net-_sc3-pad4_ net-_sc3-pad4_ sky130_fd_pr__nfet_01v8 w=1 l=0.15
xsc7 net-_sc1-pad1_ net-_sc1-pad1_ net-_sc1-pad3_ net-_sc1-pad3_ sky130_fd_pr__pfet_01v8 w=3 l=0.15
xsc8 net-_sc1-pad1_ net-_sc1-pad1_ net-_sc3-pad4_ net-_sc3-pad4_ sky130_fd_pr__nfet_01v8 w=1 l=0.15
* s c m o d e
* u1  net-_sc1-pad2_ net-_sc2-pad2_ net-_sc1-pad3_ net-_sc3-pad4_ net-_sc5-pad2_ net-_sc1-pad1_ port
.tran 0e-00 0e-00 0e-00

* Control Statements 
.control
run
print allv > plot_data_v.txt
print alli > plot_data_i.txt
.endc
.end
