* /home/vsduser/downloads/esim-2.3/library/subcircuitlibrary/4_in_and/4_in_and.cir

.include 3_in_and.sub
.include 2_in_and.sub
.include "/usr/share/local/sky130_fd_pr/models/sky130_fd_pr__model__linear.model.spice"
.include "/usr/share/local/sky130_fd_pr/models/sky130_fd_pr__model__inductors.model.spice"
.include "/usr/share/local/sky130_fd_pr/models/sky130_fd_pr__model__pnp.model.spice"
.lib "/usr/share/local/sky130_fd_pr/models/sky130.lib.spice" tt
.include "/usr/share/local/sky130_fd_pr/models/sky130_fd_pr__model__diode_pd2nw_11v0.model.spice"
.include "/usr/share/local/sky130_fd_pr/models/sky130_fd_pr__model__diode_pw2nd_11v0.model.spice"
.include "/usr/share/local/sky130_fd_pr/models/sky130_fd_pr__model__r+c.model.spice"
x1 net-_u1-pad2_ net-_u1-pad3_ net-_u1-pad1_ net-_u1-pad5_ net-_u1-pad4_ net-_x1-pad6_ 3_in_and
x2 net-_u1-pad1_ net-_x1-pad6_ net-_u1-pad6_ net-_u1-pad5_ net-_u1-pad7_ 2_in_and
* u1  net-_u1-pad1_ net-_u1-pad2_ net-_u1-pad3_ net-_u1-pad4_ net-_u1-pad5_ net-_u1-pad6_ net-_u1-pad7_ port
* s c m o d e
.tran 0e-00 0e-00 0e-00

* Control Statements 
.control
run
print allv > plot_data_v.txt
print alli > plot_data_i.txt
.endc
.end
