* c:\fossee\esim\library\subcircuitlibrary\cd4030b\cd4030b.cir

.include PMOS-5um.lib
.include NMOS-5um.lib
m3 net-_m1-pad1_ net-_m1-pad2_ net-_m11-pad4_ net-_m11-pad4_ mos_p W=100u L=100u M=1
m1 net-_m1-pad1_ net-_m1-pad2_ net-_m1-pad3_ net-_m1-pad3_ mos_n W=100u L=100u M=1
m4 net-_m13-pad3_ net-_m11-pad2_ net-_m11-pad4_ net-_m11-pad4_ mos_p W=100u L=100u M=1
m2 net-_m13-pad3_ net-_m11-pad2_ net-_m1-pad3_ net-_m1-pad3_ mos_n W=100u L=100u M=1
m9 net-_m1-pad1_ net-_m13-pad3_ net-_m11-pad1_ net-_m1-pad3_ mos_n W=100u L=100u M=1
m11 net-_m11-pad1_ net-_m11-pad2_ net-_m1-pad1_ net-_m11-pad4_ mos_p W=100u L=100u M=1
m14 net-_m14-pad1_ net-_m13-pad3_ net-_m11-pad4_ net-_m11-pad4_ mos_p W=100u L=100u M=1
m15 net-_m11-pad1_ net-_m1-pad1_ net-_m14-pad1_ net-_m11-pad4_ mos_p W=100u L=100u M=1
m13 net-_m11-pad1_ net-_m1-pad1_ net-_m13-pad3_ net-_m1-pad3_ mos_n W=100u L=100u M=1
m20 net-_m19-pad1_ net-_m11-pad1_ net-_m11-pad4_ net-_m11-pad4_ mos_p W=100u L=100u M=1
m19 net-_m19-pad1_ net-_m11-pad1_ net-_m1-pad3_ net-_m1-pad3_ mos_n W=100u L=100u M=1
* u1  net-_m1-pad2_ net-_m11-pad2_ net-_m19-pad1_ net-_m41-pad1_ net-_m23-pad2_ net-_m24-pad2_ net-_m1-pad3_ net-_m5-pad2_ net-_m12-pad2_ net-_m21-pad1_ net-_m43-pad1_ net-_m27-pad2_ net-_m28-pad2_ net-_m11-pad4_ port
m25 net-_m23-pad1_ net-_m23-pad2_ net-_m11-pad4_ net-_m11-pad4_ mos_p W=100u L=100u M=1
m23 net-_m23-pad1_ net-_m23-pad2_ net-_m1-pad3_ net-_m1-pad3_ mos_n W=100u L=100u M=1
m26 net-_m24-pad1_ net-_m24-pad2_ net-_m11-pad4_ net-_m11-pad4_ mos_p W=100u L=100u M=1
m24 net-_m24-pad1_ net-_m24-pad2_ net-_m1-pad3_ net-_m1-pad3_ mos_n W=100u L=100u M=1
m31 net-_m23-pad1_ net-_m24-pad1_ net-_m31-pad3_ net-_m1-pad3_ mos_n W=100u L=100u M=1
m33 net-_m31-pad3_ net-_m24-pad2_ net-_m23-pad1_ net-_m11-pad4_ mos_p W=100u L=100u M=1
m36 net-_m36-pad1_ net-_m24-pad1_ net-_m11-pad4_ net-_m11-pad4_ mos_p W=100u L=100u M=1
m37 net-_m31-pad3_ net-_m23-pad1_ net-_m36-pad1_ net-_m11-pad4_ mos_p W=100u L=100u M=1
m35 net-_m31-pad3_ net-_m23-pad1_ net-_m24-pad1_ net-_m1-pad3_ mos_n W=100u L=100u M=1
m42 net-_m41-pad1_ net-_m31-pad3_ net-_m11-pad4_ net-_m11-pad4_ mos_p W=100u L=100u M=1
m41 net-_m41-pad1_ net-_m31-pad3_ net-_m1-pad3_ net-_m1-pad3_ mos_n W=100u L=100u M=1
m7 net-_m10-pad1_ net-_m5-pad2_ net-_m11-pad4_ net-_m11-pad4_ mos_p W=100u L=100u M=1
m5 net-_m10-pad1_ net-_m5-pad2_ net-_m1-pad3_ net-_m1-pad3_ mos_n W=100u L=100u M=1
m8 net-_m10-pad2_ net-_m12-pad2_ net-_m11-pad4_ net-_m11-pad4_ mos_p W=100u L=100u M=1
m6 net-_m10-pad2_ net-_m12-pad2_ net-_m1-pad3_ net-_m1-pad3_ mos_n W=100u L=100u M=1
m10 net-_m10-pad1_ net-_m10-pad2_ net-_m10-pad3_ net-_m1-pad3_ mos_n W=100u L=100u M=1
m12 net-_m10-pad3_ net-_m12-pad2_ net-_m10-pad1_ net-_m11-pad4_ mos_p W=100u L=100u M=1
m17 net-_m17-pad1_ net-_m10-pad2_ net-_m11-pad4_ net-_m11-pad4_ mos_p W=100u L=100u M=1
m18 net-_m10-pad3_ net-_m10-pad1_ net-_m17-pad1_ net-_m11-pad4_ mos_p W=100u L=100u M=1
m16 net-_m10-pad3_ net-_m10-pad1_ net-_m10-pad2_ net-_m1-pad3_ mos_n W=100u L=100u M=1
m22 net-_m21-pad1_ net-_m10-pad3_ net-_m11-pad4_ net-_m11-pad4_ mos_p W=100u L=100u M=1
m21 net-_m21-pad1_ net-_m10-pad3_ net-_m1-pad3_ net-_m1-pad3_ mos_n W=100u L=100u M=1
m29 net-_m27-pad1_ net-_m27-pad2_ net-_m11-pad4_ net-_m11-pad4_ mos_p W=100u L=100u M=1
m27 net-_m27-pad1_ net-_m27-pad2_ net-_m1-pad3_ net-_m1-pad3_ mos_n W=100u L=100u M=1
m30 net-_m28-pad1_ net-_m28-pad2_ net-_m11-pad4_ net-_m11-pad4_ mos_p W=100u L=100u M=1
m28 net-_m28-pad1_ net-_m28-pad2_ net-_m1-pad3_ net-_m1-pad3_ mos_n W=100u L=100u M=1
m32 net-_m27-pad1_ net-_m28-pad1_ net-_m32-pad3_ net-_m1-pad3_ mos_n W=100u L=100u M=1
m34 net-_m32-pad3_ net-_m28-pad2_ net-_m27-pad1_ net-_m11-pad4_ mos_p W=100u L=100u M=1
m39 net-_m39-pad1_ net-_m28-pad1_ net-_m11-pad4_ net-_m11-pad4_ mos_p W=100u L=100u M=1
m40 net-_m32-pad3_ net-_m27-pad1_ net-_m39-pad1_ net-_m11-pad4_ mos_p W=100u L=100u M=1
m38 net-_m32-pad3_ net-_m27-pad1_ net-_m28-pad1_ net-_m1-pad3_ mos_n W=100u L=100u M=1
m44 net-_m43-pad1_ net-_m32-pad3_ net-_m11-pad4_ net-_m11-pad4_ mos_p W=100u L=100u M=1
m43 net-_m43-pad1_ net-_m32-pad3_ net-_m1-pad3_ net-_m1-pad3_ mos_n W=100u L=100u M=1
.tran 0e-00 0e-00 0e-00

* Control Statements 
.control
run
print allv > plot_data_v.txt
print alli > plot_data_i.txt
.endc
.end
