.title kicad schematic

.include NPN.lib
.include NJF.lib
.include PNP.lib
q34 net-_q29-pad2_ net-_q31-pad3_ net-_j1-pad2_ Q2N2222
* u1 net-_c2-pad1_ net-_q1-pad1_ net-_q2-pad3_ net-_j1-pad2_ net-_c1-pad2_ net-_q35-pad3_ net-_c1-pad1_ net-_c3-pad2_ port
q38 net-_q37-pad2_ net-_q31-pad3_ net-_q38-pad3_ Q2N2222
r23 net-_j1-pad2_ net-_q38-pad3_ 30
q32 net-_q30-pad1_ net-_q30-pad3_ net-_q29-pad2_ Q2N2222
r19 net-_q29-pad2_ net-_q30-pad3_ 5k
q28 net-_q27-pad2_ net-_q27-pad2_ net-_c1-pad1_ Q2N2907A
q27 net-_c2-pad2_ net-_q27-pad2_ net-_c1-pad1_ Q2N2907A
q36 net-_q33-pad2_ net-_q33-pad2_ net-_q29-pad2_ Q2N2222
r22 net-_q37-pad2_ net-_q37-pad1_ 30
q37 net-_q37-pad1_ net-_q37-pad2_ net-_q37-pad3_ Q2N2907A
q41 net-_j1-pad2_ net-_q37-pad1_ net-_q33-pad2_ Q2N2907A
r24 net-_q33-pad2_ net-_q35-pad2_ 33
q33 net-_q21-pad1_ net-_q33-pad2_ net-_q33-pad3_ Q2N2907A
q30 net-_q30-pad1_ net-_c2-pad2_ net-_q30-pad3_ Q2N2222
r21 net-_q33-pad3_ net-_q35-pad2_ 3.5k
r25 net-_q35-pad2_ net-_q35-pad3_ 25
q40 net-_c1-pad1_ net-_q30-pad1_ net-_q35-pad2_ Q2N2222
r18 net-_q30-pad1_ net-_c2-pad2_ 13
q35 net-_q30-pad1_ net-_q35-pad2_ net-_q35-pad3_ Q2N2222
q39 net-_c1-pad1_ net-_q30-pad1_ net-_q37-pad3_ Q2N2222
r20 net-_j1-pad2_ net-_q31-pad3_ 1.2k
q29 net-_j1-pad2_ net-_q29-pad2_ net-_c3-pad2_ Q2N2907A
q31 net-_c1-pad1_ net-_c3-pad2_ net-_q31-pad3_ Q2N2222
q25 net-_c3-pad2_ net-_q22-pad2_ net-_j1-pad2_ Q2N2222
q21 net-_q21-pad1_ net-_c2-pad1_ net-_q21-pad3_ Q2N2907A
r15 net-_q21-pad3_ net-_q27-pad2_ 6k
r7 net-_c1-pad1_ net-_q10-pad2_ 150k
r5 net-_c1-pad2_ net-_q14-pad1_ 20k
r12 net-_q14-pad1_ net-_c2-pad1_ 20k
q14 net-_q14-pad1_ net-_q14-pad1_ net-_q10-pad2_ Q2N2907A
q17 net-_c2-pad1_ net-_q10-pad2_ net-_q17-pad3_ Q2N2907A
r13 net-_c1-pad1_ net-_q17-pad3_ 2k
c2 net-_c2-pad1_ net-_c2-pad2_ 6p
q20 net-_c2-pad1_ net-_q2-pad3_ net-_q11-pad3_ Q2N2222
q26 net-_c3-pad2_ net-_c1-pad2_ net-_q26-pad3_ Q2N2907A
r17 net-_q26-pad3_ net-_q27-pad2_ 6k
q13 net-_c1-pad2_ net-_c1-pad2_ net-_c2-pad1_ Q2N2222
q7 net-_c1-pad2_ net-_q1-pad1_ net-_q12-pad3_ Q2N2222
q15 net-_c2-pad1_ net-_c2-pad1_ net-_c1-pad2_ Q2N2222
q1 net-_q1-pad1_ net-_q1-pad1_ net-_q1-pad3_ Q2N2222
c1 net-_c1-pad1_ net-_c1-pad2_ 100p
q10 net-_c1-pad2_ net-_q10-pad2_ net-_q10-pad3_ Q2N2907A
r3 net-_c1-pad1_ net-_q10-pad3_ 2k
q6 net-_q6-pad1_ net-_q4-pad3_ net-_j1-pad2_ Q2N2222
j1 net-_c1-pad1_ net-_j1-pad2_ net-_j1-pad3_ J2N3819
r14 net-_j1-pad2_ net-_q18-pad3_ 110
r4 net-_j1-pad2_ net-_q18-pad2_ 20k
q18 net-_q11-pad1_ net-_q18-pad2_ net-_q18-pad3_ Q2N2222
q9 net-_c1-pad1_ net-_q6-pad1_ net-_q18-pad2_ Q2N2222
r2 net-_q6-pad1_ net-_j1-pad3_ 500
q2 net-_q1-pad1_ net-_q1-pad3_ net-_q2-pad3_ Q2N2222
q3 net-_q2-pad3_ net-_q3-pad2_ net-_q1-pad1_ Q2N2222
q5 net-_q2-pad3_ net-_q2-pad3_ net-_q3-pad2_ Q2N2222
q4 net-_c1-pad1_ net-_j1-pad3_ net-_q4-pad3_ Q2N2222
r1 net-_j1-pad2_ net-_q4-pad3_ 6.6k
q23 net-_c1-pad1_ net-_q21-pad1_ net-_c3-pad2_ Q2N2222
q24 net-_c1-pad1_ net-_q21-pad1_ net-_q22-pad2_ Q2N2222
r16 net-_j1-pad2_ net-_q22-pad2_ 1.2k
q22 net-_q21-pad1_ net-_q22-pad2_ net-_j1-pad2_ Q2N2222
c3 net-_c2-pad1_ net-_c3-pad2_ 28p
q11 net-_q11-pad1_ net-_q11-pad2_ net-_q11-pad3_ Q2N2222
q12 net-_q11-pad1_ net-_q11-pad2_ net-_q12-pad3_ Q2N2222
q8 net-_c1-pad2_ net-_q12-pad3_ net-_q8-pad3_ Q2N2222
r6 net-_q8-pad3_ net-_q16-pad2_ 1k
r11 net-_q16-pad2_ net-_q19-pad3_ 1k
q19 net-_c2-pad1_ net-_q11-pad3_ net-_q19-pad3_ Q2N2222
r9 net-_q16-pad1_ net-_q16-pad2_ 50
r8 net-_q11-pad2_ net-_q16-pad1_ 1.7k
r10 net-_q11-pad1_ net-_q16-pad1_ 4k
q16 net-_q16-pad1_ net-_q16-pad2_ net-_q11-pad1_ Q2N2222
.tran 0e-00 0e-00 0e-00

* Control Statements 
.control
run
print allv > plot_data_v.txt
print alli > plot_data_i.txt
.endc
.end
