.title kicad schematic

* u19 net-_u16-pad3_ net-_u13-pad3_ net-_u19-pad3_ d_and
* u21 net-_u19-pad3_ net-_u20-pad3_ net-_u14-pad2_ d_or
* u20 net-_u16-pad1_ net-_u16-pad2_ net-_u20-pad3_ d_and
* u15 net-_u14-pad1_ net-_u14-pad2_ net-_u15-pad3_ d_xor
* u18 net-_u16-pad3_ net-_u13-pad3_ net-_u18-pad3_ d_xor
* u2 net-_u1-pad2_ net-_u1-pad6_ net-_u12-pad2_ d_and
* u8 net-_u12-pad1_ net-_u12-pad2_ net-_u10-pad1_ d_xor
* u17 net-_u1-pad2_ net-_u1-pad7_ net-_u17-pad3_ d_and
* u14 net-_u14-pad1_ net-_u14-pad2_ net-_u14-pad3_ d_and
* u16 net-_u16-pad1_ net-_u16-pad2_ net-_u16-pad3_ d_xor
* u6 net-_u1-pad4_ net-_u1-pad6_ net-_u6-pad3_ d_and
* u9 net-_u6-pad3_ net-_u14-pad1_ d_inverter
* u13 net-_u11-pad3_ net-_u12-pad3_ net-_u13-pad3_ d_or
* u10 net-_u10-pad1_ net-_u10-pad2_ net-_u10-pad3_ d_xor
* u7 net-_u4-pad3_ net-_u16-pad1_ d_inverter
* u12 net-_u12-pad1_ net-_u12-pad2_ net-_u12-pad3_ d_and
* u11 net-_u10-pad1_ net-_u10-pad2_ net-_u11-pad3_ d_and
* u5 net-_u1-pad3_ net-_u1-pad6_ net-_u16-pad2_ d_and
* u4 net-_u1-pad4_ net-_u1-pad5_ net-_u4-pad3_ d_and
* u3 net-_u1-pad3_ net-_u1-pad5_ net-_u12-pad1_ d_and
* u1 net-_u1-pad1_ net-_u1-pad2_ net-_u1-pad3_ net-_u1-pad4_ net-_u1-pad5_ net-_u1-pad6_ net-_u1-pad7_ net-_u1-pad8_ net-_u1-pad9_ net-_u1-pad10_ net-_u1-pad11_ net-_u1-pad12_ net-_u1-pad13_ net-_u1-pad14_ net-_u1-pad15_ net-_u1-pad16_ port
* u25 net-_u18-pad3_ net-_u17-pad3_ net-_u25-pad3_ d_and
* u29 net-_u24-pad3_ net-_u25-pad3_ net-_u29-pad3_ d_or
* u24 net-_u22-pad3_ net-_u23-pad2_ net-_u24-pad3_ d_and
* u22 net-_u18-pad3_ net-_u17-pad3_ net-_u22-pad3_ d_xor
* u23 net-_u22-pad3_ net-_u23-pad2_ net-_u23-pad3_ d_xor
* u33 net-_u1-pad3_ net-_u1-pad8_ net-_u33-pad3_ d_and
* u37 net-_u33-pad3_ net-_u37-pad2_ d_inverter
* u32 net-_u27-pad3_ net-_u32-pad2_ d_inverter
* u31 net-_u26-pad3_ net-_u31-pad2_ d_inverter
* u30 net-_u15-pad3_ net-_u28-pad3_ net-_u30-pad3_ d_xor
* u28 net-_u1-pad3_ net-_u1-pad7_ net-_u28-pad3_ d_and
* u27 net-_u1-pad2_ net-_u1-pad8_ net-_u27-pad3_ d_and
* u26 net-_u1-pad4_ net-_u1-pad7_ net-_u26-pad3_ d_and
* u67 net-_u41-pad3_ net-_u1-pad13_ d_inverter
* u36 net-_u15-pad3_ net-_u28-pad3_ net-_u36-pad3_ d_and
* u35 net-_u30-pad3_ net-_u29-pad3_ net-_u35-pad3_ d_and
* u38 net-_u35-pad3_ net-_u36-pad3_ net-_u38-pad3_ d_or
* u34 net-_u30-pad3_ net-_u29-pad3_ net-_u34-pad3_ d_xor
* u58 net-_u55-pad3_ net-_u54-pad3_ net-_u58-pad3_ d_and
* u57 net-_u55-pad3_ net-_u54-pad3_ net-_u57-pad3_ d_xor
* u59 net-_u48-pad3_ net-_u49-pad3_ net-_u59-pad3_ d_and
* u64 net-_u1-pad1_ net-_u1-pad7_ net-_u64-pad3_ d_and
* u63 net-_u1-pad1_ net-_u1-pad6_ net-_u63-pad3_ d_and
* u61 net-_u58-pad3_ net-_u59-pad3_ net-_u61-pad3_ d_or
* u66 net-_u57-pad3_ net-_u65-pad2_ net-_u1-pad15_ d_xor
* u65 net-_u57-pad3_ net-_u65-pad2_ net-_u65-pad3_ d_and
* u50 net-_u44-pad3_ net-_u37-pad2_ net-_u50-pad3_ d_xor
* u43 net-_u34-pad3_ net-_u32-pad2_ net-_u43-pad3_ d_and
* u42 net-_u39-pad3_ net-_u41-pad2_ net-_u42-pad3_ d_and
* u47 net-_u42-pad3_ net-_u43-pad3_ net-_u47-pad3_ d_or
* u53 net-_u44-pad3_ net-_u37-pad2_ net-_u53-pad3_ d_and
* u54 net-_u52-pad3_ net-_u53-pad3_ net-_u54-pad3_ d_or
* u51 net-_u50-pad3_ net-_u47-pad3_ net-_u51-pad3_ d_xor
* u52 net-_u50-pad3_ net-_u47-pad3_ net-_u52-pad3_ d_and
* u44 net-_u40-pad3_ net-_u38-pad3_ net-_u44-pad3_ d_xor
* u45 net-_u40-pad3_ net-_u38-pad3_ net-_u45-pad3_ d_and
* u46 net-_u14-pad3_ net-_u31-pad2_ net-_u46-pad3_ d_and
* u48 net-_u45-pad3_ net-_u46-pad3_ net-_u48-pad3_ d_or
* u55 net-_u48-pad3_ net-_u49-pad3_ net-_u55-pad3_ d_xor
* u56 net-_u1-pad1_ net-_u1-pad8_ net-_u56-pad3_ d_and
* u60 net-_u56-pad3_ net-_u60-pad2_ d_inverter
* u62 net-_u1-pad2_ net-_u1-pad5_ net-_u62-pad3_ d_and
* u40 net-_u14-pad3_ net-_u31-pad2_ net-_u40-pad3_ d_xor
* u49 net-_u1-pad4_ net-_u1-pad8_ net-_u49-pad3_ d_and
* u71 net-_u61-pad3_ net-_u65-pad3_ net-_u1-pad16_ d_xnor
* u39 net-_u34-pad3_ net-_u32-pad2_ net-_u39-pad3_ d_xor
* u41 net-_u39-pad3_ net-_u41-pad2_ net-_u41-pad3_ d_xor
* u77 net-_u23-pad3_ net-_u60-pad2_ net-_u1-pad12_ d_xor
* u76 net-_u23-pad3_ net-_u60-pad2_ net-_u41-pad2_ d_and
* u73 net-_u62-pad3_ net-_u63-pad3_ net-_u1-pad10_ d_xor
* u72 net-_u62-pad3_ net-_u63-pad3_ net-_u10-pad2_ d_and
* u70 net-_u1-pad1_ net-_u1-pad5_ net-_u1-pad9_ d_and
* u68 net-_u51-pad3_ net-_u41-pad3_ net-_u65-pad2_ d_and
* u69 net-_u51-pad3_ net-_u41-pad3_ net-_u1-pad14_ d_xor
* u74 net-_u10-pad3_ net-_u64-pad3_ net-_u23-pad2_ d_and
* u75 net-_u10-pad3_ net-_u64-pad3_ net-_u1-pad11_ d_xor
a1 [net-_u16-pad3_ net-_u13-pad3_ ] net-_u19-pad3_ u19
a2 [net-_u19-pad3_ net-_u20-pad3_ ] net-_u14-pad2_ u21
a3 [net-_u16-pad1_ net-_u16-pad2_ ] net-_u20-pad3_ u20
a4 [net-_u14-pad1_ net-_u14-pad2_ ] net-_u15-pad3_ u15
a5 [net-_u16-pad3_ net-_u13-pad3_ ] net-_u18-pad3_ u18
a6 [net-_u1-pad2_ net-_u1-pad6_ ] net-_u12-pad2_ u2
a7 [net-_u12-pad1_ net-_u12-pad2_ ] net-_u10-pad1_ u8
a8 [net-_u1-pad2_ net-_u1-pad7_ ] net-_u17-pad3_ u17
a9 [net-_u14-pad1_ net-_u14-pad2_ ] net-_u14-pad3_ u14
a10 [net-_u16-pad1_ net-_u16-pad2_ ] net-_u16-pad3_ u16
a11 [net-_u1-pad4_ net-_u1-pad6_ ] net-_u6-pad3_ u6
a12 net-_u6-pad3_ net-_u14-pad1_ u9
a13 [net-_u11-pad3_ net-_u12-pad3_ ] net-_u13-pad3_ u13
a14 [net-_u10-pad1_ net-_u10-pad2_ ] net-_u10-pad3_ u10
a15 net-_u4-pad3_ net-_u16-pad1_ u7
a16 [net-_u12-pad1_ net-_u12-pad2_ ] net-_u12-pad3_ u12
a17 [net-_u10-pad1_ net-_u10-pad2_ ] net-_u11-pad3_ u11
a18 [net-_u1-pad3_ net-_u1-pad6_ ] net-_u16-pad2_ u5
a19 [net-_u1-pad4_ net-_u1-pad5_ ] net-_u4-pad3_ u4
a20 [net-_u1-pad3_ net-_u1-pad5_ ] net-_u12-pad1_ u3
a21 [net-_u18-pad3_ net-_u17-pad3_ ] net-_u25-pad3_ u25
a22 [net-_u24-pad3_ net-_u25-pad3_ ] net-_u29-pad3_ u29
a23 [net-_u22-pad3_ net-_u23-pad2_ ] net-_u24-pad3_ u24
a24 [net-_u18-pad3_ net-_u17-pad3_ ] net-_u22-pad3_ u22
a25 [net-_u22-pad3_ net-_u23-pad2_ ] net-_u23-pad3_ u23
a26 [net-_u1-pad3_ net-_u1-pad8_ ] net-_u33-pad3_ u33
a27 net-_u33-pad3_ net-_u37-pad2_ u37
a28 net-_u27-pad3_ net-_u32-pad2_ u32
a29 net-_u26-pad3_ net-_u31-pad2_ u31
a30 [net-_u15-pad3_ net-_u28-pad3_ ] net-_u30-pad3_ u30
a31 [net-_u1-pad3_ net-_u1-pad7_ ] net-_u28-pad3_ u28
a32 [net-_u1-pad2_ net-_u1-pad8_ ] net-_u27-pad3_ u27
a33 [net-_u1-pad4_ net-_u1-pad7_ ] net-_u26-pad3_ u26
a34 net-_u41-pad3_ net-_u1-pad13_ u67
a35 [net-_u15-pad3_ net-_u28-pad3_ ] net-_u36-pad3_ u36
a36 [net-_u30-pad3_ net-_u29-pad3_ ] net-_u35-pad3_ u35
a37 [net-_u35-pad3_ net-_u36-pad3_ ] net-_u38-pad3_ u38
a38 [net-_u30-pad3_ net-_u29-pad3_ ] net-_u34-pad3_ u34
a39 [net-_u55-pad3_ net-_u54-pad3_ ] net-_u58-pad3_ u58
a40 [net-_u55-pad3_ net-_u54-pad3_ ] net-_u57-pad3_ u57
a41 [net-_u48-pad3_ net-_u49-pad3_ ] net-_u59-pad3_ u59
a42 [net-_u1-pad1_ net-_u1-pad7_ ] net-_u64-pad3_ u64
a43 [net-_u1-pad1_ net-_u1-pad6_ ] net-_u63-pad3_ u63
a44 [net-_u58-pad3_ net-_u59-pad3_ ] net-_u61-pad3_ u61
a45 [net-_u57-pad3_ net-_u65-pad2_ ] net-_u1-pad15_ u66
a46 [net-_u57-pad3_ net-_u65-pad2_ ] net-_u65-pad3_ u65
a47 [net-_u44-pad3_ net-_u37-pad2_ ] net-_u50-pad3_ u50
a48 [net-_u34-pad3_ net-_u32-pad2_ ] net-_u43-pad3_ u43
a49 [net-_u39-pad3_ net-_u41-pad2_ ] net-_u42-pad3_ u42
a50 [net-_u42-pad3_ net-_u43-pad3_ ] net-_u47-pad3_ u47
a51 [net-_u44-pad3_ net-_u37-pad2_ ] net-_u53-pad3_ u53
a52 [net-_u52-pad3_ net-_u53-pad3_ ] net-_u54-pad3_ u54
a53 [net-_u50-pad3_ net-_u47-pad3_ ] net-_u51-pad3_ u51
a54 [net-_u50-pad3_ net-_u47-pad3_ ] net-_u52-pad3_ u52
a55 [net-_u40-pad3_ net-_u38-pad3_ ] net-_u44-pad3_ u44
a56 [net-_u40-pad3_ net-_u38-pad3_ ] net-_u45-pad3_ u45
a57 [net-_u14-pad3_ net-_u31-pad2_ ] net-_u46-pad3_ u46
a58 [net-_u45-pad3_ net-_u46-pad3_ ] net-_u48-pad3_ u48
a59 [net-_u48-pad3_ net-_u49-pad3_ ] net-_u55-pad3_ u55
a60 [net-_u1-pad1_ net-_u1-pad8_ ] net-_u56-pad3_ u56
a61 net-_u56-pad3_ net-_u60-pad2_ u60
a62 [net-_u1-pad2_ net-_u1-pad5_ ] net-_u62-pad3_ u62
a63 [net-_u14-pad3_ net-_u31-pad2_ ] net-_u40-pad3_ u40
a64 [net-_u1-pad4_ net-_u1-pad8_ ] net-_u49-pad3_ u49
a65 [net-_u61-pad3_ net-_u65-pad3_ ] net-_u1-pad16_ u71
a66 [net-_u34-pad3_ net-_u32-pad2_ ] net-_u39-pad3_ u39
a67 [net-_u39-pad3_ net-_u41-pad2_ ] net-_u41-pad3_ u41
a68 [net-_u23-pad3_ net-_u60-pad2_ ] net-_u1-pad12_ u77
a69 [net-_u23-pad3_ net-_u60-pad2_ ] net-_u41-pad2_ u76
a70 [net-_u62-pad3_ net-_u63-pad3_ ] net-_u1-pad10_ u73
a71 [net-_u62-pad3_ net-_u63-pad3_ ] net-_u10-pad2_ u72
a72 [net-_u1-pad1_ net-_u1-pad5_ ] net-_u1-pad9_ u70
a73 [net-_u51-pad3_ net-_u41-pad3_ ] net-_u65-pad2_ u68
a74 [net-_u51-pad3_ net-_u41-pad3_ ] net-_u1-pad14_ u69
a75 [net-_u10-pad3_ net-_u64-pad3_ ] net-_u23-pad2_ u74
a76 [net-_u10-pad3_ net-_u64-pad3_ ] net-_u1-pad11_ u75
* Schematic Name:                             d_and, Ngspice Name: d_and
.model u19 d_and(rise_delay=1.0e-9 fall_delay=1.0e-9 input_load=1.0e-12 ) 
* Schematic Name:                             d_or, Ngspice Name: d_or
.model u21 d_or(rise_delay=1.0e-9 fall_delay=1.0e-9 input_load=1.0e-12 ) 
* Schematic Name:                             d_and, Ngspice Name: d_and
.model u20 d_and(rise_delay=1.0e-9 fall_delay=1.0e-9 input_load=1.0e-12 ) 
* Schematic Name:                             d_xor, Ngspice Name: d_xor
.model u15 d_xor(rise_delay=1.0e-9 fall_delay=1.0e-9 input_load=1.0e-12 ) 
* Schematic Name:                             d_xor, Ngspice Name: d_xor
.model u18 d_xor(rise_delay=1.0e-9 fall_delay=1.0e-9 input_load=1.0e-12 ) 
* Schematic Name:                             d_and, Ngspice Name: d_and
.model u2 d_and(rise_delay=1.0e-9 fall_delay=1.0e-9 input_load=1.0e-12 ) 
* Schematic Name:                             d_xor, Ngspice Name: d_xor
.model u8 d_xor(rise_delay=1.0e-9 fall_delay=1.0e-9 input_load=1.0e-12 ) 
* Schematic Name:                             d_and, Ngspice Name: d_and
.model u17 d_and(rise_delay=1.0e-9 fall_delay=1.0e-9 input_load=1.0e-12 ) 
* Schematic Name:                             d_and, Ngspice Name: d_and
.model u14 d_and(rise_delay=1.0e-9 fall_delay=1.0e-9 input_load=1.0e-12 ) 
* Schematic Name:                             d_xor, Ngspice Name: d_xor
.model u16 d_xor(rise_delay=1.0e-9 fall_delay=1.0e-9 input_load=1.0e-12 ) 
* Schematic Name:                             d_and, Ngspice Name: d_and
.model u6 d_and(rise_delay=1.0e-9 fall_delay=1.0e-9 input_load=1.0e-12 ) 
* Schematic Name:                             d_inverter, Ngspice Name: d_inverter
.model u9 d_inverter(rise_delay=1.0e-9 fall_delay=1.0e-9 input_load=1.0e-12 ) 
* Schematic Name:                             d_or, Ngspice Name: d_or
.model u13 d_or(rise_delay=1.0e-9 fall_delay=1.0e-9 input_load=1.0e-12 ) 
* Schematic Name:                             d_xor, Ngspice Name: d_xor
.model u10 d_xor(rise_delay=1.0e-9 fall_delay=1.0e-9 input_load=1.0e-12 ) 
* Schematic Name:                             d_inverter, Ngspice Name: d_inverter
.model u7 d_inverter(rise_delay=1.0e-9 fall_delay=1.0e-9 input_load=1.0e-12 ) 
* Schematic Name:                             d_and, Ngspice Name: d_and
.model u12 d_and(rise_delay=1.0e-9 fall_delay=1.0e-9 input_load=1.0e-12 ) 
* Schematic Name:                             d_and, Ngspice Name: d_and
.model u11 d_and(rise_delay=1.0e-9 fall_delay=1.0e-9 input_load=1.0e-12 ) 
* Schematic Name:                             d_and, Ngspice Name: d_and
.model u5 d_and(rise_delay=1.0e-9 fall_delay=1.0e-9 input_load=1.0e-12 ) 
* Schematic Name:                             d_and, Ngspice Name: d_and
.model u4 d_and(rise_delay=1.0e-9 fall_delay=1.0e-9 input_load=1.0e-12 ) 
* Schematic Name:                             d_and, Ngspice Name: d_and
.model u3 d_and(rise_delay=1.0e-9 fall_delay=1.0e-9 input_load=1.0e-12 ) 
* Schematic Name:                             d_and, Ngspice Name: d_and
.model u25 d_and(rise_delay=1.0e-9 fall_delay=1.0e-9 input_load=1.0e-12 ) 
* Schematic Name:                             d_or, Ngspice Name: d_or
.model u29 d_or(rise_delay=1.0e-9 fall_delay=1.0e-9 input_load=1.0e-12 ) 
* Schematic Name:                             d_and, Ngspice Name: d_and
.model u24 d_and(rise_delay=1.0e-9 fall_delay=1.0e-9 input_load=1.0e-12 ) 
* Schematic Name:                             d_xor, Ngspice Name: d_xor
.model u22 d_xor(rise_delay=1.0e-9 fall_delay=1.0e-9 input_load=1.0e-12 ) 
* Schematic Name:                             d_xor, Ngspice Name: d_xor
.model u23 d_xor(rise_delay=1.0e-9 fall_delay=1.0e-9 input_load=1.0e-12 ) 
* Schematic Name:                             d_and, Ngspice Name: d_and
.model u33 d_and(rise_delay=1.0e-9 fall_delay=1.0e-9 input_load=1.0e-12 ) 
* Schematic Name:                             d_inverter, Ngspice Name: d_inverter
.model u37 d_inverter(rise_delay=1.0e-9 fall_delay=1.0e-9 input_load=1.0e-12 ) 
* Schematic Name:                             d_inverter, Ngspice Name: d_inverter
.model u32 d_inverter(rise_delay=1.0e-9 fall_delay=1.0e-9 input_load=1.0e-12 ) 
* Schematic Name:                             d_inverter, Ngspice Name: d_inverter
.model u31 d_inverter(rise_delay=1.0e-9 fall_delay=1.0e-9 input_load=1.0e-12 ) 
* Schematic Name:                             d_xor, Ngspice Name: d_xor
.model u30 d_xor(rise_delay=1.0e-9 fall_delay=1.0e-9 input_load=1.0e-12 ) 
* Schematic Name:                             d_and, Ngspice Name: d_and
.model u28 d_and(rise_delay=1.0e-9 fall_delay=1.0e-9 input_load=1.0e-12 ) 
* Schematic Name:                             d_and, Ngspice Name: d_and
.model u27 d_and(rise_delay=1.0e-9 fall_delay=1.0e-9 input_load=1.0e-12 ) 
* Schematic Name:                             d_and, Ngspice Name: d_and
.model u26 d_and(rise_delay=1.0e-9 fall_delay=1.0e-9 input_load=1.0e-12 ) 
* Schematic Name:                             d_inverter, Ngspice Name: d_inverter
.model u67 d_inverter(rise_delay=1.0e-9 fall_delay=1.0e-9 input_load=1.0e-12 ) 
* Schematic Name:                             d_and, Ngspice Name: d_and
.model u36 d_and(rise_delay=1.0e-9 fall_delay=1.0e-9 input_load=1.0e-12 ) 
* Schematic Name:                             d_and, Ngspice Name: d_and
.model u35 d_and(rise_delay=1.0e-9 fall_delay=1.0e-9 input_load=1.0e-12 ) 
* Schematic Name:                             d_or, Ngspice Name: d_or
.model u38 d_or(rise_delay=1.0e-9 fall_delay=1.0e-9 input_load=1.0e-12 ) 
* Schematic Name:                             d_xor, Ngspice Name: d_xor
.model u34 d_xor(rise_delay=1.0e-9 fall_delay=1.0e-9 input_load=1.0e-12 ) 
* Schematic Name:                             d_and, Ngspice Name: d_and
.model u58 d_and(rise_delay=1.0e-9 fall_delay=1.0e-9 input_load=1.0e-12 ) 
* Schematic Name:                             d_xor, Ngspice Name: d_xor
.model u57 d_xor(rise_delay=1.0e-9 fall_delay=1.0e-9 input_load=1.0e-12 ) 
* Schematic Name:                             d_and, Ngspice Name: d_and
.model u59 d_and(rise_delay=1.0e-9 fall_delay=1.0e-9 input_load=1.0e-12 ) 
* Schematic Name:                             d_and, Ngspice Name: d_and
.model u64 d_and(rise_delay=1.0e-9 fall_delay=1.0e-9 input_load=1.0e-12 ) 
* Schematic Name:                             d_and, Ngspice Name: d_and
.model u63 d_and(rise_delay=1.0e-9 fall_delay=1.0e-9 input_load=1.0e-12 ) 
* Schematic Name:                             d_or, Ngspice Name: d_or
.model u61 d_or(rise_delay=1.0e-9 fall_delay=1.0e-9 input_load=1.0e-12 ) 
* Schematic Name:                             d_xor, Ngspice Name: d_xor
.model u66 d_xor(rise_delay=1.0e-9 fall_delay=1.0e-9 input_load=1.0e-12 ) 
* Schematic Name:                             d_and, Ngspice Name: d_and
.model u65 d_and(rise_delay=1.0e-9 fall_delay=1.0e-9 input_load=1.0e-12 ) 
* Schematic Name:                             d_xor, Ngspice Name: d_xor
.model u50 d_xor(rise_delay=1.0e-9 fall_delay=1.0e-9 input_load=1.0e-12 ) 
* Schematic Name:                             d_and, Ngspice Name: d_and
.model u43 d_and(rise_delay=1.0e-9 fall_delay=1.0e-9 input_load=1.0e-12 ) 
* Schematic Name:                             d_and, Ngspice Name: d_and
.model u42 d_and(rise_delay=1.0e-9 fall_delay=1.0e-9 input_load=1.0e-12 ) 
* Schematic Name:                             d_or, Ngspice Name: d_or
.model u47 d_or(rise_delay=1.0e-9 fall_delay=1.0e-9 input_load=1.0e-12 ) 
* Schematic Name:                             d_and, Ngspice Name: d_and
.model u53 d_and(rise_delay=1.0e-9 fall_delay=1.0e-9 input_load=1.0e-12 ) 
* Schematic Name:                             d_or, Ngspice Name: d_or
.model u54 d_or(rise_delay=1.0e-9 fall_delay=1.0e-9 input_load=1.0e-12 ) 
* Schematic Name:                             d_xor, Ngspice Name: d_xor
.model u51 d_xor(rise_delay=1.0e-9 fall_delay=1.0e-9 input_load=1.0e-12 ) 
* Schematic Name:                             d_and, Ngspice Name: d_and
.model u52 d_and(rise_delay=1.0e-9 fall_delay=1.0e-9 input_load=1.0e-12 ) 
* Schematic Name:                             d_xor, Ngspice Name: d_xor
.model u44 d_xor(rise_delay=1.0e-9 fall_delay=1.0e-9 input_load=1.0e-12 ) 
* Schematic Name:                             d_and, Ngspice Name: d_and
.model u45 d_and(rise_delay=1.0e-9 fall_delay=1.0e-9 input_load=1.0e-12 ) 
* Schematic Name:                             d_and, Ngspice Name: d_and
.model u46 d_and(rise_delay=1.0e-9 fall_delay=1.0e-9 input_load=1.0e-12 ) 
* Schematic Name:                             d_or, Ngspice Name: d_or
.model u48 d_or(rise_delay=1.0e-9 fall_delay=1.0e-9 input_load=1.0e-12 ) 
* Schematic Name:                             d_xor, Ngspice Name: d_xor
.model u55 d_xor(rise_delay=1.0e-9 fall_delay=1.0e-9 input_load=1.0e-12 ) 
* Schematic Name:                             d_and, Ngspice Name: d_and
.model u56 d_and(rise_delay=1.0e-9 fall_delay=1.0e-9 input_load=1.0e-12 ) 
* Schematic Name:                             d_inverter, Ngspice Name: d_inverter
.model u60 d_inverter(rise_delay=1.0e-9 fall_delay=1.0e-9 input_load=1.0e-12 ) 
* Schematic Name:                             d_and, Ngspice Name: d_and
.model u62 d_and(rise_delay=1.0e-9 fall_delay=1.0e-9 input_load=1.0e-12 ) 
* Schematic Name:                             d_xor, Ngspice Name: d_xor
.model u40 d_xor(rise_delay=1.0e-9 fall_delay=1.0e-9 input_load=1.0e-12 ) 
* Schematic Name:                             d_and, Ngspice Name: d_and
.model u49 d_and(rise_delay=1.0e-9 fall_delay=1.0e-9 input_load=1.0e-12 ) 
* Schematic Name:                             d_xnor, Ngspice Name: d_xnor
.model u71 d_xnor(rise_delay=1.0e-9 fall_delay=1.0e-9 input_load=1.0e-12 ) 
* Schematic Name:                             d_xor, Ngspice Name: d_xor
.model u39 d_xor(rise_delay=1.0e-9 fall_delay=1.0e-9 input_load=1.0e-12 ) 
* Schematic Name:                             d_xor, Ngspice Name: d_xor
.model u41 d_xor(rise_delay=1.0e-9 fall_delay=1.0e-9 input_load=1.0e-12 ) 
* Schematic Name:                             d_xor, Ngspice Name: d_xor
.model u77 d_xor(rise_delay=1.0e-9 fall_delay=1.0e-9 input_load=1.0e-12 ) 
* Schematic Name:                             d_and, Ngspice Name: d_and
.model u76 d_and(rise_delay=1.0e-9 fall_delay=1.0e-9 input_load=1.0e-12 ) 
* Schematic Name:                             d_xor, Ngspice Name: d_xor
.model u73 d_xor(rise_delay=1.0e-9 fall_delay=1.0e-9 input_load=1.0e-12 ) 
* Schematic Name:                             d_and, Ngspice Name: d_and
.model u72 d_and(rise_delay=1.0e-9 fall_delay=1.0e-9 input_load=1.0e-12 ) 
* Schematic Name:                             d_and, Ngspice Name: d_and
.model u70 d_and(rise_delay=1.0e-9 fall_delay=1.0e-9 input_load=1.0e-12 ) 
* Schematic Name:                             d_and, Ngspice Name: d_and
.model u68 d_and(rise_delay=1.0e-9 fall_delay=1.0e-9 input_load=1.0e-12 ) 
* Schematic Name:                             d_xor, Ngspice Name: d_xor
.model u69 d_xor(rise_delay=1.0e-9 fall_delay=1.0e-9 input_load=1.0e-12 ) 
* Schematic Name:                             d_and, Ngspice Name: d_and
.model u74 d_and(rise_delay=1.0e-9 fall_delay=1.0e-9 input_load=1.0e-12 ) 
* Schematic Name:                             d_xor, Ngspice Name: d_xor
.model u75 d_xor(rise_delay=1.0e-9 fall_delay=1.0e-9 input_load=1.0e-12 ) 
.tran 0e-00 0e-00 0e-00

* Control Statements 
.control
run
print allv > plot_data_v.txt
print alli > plot_data_i.txt
.endc
.end
