* d:\fossee\esim\library\subcircuitlibrary\rc4559n_ic\rc4559n_ic.cir

.include NPN.lib
.include PNP.lib
.include NJF.lib
.include D.lib
r3  net-_j1-pad3_ net-_q3-pad3_ 8.7k
q3 net-_q1-pad3_ net-_q13-pad1_ net-_q3-pad3_ Q2N2907A
q5 net-_c2-pad2_ net-_q5-pad2_ net-_q1-pad3_ Q2N2907A
q1 net-_q1-pad1_ net-_q1-pad2_ net-_q1-pad3_ Q2N2907A
q2 net-_q1-pad1_ net-_q1-pad1_ net-_c1-pad1_ Q2N2222
q4 net-_c2-pad2_ net-_q1-pad1_ net-_q4-pad3_ Q2N2222
r2  net-_c1-pad1_ net-_c1-pad2_ 5k
c1  net-_c1-pad1_ net-_c1-pad2_ 15p
r4  net-_q4-pad3_ net-_c1-pad2_ 5k
q9 net-_q10-pad1_ net-_q13-pad1_ net-_j1-pad3_ Q2N2907A
q13 net-_q13-pad1_ net-_q13-pad1_ net-_j1-pad3_ Q2N2907A
q11 net-_j1-pad3_ net-_q10-pad1_ net-_q11-pad3_ Q2N2222
q7 net-_q10-pad1_ net-_q10-pad1_ net-_q10-pad2_ Q2N2222
q10 net-_q10-pad1_ net-_q10-pad2_ net-_c2-pad1_ Q2N2222
r7  net-_q10-pad2_ net-_c2-pad1_ 50k
c2  net-_c2-pad1_ net-_c2-pad2_ 15p
d1 net-_c2-pad2_ net-_c2-pad1_ 1N4148
q6 net-_j1-pad3_ net-_c2-pad2_ net-_q6-pad3_ Q2N2222
r6  net-_q6-pad3_ net-_c1-pad2_ 50k
r8  net-_q11-pad3_ net-_r10-pad2_ 27
r9  net-_r10-pad2_ net-_q12-pad3_ 27
q12 net-_c1-pad2_ net-_c2-pad1_ net-_q12-pad3_ Q2N2907A
q8 net-_c2-pad1_ net-_q6-pad3_ net-_c1-pad2_ Q2N2222
q14 net-_q13-pad1_ net-_j1-pad1_ net-_q14-pad3_ Q2N2222
r11  net-_q14-pad3_ net-_c1-pad2_ 5.8k
j1 net-_j1-pad1_ net-_c1-pad2_ net-_j1-pad3_ J2N3819
* u2  net-_c1-pad2_ net-_j1-pad1_ zener
r10  net-_r10-pad1_ net-_r10-pad2_ 120
r14  net-_j1-pad3_ net-_q17-pad3_ 8.7k
q17 net-_q15-pad3_ net-_q17-pad2_ net-_q17-pad3_ Q2N2907A
q19 net-_c4-pad2_ net-_q19-pad2_ net-_q15-pad3_ Q2N2907A
q15 net-_q15-pad1_ net-_q15-pad2_ net-_q15-pad3_ Q2N2907A
q16 net-_q15-pad1_ net-_q15-pad1_ net-_c3-pad1_ Q2N2222
q18 net-_c4-pad2_ net-_q15-pad1_ net-_q18-pad3_ Q2N2222
r13  net-_c3-pad1_ net-_c1-pad2_ 5k
c3  net-_c3-pad1_ net-_c1-pad2_ 15p
r15  net-_q18-pad3_ net-_c1-pad2_ 5k
q23 net-_q21-pad1_ net-_q17-pad2_ net-_j1-pad3_ Q2N2907A
q27 net-_q17-pad2_ net-_q17-pad2_ net-_j1-pad3_ Q2N2907A
q25 net-_j1-pad3_ net-_q21-pad1_ net-_q25-pad3_ Q2N2222
q21 net-_q21-pad1_ net-_q21-pad1_ net-_q21-pad3_ Q2N2222
q24 net-_q21-pad1_ net-_q21-pad3_ net-_c4-pad1_ Q2N2222
r18  net-_q21-pad3_ net-_c4-pad1_ 50k
c4  net-_c4-pad1_ net-_c4-pad2_ 15p
d2 net-_c4-pad2_ net-_c4-pad1_ 1N4148
q20 net-_j1-pad3_ net-_c4-pad2_ net-_q20-pad3_ Q2N2222
r16  net-_q20-pad3_ net-_c1-pad2_ 50k
r19  net-_q25-pad3_ net-_r19-pad2_ 27
r20  net-_r19-pad2_ net-_q26-pad3_ 27
q26 net-_c1-pad2_ net-_c4-pad1_ net-_q26-pad3_ Q2N2907A
q22 net-_c4-pad1_ net-_q20-pad3_ net-_c1-pad2_ Q2N2222
q28 net-_q17-pad2_ net-_j2-pad1_ net-_q28-pad3_ Q2N2222
r22  net-_q28-pad3_ net-_c1-pad2_ 5.8k
j2 net-_j2-pad1_ net-_c1-pad2_ net-_j1-pad3_ J2N3819
* u3  net-_c1-pad2_ net-_j2-pad1_ zener
r21  net-_r21-pad1_ net-_r19-pad2_ 120
* u1  net-_r10-pad1_ net-_q1-pad2_ net-_q5-pad2_ net-_c1-pad2_ net-_q19-pad2_ net-_q15-pad2_ net-_r21-pad1_ net-_j1-pad3_ port
a1 net-_c1-pad2_ net-_j1-pad1_ u2
a2 net-_c1-pad2_ net-_j2-pad1_ u3
* Schematic Name:                             zener, NgSpice Name: zener
.model u2 zener(v_breakdown=5.6 i_breakdown=2.0e-2 i_sat=1.0e-12 n_forward=1.0 limit_switch=FALSE ) 
* Schematic Name:                             zener, NgSpice Name: zener
.model u3 zener(v_breakdown=5.6 i_breakdown=2.0e-2 i_sat=1.0e-12 n_forward=1.0 limit_switch=FALSE ) 
.tran 0e-00 0e-00 0e-00

* Control Statements 
.control
run
print allv > plot_data_v.txt
print alli > plot_data_i.txt
.endc
.end
