.title kicad schematic

* u13 net-_u11-pad3_ b2 net-_u13-pad3_ d_and
* u12 b2 a2 net-_u12-pad3_ d_and
* u14 net-_u11-pad3_ a2 net-_u14-pad3_ d_and
* u23 net-_u19-pad3_ net-_u14-pad3_ c2 d_or
* u1 a1 b1 c0 a2 b2 s1 s2 c2 port
* u19 net-_u12-pad3_ net-_u13-pad3_ net-_u19-pad3_ d_or
* u21 net-_u11-pad3_ net-_u21-pad2_ d_inverter
* u4 a2 net-_u4-pad2_ d_inverter
* u8 b2 net-_u4-pad2_ net-_u11-pad1_ d_and
* u9 net-_u5-pad2_ a2 net-_u11-pad2_ d_and
* u11 net-_u11-pad1_ net-_u11-pad2_ net-_u11-pad3_ d_or
* u5 b2 net-_u5-pad2_ d_inverter
* u7 net-_u3-pad2_ a1 net-_u10-pad2_ d_and
* u6 b1 net-_u2-pad2_ net-_u10-pad1_ d_and
* u2 a1 net-_u2-pad2_ d_inverter
* u3 b1 net-_u3-pad2_ d_inverter
* u20 c0 net-_u20-pad2_ d_inverter
* u18 net-_u10-pad3_ net-_u18-pad2_ d_inverter
* u10 net-_u10-pad1_ net-_u10-pad2_ net-_u10-pad3_ d_or
* u17 c0 a1 net-_u17-pad3_ d_and
* u15 b1 a1 net-_u15-pad3_ d_and
* u16 b1 c0 net-_u16-pad3_ d_and
* u22 net-_u15-pad3_ net-_u16-pad3_ net-_u22-pad3_ d_or
* u26 net-_u22-pad3_ net-_u17-pad3_ c1 d_or
* u25 net-_u20-pad2_ net-_u10-pad3_ net-_u25-pad3_ d_and
* u24 c0 net-_u18-pad2_ net-_u24-pad3_ d_and
* u27 net-_u24-pad3_ net-_u25-pad3_ s1 d_or
* u28 c1 net-_u28-pad2_ d_inverter
* u30 c1 net-_u21-pad2_ net-_u30-pad3_ d_and
* u29 net-_u28-pad2_ net-_u11-pad3_ net-_u29-pad3_ d_and
* u31 net-_u29-pad3_ net-_u30-pad3_ s2 d_or
a1 [net-_u11-pad3_ b2 ] net-_u13-pad3_ u13
a2 [b2 a2 ] net-_u12-pad3_ u12
a3 [net-_u11-pad3_ a2 ] net-_u14-pad3_ u14
a4 [net-_u19-pad3_ net-_u14-pad3_ ] c2 u23
a5 [net-_u12-pad3_ net-_u13-pad3_ ] net-_u19-pad3_ u19
a6 net-_u11-pad3_ net-_u21-pad2_ u21
a7 a2 net-_u4-pad2_ u4
a8 [b2 net-_u4-pad2_ ] net-_u11-pad1_ u8
a9 [net-_u5-pad2_ a2 ] net-_u11-pad2_ u9
a10 [net-_u11-pad1_ net-_u11-pad2_ ] net-_u11-pad3_ u11
a11 b2 net-_u5-pad2_ u5
a12 [net-_u3-pad2_ a1 ] net-_u10-pad2_ u7
a13 [b1 net-_u2-pad2_ ] net-_u10-pad1_ u6
a14 a1 net-_u2-pad2_ u2
a15 b1 net-_u3-pad2_ u3
a16 c0 net-_u20-pad2_ u20
a17 net-_u10-pad3_ net-_u18-pad2_ u18
a18 [net-_u10-pad1_ net-_u10-pad2_ ] net-_u10-pad3_ u10
a19 [c0 a1 ] net-_u17-pad3_ u17
a20 [b1 a1 ] net-_u15-pad3_ u15
a21 [b1 c0 ] net-_u16-pad3_ u16
a22 [net-_u15-pad3_ net-_u16-pad3_ ] net-_u22-pad3_ u22
a23 [net-_u22-pad3_ net-_u17-pad3_ ] c1 u26
a24 [net-_u20-pad2_ net-_u10-pad3_ ] net-_u25-pad3_ u25
a25 [c0 net-_u18-pad2_ ] net-_u24-pad3_ u24
a26 [net-_u24-pad3_ net-_u25-pad3_ ] s1 u27
a27 c1 net-_u28-pad2_ u28
a28 [c1 net-_u21-pad2_ ] net-_u30-pad3_ u30
a29 [net-_u28-pad2_ net-_u11-pad3_ ] net-_u29-pad3_ u29
a30 [net-_u29-pad3_ net-_u30-pad3_ ] s2 u31
* Schematic Name:                             d_and, Ngspice Name: d_and
.model u13 d_and(rise_delay=1.0e-9 fall_delay=1.0e-9 input_load=1.0e-12 ) 
* Schematic Name:                             d_and, Ngspice Name: d_and
.model u12 d_and(rise_delay=1.0e-9 fall_delay=1.0e-9 input_load=1.0e-12 ) 
* Schematic Name:                             d_and, Ngspice Name: d_and
.model u14 d_and(rise_delay=1.0e-9 fall_delay=1.0e-9 input_load=1.0e-12 ) 
* Schematic Name:                             d_or, Ngspice Name: d_or
.model u23 d_or(rise_delay=1.0e-9 fall_delay=1.0e-9 input_load=1.0e-12 ) 
* Schematic Name:                             d_or, Ngspice Name: d_or
.model u19 d_or(rise_delay=1.0e-9 fall_delay=1.0e-9 input_load=1.0e-12 ) 
* Schematic Name:                             d_inverter, Ngspice Name: d_inverter
.model u21 d_inverter(rise_delay=1.0e-9 fall_delay=1.0e-9 input_load=1.0e-12 ) 
* Schematic Name:                             d_inverter, Ngspice Name: d_inverter
.model u4 d_inverter(rise_delay=1.0e-9 fall_delay=1.0e-9 input_load=1.0e-12 ) 
* Schematic Name:                             d_and, Ngspice Name: d_and
.model u8 d_and(rise_delay=1.0e-9 fall_delay=1.0e-9 input_load=1.0e-12 ) 
* Schematic Name:                             d_and, Ngspice Name: d_and
.model u9 d_and(rise_delay=1.0e-9 fall_delay=1.0e-9 input_load=1.0e-12 ) 
* Schematic Name:                             d_or, Ngspice Name: d_or
.model u11 d_or(rise_delay=1.0e-9 fall_delay=1.0e-9 input_load=1.0e-12 ) 
* Schematic Name:                             d_inverter, Ngspice Name: d_inverter
.model u5 d_inverter(rise_delay=1.0e-9 fall_delay=1.0e-9 input_load=1.0e-12 ) 
* Schematic Name:                             d_and, Ngspice Name: d_and
.model u7 d_and(rise_delay=1.0e-9 fall_delay=1.0e-9 input_load=1.0e-12 ) 
* Schematic Name:                             d_and, Ngspice Name: d_and
.model u6 d_and(rise_delay=1.0e-9 fall_delay=1.0e-9 input_load=1.0e-12 ) 
* Schematic Name:                             d_inverter, Ngspice Name: d_inverter
.model u2 d_inverter(rise_delay=1.0e-9 fall_delay=1.0e-9 input_load=1.0e-12 ) 
* Schematic Name:                             d_inverter, Ngspice Name: d_inverter
.model u3 d_inverter(rise_delay=1.0e-9 fall_delay=1.0e-9 input_load=1.0e-12 ) 
* Schematic Name:                             d_inverter, Ngspice Name: d_inverter
.model u20 d_inverter(rise_delay=1.0e-9 fall_delay=1.0e-9 input_load=1.0e-12 ) 
* Schematic Name:                             d_inverter, Ngspice Name: d_inverter
.model u18 d_inverter(rise_delay=1.0e-9 fall_delay=1.0e-9 input_load=1.0e-12 ) 
* Schematic Name:                             d_or, Ngspice Name: d_or
.model u10 d_or(rise_delay=1.0e-9 fall_delay=1.0e-9 input_load=1.0e-12 ) 
* Schematic Name:                             d_and, Ngspice Name: d_and
.model u17 d_and(rise_delay=1.0e-9 fall_delay=1.0e-9 input_load=1.0e-12 ) 
* Schematic Name:                             d_and, Ngspice Name: d_and
.model u15 d_and(rise_delay=1.0e-9 fall_delay=1.0e-9 input_load=1.0e-12 ) 
* Schematic Name:                             d_and, Ngspice Name: d_and
.model u16 d_and(rise_delay=1.0e-9 fall_delay=1.0e-9 input_load=1.0e-12 ) 
* Schematic Name:                             d_or, Ngspice Name: d_or
.model u22 d_or(rise_delay=1.0e-9 fall_delay=1.0e-9 input_load=1.0e-12 ) 
* Schematic Name:                             d_or, Ngspice Name: d_or
.model u26 d_or(rise_delay=1.0e-9 fall_delay=1.0e-9 input_load=1.0e-12 ) 
* Schematic Name:                             d_and, Ngspice Name: d_and
.model u25 d_and(rise_delay=1.0e-9 fall_delay=1.0e-9 input_load=1.0e-12 ) 
* Schematic Name:                             d_and, Ngspice Name: d_and
.model u24 d_and(rise_delay=1.0e-9 fall_delay=1.0e-9 input_load=1.0e-12 ) 
* Schematic Name:                             d_or, Ngspice Name: d_or
.model u27 d_or(rise_delay=1.0e-9 fall_delay=1.0e-9 input_load=1.0e-12 ) 
* Schematic Name:                             d_inverter, Ngspice Name: d_inverter
.model u28 d_inverter(rise_delay=1.0e-9 fall_delay=1.0e-9 input_load=1.0e-12 ) 
* Schematic Name:                             d_and, Ngspice Name: d_and
.model u30 d_and(rise_delay=1.0e-9 fall_delay=1.0e-9 input_load=1.0e-12 ) 
* Schematic Name:                             d_and, Ngspice Name: d_and
.model u29 d_and(rise_delay=1.0e-9 fall_delay=1.0e-9 input_load=1.0e-12 ) 
* Schematic Name:                             d_or, Ngspice Name: d_or
.model u31 d_or(rise_delay=1.0e-9 fall_delay=1.0e-9 input_load=1.0e-12 ) 
.tran 0e-00 0e-00 0e-00

* Control Statements 
.control
run
print allv > plot_data_v.txt
print alli > plot_data_i.txt
.endc
.end
