.title kicad schematic

.include TRISTATE.sub
* u13 net-_u1-pad2_ net-_u13-pad2_ d_buffer
* u1 net-_u1-pad1_ net-_u1-pad2_ net-_u1-pad3_ net-_u1-pad4_ net-_u1-pad5_ net-_u1-pad6_ net-_u1-pad7_ net-_u1-pad8_ net-_u1-pad9_ net-_u1-pad10_ net-_u1-pad11_ net-_u1-pad12_ net-_u1-pad13_ net-_u1-pad14_ port
* u12 net-_u1-pad1_ net-_u12-pad2_ d_buffer
* u22 net-_u12-pad2_ net-_u11-pad2_ net-_u22-pad3_ d_and
* u24 net-_u14-pad2_ net-_u11-pad2_ net-_u24-pad3_ d_and
* u23 net-_u13-pad2_ net-_u21-pad2_ net-_u23-pad3_ d_and
* u15 net-_u1-pad4_ net-_u15-pad2_ d_buffer
* u14 net-_u1-pad3_ net-_u14-pad2_ d_buffer
* u25 net-_u15-pad2_ net-_u21-pad2_ net-_u25-pad3_ d_and
* u26 net-_u16-pad2_ net-_u11-pad2_ net-_u26-pad3_ d_and
x1 net-_u30-pad3_ net-_u20-pad2_ net-_u1-pad11_ TRISTATE
* u30 net-_u22-pad3_ net-_u23-pad3_ net-_u30-pad3_ d_nor
* u31 net-_u24-pad3_ net-_u25-pad3_ net-_u31-pad3_ d_nor
x4 net-_u33-pad3_ net-_u20-pad2_ net-_u1-pad14_ TRISTATE
x3 net-_u32-pad3_ net-_u20-pad2_ net-_u1-pad13_ TRISTATE
x2 net-_u31-pad3_ net-_u20-pad2_ net-_u1-pad12_ TRISTATE
* u27 net-_u17-pad2_ net-_u21-pad2_ net-_u27-pad3_ d_and
* u28 net-_u18-pad2_ net-_u11-pad2_ net-_u28-pad3_ d_and
* u32 net-_u26-pad3_ net-_u27-pad3_ net-_u32-pad3_ d_nor
* u29 net-_u19-pad2_ net-_u21-pad2_ net-_u29-pad3_ d_and
* u33 net-_u28-pad3_ net-_u29-pad3_ net-_u33-pad3_ d_nor
* u21 net-_u11-pad2_ net-_u21-pad2_ d_inverter
* u11 net-_u1-pad10_ net-_u11-pad2_ d_inverter
* u19 net-_u1-pad8_ net-_u19-pad2_ d_buffer
* u20 net-_u1-pad9_ net-_u20-pad2_ d_buffer
* u17 net-_u1-pad6_ net-_u17-pad2_ d_buffer
* u16 net-_u1-pad5_ net-_u16-pad2_ d_buffer
* u18 net-_u1-pad7_ net-_u18-pad2_ d_buffer
a1 net-_u1-pad2_ net-_u13-pad2_ u13
a2 net-_u1-pad1_ net-_u12-pad2_ u12
a3 [net-_u12-pad2_ net-_u11-pad2_ ] net-_u22-pad3_ u22
a4 [net-_u14-pad2_ net-_u11-pad2_ ] net-_u24-pad3_ u24
a5 [net-_u13-pad2_ net-_u21-pad2_ ] net-_u23-pad3_ u23
a6 net-_u1-pad4_ net-_u15-pad2_ u15
a7 net-_u1-pad3_ net-_u14-pad2_ u14
a8 [net-_u15-pad2_ net-_u21-pad2_ ] net-_u25-pad3_ u25
a9 [net-_u16-pad2_ net-_u11-pad2_ ] net-_u26-pad3_ u26
a10 [net-_u22-pad3_ net-_u23-pad3_ ] net-_u30-pad3_ u30
a11 [net-_u24-pad3_ net-_u25-pad3_ ] net-_u31-pad3_ u31
a12 [net-_u17-pad2_ net-_u21-pad2_ ] net-_u27-pad3_ u27
a13 [net-_u18-pad2_ net-_u11-pad2_ ] net-_u28-pad3_ u28
a14 [net-_u26-pad3_ net-_u27-pad3_ ] net-_u32-pad3_ u32
a15 [net-_u19-pad2_ net-_u21-pad2_ ] net-_u29-pad3_ u29
a16 [net-_u28-pad3_ net-_u29-pad3_ ] net-_u33-pad3_ u33
a17 net-_u11-pad2_ net-_u21-pad2_ u21
a18 net-_u1-pad10_ net-_u11-pad2_ u11
a19 net-_u1-pad8_ net-_u19-pad2_ u19
a20 net-_u1-pad9_ net-_u20-pad2_ u20
a21 net-_u1-pad6_ net-_u17-pad2_ u17
a22 net-_u1-pad5_ net-_u16-pad2_ u16
a23 net-_u1-pad7_ net-_u18-pad2_ u18
* Schematic Name:                             d_buffer, Ngspice Name: d_buffer
.model u13 d_buffer(rise_delay=1.0e-9 fall_delay=1.0e-9 input_load=1.0e-12 ) 
* Schematic Name:                             d_buffer, Ngspice Name: d_buffer
.model u12 d_buffer(rise_delay=1.0e-9 fall_delay=1.0e-9 input_load=1.0e-12 ) 
* Schematic Name:                             d_and, Ngspice Name: d_and
.model u22 d_and(rise_delay=1.0e-9 fall_delay=1.0e-9 input_load=1.0e-12 ) 
* Schematic Name:                             d_and, Ngspice Name: d_and
.model u24 d_and(rise_delay=1.0e-9 fall_delay=1.0e-9 input_load=1.0e-12 ) 
* Schematic Name:                             d_and, Ngspice Name: d_and
.model u23 d_and(rise_delay=1.0e-9 fall_delay=1.0e-9 input_load=1.0e-12 ) 
* Schematic Name:                             d_buffer, Ngspice Name: d_buffer
.model u15 d_buffer(rise_delay=1.0e-9 fall_delay=1.0e-9 input_load=1.0e-12 ) 
* Schematic Name:                             d_buffer, Ngspice Name: d_buffer
.model u14 d_buffer(rise_delay=1.0e-9 fall_delay=1.0e-9 input_load=1.0e-12 ) 
* Schematic Name:                             d_and, Ngspice Name: d_and
.model u25 d_and(rise_delay=1.0e-9 fall_delay=1.0e-9 input_load=1.0e-12 ) 
* Schematic Name:                             d_and, Ngspice Name: d_and
.model u26 d_and(rise_delay=1.0e-9 fall_delay=1.0e-9 input_load=1.0e-12 ) 
* Schematic Name:                             d_nor, Ngspice Name: d_nor
.model u30 d_nor(rise_delay=1.0e-9 fall_delay=1.0e-9 input_load=1.0e-12 ) 
* Schematic Name:                             d_nor, Ngspice Name: d_nor
.model u31 d_nor(rise_delay=1.0e-9 fall_delay=1.0e-9 input_load=1.0e-12 ) 
* Schematic Name:                             d_and, Ngspice Name: d_and
.model u27 d_and(rise_delay=1.0e-9 fall_delay=1.0e-9 input_load=1.0e-12 ) 
* Schematic Name:                             d_and, Ngspice Name: d_and
.model u28 d_and(rise_delay=1.0e-9 fall_delay=1.0e-9 input_load=1.0e-12 ) 
* Schematic Name:                             d_nor, Ngspice Name: d_nor
.model u32 d_nor(rise_delay=1.0e-9 fall_delay=1.0e-9 input_load=1.0e-12 ) 
* Schematic Name:                             d_and, Ngspice Name: d_and
.model u29 d_and(rise_delay=1.0e-9 fall_delay=1.0e-9 input_load=1.0e-12 ) 
* Schematic Name:                             d_nor, Ngspice Name: d_nor
.model u33 d_nor(rise_delay=1.0e-9 fall_delay=1.0e-9 input_load=1.0e-12 ) 
* Schematic Name:                             d_inverter, Ngspice Name: d_inverter
.model u21 d_inverter(rise_delay=1.0e-9 fall_delay=1.0e-9 input_load=1.0e-12 ) 
* Schematic Name:                             d_inverter, Ngspice Name: d_inverter
.model u11 d_inverter(rise_delay=1.0e-9 fall_delay=1.0e-9 input_load=1.0e-12 ) 
* Schematic Name:                             d_buffer, Ngspice Name: d_buffer
.model u19 d_buffer(rise_delay=1.0e-9 fall_delay=1.0e-9 input_load=1.0e-12 ) 
* Schematic Name:                             d_buffer, Ngspice Name: d_buffer
.model u20 d_buffer(rise_delay=1.0e-9 fall_delay=1.0e-9 input_load=1.0e-12 ) 
* Schematic Name:                             d_buffer, Ngspice Name: d_buffer
.model u17 d_buffer(rise_delay=1.0e-9 fall_delay=1.0e-9 input_load=1.0e-12 ) 
* Schematic Name:                             d_buffer, Ngspice Name: d_buffer
.model u16 d_buffer(rise_delay=1.0e-9 fall_delay=1.0e-9 input_load=1.0e-12 ) 
* Schematic Name:                             d_buffer, Ngspice Name: d_buffer
.model u18 d_buffer(rise_delay=1.0e-9 fall_delay=1.0e-9 input_load=1.0e-12 ) 
.tran 0.1e-06 100e-06 0e-00

* Control Statements 
.control
run
print allv > plot_data_v.txt
print alli > plot_data_i.txt
.endc
.end
