* d:\fossee\esim\library\subcircuitlibrary\tl331\tl331.cir

.include PNP.lib
.include NPN.lib
.include D.lib
d2 net-_d2-pad1_ net-_d1-pad2_ 1N4148
i2  net-_i1-pad1_ net-_i2-pad2_ 80u
d3 net-_d3-pad1_ net-_d3-pad2_ 1N4148
q2 net-_q2-pad1_ net-_d1-pad2_ net-_i2-pad2_ Q2N2907A
q5 net-_q4-pad1_ net-_d3-pad2_ net-_i2-pad2_ Q2N2907A
d1 net-_d1-pad1_ net-_d1-pad2_ 1N4148
q1 gnd net-_d1-pad1_ net-_d1-pad2_ Q2N2907A
d4 net-_d4-pad1_ net-_d3-pad2_ 1N4148
q6 gnd net-_d4-pad1_ net-_d3-pad2_ Q2N2907A
i4  net-_i1-pad1_ net-_i4-pad2_ 80u
q3 net-_q2-pad1_ net-_q2-pad1_ net-_q3-pad3_ Q2N2222
q4 net-_q4-pad1_ net-_q2-pad1_ net-_q3-pad3_ Q2N2222
q7 net-_i4-pad2_ net-_q4-pad1_ net-_q3-pad3_ Q2N2222
q8 net-_q8-pad1_ net-_i4-pad2_ net-_q3-pad3_ Q2N2222
r1  net-_i1-pad1_ net-_q8-pad1_ 300
i1  net-_i1-pad1_ net-_d2-pad1_ 80u
i3  net-_i1-pad1_ net-_d3-pad1_ 80u
* u1  net-_d1-pad1_ net-_d4-pad1_ net-_q3-pad3_ net-_i1-pad1_ net-_q8-pad1_ port
.tran 0e-00 0e-09 0e-00

* Control Statements 
.control
run
print allv > plot_data_v.txt
print alli > plot_data_i.txt
.endc
.end
