* c:\users\srinu\esim-workspace\gcd_seq\gcd_seq.cir

* u19  net-_u19-pad1_ net-_u19-pad2_ net-_u19-pad3_ net-_u19-pad4_ net-_u19-pad5_ net-_u19-pad6_ net-_u19-pad7_ net-_u19-pad8_ net-_u19-pad9_ net-_u19-pad10_ net-_u19-pad11_ net-_u19-pad12_ net-_u19-pad13_ net-_u19-pad14_ net-_u19-pad15_ net-_u19-pad16_ net-_u19-pad17_ net-_u19-pad18_ net-_u19-pad19_ net-_u19-pad20_ net-_u19-pad21_ net-_u19-pad22_ net-_u19-pad23_ net-_u19-pad24_ net-_u19-pad25_ net-_u19-pad26_ net-_u19-pad27_ net-_u19-pad28_ gcd_seq
v1  clk gnd pulse(0 1 0.01ns 0.01ns 0.01ns 10ns 20ns)
v2  rst gnd pulse(0 1 0.01ns 0.01ns 0.01ns 10ns 200ns)
v3  start gnd pulse(0 1 0.01ns 0.01ns 0.01ns 10ns 100ns)
v12 a7 gnd  dc 0
v13 a6 gnd  dc 0
v14 a5 gnd  dc 0
v15 a4 gnd  dc 0
v16 a3 gnd  dc 5
v17 a2 gnd  dc 0
v18 a1 gnd  dc 0
v19 a0 gnd  dc 5
v4 b7 gnd  dc 0
v5 b6 gnd  dc 0
v6 b5 gnd  dc 0
v7 b4 gnd  dc 0
v8 b3 gnd  dc 0
v9 b2 gnd  dc 0
v10 b1 gnd  dc 5
v11 b0 gnd  dc 5
* u24  b7 b6 b5 b4 b3 b2 b1 b0 net-_u19-pad12_ net-_u19-pad13_ net-_u19-pad14_ net-_u19-pad15_ net-_u19-pad16_ net-_u19-pad17_ net-_u19-pad18_ net-_u19-pad19_ adc_bridge_8
* u23  a7 a6 a5 a4 a3 a2 a1 a0 net-_u19-pad4_ net-_u19-pad5_ net-_u19-pad6_ net-_u19-pad7_ net-_u19-pad8_ net-_u19-pad9_ net-_u19-pad10_ net-_u19-pad11_ adc_bridge_8
* u22  clk rst start net-_u19-pad1_ net-_u19-pad2_ net-_u19-pad3_ adc_bridge_3
* u25  net-_u19-pad20_ net-_u19-pad21_ net-_u19-pad22_ net-_u19-pad23_ net-_u19-pad24_ net-_u19-pad25_ net-_u19-pad26_ net-_u19-pad27_ g7 g6 g5 g4 g3 g2 g1 g0 dac_bridge_8
* u26  net-_u19-pad28_ done dac_bridge_1
* u27  g7 plot_v1
* u28  g6 plot_v1
* u31  g5 plot_v1
* u29  g4 plot_v1
* u32  g3 plot_v1
* u34  g2 plot_v1
* u30  g1 plot_v1
* u33  g0 plot_v1
* u35  done plot_v1
* u13  clk plot_v1
* u18  rst plot_v1
* u21  start plot_v1
* u5  a7 plot_v1
* u7  a6 plot_v1
* u10  a5 plot_v1
* u12  a4 plot_v1
* u16  a3 plot_v1
* u14  a2 plot_v1
* u9  a1 plot_v1
* u8  a0 plot_v1
* u1  b7 plot_v1
* u2  b6 plot_v1
* u3  b6 plot_v1
* u4  b5 plot_v1
* u6  b4 plot_v1
* u11  b3 plot_v1
* u15  b2 plot_v1
* u17  b1 plot_v1
* u20  b0 plot_v1
a1 [net-_u19-pad1_ ] [net-_u19-pad2_ ] [net-_u19-pad3_ ] [net-_u19-pad4_ net-_u19-pad5_ net-_u19-pad6_ net-_u19-pad7_ net-_u19-pad8_ net-_u19-pad9_ net-_u19-pad10_ net-_u19-pad11_ ] [net-_u19-pad12_ net-_u19-pad13_ net-_u19-pad14_ net-_u19-pad15_ net-_u19-pad16_ net-_u19-pad17_ net-_u19-pad18_ net-_u19-pad19_ ] [net-_u19-pad20_ net-_u19-pad21_ net-_u19-pad22_ net-_u19-pad23_ net-_u19-pad24_ net-_u19-pad25_ net-_u19-pad26_ net-_u19-pad27_ ] [net-_u19-pad28_ ] u19
a2 [b7 b6 b5 b4 b3 b2 b1 b0 ] [net-_u19-pad12_ net-_u19-pad13_ net-_u19-pad14_ net-_u19-pad15_ net-_u19-pad16_ net-_u19-pad17_ net-_u19-pad18_ net-_u19-pad19_ ] u24
a3 [a7 a6 a5 a4 a3 a2 a1 a0 ] [net-_u19-pad4_ net-_u19-pad5_ net-_u19-pad6_ net-_u19-pad7_ net-_u19-pad8_ net-_u19-pad9_ net-_u19-pad10_ net-_u19-pad11_ ] u23
a4 [clk rst start ] [net-_u19-pad1_ net-_u19-pad2_ net-_u19-pad3_ ] u22
a5 [net-_u19-pad20_ net-_u19-pad21_ net-_u19-pad22_ net-_u19-pad23_ net-_u19-pad24_ net-_u19-pad25_ net-_u19-pad26_ net-_u19-pad27_ ] [g7 g6 g5 g4 g3 g2 g1 g0 ] u25
a6 [net-_u19-pad28_ ] [done ] u26
* Schematic Name:                             gcd_seq, NgSpice Name: gcd_seq
.model u19 gcd_seq(rise_delay=1.0e-9 fall_delay=1.0e-9 input_load=1.0e-12 instance_id=1 ) 
* Schematic Name:                             adc_bridge_8, NgSpice Name: adc_bridge
.model u24 adc_bridge(in_low=0.8 in_high=1.2 rise_delay=1.0e-9 fall_delay=1.0e-9 ) 
* Schematic Name:                             adc_bridge_8, NgSpice Name: adc_bridge
.model u23 adc_bridge(in_low=0.8 in_high=1.2 rise_delay=1.0e-9 fall_delay=1.0e-9 ) 
* Schematic Name:                             adc_bridge_3, NgSpice Name: adc_bridge
.model u22 adc_bridge(in_low=0.8 in_high=1.2 rise_delay=1.0e-9 fall_delay=1.0e-9 ) 
* Schematic Name:                             dac_bridge_8, NgSpice Name: dac_bridge
.model u25 dac_bridge(out_low=0.0 out_high=3.3 out_undef=0.5 input_load=1.0e-12 t_rise=1.0e-9 t_fall=1.0e-9 ) 
* Schematic Name:                             dac_bridge_1, NgSpice Name: dac_bridge
.model u26 dac_bridge(out_low=0.0 out_high=3.3 out_undef=0.5 input_load=1.0e-12 t_rise=1.0e-9 t_fall=1.0e-9 ) 
.tran 1e-09 250e-09 0e-00

* Control Statements 
.control
run
print allv > plot_data_v.txt
print alli > plot_data_i.txt
set xbrushwidth=2
plot v(done)+6 v(start)+12  v(rst)+18  v(clk)+24
plot v(b0)+6v(b1)+12v(b2)+18v(b3)+24v(b4)+30v(b5)+36v(b6)+42v(b7)+48
plot v(a0)+6v(a1)+12v(a2)+18v(a3)+24v(a4)+30v(a5)+36v(a6)+42v(a7)+48
plot v(g0)+6v(g1)+12v(g2)+18v(g3)+24v(g4)+30v(g5)+36v(g6)+42v(g7)+48
.endc
.end
