* c:\fossee2\esim\library\subcircuitlibrary\lm301-port\lm301-port.cir

.include PNP.lib
.include NJF.lib
.include NPN.lib
q3 net-_j1-pad1_ net-_q1-pad3_ net-_q1-pad2_ Q2N2222
q1 net-_j1-pad1_ net-_q1-pad2_ net-_q1-pad3_ Q2N2222
q5 net-_q2-pad1_ net-_q11-pad2_ net-_q1-pad2_ Q2N2907A
q12 net-_j1-pad1_ net-_q12-pad2_ net-_q11-pad3_ Q2N2222
q13 net-_j1-pad1_ net-_q11-pad3_ net-_q12-pad2_ Q2N2222
q11 net-_j1-pad1_ net-_q11-pad2_ net-_q11-pad3_ Q2N2907A
q4 net-_j1-pad1_ net-_q2-pad1_ net-_q10-pad2_ Q2N2222
q2 net-_q2-pad1_ net-_q10-pad2_ net-_q10-pad1_ Q2N2222
r1  net-_q10-pad2_ net-_q10-pad1_ 40k
q10 net-_q10-pad1_ net-_q10-pad2_ net-_j1-pad1_ Q2N2907A
q8 net-_j1-pad1_ net-_q14-pad1_ net-_q7-pad2_ Q2N2222
q7 net-_q11-pad2_ net-_q7-pad2_ net-_q7-pad3_ Q2N2222
r3  net-_q7-pad2_ net-_r2-pad2_ 20k
r4  net-_r2-pad2_ net-_j1-pad2_ 20k
j1 net-_j1-pad1_ net-_j1-pad2_ net-_j1-pad3_ J2N3819
r5  net-_j1-pad3_ net-_q14-pad1_ 450
q14 net-_q14-pad1_ net-_q14-pad2_ net-_j1-pad2_ Q2N2222
r6  net-_q14-pad2_ net-_j1-pad2_ 10k
q15 net-_j1-pad1_ net-_j1-pad3_ net-_q14-pad2_ Q2N2222
q16 net-_q16-pad1_ net-_q10-pad1_ net-_j1-pad2_ Q2N2222
r7  net-_j1-pad1_ net-_q16-pad1_ 120
q17 net-_j1-pad1_ net-_q16-pad1_ net-_q17-pad3_ Q2N2222
q19 net-_q19-pad1_ net-_q17-pad3_ net-_q10-pad1_ Q2N2222
r8  net-_q17-pad3_ net-_q10-pad1_ 40k
r9  net-_j1-pad1_ net-_q19-pad1_ 1k
q22 net-_j1-pad2_ net-_q19-pad1_ net-_q21-pad3_ Q2N2907A
q25 net-_q25-pad1_ net-_q19-pad1_ net-_q25-pad3_ Q2N2907A
r13  net-_j1-pad1_ net-_q25-pad3_ 7.5k
r14  net-_q23-pad2_ net-_q25-pad3_ 65
r11  net-_q25-pad1_ net-_q10-pad1_ 80k
q26 net-_q25-pad3_ ? net-_j1-pad2_ Q2N2222
q6 net-_q11-pad2_ net-_q11-pad2_ net-_q1-pad2_ Q2N2907A
q9 net-_q11-pad2_ net-_q11-pad2_ net-_q11-pad3_ Q2N2907A
q18 net-_j1-pad1_ net-_j1-pad1_ net-_j1-pad1_ Q2N2907A
q20 net-_q20-pad1_ net-_j1-pad1_ net-_j1-pad1_ Q2N2907A
q21 net-_q20-pad1_ net-_q20-pad1_ net-_q21-pad3_ Q2N2222
q23 net-_q20-pad1_ net-_q23-pad2_ net-_q23-pad3_ Q2N2222
q24 net-_j1-pad1_ net-_q20-pad1_ net-_q23-pad2_ Q2N2222
r10  net-_q23-pad2_ net-_q23-pad3_ 25
r12  net-_q10-pad1_ net-_j1-pad2_ 650
r2  net-_q7-pad3_ net-_r2-pad2_ 5k
* u1  net-_j1-pad1_ net-_q12-pad2_ net-_q1-pad3_ net-_j1-pad2_ net-_q2-pad1_ net-_q23-pad3_ net-_j1-pad1_ net-_j1-pad1_ port
.tran 0e-00 0e-00 0e-00

* Control Statements 
.control
run
print allv > plot_data_v.txt
print alli > plot_data_i.txt
.endc
.end
