* c:\fossee\esim\library\subcircuitlibrary\sn5410\sn5410.cir

.include NPN.lib
.include D.lib
q1 net-_q1-pad1_ net-_q1-pad2_ net-_d1-pad2_ Q2N2222
q2 net-_q1-pad1_ net-_q1-pad2_ net-_d2-pad2_ Q2N2222
q3 net-_q1-pad1_ net-_q1-pad2_ net-_d3-pad2_ Q2N2222
d1 gnd net-_d1-pad2_ 1N4148
d3 gnd net-_d3-pad2_ 1N4148
d2 gnd net-_d2-pad2_ 1N4148
q4 net-_q4-pad1_ net-_q1-pad1_ net-_q4-pad3_ Q2N2222
r1  net-_r1-pad1_ net-_q1-pad2_ 4k
r3  net-_r1-pad1_ net-_q4-pad1_ 1.6k
q5 net-_q5-pad1_ net-_q4-pad1_ net-_d5-pad1_ Q2N2222
r4  net-_r1-pad1_ net-_q5-pad1_ 130
d5 net-_d5-pad1_ net-_d5-pad2_ 1N4148
q6 net-_d5-pad2_ net-_q4-pad3_ gnd Q2N2222
r2  net-_q4-pad3_ gnd 1k
q13 net-_q13-pad1_ net-_q13-pad2_ net-_d9-pad2_ Q2N2222
q14 net-_q13-pad1_ net-_q13-pad2_ net-_d10-pad2_ Q2N2222
q15 net-_q13-pad1_ net-_q13-pad2_ net-_d11-pad2_ Q2N2222
d9 gnd net-_d9-pad2_ 1N4148
d11 gnd net-_d11-pad2_ 1N4148
d10 gnd net-_d10-pad2_ 1N4148
q16 net-_q16-pad1_ net-_q13-pad1_ net-_q16-pad3_ Q2N2222
r9  net-_r1-pad1_ net-_q13-pad2_ 4k
r11  net-_r1-pad1_ net-_q16-pad1_ 1.6k
q17 net-_q17-pad1_ net-_q16-pad1_ net-_d12-pad1_ Q2N2222
r12  net-_r1-pad1_ net-_q17-pad1_ 130
d12 net-_d12-pad1_ net-_d12-pad2_ 1N4148
q18 net-_d12-pad2_ net-_q16-pad3_ gnd Q2N2222
r10  net-_q16-pad3_ gnd 1k
q7 net-_q10-pad2_ net-_q7-pad2_ net-_d4-pad2_ Q2N2222
q8 net-_q10-pad2_ net-_q7-pad2_ net-_d6-pad2_ Q2N2222
q9 net-_q10-pad2_ net-_q7-pad2_ net-_d7-pad2_ Q2N2222
d4 gnd net-_d4-pad2_ 1N4148
d7 gnd net-_d7-pad2_ 1N4148
d6 gnd net-_d6-pad2_ 1N4148
q10 net-_q10-pad1_ net-_q10-pad2_ net-_q10-pad3_ Q2N2222
r5  net-_r1-pad1_ net-_q7-pad2_ 4k
r7  net-_r1-pad1_ net-_q10-pad1_ 1.6k
q11 net-_q11-pad1_ net-_q10-pad1_ net-_d8-pad1_ Q2N2222
r8  net-_r1-pad1_ net-_q11-pad1_ 130
d8 net-_d8-pad1_ net-_d8-pad2_ 1N4148
q12 net-_d8-pad2_ net-_q10-pad3_ gnd Q2N2222
r6  net-_q10-pad3_ gnd 1k
* u1  net-_d1-pad2_ net-_d2-pad2_ net-_d4-pad2_ net-_d6-pad2_ net-_d7-pad2_ net-_d8-pad2_ gnd net-_d12-pad2_ net-_d9-pad2_ net-_d10-pad2_ net-_d11-pad2_ net-_d5-pad2_ net-_d3-pad2_ net-_r1-pad1_ port
.tran 0.01e-00 0.1e-00 0e-00

* Control Statements 
.control
run
print allv > plot_data_v.txt
print alli > plot_data_i.txt
.endc
.end
