* c:\fossee\esim\library\subcircuitlibrary\lm317_sub\lm317_sub.cir

.include NPN.lib
.include PNP.lib
.include NJF.lib
j1 net-_j1-pad1_ net-_c1-pad2_ net-_j1-pad3_ J2N3819
q1 net-_q1-pad1_ net-_q1-pad1_ net-_q1-pad3_ Q2N2907A
q2 net-_q1-pad1_ net-_q2-pad2_ net-_q2-pad3_ Q2N2222
q3 net-_q2-pad2_ net-_q1-pad1_ net-_q3-pad3_ Q2N2907A
q4 net-_q4-pad1_ net-_q2-pad2_ net-_c1-pad2_ Q2N2222
q7 net-_q7-pad1_ net-_q4-pad1_ net-_q7-pad3_ Q2N2222
q5 net-_c1-pad2_ net-_q4-pad1_ net-_q5-pad3_ Q2N2907A
q6 net-_q6-pad1_ net-_q1-pad1_ net-_q6-pad3_ Q2N2907A
q8 net-_q10-pad2_ net-_q7-pad1_ net-_q5-pad3_ Q2N2907A
q10 net-_q10-pad1_ net-_q10-pad2_ net-_q10-pad3_ Q2N2222
q11 net-_c1-pad2_ net-_q11-pad2_ net-_q10-pad1_ Q2N2907A
q9 net-_q10-pad1_ net-_q1-pad1_ net-_q9-pad3_ Q2N2907A
q13 net-_q12-pad2_ net-_q1-pad1_ net-_q13-pad3_ Q2N2907A
q12 net-_j1-pad1_ net-_q12-pad2_ net-_q11-pad2_ Q2N2222
q14 net-_c1-pad2_ net-_c1-pad1_ net-_q12-pad2_ Q2N2907A
q16 net-_c1-pad1_ net-_c1-pad2_ net-_q16-pad3_ Q2N2222
q18 net-_q15-pad2_ net-_c1-pad2_ net-_q18-pad3_ Q2N2222
q15 net-_c1-pad1_ net-_q15-pad2_ net-_q10-pad1_ Q2N2907A
q17 net-_q15-pad2_ net-_q15-pad2_ net-_q10-pad1_ Q2N2907A
q19 net-_c1-pad2_ net-_c3-pad1_ net-_q10-pad1_ Q2N2907A
q20 net-_c3-pad1_ net-_c3-pad2_ net-_c1-pad2_ Q2N2222
q23 net-_q21-pad2_ net-_q10-pad1_ net-_q23-pad3_ Q2N2222
q26 net-_j1-pad1_ net-_q26-pad2_ net-_q26-pad3_ Q2N2222
q27 net-_j1-pad1_ net-_q26-pad3_ net-_q27-pad3_ Q2N2222
q22 net-_q22-pad1_ net-_q22-pad2_ net-_q22-pad3_ Q2N2222
q25 net-_q22-pad1_ net-_q22-pad2_ net-_q25-pad3_ Q2N2222
q21 net-_q10-pad1_ net-_q21-pad2_ net-_j1-pad1_ Q2N2907A
q24 net-_q21-pad2_ net-_q21-pad2_ net-_j1-pad1_ Q2N2907A
* u5  net-_j1-pad1_ net-_c1-pad2_ net-_r16-pad2_ port
* u3  net-_r26-pad1_ net-_j1-pad1_ zener
* u4  net-_q25-pad3_ net-_r26-pad2_ zener
* u2  net-_c2-pad2_ net-_c1-pad2_ zener
* u1  net-_c1-pad2_ net-_j1-pad3_ zener
r13  net-_j1-pad1_ net-_q13-pad3_ 5.6k
r10  net-_j1-pad1_ net-_q9-pad3_ 82
r6  net-_j1-pad1_ net-_q6-pad3_ 190
r4  net-_j1-pad1_ net-_q3-pad3_ 310
r2  net-_j1-pad1_ net-_q1-pad3_ 310
r1  net-_j1-pad3_ net-_q2-pad2_ 200k
r5  net-_q2-pad2_ net-_q4-pad1_ 130
r3  net-_q2-pad3_ net-_c1-pad2_ 180
r7  net-_q6-pad1_ net-_q7-pad1_ 12.4k
r21  net-_q10-pad1_ net-_q26-pad2_ 370
r22  net-_q23-pad3_ net-_q26-pad3_ 130
r19  net-_q10-pad1_ net-_q22-pad2_ 12k
r18  net-_c3-pad2_ net-_q22-pad1_ 13k
r20  net-_q22-pad2_ net-_q22-pad1_ 400
r23  net-_q26-pad3_ net-_c1-pad2_ 160
r27  net-_q25-pad3_ net-_q22-pad3_ 160
r25  net-_q27-pad3_ net-_q22-pad3_ 3
r24  net-_q27-pad3_ net-_c1-pad2_ 0.14
r26  net-_r26-pad1_ net-_r26-pad2_ 18k
r8  net-_q7-pad3_ net-_c1-pad2_ 4.1k
r9  net-_q10-pad2_ net-_c1-pad2_ 5.8k
r11  net-_q10-pad3_ net-_c1-pad2_ 72
r12  net-_q11-pad2_ net-_c1-pad2_ 5.1k
r14  net-_q16-pad3_ net-_c2-pad2_ 12k
r15  net-_q18-pad3_ net-_q16-pad3_ 2.4k
r16  net-_c2-pad2_ net-_r16-pad2_ 50
r17  net-_q10-pad1_ net-_c3-pad1_ 6.7k
c1  net-_c1-pad1_ net-_c1-pad2_ 30pf
c2  net-_c1-pad1_ net-_c2-pad2_ 30pf
c3  net-_c3-pad1_ net-_c3-pad2_ 5pf
a1 net-_r26-pad1_ net-_j1-pad1_ u3
a2 net-_q25-pad3_ net-_r26-pad2_ u4
a3 net-_c2-pad2_ net-_c1-pad2_ u2
a4 net-_c1-pad2_ net-_j1-pad3_ u1
* Schematic Name:                             zener, NgSpice Name: zener
.model u3 zener(v_breakdown=5.6 i_breakdown=2.0e-2 i_sat=1.0e-12 n_forward=1.0 limit_switch=FALSE ) 
* Schematic Name:                             zener, NgSpice Name: zener
.model u4 zener(v_breakdown=5.6 i_breakdown=2.0e-2 i_sat=1.0e-12 n_forward=1.0 limit_switch=FALSE ) 
* Schematic Name:                             zener, NgSpice Name: zener
.model u2 zener(v_breakdown=5.6 i_breakdown=2.0e-2 i_sat=1.0e-12 n_forward=1.0 limit_switch=FALSE ) 
* Schematic Name:                             zener, NgSpice Name: zener
.model u1 zener(v_breakdown=5.6 i_breakdown=2.0e-2 i_sat=1.0e-12 n_forward=1.0 limit_switch=FALSE ) 
.tran 0e-00 0e-00 0e-00

* Control Statements 
.control
run
print allv > plot_data_v.txt
print alli > plot_data_i.txt
.endc
.end
