* c:\fossee\esim\library\subcircuitlibrary\lm109_new_sub\lm109_new_sub.cir

.include NPN.lib
.include PNP.lib
.include D.lib
.include NJF.lib
j1 net-_j1-pad1_ net-_d1-pad1_ net-_j1-pad3_ J2N3819
d1 net-_d1-pad1_ net-_d1-pad2_ 1N4148
q2 net-_j1-pad1_ net-_q10-pad1_ net-_j1-pad3_ Q2N2222
r1  net-_q3-pad3_ net-_d1-pad1_ 450
q3 net-_j1-pad3_ net-_q3-pad2_ net-_q3-pad3_ Q2N2222
q6 net-_j1-pad3_ net-_j1-pad3_ net-_q6-pad3_ Q2N2222
r4  net-_j1-pad3_ net-_q6-pad3_ 3k
r2  net-_q6-pad3_ net-_q3-pad2_ 2.4k
r3  net-_q3-pad2_ net-_q5-pad1_ 25
q5 net-_q5-pad1_ net-_q3-pad3_ net-_d1-pad1_ Q2N2222
q8 net-_q11-pad3_ net-_q5-pad1_ net-_q8-pad3_ Q2N2222
r5  net-_q8-pad3_ net-_d1-pad1_ 12.1k
q10 net-_q10-pad1_ net-_q10-pad1_ net-_q10-pad3_ Q2N2222
q11 net-_q10-pad3_ net-_q10-pad3_ net-_q11-pad3_ Q2N2222
r6  net-_q11-pad3_ net-_c1-pad2_ 24k
q9 net-_c1-pad2_ net-_q8-pad3_ net-_q9-pad3_ Q2N2222
r7  net-_q9-pad3_ net-_d1-pad1_ 1k
q13 net-_c1-pad1_ net-_c1-pad2_ net-_q13-pad3_ Q2N2222
q15 net-_q15-pad1_ net-_q15-pad1_ net-_d1-pad1_ Q2N2222
r10  net-_q13-pad3_ net-_q15-pad1_ 4k
c1  net-_c1-pad1_ net-_c1-pad2_ 30pf
* u1  net-_d2-pad1_ net-_q12-pad2_ zener
q12 net-_d1-pad2_ net-_q12-pad2_ net-_q12-pad3_ Q2N2222
r8  net-_q12-pad3_ net-_q14-pad2_ 3.1k
r9  net-_q14-pad2_ net-_d1-pad1_ 200
q14 net-_q14-pad1_ net-_q14-pad2_ net-_d1-pad1_ Q2N2222
q16 net-_q14-pad1_ net-_d5-pad2_ net-_q10-pad1_ Q2N2222
* u2  net-_d4-pad1_ net-_r11-pad2_ zener
r11  net-_d1-pad2_ net-_r11-pad2_ 10k
r12  net-_q20-pad3_ net-_d5-pad2_ 130
r13  net-_q14-pad1_ net-_c1-pad1_ 4k
q17 net-_c1-pad1_ net-_q13-pad3_ net-_d1-pad1_ Q2N2222
q18 net-_d1-pad1_ net-_c1-pad1_ net-_q14-pad1_ Q2N2907A
q20 net-_d1-pad2_ net-_q19-pad3_ net-_q20-pad3_ Q2N2222
q19 net-_d1-pad2_ net-_q14-pad1_ net-_q19-pad3_ Q2N2222
r14  net-_q20-pad3_ net-_q19-pad3_ 2k
r15  net-_q10-pad1_ net-_q20-pad3_ 0.3
r16  net-_r16-pad1_ net-_q10-pad1_ 4
* u3  net-_d6-pad1_ net-_r16-pad1_ zener
d2 net-_d2-pad1_ net-_d2-pad2_ 1N4148
d3 net-_d2-pad2_ net-_d1-pad1_ 1N4148
d4 net-_d4-pad1_ net-_d4-pad2_ 1N4148
d5 net-_d4-pad2_ net-_d5-pad2_ 1N4148
d6 net-_d6-pad1_ net-_d6-pad2_ 1N4148
d7 net-_d6-pad2_ net-_d1-pad1_ 1N4148
q1 net-_j1-pad1_ net-_j1-pad1_ net-_d1-pad2_ Q2N2907A
q4 net-_q14-pad1_ net-_j1-pad1_ net-_d1-pad2_ Q2N2907A
q7 net-_q12-pad2_ net-_j1-pad1_ net-_d1-pad2_ Q2N2907A
* u4  net-_d1-pad2_ net-_q10-pad1_ net-_d1-pad1_ port
a1 net-_d2-pad1_ net-_q12-pad2_ u1
a2 net-_d4-pad1_ net-_r11-pad2_ u2
a3 net-_d6-pad1_ net-_r16-pad1_ u3
* Schematic Name:                             zener, NgSpice Name: zener
.model u1 zener(v_breakdown=5.6 i_breakdown=2.0e-2 i_sat=1.0e-12 n_forward=1.0 limit_switch=FALSE ) 
* Schematic Name:                             zener, NgSpice Name: zener
.model u2 zener(v_breakdown=5.6 i_breakdown=2.0e-2 i_sat=1.0e-12 n_forward=1.0 limit_switch=FALSE ) 
* Schematic Name:                             zener, NgSpice Name: zener
.model u3 zener(v_breakdown=5.6 i_breakdown=2.0e-2 i_sat=1.0e-12 n_forward=1.0 limit_switch=FALSE ) 
.tran 0.01e-00 0.1e-00 0e-00

* Control Statements 
.control
run
print allv > plot_data_v.txt
print alli > plot_data_i.txt
.endc
.end
