* c:\fossee2\esim\library\subcircuitlibrary\sc_sn7451\sc_sn7451.cir

* u2  net-_u1-pad1_ net-_u1-pad13_ net-_u2-pad3_ d_and
* u3  net-_u1-pad9_ net-_u1-pad10_ net-_u3-pad3_ d_and
* u6  net-_u2-pad3_ net-_u3-pad3_ net-_u1-pad8_ d_nor
* u4  net-_u1-pad2_ net-_u1-pad3_ net-_u4-pad3_ d_and
* u5  net-_u1-pad4_ net-_u1-pad5_ net-_u5-pad3_ d_and
* u7  net-_u4-pad3_ net-_u5-pad3_ net-_u1-pad6_ d_nor
* u1  net-_u1-pad1_ net-_u1-pad2_ net-_u1-pad3_ net-_u1-pad4_ net-_u1-pad5_ net-_u1-pad6_ ? net-_u1-pad8_ net-_u1-pad9_ net-_u1-pad10_ ? ? net-_u1-pad13_ ? port
a1 [net-_u1-pad1_ net-_u1-pad13_ ] net-_u2-pad3_ u2
a2 [net-_u1-pad9_ net-_u1-pad10_ ] net-_u3-pad3_ u3
a3 [net-_u2-pad3_ net-_u3-pad3_ ] net-_u1-pad8_ u6
a4 [net-_u1-pad2_ net-_u1-pad3_ ] net-_u4-pad3_ u4
a5 [net-_u1-pad4_ net-_u1-pad5_ ] net-_u5-pad3_ u5
a6 [net-_u4-pad3_ net-_u5-pad3_ ] net-_u1-pad6_ u7
* Schematic Name:                             d_and, NgSpice Name: d_and
.model u2 d_and(rise_delay=1.0e-9 fall_delay=1.0e-9 input_load=1.0e-12 ) 
* Schematic Name:                             d_and, NgSpice Name: d_and
.model u3 d_and(rise_delay=1.0e-9 fall_delay=1.0e-9 input_load=1.0e-12 ) 
* Schematic Name:                             d_nor, NgSpice Name: d_nor
.model u6 d_nor(rise_delay=1.0e-9 fall_delay=1.0e-9 input_load=1.0e-12 ) 
* Schematic Name:                             d_and, NgSpice Name: d_and
.model u4 d_and(rise_delay=1.0e-9 fall_delay=1.0e-9 input_load=1.0e-12 ) 
* Schematic Name:                             d_and, NgSpice Name: d_and
.model u5 d_and(rise_delay=1.0e-9 fall_delay=1.0e-9 input_load=1.0e-12 ) 
* Schematic Name:                             d_nor, NgSpice Name: d_nor
.model u7 d_nor(rise_delay=1.0e-9 fall_delay=1.0e-9 input_load=1.0e-12 ) 
.tran 10e-03 100e-03 0e-03

* Control Statements 
.control
run
print allv > plot_data_v.txt
print alli > plot_data_i.txt
.endc
.end
