* c:\users\hp\onedrive\documents\fossee\esim\library\subcircuitlibrary\nju7091a\nju7091a.cir

.include PMOS-180nm.lib
.include NMOS-180nm.lib
m1 net-_m1-pad1_ net-_m1-pad2_ net-_m1-pad2_ net-_m1-pad1_ CMOSP W=100u L=100u M=1
m4 net-_m4-pad1_ net-_m1-pad2_ net-_m2-pad2_ net-_m4-pad1_ CMOSP W=100u L=100u M=1
m2 net-_m1-pad2_ net-_m2-pad2_ net-_m11-pad4_ net-_m11-pad4_ CMOSN W=100u L=100u M=1
m3 net-_m2-pad2_ net-_m2-pad2_ net-_m11-pad4_ net-_m11-pad4_ CMOSN W=100u L=100u M=1
r1  net-_m1-pad1_ net-_m4-pad1_ 1k
m5 net-_m13-pad2_ net-_m13-pad2_ net-_m11-pad4_ net-_m11-pad4_ CMOSN W=100u L=100u M=1
m7 net-_m13-pad2_ net-_c1-pad1_ net-_m11-pad4_ net-_m11-pad4_ CMOSN W=100u L=100u M=1
m10 net-_m1-pad1_ net-_m1-pad2_ net-_m10-pad3_ net-_m1-pad1_ CMOSP W=100u L=100u M=1
m6 net-_m1-pad1_ net-_m1-pad2_ net-_m13-pad2_ net-_m1-pad1_ CMOSP W=100u L=100u M=1
m8 net-_m10-pad3_ net-_m8-pad2_ net-_m11-pad2_ net-_m1-pad1_ CMOSP W=100u L=100u M=1
m12 net-_m10-pad3_ net-_m12-pad2_ net-_c1-pad1_ net-_m1-pad1_ CMOSP W=100u L=100u M=1
m9 net-_m11-pad2_ net-_m11-pad2_ net-_m9-pad3_ net-_m11-pad4_ CMOSN W=100u L=100u M=1
m11 net-_c1-pad1_ net-_m11-pad2_ net-_m11-pad3_ net-_m11-pad4_ CMOSN W=100u L=100u M=1
m14 net-_m1-pad1_ net-_m13-pad1_ net-_m13-pad1_ net-_m1-pad1_ CMOSP W=100u L=100u M=1
m16 net-_m1-pad1_ net-_m13-pad1_ net-_c1-pad2_ net-_m1-pad1_ CMOSP W=100u L=100u M=1
m13 net-_m13-pad1_ net-_m13-pad2_ net-_m11-pad4_ net-_m11-pad4_ CMOSN W=100u L=100u M=1
m15 net-_c1-pad2_ net-_c1-pad1_ net-_m11-pad4_ net-_m11-pad4_ CMOSN W=100u L=100u M=1
c1  net-_c1-pad1_ net-_c1-pad2_ 60p
r2  net-_m9-pad3_ net-_m11-pad4_ 3k
r3  net-_m11-pad3_ net-_m11-pad4_ 3k
* u1  net-_m1-pad1_ net-_m8-pad2_ net-_m12-pad2_ net-_m11-pad4_ net-_c1-pad2_ port
.tran 0e-00 0e-00 0e-00

* Control Statements 
.control
run
print allv > plot_data_v.txt
print alli > plot_data_i.txt
.endc
.end
