.title kicad schematic

* u13 net-_u13-pad1_ net-_u13-pad2_ net-_u13-pad3_ d_nand
* u12 net-_u12-pad1_ net-_u12-pad2_ net-_u12-pad3_ d_nand
* u15 net-_u12-pad3_ net-_u13-pad3_ net-_u15-pad3_ d_nor
* u17 net-_u15-pad3_ net-_u17-pad2_ d_inverter
* u19 net-_u17-pad2_ net-_u1-pad13_ d_buffer
* u1 net-_u1-pad1_ net-_u1-pad2_ net-_u1-pad3_ net-_u1-pad4_ net-_u1-pad5_ unconnected-_u1-pad6_ unconnected-_u1-pad7_ unconnected-_u1-pad8_ net-_u1-pad9_ net-_u1-pad10_ net-_u1-pad11_ net-_u1-pad12_ net-_u1-pad13_ unconnected-_u1-pad14_ port
* u14 net-_u10-pad3_ net-_u11-pad3_ net-_u14-pad3_ d_nor
* u10 net-_u10-pad1_ net-_u10-pad2_ net-_u10-pad3_ d_nand
* u11 net-_u11-pad1_ net-_u11-pad2_ net-_u11-pad3_ d_nand
* u18 net-_u16-pad2_ net-_u1-pad1_ d_buffer
* u16 net-_u14-pad3_ net-_u16-pad2_ d_inverter
* u2 net-_u1-pad2_ net-_u10-pad1_ d_inverter
* u3 net-_u1-pad3_ net-_u10-pad2_ d_inverter
* u5 net-_u1-pad5_ net-_u11-pad2_ d_inverter
* u4 net-_u1-pad4_ net-_u11-pad1_ d_inverter
* u8 net-_u1-pad11_ net-_u13-pad1_ d_inverter
* u7 net-_u1-pad10_ net-_u12-pad2_ d_inverter
* u6 net-_u1-pad9_ net-_u12-pad1_ d_inverter
* u9 net-_u1-pad12_ net-_u13-pad2_ d_inverter
a1 [net-_u13-pad1_ net-_u13-pad2_ ] net-_u13-pad3_ u13
a2 [net-_u12-pad1_ net-_u12-pad2_ ] net-_u12-pad3_ u12
a3 [net-_u12-pad3_ net-_u13-pad3_ ] net-_u15-pad3_ u15
a4 net-_u15-pad3_ net-_u17-pad2_ u17
a5 net-_u17-pad2_ net-_u1-pad13_ u19
a6 [net-_u10-pad3_ net-_u11-pad3_ ] net-_u14-pad3_ u14
a7 [net-_u10-pad1_ net-_u10-pad2_ ] net-_u10-pad3_ u10
a8 [net-_u11-pad1_ net-_u11-pad2_ ] net-_u11-pad3_ u11
a9 net-_u16-pad2_ net-_u1-pad1_ u18
a10 net-_u14-pad3_ net-_u16-pad2_ u16
a11 net-_u1-pad2_ net-_u10-pad1_ u2
a12 net-_u1-pad3_ net-_u10-pad2_ u3
a13 net-_u1-pad5_ net-_u11-pad2_ u5
a14 net-_u1-pad4_ net-_u11-pad1_ u4
a15 net-_u1-pad11_ net-_u13-pad1_ u8
a16 net-_u1-pad10_ net-_u12-pad2_ u7
a17 net-_u1-pad9_ net-_u12-pad1_ u6
a18 net-_u1-pad12_ net-_u13-pad2_ u9
* Schematic Name:                             d_nand, Ngspice Name: d_nand
.model u13 d_nand(rise_delay=1.0e-9 fall_delay=1.0e-9 input_load=1.0e-12 ) 
* Schematic Name:                             d_nand, Ngspice Name: d_nand
.model u12 d_nand(rise_delay=1.0e-9 fall_delay=1.0e-9 input_load=1.0e-12 ) 
* Schematic Name:                             d_nor, Ngspice Name: d_nor
.model u15 d_nor(rise_delay=1.0e-9 fall_delay=1.0e-9 input_load=1.0e-12 ) 
* Schematic Name:                             d_inverter, Ngspice Name: d_inverter
.model u17 d_inverter(rise_delay=1.0e-9 fall_delay=1.0e-9 input_load=1.0e-12 ) 
* Schematic Name:                             d_buffer, Ngspice Name: d_buffer
.model u19 d_buffer(rise_delay=1.0e-9 fall_delay=1.0e-9 input_load=1.0e-12 ) 
* Schematic Name:                             d_nor, Ngspice Name: d_nor
.model u14 d_nor(rise_delay=1.0e-9 fall_delay=1.0e-9 input_load=1.0e-12 ) 
* Schematic Name:                             d_nand, Ngspice Name: d_nand
.model u10 d_nand(rise_delay=1.0e-9 fall_delay=1.0e-9 input_load=1.0e-12 ) 
* Schematic Name:                             d_nand, Ngspice Name: d_nand
.model u11 d_nand(rise_delay=1.0e-9 fall_delay=1.0e-9 input_load=1.0e-12 ) 
* Schematic Name:                             d_buffer, Ngspice Name: d_buffer
.model u18 d_buffer(rise_delay=1.0e-9 fall_delay=1.0e-9 input_load=1.0e-12 ) 
* Schematic Name:                             d_inverter, Ngspice Name: d_inverter
.model u16 d_inverter(rise_delay=1.0e-9 fall_delay=1.0e-9 input_load=1.0e-12 ) 
* Schematic Name:                             d_inverter, Ngspice Name: d_inverter
.model u2 d_inverter(rise_delay=1.0e-9 fall_delay=1.0e-9 input_load=1.0e-12 ) 
* Schematic Name:                             d_inverter, Ngspice Name: d_inverter
.model u3 d_inverter(rise_delay=1.0e-9 fall_delay=1.0e-9 input_load=1.0e-12 ) 
* Schematic Name:                             d_inverter, Ngspice Name: d_inverter
.model u5 d_inverter(rise_delay=1.0e-9 fall_delay=1.0e-9 input_load=1.0e-12 ) 
* Schematic Name:                             d_inverter, Ngspice Name: d_inverter
.model u4 d_inverter(rise_delay=1.0e-9 fall_delay=1.0e-9 input_load=1.0e-12 ) 
* Schematic Name:                             d_inverter, Ngspice Name: d_inverter
.model u8 d_inverter(rise_delay=1.0e-9 fall_delay=1.0e-9 input_load=1.0e-12 ) 
* Schematic Name:                             d_inverter, Ngspice Name: d_inverter
.model u7 d_inverter(rise_delay=1.0e-9 fall_delay=1.0e-9 input_load=1.0e-12 ) 
* Schematic Name:                             d_inverter, Ngspice Name: d_inverter
.model u6 d_inverter(rise_delay=1.0e-9 fall_delay=1.0e-9 input_load=1.0e-12 ) 
* Schematic Name:                             d_inverter, Ngspice Name: d_inverter
.model u9 d_inverter(rise_delay=1.0e-9 fall_delay=1.0e-9 input_load=1.0e-12 ) 
.tran 0e-09 0e-09 0e-00

* Control Statements 
.control
run
print allv > plot_data_v.txt
print alli > plot_data_i.txt
.endc
.end
