.title kicad schematic

* u27 net-_u19-pad3_ net-_u20-pad3_ net-_u27-pad3_ d_or
* u33 net-_u27-pad3_ net-_u29-pad2_ unconnected-_u33-pad3_ net-_u29-pad4_ net-_u1-pad18_ unconnected-_u33-pad6_ d_dlatch
* u32 net-_u26-pad3_ net-_u29-pad2_ unconnected-_u32-pad3_ net-_u29-pad4_ net-_u1-pad19_ unconnected-_u32-pad6_ d_dlatch
* u1 net-_u1-pad1_ net-_u1-pad2_ net-_u1-pad3_ net-_u1-pad4_ net-_u1-pad5_ net-_u1-pad6_ net-_u1-pad7_ net-_u1-pad8_ net-_u1-pad9_ net-_u1-pad10_ net-_u1-pad11_ net-_u1-pad12_ net-_u1-pad13_ net-_u1-pad14_ net-_u1-pad15_ net-_u1-pad16_ net-_u1-pad17_ net-_u1-pad18_ net-_u1-pad19_ net-_u1-pad20_ net-_u1-pad21_ net-_u1-pad22_ port
* u26 net-_u17-pad3_ net-_u18-pad3_ net-_u26-pad3_ d_or
* u18 net-_u1-pad8_ net-_u10-pad1_ net-_u18-pad3_ d_and
* u20 net-_u1-pad10_ net-_u10-pad1_ net-_u20-pad3_ d_and
* u19 net-_u1-pad9_ net-_u19-pad2_ net-_u19-pad3_ d_and
* u8 net-_u10-pad1_ net-_u17-pad2_ d_inverter
* u10 net-_u10-pad1_ net-_u10-pad2_ d_inverter
* u4 net-_u1-pad14_ net-_u29-pad4_ d_buffer
* u3 net-_u1-pad15_ net-_u1-pad16_ net-_u29-pad2_ d_or
* u2 net-_u1-pad13_ net-_u10-pad1_ d_buffer
* u21 net-_u1-pad11_ net-_u10-pad2_ net-_u21-pad3_ d_and
* u22 net-_u1-pad12_ net-_u10-pad1_ net-_u22-pad3_ d_and
* u9 net-_u10-pad1_ net-_u19-pad2_ d_inverter
* u28 net-_u21-pad3_ net-_u22-pad3_ net-_u28-pad3_ d_or
* u34 net-_u28-pad3_ net-_u29-pad2_ unconnected-_u34-pad3_ net-_u29-pad4_ net-_u1-pad17_ unconnected-_u34-pad6_ d_dlatch
* u16 net-_u1-pad6_ net-_u10-pad1_ net-_u16-pad3_ d_and
* u15 net-_u1-pad5_ net-_u15-pad2_ net-_u15-pad3_ d_and
* u17 net-_u1-pad7_ net-_u17-pad2_ net-_u17-pad3_ d_and
* u7 net-_u10-pad1_ net-_u15-pad2_ d_inverter
* u29 net-_u23-pad3_ net-_u29-pad2_ unconnected-_u29-pad3_ net-_u29-pad4_ net-_u1-pad22_ unconnected-_u29-pad6_ d_dlatch
* u30 net-_u24-pad3_ net-_u29-pad2_ unconnected-_u30-pad3_ net-_u29-pad4_ net-_u1-pad21_ unconnected-_u30-pad6_ d_dlatch
* u31 net-_u25-pad3_ net-_u29-pad2_ unconnected-_u31-pad3_ net-_u29-pad4_ net-_u1-pad20_ unconnected-_u31-pad6_ d_dlatch
* u25 net-_u15-pad3_ net-_u16-pad3_ net-_u25-pad3_ d_or
* u24 net-_u13-pad3_ net-_u14-pad3_ net-_u24-pad3_ d_or
* u23 net-_u11-pad3_ net-_u12-pad3_ net-_u23-pad3_ d_or
* u6 net-_u10-pad1_ net-_u13-pad2_ d_inverter
* u5 net-_u10-pad1_ net-_u11-pad2_ d_inverter
* u12 net-_u1-pad2_ net-_u10-pad1_ net-_u12-pad3_ d_and
* u11 net-_u1-pad1_ net-_u11-pad2_ net-_u11-pad3_ d_and
* u13 net-_u1-pad3_ net-_u13-pad2_ net-_u13-pad3_ d_and
* u14 net-_u1-pad4_ net-_u10-pad1_ net-_u14-pad3_ d_and
a1 [net-_u19-pad3_ net-_u20-pad3_ ] net-_u27-pad3_ u27
a2 net-_u27-pad3_ net-_u29-pad2_ unconnected-_u33-pad3_ net-_u29-pad4_ net-_u1-pad18_ unconnected-_u33-pad6_ u33
a3 net-_u26-pad3_ net-_u29-pad2_ unconnected-_u32-pad3_ net-_u29-pad4_ net-_u1-pad19_ unconnected-_u32-pad6_ u32
a4 [net-_u17-pad3_ net-_u18-pad3_ ] net-_u26-pad3_ u26
a5 [net-_u1-pad8_ net-_u10-pad1_ ] net-_u18-pad3_ u18
a6 [net-_u1-pad10_ net-_u10-pad1_ ] net-_u20-pad3_ u20
a7 [net-_u1-pad9_ net-_u19-pad2_ ] net-_u19-pad3_ u19
a8 net-_u10-pad1_ net-_u17-pad2_ u8
a9 net-_u10-pad1_ net-_u10-pad2_ u10
a10 net-_u1-pad14_ net-_u29-pad4_ u4
a11 [net-_u1-pad15_ net-_u1-pad16_ ] net-_u29-pad2_ u3
a12 net-_u1-pad13_ net-_u10-pad1_ u2
a13 [net-_u1-pad11_ net-_u10-pad2_ ] net-_u21-pad3_ u21
a14 [net-_u1-pad12_ net-_u10-pad1_ ] net-_u22-pad3_ u22
a15 net-_u10-pad1_ net-_u19-pad2_ u9
a16 [net-_u21-pad3_ net-_u22-pad3_ ] net-_u28-pad3_ u28
a17 net-_u28-pad3_ net-_u29-pad2_ unconnected-_u34-pad3_ net-_u29-pad4_ net-_u1-pad17_ unconnected-_u34-pad6_ u34
a18 [net-_u1-pad6_ net-_u10-pad1_ ] net-_u16-pad3_ u16
a19 [net-_u1-pad5_ net-_u15-pad2_ ] net-_u15-pad3_ u15
a20 [net-_u1-pad7_ net-_u17-pad2_ ] net-_u17-pad3_ u17
a21 net-_u10-pad1_ net-_u15-pad2_ u7
a22 net-_u23-pad3_ net-_u29-pad2_ unconnected-_u29-pad3_ net-_u29-pad4_ net-_u1-pad22_ unconnected-_u29-pad6_ u29
a23 net-_u24-pad3_ net-_u29-pad2_ unconnected-_u30-pad3_ net-_u29-pad4_ net-_u1-pad21_ unconnected-_u30-pad6_ u30
a24 net-_u25-pad3_ net-_u29-pad2_ unconnected-_u31-pad3_ net-_u29-pad4_ net-_u1-pad20_ unconnected-_u31-pad6_ u31
a25 [net-_u15-pad3_ net-_u16-pad3_ ] net-_u25-pad3_ u25
a26 [net-_u13-pad3_ net-_u14-pad3_ ] net-_u24-pad3_ u24
a27 [net-_u11-pad3_ net-_u12-pad3_ ] net-_u23-pad3_ u23
a28 net-_u10-pad1_ net-_u13-pad2_ u6
a29 net-_u10-pad1_ net-_u11-pad2_ u5
a30 [net-_u1-pad2_ net-_u10-pad1_ ] net-_u12-pad3_ u12
a31 [net-_u1-pad1_ net-_u11-pad2_ ] net-_u11-pad3_ u11
a32 [net-_u1-pad3_ net-_u13-pad2_ ] net-_u13-pad3_ u13
a33 [net-_u1-pad4_ net-_u10-pad1_ ] net-_u14-pad3_ u14
* Schematic Name:                             d_or, Ngspice Name: d_or
.model u27 d_or(rise_delay=1.0e-9 fall_delay=1.0e-9 input_load=1.0e-12 ) 
* Schematic Name:                             d_dlatch, Ngspice Name: d_dlatch
.model u33 d_dlatch(data_delay=1.0e-9 enable_delay=1.0e-9 set_delay=1.0e-9 reset_delay=1.0e-9 ic=0 data_load=1.0e-12 enable_load=1.0e-12 set_load=1.0e-12 reset_load=1.0e-12 rise_delay=1.0e-9 fall_delay=1.0e-9 ) 
* Schematic Name:                             d_dlatch, Ngspice Name: d_dlatch
.model u32 d_dlatch(data_delay=1.0e-9 enable_delay=1.0e-9 set_delay=1.0e-9 reset_delay=1.0e-9 ic=0 data_load=1.0e-12 enable_load=1.0e-12 set_load=1.0e-12 reset_load=1.0e-12 rise_delay=1.0e-9 fall_delay=1.0e-9 ) 
* Schematic Name:                             d_or, Ngspice Name: d_or
.model u26 d_or(rise_delay=1.0e-9 fall_delay=1.0e-9 input_load=1.0e-12 ) 
* Schematic Name:                             d_and, Ngspice Name: d_and
.model u18 d_and(rise_delay=1.0e-9 fall_delay=1.0e-9 input_load=1.0e-12 ) 
* Schematic Name:                             d_and, Ngspice Name: d_and
.model u20 d_and(rise_delay=1.0e-9 fall_delay=1.0e-9 input_load=1.0e-12 ) 
* Schematic Name:                             d_and, Ngspice Name: d_and
.model u19 d_and(rise_delay=1.0e-9 fall_delay=1.0e-9 input_load=1.0e-12 ) 
* Schematic Name:                             d_inverter, Ngspice Name: d_inverter
.model u8 d_inverter(rise_delay=1.0e-9 fall_delay=1.0e-9 input_load=1.0e-12 ) 
* Schematic Name:                             d_inverter, Ngspice Name: d_inverter
.model u10 d_inverter(rise_delay=1.0e-9 fall_delay=1.0e-9 input_load=1.0e-12 ) 
* Schematic Name:                             d_buffer, Ngspice Name: d_buffer
.model u4 d_buffer(rise_delay=1.0e-9 fall_delay=1.0e-9 input_load=1.0e-12 ) 
* Schematic Name:                             d_or, Ngspice Name: d_or
.model u3 d_or(rise_delay=1.0e-9 fall_delay=1.0e-9 input_load=1.0e-12 ) 
* Schematic Name:                             d_buffer, Ngspice Name: d_buffer
.model u2 d_buffer(rise_delay=1.0e-9 fall_delay=1.0e-9 input_load=1.0e-12 ) 
* Schematic Name:                             d_and, Ngspice Name: d_and
.model u21 d_and(rise_delay=1.0e-9 fall_delay=1.0e-9 input_load=1.0e-12 ) 
* Schematic Name:                             d_and, Ngspice Name: d_and
.model u22 d_and(rise_delay=1.0e-9 fall_delay=1.0e-9 input_load=1.0e-12 ) 
* Schematic Name:                             d_inverter, Ngspice Name: d_inverter
.model u9 d_inverter(rise_delay=1.0e-9 fall_delay=1.0e-9 input_load=1.0e-12 ) 
* Schematic Name:                             d_or, Ngspice Name: d_or
.model u28 d_or(rise_delay=1.0e-9 fall_delay=1.0e-9 input_load=1.0e-12 ) 
* Schematic Name:                             d_dlatch, Ngspice Name: d_dlatch
.model u34 d_dlatch(data_delay=1.0e-9 enable_delay=1.0e-9 set_delay=1.0e-9 reset_delay=1.0e-9 ic=0 data_load=1.0e-12 enable_load=1.0e-12 set_load=1.0e-12 reset_load=1.0e-12 rise_delay=1.0e-9 fall_delay=1.0e-9 ) 
* Schematic Name:                             d_and, Ngspice Name: d_and
.model u16 d_and(rise_delay=1.0e-9 fall_delay=1.0e-9 input_load=1.0e-12 ) 
* Schematic Name:                             d_and, Ngspice Name: d_and
.model u15 d_and(rise_delay=1.0e-9 fall_delay=1.0e-9 input_load=1.0e-12 ) 
* Schematic Name:                             d_and, Ngspice Name: d_and
.model u17 d_and(rise_delay=1.0e-9 fall_delay=1.0e-9 input_load=1.0e-12 ) 
* Schematic Name:                             d_inverter, Ngspice Name: d_inverter
.model u7 d_inverter(rise_delay=1.0e-9 fall_delay=1.0e-9 input_load=1.0e-12 ) 
* Schematic Name:                             d_dlatch, Ngspice Name: d_dlatch
.model u29 d_dlatch(data_delay=1.0e-9 enable_delay=1.0e-9 set_delay=1.0e-9 reset_delay=1.0e-9 ic=0 data_load=1.0e-12 enable_load=1.0e-12 set_load=1.0e-12 reset_load=1.0e-12 rise_delay=1.0e-9 fall_delay=1.0e-9 ) 
* Schematic Name:                             d_dlatch, Ngspice Name: d_dlatch
.model u30 d_dlatch(data_delay=1.0e-9 enable_delay=1.0e-9 set_delay=1.0e-9 reset_delay=1.0e-9 ic=0 data_load=1.0e-12 enable_load=1.0e-12 set_load=1.0e-12 reset_load=1.0e-12 rise_delay=1.0e-9 fall_delay=1.0e-9 ) 
* Schematic Name:                             d_dlatch, Ngspice Name: d_dlatch
.model u31 d_dlatch(data_delay=1.0e-9 enable_delay=1.0e-9 set_delay=1.0e-9 reset_delay=1.0e-9 ic=0 data_load=1.0e-12 enable_load=1.0e-12 set_load=1.0e-12 reset_load=1.0e-12 rise_delay=1.0e-9 fall_delay=1.0e-9 ) 
* Schematic Name:                             d_or, Ngspice Name: d_or
.model u25 d_or(rise_delay=1.0e-9 fall_delay=1.0e-9 input_load=1.0e-12 ) 
* Schematic Name:                             d_or, Ngspice Name: d_or
.model u24 d_or(rise_delay=1.0e-9 fall_delay=1.0e-9 input_load=1.0e-12 ) 
* Schematic Name:                             d_or, Ngspice Name: d_or
.model u23 d_or(rise_delay=1.0e-9 fall_delay=1.0e-9 input_load=1.0e-12 ) 
* Schematic Name:                             d_inverter, Ngspice Name: d_inverter
.model u6 d_inverter(rise_delay=1.0e-9 fall_delay=1.0e-9 input_load=1.0e-12 ) 
* Schematic Name:                             d_inverter, Ngspice Name: d_inverter
.model u5 d_inverter(rise_delay=1.0e-9 fall_delay=1.0e-9 input_load=1.0e-12 ) 
* Schematic Name:                             d_and, Ngspice Name: d_and
.model u12 d_and(rise_delay=1.0e-9 fall_delay=1.0e-9 input_load=1.0e-12 ) 
* Schematic Name:                             d_and, Ngspice Name: d_and
.model u11 d_and(rise_delay=1.0e-9 fall_delay=1.0e-9 input_load=1.0e-12 ) 
* Schematic Name:                             d_and, Ngspice Name: d_and
.model u13 d_and(rise_delay=1.0e-9 fall_delay=1.0e-9 input_load=1.0e-12 ) 
* Schematic Name:                             d_and, Ngspice Name: d_and
.model u14 d_and(rise_delay=1.0e-9 fall_delay=1.0e-9 input_load=1.0e-12 ) 
.tran 0e-00 0e-00 0e-00

* Control Statements 
.control
run
print allv > plot_data_v.txt
print alli > plot_data_i.txt
.endc
.end
