* c:\fossee\esim\library\subcircuitlibrary\tlc2264\tlc2264.cir

.include NMOS-180nm.lib
.include D.lib
.include PMOS-180nm.lib
m2 net-_m1-pad3_ net-_m1-pad3_ net-_m2-pad3_ net-_d1-pad2_ CMOSN W=100u L=100u M=1
m1 net-_m1-pad1_ net-_m1-pad2_ net-_m1-pad3_ net-_m1-pad4_ CMOSP W=100u L=100u M=1
m5 net-_m1-pad1_ net-_m5-pad2_ net-_m12-pad1_ net-_m1-pad4_ CMOSP W=100u L=100u M=1
m3 net-_m1-pad4_ net-_m14-pad1_ net-_m1-pad1_ net-_m1-pad4_ CMOSP W=100u L=100u M=1
m6 net-_m1-pad4_ net-_m14-pad1_ net-_m10-pad2_ net-_m1-pad4_ CMOSP W=100u L=100u M=1
m4 net-_m12-pad1_ net-_m1-pad3_ net-_m4-pad3_ net-_d1-pad2_ CMOSN W=100u L=100u M=1
r1  net-_m2-pad3_ net-_d1-pad2_ 21.22k
r2  net-_m4-pad3_ net-_d1-pad2_ 21.22k
m9 net-_m1-pad4_ net-_m9-pad2_ net-_m9-pad2_ net-_m1-pad4_ CMOSP W=100u L=100u M=1
m11 net-_m1-pad4_ net-_m10-pad1_ net-_c1-pad1_ net-_m1-pad4_ CMOSP W=100u L=100u M=1
m7 net-_m10-pad2_ net-_m12-pad1_ net-_d1-pad2_ net-_d1-pad2_ CMOSN W=100u L=100u M=1
m8 net-_m10-pad2_ net-_m10-pad2_ net-_d1-pad2_ net-_d1-pad2_ CMOSN W=100u L=100u M=1
m10 net-_m10-pad1_ net-_m10-pad2_ net-_d1-pad2_ net-_d1-pad2_ CMOSN W=100u L=100u M=1
m12 net-_m12-pad1_ net-_m12-pad2_ net-_d1-pad2_ net-_d1-pad2_ CMOSN W=100u L=100u M=1
m13 net-_c1-pad1_ net-_m12-pad1_ net-_m12-pad2_ net-_d1-pad2_ CMOSN W=100u L=100u M=1
m14 net-_m14-pad1_ net-_m14-pad2_ net-_m14-pad3_ net-_d1-pad2_ CMOSN W=100u L=100u M=1
r4  net-_m12-pad2_ net-_d1-pad2_ 120
r5  net-_m14-pad3_ net-_d1-pad2_ 120
m15 net-_m1-pad4_ net-_m14-pad1_ net-_m14-pad1_ net-_m1-pad4_ CMOSP W=100u L=100u M=1
m16 net-_m1-pad4_ net-_m14-pad1_ net-_m14-pad2_ net-_m1-pad4_ CMOSP W=100u L=100u M=1
m17 net-_m14-pad2_ net-_m14-pad2_ net-_d1-pad1_ net-_d1-pad2_ CMOSN W=100u L=100u M=1
d1 net-_d1-pad1_ net-_d1-pad2_ 1N4148
r3  net-_c1-pad2_ net-_m12-pad1_ 100k
m19 net-_m18-pad3_ net-_m18-pad3_ net-_m19-pad3_ net-_d1-pad2_ CMOSN W=100u L=100u M=1
m18 net-_m18-pad1_ net-_m18-pad2_ net-_m18-pad3_ net-_m1-pad4_ CMOSP W=100u L=100u M=1
m22 net-_m18-pad1_ net-_m22-pad2_ net-_m21-pad1_ net-_m1-pad4_ CMOSP W=100u L=100u M=1
m20 net-_m1-pad4_ net-_m20-pad2_ net-_m18-pad1_ net-_m1-pad4_ CMOSP W=100u L=100u M=1
m23 net-_m1-pad4_ net-_m20-pad2_ net-_m23-pad3_ net-_m1-pad4_ CMOSP W=100u L=100u M=1
m21 net-_m21-pad1_ net-_m18-pad3_ net-_m21-pad3_ net-_d1-pad2_ CMOSN W=100u L=100u M=1
r6  net-_m19-pad3_ net-_d1-pad2_ 21.22k
r7  net-_m21-pad3_ net-_d1-pad2_ 21.22k
m26 net-_m1-pad4_ net-_m26-pad2_ net-_m26-pad2_ net-_m1-pad4_ CMOSP W=100u L=100u M=1
m28 net-_m1-pad4_ net-_m27-pad1_ net-_c2-pad1_ net-_m1-pad4_ CMOSP W=100u L=100u M=1
m24 net-_m23-pad3_ net-_m21-pad1_ net-_d1-pad2_ net-_d1-pad2_ CMOSN W=100u L=100u M=1
m25 net-_m23-pad3_ net-_m23-pad3_ net-_d1-pad2_ net-_d1-pad2_ CMOSN W=100u L=100u M=1
m27 net-_m27-pad1_ net-_m23-pad3_ net-_d1-pad2_ net-_d1-pad2_ CMOSN W=100u L=100u M=1
m29 net-_m21-pad1_ net-_m29-pad2_ net-_d1-pad2_ net-_d1-pad2_ CMOSN W=100u L=100u M=1
m30 net-_c2-pad1_ net-_m21-pad1_ net-_m29-pad2_ net-_d1-pad2_ CMOSN W=100u L=100u M=1
m31 net-_m20-pad2_ net-_m31-pad2_ net-_m31-pad3_ net-_d1-pad2_ CMOSN W=100u L=100u M=1
r9  net-_m29-pad2_ net-_d1-pad2_ 120
r10  net-_m31-pad3_ net-_d1-pad2_ 120
m32 net-_m1-pad4_ net-_m20-pad2_ net-_m20-pad2_ net-_m1-pad4_ CMOSP W=100u L=100u M=1
m33 net-_m1-pad4_ net-_m20-pad2_ net-_m31-pad2_ net-_m1-pad4_ CMOSP W=100u L=100u M=1
m34 net-_m31-pad2_ net-_m31-pad2_ net-_d2-pad1_ net-_d1-pad2_ CMOSN W=100u L=100u M=1
d2 net-_d2-pad1_ net-_d1-pad2_ 1N4148
r8  net-_c2-pad2_ net-_m21-pad1_ 100k
* u1  net-_c1-pad1_ net-_m1-pad2_ net-_m5-pad2_ net-_d1-pad2_ net-_m22-pad2_ net-_m18-pad2_ net-_c2-pad1_ net-_m1-pad4_ port
c2  net-_c2-pad1_ net-_c2-pad2_ 3.56pf
c1  net-_c1-pad1_ net-_c1-pad2_ 3.56pf
.tran 0e-00 0e-00 0e-00

* Control Statements 
.control
run
print allv > plot_data_v.txt
print alli > plot_data_i.txt
.endc
.end
