.title kicad schematic

.include NJF.lib
.include PNP.lib
.include NPN.lib
q38 net-_q38-pad1_ net-_q34-pad2_ net-_q34-pad3_ Q2N2907A
q39 net-_j1-pad2_ net-_q39-pad2_ net-_q35-pad2_ Q2N2907A
q50 net-_j1-pad1_ net-_c2-pad1_ net-_q50-pad3_ Q2N2222
q52 net-_c2-pad1_ net-_q50-pad3_ net-_q51-pad3_ Q2N2222
q47 net-_c2-pad1_ net-_q44-pad3_ net-_q45-pad1_ Q2N2222
q48 net-_q34-pad2_ net-_q34-pad2_ net-_j1-pad1_ Q2N2907A
r11 net-_q50-pad3_ net-_q51-pad3_ 20
q51 net-_j1-pad2_ net-_q45-pad1_ net-_q51-pad3_ Q2N2907A
r9 net-_q45-pad2_ net-_q41-pad3_ 1k
q45 net-_q45-pad1_ net-_q45-pad2_ net-_j1-pad2_ Q2N2222
q44 net-_c2-pad1_ net-_c2-pad1_ net-_q44-pad3_ Q2N2222
r10 net-_q44-pad3_ net-_q45-pad1_ 50k
r8 net-_q49-pad2_ net-_q41-pad3_ 1k
q41 net-_q41-pad1_ net-_q38-pad1_ net-_q41-pad3_ Q2N2222
q40 net-_j1-pad2_ net-_c2-pad2_ net-_q38-pad1_ Q2N2907A
c2 net-_c2-pad1_ net-_c2-pad2_ 5p
* u3 net-_j1-pad2_ net-_q41-pad1_ zener
q42 net-_q41-pad1_ net-_q34-pad2_ net-_j1-pad1_ Q2N2907A
q43 net-_c2-pad1_ net-_q34-pad2_ net-_j1-pad1_ Q2N2907A
q46 net-_c2-pad1_ net-_q34-pad2_ net-_j1-pad1_ Q2N2907A
q49 net-_c2-pad1_ net-_q49-pad2_ net-_j1-pad2_ Q2N2222
r12 net-_q53-pad3_ net-_j1-pad2_ 3k
j2 net-_j1-pad1_ net-_j1-pad2_ net-_j2-pad3_ J2N3819
q53 net-_q34-pad2_ net-_j2-pad3_ net-_q53-pad3_ Q2N2222
* u1 net-_q24-pad3_ net-_q2-pad2_ net-_q12-pad2_ net-_j1-pad2_ net-_q39-pad2_ net-_q29-pad2_ net-_q51-pad3_ net-_j1-pad1_ port
q54 net-_j2-pad3_ net-_q53-pad3_ net-_j1-pad2_ Q2N2222
q7 net-_q1-pad3_ net-_q10-pad2_ net-_q10-pad3_ Q2N2907A
r1 net-_q10-pad3_ net-_j1-pad1_ 1k
q4 net-_q1-pad2_ net-_q2-pad3_ net-_q10-pad1_ Q2N2907A
q3 net-_q2-pad3_ net-_q2-pad3_ net-_q10-pad1_ Q2N2907A
q8 net-_c1-pad2_ net-_q12-pad3_ net-_q10-pad1_ Q2N2907A
q9 net-_q12-pad3_ net-_q12-pad3_ net-_q10-pad1_ Q2N2907A
q13 net-_j1-pad2_ net-_c1-pad2_ net-_q11-pad1_ Q2N2907A
q6 net-_c1-pad2_ net-_q1-pad2_ net-_j1-pad2_ Q2N2222
q12 net-_j1-pad2_ net-_q12-pad2_ net-_q12-pad3_ Q2N2907A
c1 net-_c1-pad1_ net-_c1-pad2_ 5p
q16 net-_c1-pad1_ net-_q10-pad2_ net-_j1-pad1_ Q2N2907A
q19 net-_c1-pad1_ net-_q10-pad2_ net-_j1-pad1_ Q2N2907A
q21 net-_q10-pad2_ net-_q10-pad2_ net-_j1-pad1_ Q2N2907A
q17 net-_c1-pad1_ net-_c1-pad1_ net-_q17-pad3_ Q2N2222
q20 net-_c1-pad1_ net-_q17-pad3_ net-_q18-pad1_ Q2N2222
q5 net-_q1-pad2_ net-_q1-pad2_ net-_j1-pad2_ Q2N2222
q1 net-_j1-pad2_ net-_q1-pad2_ net-_q1-pad3_ Q2N2907A
q2 net-_j1-pad2_ net-_q2-pad2_ net-_q2-pad3_ Q2N2907A
q15 net-_q14-pad1_ net-_q10-pad2_ net-_j1-pad1_ Q2N2907A
q10 net-_q10-pad1_ net-_q10-pad2_ net-_q10-pad3_ Q2N2907A
q11 net-_q11-pad1_ net-_q10-pad2_ net-_q10-pad3_ Q2N2907A
* u2 net-_j1-pad2_ net-_q14-pad1_ zener
q14 net-_q14-pad1_ net-_q11-pad1_ net-_q14-pad3_ Q2N2222
r3 net-_q18-pad2_ net-_q14-pad3_ 1k
r2 net-_q22-pad2_ net-_q14-pad3_ 1k
q18 net-_q18-pad1_ net-_q18-pad2_ net-_j1-pad2_ Q2N2222
r4 net-_q17-pad3_ net-_q18-pad1_ 50k
q22 net-_c1-pad1_ net-_q22-pad2_ net-_j1-pad2_ Q2N2222
r5 net-_q23-pad3_ net-_q24-pad3_ 20
q23 net-_j1-pad1_ net-_c1-pad1_ net-_q23-pad3_ Q2N2222
q29 net-_j1-pad2_ net-_q29-pad2_ net-_q29-pad3_ Q2N2907A
q25 net-_c1-pad1_ net-_q23-pad3_ net-_q24-pad3_ Q2N2222
q24 net-_j1-pad2_ net-_q18-pad1_ net-_q24-pad3_ Q2N2907A
j1 net-_j1-pad1_ net-_j1-pad2_ net-_j1-pad3_ J2N3819
q26 net-_q10-pad2_ net-_j1-pad3_ net-_q26-pad3_ Q2N2222
r6 net-_q26-pad3_ net-_j1-pad2_ 3k
q28 net-_j1-pad2_ net-_q28-pad2_ net-_q28-pad3_ Q2N2907A
q27 net-_j1-pad3_ net-_q26-pad3_ net-_j1-pad2_ Q2N2222
q37 net-_q30-pad3_ net-_q34-pad2_ net-_q34-pad3_ Q2N2907A
r7 net-_q34-pad3_ net-_j1-pad1_ 1k
q34 net-_q28-pad3_ net-_q34-pad2_ net-_q34-pad3_ Q2N2907A
q32 net-_q28-pad2_ net-_q28-pad2_ net-_j1-pad2_ Q2N2222
q36 net-_q35-pad2_ net-_q35-pad2_ net-_q30-pad3_ Q2N2907A
q30 net-_q29-pad3_ net-_q29-pad3_ net-_q30-pad3_ Q2N2907A
q31 net-_q28-pad2_ net-_q29-pad3_ net-_q30-pad3_ Q2N2907A
q35 net-_c2-pad2_ net-_q35-pad2_ net-_q30-pad3_ Q2N2907A
q33 net-_c2-pad2_ net-_q28-pad2_ net-_j1-pad2_ Q2N2222
a1 net-_j1-pad2_ net-_q41-pad1_ u3
a2 net-_j1-pad2_ net-_q14-pad1_ u2
* Schematic Name:                             zener, Ngspice Name: zener
.model u3 zener(v_breakdown=5.6 i_breakdown=2.0e-2 i_sat=1.0e-12 n_forward=1.0 limit_switch=FALSE ) 
* Schematic Name:                             zener, Ngspice Name: zener
.model u2 zener(v_breakdown=5.6 i_breakdown=2.0e-2 i_sat=1.0e-12 n_forward=1.0 limit_switch=FALSE ) 
.tran 0e-00 0e-00 0e-00

* Control Statements 
.control
run
print allv > plot_data_v.txt
print alli > plot_data_i.txt
.endc
.end
